<?xml version="1.0" encoding="UTF-8"?>
<coverage generated="1774131298442" clover="3.2.0">
  <project timestamp="1774131298442" name="All files">
    <metrics statements="3428" coveredstatements="2846" conditionals="3003" coveredconditionals="1831" methods="534" coveredmethods="458" elements="6965" coveredelements="5135" complexity="0" loc="3428" ncloc="3428" packages="5" files="23" classes="23"/>
    <package name="middlewares">
      <metrics statements="36" coveredstatements="33" conditionals="24" coveredconditionals="17" methods="9" coveredmethods="9"/>
      <file name="validate.js" path="C:\Users\user\Desktop\program\web-order\middlewares\validate.js">
        <metrics statements="36" coveredstatements="33" conditionals="24" coveredconditionals="17" methods="9" coveredmethods="9"/>
        <line num="3" count="63" type="stmt"/>
        <line num="5" count="63" type="stmt"/>
        <line num="8" count="11" type="stmt"/>
        <line num="9" count="11" type="stmt"/>
        <line num="10" count="11" type="cond" truecount="4" falsecount="0"/>
        <line num="11" count="11" type="cond" truecount="5" falsecount="0"/>
        <line num="12" count="7" type="stmt"/>
        <line num="13" count="7" type="stmt"/>
        <line num="18" count="7" type="stmt"/>
        <line num="20" count="4" type="stmt"/>
        <line num="25" count="11" type="stmt"/>
        <line num="29" count="434" type="stmt"/>
        <line num="30" count="1742" type="stmt"/>
        <line num="31" count="1742" type="cond" truecount="1" falsecount="1"/>
        <line num="32" count="1734" type="stmt"/>
        <line num="33" count="1734" type="stmt"/>
        <line num="35" count="8" type="cond" truecount="1" falsecount="1"/>
        <line num="36" count="8" type="stmt"/>
        <line num="42" count="0" type="stmt"/>
        <line num="52" count="1" type="stmt"/>
        <line num="53" count="4" type="stmt"/>
        <line num="54" count="4" type="cond" truecount="1" falsecount="1"/>
        <line num="55" count="2" type="stmt"/>
        <line num="56" count="2" type="stmt"/>
        <line num="58" count="2" type="cond" truecount="1" falsecount="1"/>
        <line num="59" count="2" type="stmt"/>
        <line num="65" count="0" type="stmt"/>
        <line num="75" count="2" type="stmt"/>
        <line num="76" count="2" type="stmt"/>
        <line num="77" count="2" type="cond" truecount="1" falsecount="1"/>
        <line num="78" count="1" type="stmt"/>
        <line num="79" count="1" type="stmt"/>
        <line num="81" count="1" type="cond" truecount="1" falsecount="1"/>
        <line num="82" count="1" type="stmt"/>
        <line num="88" count="0" type="stmt"/>
        <line num="97" count="63" type="stmt"/>
      </file>
    </package>
    <package name="routes">
      <metrics statements="1688" coveredstatements="1419" conditionals="1163" coveredconditionals="760" methods="215" coveredmethods="177"/>
      <file name="admin-api.js" path="C:\Users\user\Desktop\program\web-order\routes\admin-api.js">
        <metrics statements="514" coveredstatements="412" conditionals="312" coveredconditionals="195" methods="57" coveredmethods="50"/>
        <line num="3" count="62" type="stmt"/>
        <line num="4" count="62" type="stmt"/>
        <line num="7" count="62" type="stmt"/>
        <line num="8" count="62" type="stmt"/>
        <line num="9" count="62" type="stmt"/>
        <line num="10" count="62" type="stmt"/>
        <line num="13" count="62" type="stmt"/>
        <line num="14" count="62" type="stmt"/>
        <line num="15" count="62" type="stmt"/>
        <line num="16" count="62" type="stmt"/>
        <line num="17" count="62" type="stmt"/>
        <line num="18" count="62" type="stmt"/>
        <line num="19" count="62" type="stmt"/>
        <line num="20" count="62" type="stmt"/>
        <line num="21" count="62" type="stmt"/>
        <line num="22" count="62" type="stmt"/>
        <line num="23" count="62" type="stmt"/>
        <line num="24" count="62" type="stmt"/>
        <line num="25" count="62" type="stmt"/>
        <line num="31" count="62" type="stmt"/>
        <line num="33" count="62" type="stmt"/>
        <line num="34" count="62" type="stmt"/>
        <line num="35" count="62" type="stmt"/>
        <line num="36" count="62" type="stmt"/>
        <line num="37" count="62" type="stmt"/>
        <line num="40" count="39" type="stmt"/>
        <line num="41" count="39" type="stmt"/>
        <line num="42" count="38" type="stmt"/>
        <line num="44" count="3" type="stmt"/>
        <line num="49" count="29" type="stmt"/>
        <line num="53" count="4" type="stmt"/>
        <line num="54" count="4" type="stmt"/>
        <line num="55" count="4" type="cond" truecount="1" falsecount="1"/>
        <line num="56" count="4" type="stmt"/>
        <line num="62" count="4" type="stmt"/>
        <line num="63" count="4" type="stmt"/>
        <line num="64" count="4" type="cond" truecount="1" falsecount="1"/>
        <line num="65" count="4" type="stmt"/>
        <line num="74" count="170" type="cond" truecount="2" falsecount="0"/>
        <line num="75" count="12" type="stmt"/>
        <line num="77" count="158" type="stmt"/>
        <line num="85" count="62" type="stmt"/>
        <line num="86" count="1711" type="stmt"/>
        <line num="87" count="1711" type="stmt"/>
        <line num="88" count="1709" type="stmt"/>
        <line num="89" count="1709" type="stmt"/>
        <line num="98" count="1709" type="stmt"/>
        <line num="99" count="1709" type="stmt"/>
        <line num="100" count="1709" type="cond" truecount="1" falsecount="1"/>
        <line num="101" count="1709" type="cond" truecount="4" falsecount="0"/>
        <line num="102" count="1709" type="cond" truecount="3" falsecount="1"/>
        <line num="105" count="1709" type="stmt"/>
        <line num="106" count="1709" type="stmt"/>
        <line num="115" count="2" type="stmt"/>
        <line num="120" count="62" type="stmt"/>
        <line num="121" count="3" type="stmt"/>
        <line num="122" count="3" type="stmt"/>
        <line num="123" count="3" type="cond" truecount="2" falsecount="0"/>
        <line num="124" count="3" type="stmt"/>
        <line num="125" count="2" type="stmt"/>
        <line num="126" count="2" type="cond" truecount="1" falsecount="1"/>
        <line num="127" count="2" type="cond" truecount="1" falsecount="1"/>
        <line num="128" count="2" type="cond" truecount="1" falsecount="1"/>
        <line num="131" count="2" type="stmt"/>
        <line num="146" count="2" type="cond" truecount="1" falsecount="1"/>
        <line num="147" count="2" type="stmt"/>
        <line num="165" count="1" type="stmt"/>
        <line num="170" count="62" type="stmt"/>
        <line num="171" count="17" type="stmt"/>
        <line num="172" count="17" type="stmt"/>
        <line num="173" count="17" type="stmt"/>
        <line num="175" count="16" type="cond" truecount="2" falsecount="0"/>
        <line num="176" count="16" type="stmt"/>
        <line num="178" count="1" type="cond" truecount="1" falsecount="1"/>
        <line num="185" count="62" type="stmt"/>
        <line num="186" count="1" type="stmt"/>
        <line num="187" count="1" type="stmt"/>
        <line num="188" count="1" type="stmt"/>
        <line num="189" count="1" type="cond" truecount="3" falsecount="1"/>
        <line num="190" count="0" type="stmt"/>
        <line num="192" count="1" type="stmt"/>
        <line num="193" count="1" type="stmt"/>
        <line num="200" count="0" type="cond" truecount="0" falsecount="2"/>
        <line num="201" count="0" type="stmt"/>
        <line num="203" count="0" type="stmt"/>
        <line num="207" count="62" type="stmt"/>
        <line num="208" count="3" type="stmt"/>
        <line num="209" count="3" type="stmt"/>
        <line num="210" count="3" type="stmt"/>
        <line num="211" count="3" type="stmt"/>
        <line num="212" count="3" type="stmt"/>
        <line num="213" count="3" type="stmt"/>
        <line num="215" count="0" type="cond" truecount="0" falsecount="2"/>
        <line num="217" count="3" type="cond" truecount="1" falsecount="1"/>
        <line num="219" count="3" type="cond" truecount="2" falsecount="0"/>
        <line num="220" count="3" type="cond" truecount="2" falsecount="0"/>
        <line num="221" count="1" type="cond" truecount="2" falsecount="2"/>
        <line num="222" count="1" type="stmt"/>
        <line num="224" count="0" type="stmt"/>
        <line num="225" count="0" type="stmt"/>
        <line num="228" count="2" type="stmt"/>
        <line num="229" count="2" type="cond" truecount="2" falsecount="0"/>
        <line num="230" count="2" type="cond" truecount="3" falsecount="1"/>
        <line num="231" count="2" type="cond" truecount="4" falsecount="0"/>
        <line num="232" count="1" type="stmt"/>
        <line num="235" count="2" type="stmt"/>
        <line num="236" count="2" type="stmt"/>
        <line num="238" count="0" type="cond" truecount="0" falsecount="2"/>
        <line num="247" count="62" type="stmt"/>
        <line num="248" count="3" type="stmt"/>
        <line num="249" count="3" type="stmt"/>
        <line num="250" count="2" type="stmt"/>
        <line num="251" count="1" type="stmt"/>
        <line num="255" count="62" type="stmt"/>
        <line num="256" count="2" type="stmt"/>
        <line num="257" count="2" type="stmt"/>
        <line num="258" count="1" type="stmt"/>
        <line num="259" count="1" type="stmt"/>
        <line num="263" count="62" type="stmt"/>
        <line num="264" count="2" type="stmt"/>
        <line num="265" count="2" type="stmt"/>
        <line num="266" count="2" type="stmt"/>
        <line num="267" count="0" type="stmt"/>
        <line num="271" count="62" type="stmt"/>
        <line num="272" count="1" type="stmt"/>
        <line num="273" count="1" type="stmt"/>
        <line num="274" count="0" type="stmt"/>
        <line num="276" count="1" type="stmt"/>
        <line num="277" count="1" type="stmt"/>
        <line num="282" count="62" type="stmt"/>
        <line num="283" count="0" type="stmt"/>
        <line num="284" count="0" type="stmt"/>
        <line num="285" count="0" type="stmt"/>
        <line num="286" count="0" type="stmt"/>
        <line num="287" count="0" type="stmt"/>
        <line num="289" count="0" type="stmt"/>
        <line num="290" count="0" type="stmt"/>
        <line num="295" count="62" type="stmt"/>
        <line num="296" count="0" type="stmt"/>
        <line num="297" count="0" type="stmt"/>
        <line num="298" count="0" type="stmt"/>
        <line num="299" count="0" type="stmt"/>
        <line num="300" count="0" type="stmt"/>
        <line num="301" count="0" type="stmt"/>
        <line num="303" count="0" type="stmt"/>
        <line num="304" count="0" type="stmt"/>
        <line num="314" count="62" type="stmt"/>
        <line num="315" count="6" type="stmt"/>
        <line num="316" count="6" type="cond" truecount="2" falsecount="0"/>
        <line num="317" count="6" type="cond" truecount="2" falsecount="0"/>
        <line num="320" count="6" type="stmt"/>
        <line num="321" count="5" type="stmt"/>
        <line num="323" count="1" type="stmt"/>
        <line num="324" count="1" type="stmt"/>
        <line num="329" count="62" type="stmt"/>
        <line num="330" count="4" type="stmt"/>
        <line num="331" count="4" type="stmt"/>
        <line num="332" count="3" type="stmt"/>
        <line num="333" count="1" type="stmt"/>
        <line num="336" count="62" type="stmt"/>
        <line num="337" count="4" type="stmt"/>
        <line num="338" count="4" type="stmt"/>
        <line num="339" count="3" type="stmt"/>
        <line num="340" count="1" type="stmt"/>
        <line num="344" count="62" type="stmt"/>
        <line num="345" count="10" type="stmt"/>
        <line num="346" count="10" type="cond" truecount="2" falsecount="0"/>
        <line num="347" count="2" type="stmt"/>
        <line num="350" count="8" type="stmt"/>
        <line num="351" count="8" type="stmt"/>
        <line num="352" count="8" type="cond" truecount="2" falsecount="0"/>
        <line num="353" count="2" type="stmt"/>
        <line num="355" count="6" type="cond" truecount="4" falsecount="0"/>
        <line num="356" count="2" type="stmt"/>
        <line num="359" count="4" type="stmt"/>
        <line num="360" count="4" type="stmt"/>
        <line num="361" count="4" type="cond" truecount="1" falsecount="1"/>
        <line num="362" count="0" type="stmt"/>
        <line num="366" count="4" type="stmt"/>
        <line num="367" count="4" type="stmt"/>
        <line num="368" count="4" type="stmt"/>
        <line num="369" count="4" type="stmt"/>
        <line num="370" count="0" type="stmt"/>
        <line num="371" count="4" type="stmt"/>
        <line num="372" count="4" type="stmt"/>
        <line num="374" count="4" type="stmt"/>
        <line num="375" count="4" type="stmt"/>
        <line num="376" count="4" type="stmt"/>
        <line num="378" count="4" type="cond" truecount="2" falsecount="0"/>
        <line num="379" count="2" type="stmt"/>
        <line num="381" count="2" type="cond" truecount="1" falsecount="1"/>
        <line num="384" count="0" type="stmt"/>
        <line num="385" count="0" type="cond" truecount="0" falsecount="2"/>
        <line num="390" count="62" type="stmt"/>
        <line num="391" count="21" type="stmt"/>
        <line num="392" count="21" type="cond" truecount="2" falsecount="0"/>
        <line num="393" count="1" type="stmt"/>
        <line num="395" count="20" type="stmt"/>
        <line num="396" count="20" type="stmt"/>
        <line num="397" count="20" type="cond" truecount="2" falsecount="0"/>
        <line num="398" count="1" type="stmt"/>
        <line num="400" count="19" type="stmt"/>
        <line num="401" count="19" type="stmt"/>
        <line num="406" count="19" type="stmt"/>
        <line num="407" count="18" type="stmt"/>
        <line num="408" count="18" type="stmt"/>
        <line num="413" count="1" type="stmt"/>
        <line num="414" count="1" type="cond" truecount="1" falsecount="1"/>
        <line num="419" count="62" type="stmt"/>
        <line num="420" count="13" type="stmt"/>
        <line num="421" count="13" type="cond" truecount="2" falsecount="0"/>
        <line num="422" count="2" type="stmt"/>
        <line num="424" count="11" type="stmt"/>
        <line num="425" count="11" type="stmt"/>
        <line num="426" count="11" type="stmt"/>
        <line num="427" count="11" type="cond" truecount="2" falsecount="0"/>
        <line num="428" count="6" type="cond" truecount="2" falsecount="0"/>
        <line num="429" count="3" type="stmt"/>
        <line num="430" count="3" type="stmt"/>
        <line num="431" count="3" type="stmt"/>
        <line num="433" count="3" type="cond" truecount="2" falsecount="0"/>
        <line num="434" count="2" type="stmt"/>
        <line num="436" count="1" type="stmt"/>
        <line num="438" count="0" type="stmt"/>
        <line num="443" count="62" type="stmt"/>
        <line num="444" count="10" type="stmt"/>
        <line num="445" count="10" type="cond" truecount="2" falsecount="0"/>
        <line num="446" count="1" type="stmt"/>
        <line num="448" count="9" type="stmt"/>
        <line num="449" count="9" type="stmt"/>
        <line num="450" count="9" type="stmt"/>
        <line num="451" count="9" type="cond" truecount="4" falsecount="0"/>
        <line num="452" count="2" type="stmt"/>
        <line num="457" count="7" type="cond" truecount="2" falsecount="0"/>
        <line num="458" count="2" type="stmt"/>
        <line num="459" count="2" type="stmt"/>
        <line num="460" count="2" type="stmt"/>
        <line num="462" count="5" type="stmt"/>
        <line num="463" count="5" type="cond" truecount="2" falsecount="0"/>
        <line num="464" count="1" type="stmt"/>
        <line num="465" count="1" type="stmt"/>
        <line num="466" count="1" type="stmt"/>
        <line num="468" count="4" type="stmt"/>
        <line num="469" count="4" type="stmt"/>
        <line num="470" count="4" type="cond" truecount="2" falsecount="0"/>
        <line num="477" count="4" type="stmt"/>
        <line num="482" count="4" type="stmt"/>
        <line num="484" count="4" type="stmt"/>
        <line num="485" count="4" type="stmt"/>
        <line num="487" count="4" type="cond" truecount="2" falsecount="0"/>
        <line num="488" count="1" type="stmt"/>
        <line num="489" count="1" type="stmt"/>
        <line num="490" count="1" type="stmt"/>
        <line num="492" count="3" type="stmt"/>
        <line num="493" count="3" type="stmt"/>
        <line num="494" count="3" type="stmt"/>
        <line num="496" count="4" type="cond" truecount="1" falsecount="1"/>
        <line num="497" count="4" type="stmt"/>
        <line num="498" count="4" type="cond" truecount="1" falsecount="1"/>
        <line num="499" count="4" type="cond" truecount="1" falsecount="1"/>
        <line num="500" count="4" type="stmt"/>
        <line num="501" count="4" type="stmt"/>
        <line num="502" count="4" type="stmt"/>
        <line num="503" count="4" type="stmt"/>
        <line num="504" count="4" type="stmt"/>
        <line num="506" count="0" type="stmt"/>
        <line num="507" count="0" type="stmt"/>
        <line num="510" count="0" type="stmt"/>
        <line num="511" count="0" type="cond" truecount="0" falsecount="2"/>
        <line num="516" count="62" type="stmt"/>
        <line num="517" count="5" type="cond" truecount="2" falsecount="0"/>
        <line num="518" count="2" type="stmt"/>
        <line num="521" count="3" type="cond" truecount="2" falsecount="0"/>
        <line num="522" count="1" type="stmt"/>
        <line num="523" count="1" type="cond" truecount="1" falsecount="1"/>
        <line num="524" count="1" type="cond" truecount="1" falsecount="1"/>
        <line num="525" count="1" type="stmt"/>
        <line num="526" count="1" type="stmt"/>
        <line num="527" count="1" type="stmt"/>
        <line num="529" count="2" type="stmt"/>
        <line num="530" count="2" type="stmt"/>
        <line num="531" count="2" type="stmt"/>
        <line num="533" count="3" type="stmt"/>
        <line num="534" count="3" type="stmt"/>
        <line num="535" count="3" type="stmt"/>
        <line num="536" count="3" type="stmt"/>
        <line num="537" count="3" type="cond" truecount="1" falsecount="1"/>
        <line num="538" count="0" type="stmt"/>
        <line num="539" count="0" type="stmt"/>
        <line num="541" count="3" type="stmt"/>
        <line num="546" count="62" type="stmt"/>
        <line num="547" count="4" type="stmt"/>
        <line num="548" count="4" type="cond" truecount="4" falsecount="0"/>
        <line num="549" count="1" type="stmt"/>
        <line num="552" count="3" type="stmt"/>
        <line num="553" count="3" type="stmt"/>
        <line num="554" count="3" type="cond" truecount="2" falsecount="0"/>
        <line num="555" count="1" type="stmt"/>
        <line num="557" count="2" type="cond" truecount="4" falsecount="0"/>
        <line num="558" count="1" type="stmt"/>
        <line num="561" count="1" type="stmt"/>
        <line num="562" count="1" type="stmt"/>
        <line num="563" count="1" type="stmt"/>
        <line num="565" count="1" type="cond" truecount="1" falsecount="1"/>
        <line num="566" count="0" type="stmt"/>
        <line num="568" count="1" type="cond" truecount="1" falsecount="1"/>
        <line num="571" count="0" type="stmt"/>
        <line num="572" count="0" type="cond" truecount="0" falsecount="2"/>
        <line num="582" count="62" type="stmt"/>
        <line num="583" count="4" type="stmt"/>
        <line num="584" count="4" type="stmt"/>
        <line num="585" count="3" type="stmt"/>
        <line num="586" count="1" type="stmt"/>
        <line num="590" count="62" type="stmt"/>
        <line num="591" count="3" type="stmt"/>
        <line num="592" count="3" type="stmt"/>
        <line num="593" count="2" type="stmt"/>
        <line num="594" count="1" type="stmt"/>
        <line num="598" count="62" type="stmt"/>
        <line num="599" count="0" type="stmt"/>
        <line num="600" count="0" type="stmt"/>
        <line num="601" count="0" type="stmt"/>
        <line num="602" count="0" type="stmt"/>
        <line num="606" count="62" type="stmt"/>
        <line num="607" count="4" type="stmt"/>
        <line num="608" count="4" type="stmt"/>
        <line num="609" count="3" type="stmt"/>
        <line num="610" count="1" type="stmt"/>
        <line num="614" count="62" type="stmt"/>
        <line num="615" count="3" type="stmt"/>
        <line num="616" count="3" type="stmt"/>
        <line num="617" count="2" type="stmt"/>
        <line num="618" count="1" type="stmt"/>
        <line num="622" count="62" type="stmt"/>
        <line num="623" count="3" type="stmt"/>
        <line num="624" count="3" type="cond" truecount="3" falsecount="1"/>
        <line num="625" count="3" type="stmt"/>
        <line num="626" count="2" type="stmt"/>
        <line num="627" count="2" type="stmt"/>
        <line num="628" count="2" type="stmt"/>
        <line num="629" count="2" type="stmt"/>
        <line num="631" count="1" type="stmt"/>
        <line num="632" count="1" type="stmt"/>
        <line num="637" count="62" type="stmt"/>
        <line num="638" count="0" type="stmt"/>
        <line num="639" count="0" type="cond" truecount="0" falsecount="4"/>
        <line num="640" count="0" type="stmt"/>
        <line num="641" count="0" type="stmt"/>
        <line num="642" count="0" type="stmt"/>
        <line num="643" count="0" type="stmt"/>
        <line num="644" count="0" type="stmt"/>
        <line num="646" count="0" type="stmt"/>
        <line num="647" count="0" type="stmt"/>
        <line num="652" count="62" type="stmt"/>
        <line num="653" count="0" type="cond" truecount="0" falsecount="3"/>
        <line num="654" count="0" type="cond" truecount="0" falsecount="2"/>
        <line num="655" count="0" type="stmt"/>
        <line num="657" count="0" type="stmt"/>
        <line num="658" count="0" type="cond" truecount="0" falsecount="4"/>
        <line num="659" count="0" type="cond" truecount="0" falsecount="4"/>
        <line num="660" count="0" type="stmt"/>
        <line num="661" count="0" type="cond" truecount="0" falsecount="2"/>
        <line num="662" count="0" type="stmt"/>
        <line num="664" count="0" type="stmt"/>
        <line num="666" count="0" type="stmt"/>
        <line num="667" count="0" type="cond" truecount="0" falsecount="2"/>
        <line num="676" count="62" type="stmt"/>
        <line num="677" count="5" type="cond" truecount="2" falsecount="2"/>
        <line num="678" count="5" type="stmt"/>
        <line num="679" count="3" type="stmt"/>
        <line num="680" count="2" type="stmt"/>
        <line num="684" count="62" type="stmt"/>
        <line num="685" count="0" type="stmt"/>
        <line num="686" count="0" type="stmt"/>
        <line num="687" count="0" type="stmt"/>
        <line num="689" count="0" type="stmt"/>
        <line num="690" count="0" type="stmt"/>
        <line num="695" count="62" type="stmt"/>
        <line num="696" count="0" type="cond" truecount="0" falsecount="4"/>
        <line num="697" count="0" type="stmt"/>
        <line num="699" count="0" type="stmt"/>
        <line num="700" count="0" type="stmt"/>
        <line num="701" count="0" type="stmt"/>
        <line num="703" count="0" type="stmt"/>
        <line num="712" count="62" type="stmt"/>
        <line num="713" count="2" type="cond" truecount="4" falsecount="0"/>
        <line num="714" count="1" type="stmt"/>
        <line num="716" count="1" type="stmt"/>
        <line num="717" count="1" type="stmt"/>
        <line num="718" count="1" type="cond" truecount="1" falsecount="1"/>
        <line num="719" count="1" type="stmt"/>
        <line num="721" count="1" type="cond" truecount="3" falsecount="1"/>
        <line num="724" count="1" type="stmt"/>
        <line num="725" count="1" type="cond" truecount="1" falsecount="1"/>
        <line num="726" count="1" type="stmt"/>
        <line num="728" count="0" type="stmt"/>
        <line num="729" count="0" type="stmt"/>
        <line num="735" count="0" type="stmt"/>
        <line num="744" count="62" type="stmt"/>
        <line num="745" count="2" type="stmt"/>
        <line num="746" count="2" type="stmt"/>
        <line num="747" count="2" type="cond" truecount="3" falsecount="1"/>
        <line num="748" count="0" type="stmt"/>
        <line num="750" count="2" type="stmt"/>
        <line num="751" count="2" type="stmt"/>
        <line num="757" count="0" type="stmt"/>
        <line num="758" count="0" type="stmt"/>
        <line num="763" count="62" type="stmt"/>
        <line num="764" count="1" type="stmt"/>
        <line num="765" count="1" type="stmt"/>
        <line num="766" count="1" type="cond" truecount="3" falsecount="1"/>
        <line num="767" count="0" type="stmt"/>
        <line num="769" count="1" type="stmt"/>
        <line num="770" count="1" type="stmt"/>
        <line num="776" count="0" type="stmt"/>
        <line num="777" count="0" type="stmt"/>
        <line num="785" count="62" type="stmt"/>
        <line num="786" count="2" type="stmt"/>
        <line num="787" count="2" type="stmt"/>
        <line num="791" count="1" type="stmt"/>
        <line num="797" count="1" type="stmt"/>
        <line num="798" count="1" type="stmt"/>
        <line num="802" count="62" type="stmt"/>
        <line num="803" count="2" type="stmt"/>
        <line num="804" count="2" type="stmt"/>
        <line num="805" count="2" type="stmt"/>
        <line num="813" count="2" type="stmt"/>
        <line num="814" count="1" type="stmt"/>
        <line num="816" count="1" type="stmt"/>
        <line num="817" count="1" type="stmt"/>
        <line num="821" count="62" type="stmt"/>
        <line num="822" count="3" type="stmt"/>
        <line num="823" count="3" type="stmt"/>
        <line num="824" count="2" type="stmt"/>
        <line num="826" count="1" type="stmt"/>
        <line num="827" count="1" type="stmt"/>
        <line num="831" count="62" type="stmt"/>
        <line num="832" count="1" type="cond" truecount="2" falsecount="2"/>
        <line num="833" count="1" type="stmt"/>
        <line num="835" count="0" type="stmt"/>
        <line num="836" count="0" type="stmt"/>
        <line num="837" count="0" type="cond" truecount="0" falsecount="4"/>
        <line num="838" count="0" type="stmt"/>
        <line num="843" count="0" type="stmt"/>
        <line num="848" count="0" type="stmt"/>
        <line num="850" count="0" type="stmt"/>
        <line num="851" count="0" type="stmt"/>
        <line num="856" count="62" type="stmt"/>
        <line num="857" count="2" type="stmt"/>
        <line num="858" count="2" type="stmt"/>
        <line num="859" count="2" type="stmt"/>
        <line num="860" count="2" type="stmt"/>
        <line num="861" count="2" type="stmt"/>
        <line num="862" count="2" type="stmt"/>
        <line num="863" count="2" type="stmt"/>
        <line num="864" count="2" type="stmt"/>
        <line num="865" count="2" type="stmt"/>
        <line num="866" count="2" type="stmt"/>
        <line num="867" count="2" type="stmt"/>
        <line num="868" count="2" type="stmt"/>
        <line num="869" count="2" type="stmt"/>
        <line num="871" count="0" type="stmt"/>
        <line num="872" count="0" type="stmt"/>
        <line num="877" count="62" type="stmt"/>
        <line num="878" count="3" type="cond" truecount="4" falsecount="0"/>
        <line num="879" count="1" type="stmt"/>
        <line num="881" count="2" type="stmt"/>
        <line num="882" count="2" type="cond" truecount="1" falsecount="3"/>
        <line num="883" count="2" type="stmt"/>
        <line num="884" count="1" type="stmt"/>
        <line num="886" count="1" type="stmt"/>
        <line num="887" count="1" type="cond" truecount="1" falsecount="1"/>
        <line num="891" count="62" type="stmt"/>
        <line num="892" count="1" type="stmt"/>
        <line num="893" count="1" type="stmt"/>
        <line num="894" count="1" type="stmt"/>
        <line num="896" count="0" type="stmt"/>
        <line num="897" count="0" type="stmt"/>
        <line num="901" count="62" type="stmt"/>
        <line num="902" count="4" type="cond" truecount="1" falsecount="1"/>
        <line num="903" count="4" type="cond" truecount="1" falsecount="1"/>
        <line num="904" count="0" type="stmt"/>
        <line num="906" count="4" type="stmt"/>
        <line num="907" count="4" type="stmt"/>
        <line num="918" count="4" type="stmt"/>
        <line num="920" count="0" type="stmt"/>
        <line num="921" count="0" type="stmt"/>
        <line num="925" count="62" type="stmt"/>
        <line num="926" count="5" type="stmt"/>
        <line num="927" count="5" type="cond" truecount="4" falsecount="0"/>
        <line num="928" count="1" type="stmt"/>
        <line num="930" count="4" type="stmt"/>
        <line num="931" count="4" type="stmt"/>
        <line num="935" count="2" type="stmt"/>
        <line num="937" count="2" type="stmt"/>
        <line num="938" count="2" type="stmt"/>
        <line num="942" count="62" type="stmt"/>
        <line num="943" count="2" type="stmt"/>
        <line num="944" count="2" type="cond" truecount="4" falsecount="0"/>
        <line num="945" count="1" type="stmt"/>
        <line num="947" count="1" type="stmt"/>
        <line num="948" count="1" type="stmt"/>
        <line num="951" count="1" type="stmt"/>
        <line num="953" count="0" type="stmt"/>
        <line num="954" count="0" type="stmt"/>
        <line num="958" count="62" type="stmt"/>
        <line num="959" count="3" type="stmt"/>
        <line num="960" count="3" type="stmt"/>
        <line num="961" count="2" type="cond" truecount="1" falsecount="1"/>
        <line num="962" count="2" type="stmt"/>
        <line num="964" count="0" type="stmt"/>
        <line num="966" count="1" type="stmt"/>
        <line num="967" count="1" type="stmt"/>
        <line num="971" count="62" type="stmt"/>
      </file>
      <file name="auth-api.js" path="C:\Users\user\Desktop\program\web-order\routes\auth-api.js">
        <metrics statements="537" coveredstatements="487" conditionals="289" coveredconditionals="206" methods="69" coveredmethods="57"/>
        <line num="3" count="62" type="stmt"/>
        <line num="4" count="62" type="stmt"/>
        <line num="5" count="62" type="stmt"/>
        <line num="6" count="62" type="stmt"/>
        <line num="7" count="62" type="stmt"/>
        <line num="8" count="62" type="stmt"/>
        <line num="10" count="62" type="stmt"/>
        <line num="13" count="62" type="stmt"/>
        <line num="14" count="62" type="stmt"/>
        <line num="15" count="62" type="stmt"/>
        <line num="16" count="62" type="stmt"/>
        <line num="17" count="62" type="stmt"/>
        <line num="18" count="62" type="stmt"/>
        <line num="21" count="62" type="stmt"/>
        <line num="22" count="62" type="stmt"/>
        <line num="23" count="62" type="stmt"/>
        <line num="24" count="62" type="stmt"/>
        <line num="25" count="62" type="stmt"/>
        <line num="26" count="62" type="stmt"/>
        <line num="27" count="62" type="stmt"/>
        <line num="28" count="62" type="stmt"/>
        <line num="29" count="62" type="stmt"/>
        <line num="30" count="62" type="stmt"/>
        <line num="31" count="62" type="stmt"/>
        <line num="32" count="62" type="stmt"/>
        <line num="33" count="62" type="stmt"/>
        <line num="34" count="62" type="stmt"/>
        <line num="35" count="62" type="stmt"/>
        <line num="37" count="62" type="stmt"/>
        <line num="38" count="62" type="stmt"/>
        <line num="39" count="62" type="stmt"/>
        <line num="40" count="62" type="stmt"/>
        <line num="41" count="62" type="stmt"/>
        <line num="42" count="62" type="stmt"/>
        <line num="43" count="62" type="stmt"/>
        <line num="47" count="200" type="cond" truecount="3" falsecount="1"/>
        <line num="48" count="200" type="stmt"/>
        <line num="49" count="200" type="stmt"/>
        <line num="54" count="210" type="stmt"/>
        <line num="59" count="210" type="stmt"/>
        <line num="60" count="210" type="stmt"/>
        <line num="61" count="210" type="stmt"/>
        <line num="62" count="210" type="stmt"/>
        <line num="63" count="210" type="stmt"/>
        <line num="65" count="2" type="cond" truecount="1" falsecount="1"/>
        <line num="67" count="210" type="cond" truecount="1" falsecount="1"/>
        <line num="68" count="210" type="stmt"/>
        <line num="69" count="210" type="stmt"/>
        <line num="70" count="210" type="stmt"/>
        <line num="71" count="210" type="stmt"/>
        <line num="73" count="0" type="stmt"/>
        <line num="79" count="253" type="stmt"/>
        <line num="84" count="253" type="stmt"/>
        <line num="85" count="253" type="stmt"/>
        <line num="86" count="253" type="stmt"/>
        <line num="87" count="253" type="stmt"/>
        <line num="88" count="253" type="stmt"/>
        <line num="90" count="36" type="cond" truecount="1" falsecount="1"/>
        <line num="92" count="253" type="cond" truecount="1" falsecount="1"/>
        <line num="93" count="253" type="stmt"/>
        <line num="94" count="253" type="stmt"/>
        <line num="95" count="253" type="stmt"/>
        <line num="96" count="253" type="stmt"/>
        <line num="98" count="0" type="stmt"/>
        <line num="106" count="2608" type="stmt"/>
        <line num="107" count="2608" type="stmt"/>
        <line num="108" count="2606" type="stmt"/>
        <line num="110" count="83" type="stmt"/>
        <line num="115" count="152" type="stmt"/>
        <line num="120" count="1683" type="cond" truecount="1" falsecount="1"/>
        <line num="121" count="1683" type="stmt"/>
        <line num="122" count="1683" type="stmt"/>
        <line num="123" count="1683" type="cond" truecount="4" falsecount="0"/>
        <line num="124" count="1218" type="cond" truecount="2" falsecount="0"/>
        <line num="125" count="1" type="stmt"/>
        <line num="126" count="1" type="stmt"/>
        <line num="127" count="1" type="stmt"/>
        <line num="135" count="148" type="stmt"/>
        <line num="136" count="148" type="stmt"/>
        <line num="137" count="148" type="stmt"/>
        <line num="138" count="148" type="cond" truecount="2" falsecount="0"/>
        <line num="139" count="148" type="stmt"/>
        <line num="140" count="179" type="cond" truecount="1" falsecount="1"/>
        <line num="141" count="148" type="stmt"/>
        <line num="142" count="148" type="stmt"/>
        <line num="143" count="148" type="stmt"/>
        <line num="144" count="148" type="cond" truecount="2" falsecount="0"/>
        <line num="145" count="15" type="stmt"/>
        <line num="146" count="15" type="cond" truecount="1" falsecount="1"/>
        <line num="148" count="148" type="stmt"/>
        <line num="149" count="148" type="stmt"/>
        <line num="158" count="311" type="cond" truecount="1" falsecount="1"/>
        <line num="159" count="311" type="stmt"/>
        <line num="160" count="311" type="cond" truecount="2" falsecount="0"/>
        <line num="161" count="3" type="stmt"/>
        <line num="162" count="3" type="stmt"/>
        <line num="168" count="466" type="cond" truecount="1" falsecount="1"/>
        <line num="169" count="466" type="stmt"/>
        <line num="170" count="466" type="stmt"/>
        <line num="171" count="466" type="cond" truecount="4" falsecount="0"/>
        <line num="172" count="108" type="stmt"/>
        <line num="173" count="108" type="stmt"/>
        <line num="174" count="220" type="stmt"/>
        <line num="184" count="2" type="cond" truecount="3" falsecount="1"/>
        <line num="185" count="2" type="stmt"/>
        <line num="186" count="2" type="stmt"/>
        <line num="187" count="2" type="stmt"/>
        <line num="198" count="1" type="stmt"/>
        <line num="199" count="1" type="stmt"/>
        <line num="200" count="1" type="stmt"/>
        <line num="201" count="1" type="stmt"/>
        <line num="202" count="1" type="stmt"/>
        <line num="203" count="1" type="stmt"/>
        <line num="205" count="0" type="stmt"/>
        <line num="210" count="2" type="stmt"/>
        <line num="211" count="2" type="stmt"/>
        <line num="212" count="2" type="stmt"/>
        <line num="213" count="2" type="stmt"/>
        <line num="218" count="311" type="stmt"/>
        <line num="219" count="311" type="stmt"/>
        <line num="220" count="311" type="cond" truecount="1" falsecount="1"/>
        <line num="221" count="311" type="stmt"/>
        <line num="227" count="311" type="stmt"/>
        <line num="228" count="311" type="stmt"/>
        <line num="229" count="311" type="cond" truecount="1" falsecount="1"/>
        <line num="230" count="311" type="stmt"/>
        <line num="238" count="62" type="stmt"/>
        <line num="239" count="1472" type="stmt"/>
        <line num="240" count="1472" type="cond" truecount="1" falsecount="1"/>
        <line num="242" count="1472" type="stmt"/>
        <line num="243" count="1472" type="cond" truecount="2" falsecount="0"/>
        <line num="244" count="1216" type="stmt"/>
        <line num="247" count="256" type="stmt"/>
        <line num="248" count="256" type="stmt"/>
        <line num="249" count="256" type="cond" truecount="4" falsecount="0"/>
        <line num="250" count="256" type="cond" truecount="4" falsecount="0"/>
        <line num="251" count="4" type="cond" truecount="5" falsecount="0"/>
        <line num="252" count="2" type="stmt"/>
        <line num="254" count="2" type="stmt"/>
        <line num="255" count="2" type="cond" truecount="1" falsecount="1"/>
        <line num="256" count="2" type="stmt"/>
        <line num="260" count="252" type="stmt"/>
        <line num="261" count="251" type="stmt"/>
        <line num="262" count="361" type="stmt"/>
        <line num="264" count="251" type="cond" truecount="2" falsecount="0"/>
        <line num="265" count="100" type="stmt"/>
        <line num="266" count="100" type="stmt"/>
        <line num="267" count="100" type="stmt"/>
        <line num="270" count="151" type="stmt"/>
        <line num="272" count="151" type="cond" truecount="2" falsecount="0"/>
        <line num="273" count="114" type="stmt"/>
        <line num="274" count="114" type="stmt"/>
        <line num="279" count="114" type="stmt"/>
        <line num="282" count="114" type="stmt"/>
        <line num="283" count="114" type="stmt"/>
        <line num="284" count="114" type="stmt"/>
        <line num="285" count="114" type="stmt"/>
        <line num="286" count="114" type="cond" truecount="1" falsecount="1"/>
        <line num="287" count="114" type="stmt"/>
        <line num="288" count="114" type="stmt"/>
        <line num="289" count="114" type="stmt"/>
        <line num="290" count="114" type="stmt"/>
        <line num="293" count="114" type="stmt"/>
        <line num="294" count="114" type="stmt"/>
        <line num="301" count="114" type="stmt"/>
        <line num="303" count="114" type="stmt"/>
        <line num="304" count="114" type="stmt"/>
        <line num="306" count="114" type="stmt"/>
        <line num="308" count="0" type="stmt"/>
        <line num="309" count="0" type="stmt"/>
        <line num="312" count="37" type="stmt"/>
        <line num="313" count="37" type="cond" truecount="5" falsecount="1"/>
        <line num="314" count="4" type="stmt"/>
        <line num="316" count="37" type="stmt"/>
        <line num="322" count="37" type="stmt"/>
        <line num="323" count="37" type="stmt"/>
        <line num="326" count="1" type="stmt"/>
        <line num="327" count="1" type="stmt"/>
        <line num="334" count="62" type="stmt"/>
        <line num="335" count="211" type="stmt"/>
        <line num="336" count="211" type="cond" truecount="1" falsecount="1"/>
        <line num="338" count="211" type="stmt"/>
        <line num="339" count="211" type="cond" truecount="2" falsecount="0"/>
        <line num="340" count="1" type="stmt"/>
        <line num="343" count="210" type="stmt"/>
        <line num="344" count="210" type="stmt"/>
        <line num="345" count="210" type="cond" truecount="4" falsecount="0"/>
        <line num="346" count="210" type="cond" truecount="3" falsecount="1"/>
        <line num="347" count="0" type="cond" truecount="0" falsecount="5"/>
        <line num="348" count="0" type="stmt"/>
        <line num="350" count="0" type="stmt"/>
        <line num="351" count="0" type="cond" truecount="0" falsecount="2"/>
        <line num="352" count="0" type="stmt"/>
        <line num="356" count="210" type="stmt"/>
        <line num="357" count="210" type="stmt"/>
        <line num="358" count="210" type="stmt"/>
        <line num="359" count="210" type="stmt"/>
        <line num="361" count="2" type="stmt"/>
        <line num="362" count="2" type="stmt"/>
        <line num="365" count="209" type="stmt"/>
        <line num="366" count="208" type="cond" truecount="1" falsecount="1"/>
        <line num="367" count="0" type="stmt"/>
        <line num="368" count="0" type="stmt"/>
        <line num="369" count="0" type="stmt"/>
        <line num="372" count="208" type="stmt"/>
        <line num="373" count="208" type="stmt"/>
        <line num="375" count="208" type="cond" truecount="2" falsecount="0"/>
        <line num="376" count="207" type="stmt"/>
        <line num="378" count="1" type="cond" truecount="1" falsecount="1"/>
        <line num="379" count="1" type="stmt"/>
        <line num="380" count="1" type="stmt"/>
        <line num="384" count="208" type="cond" truecount="2" falsecount="0"/>
        <line num="385" count="197" type="stmt"/>
        <line num="386" count="197" type="stmt"/>
        <line num="392" count="197" type="stmt"/>
        <line num="395" count="197" type="stmt"/>
        <line num="396" count="197" type="stmt"/>
        <line num="397" count="197" type="stmt"/>
        <line num="398" count="197" type="stmt"/>
        <line num="399" count="197" type="cond" truecount="1" falsecount="1"/>
        <line num="400" count="197" type="stmt"/>
        <line num="401" count="197" type="stmt"/>
        <line num="402" count="197" type="stmt"/>
        <line num="403" count="197" type="stmt"/>
        <line num="406" count="197" type="stmt"/>
        <line num="408" count="197" type="stmt"/>
        <line num="415" count="197" type="stmt"/>
        <line num="417" count="197" type="cond" truecount="2" falsecount="0"/>
        <line num="418" count="1" type="stmt"/>
        <line num="419" count="1" type="stmt"/>
        <line num="420" count="1" type="stmt"/>
        <line num="421" count="1" type="stmt"/>
        <line num="424" count="197" type="stmt"/>
        <line num="425" count="197" type="stmt"/>
        <line num="427" count="197" type="stmt"/>
        <line num="429" count="0" type="stmt"/>
        <line num="430" count="0" type="stmt"/>
        <line num="434" count="11" type="stmt"/>
        <line num="435" count="11" type="cond" truecount="2" falsecount="0"/>
        <line num="436" count="2" type="stmt"/>
        <line num="443" count="11" type="stmt"/>
        <line num="444" count="11" type="stmt"/>
        <line num="445" count="11" type="stmt"/>
        <line num="449" count="0" type="stmt"/>
        <line num="450" count="0" type="stmt"/>
        <line num="455" count="62" type="stmt"/>
        <line num="456" count="5" type="stmt"/>
        <line num="460" count="62" type="stmt"/>
        <line num="461" count="13" type="stmt"/>
        <line num="462" count="13" type="stmt"/>
        <line num="474" count="13" type="stmt"/>
        <line num="475" count="13" type="stmt"/>
        <line num="476" count="12" type="stmt"/>
        <line num="478" count="1" type="stmt"/>
        <line num="482" count="9" type="stmt"/>
        <line num="485" count="62" type="stmt"/>
        <line num="486" count="4" type="cond" truecount="1" falsecount="1"/>
        <line num="487" count="0" type="stmt"/>
        <line num="489" count="4" type="stmt"/>
        <line num="490" count="4" type="stmt"/>
        <line num="491" count="4" type="stmt"/>
        <line num="492" count="4" type="cond" truecount="2" falsecount="0"/>
        <line num="493" count="3" type="cond" truecount="1" falsecount="1"/>
        <line num="494" count="0" type="stmt"/>
        <line num="495" count="0" type="stmt"/>
        <line num="496" count="0" type="stmt"/>
        <line num="498" count="3" type="cond" truecount="1" falsecount="1"/>
        <line num="499" count="3" type="cond" truecount="2" falsecount="0"/>
        <line num="501" count="0" type="stmt"/>
        <line num="505" count="62" type="stmt"/>
        <line num="506" count="7" type="cond" truecount="1" falsecount="1"/>
        <line num="507" count="0" type="stmt"/>
        <line num="509" count="7" type="stmt"/>
        <line num="510" count="7" type="stmt"/>
        <line num="511" count="7" type="stmt"/>
        <line num="512" count="7" type="cond" truecount="1" falsecount="1"/>
        <line num="513" count="7" type="cond" truecount="2" falsecount="0"/>
        <line num="514" count="1" type="stmt"/>
        <line num="515" count="1" type="stmt"/>
        <line num="516" count="1" type="stmt"/>
        <line num="518" count="6" type="stmt"/>
        <line num="519" count="6" type="stmt"/>
        <line num="520" count="6" type="stmt"/>
        <line num="521" count="5" type="stmt"/>
        <line num="523" count="1" type="stmt"/>
        <line num="524" count="1" type="stmt"/>
        <line num="528" count="62" type="stmt"/>
        <line num="529" count="2" type="cond" truecount="1" falsecount="1"/>
        <line num="530" count="0" type="stmt"/>
        <line num="532" count="2" type="stmt"/>
        <line num="533" count="2" type="stmt"/>
        <line num="534" count="2" type="stmt"/>
        <line num="535" count="2" type="stmt"/>
        <line num="536" count="1" type="stmt"/>
        <line num="538" count="1" type="stmt"/>
        <line num="539" count="1" type="stmt"/>
        <line num="546" count="62" type="stmt"/>
        <line num="547" count="5" type="cond" truecount="2" falsecount="0"/>
        <line num="548" count="1" type="stmt"/>
        <line num="550" count="4" type="stmt"/>
        <line num="552" count="3" type="cond" truecount="2" falsecount="0"/>
        <line num="554" count="1" type="stmt"/>
        <line num="555" count="1" type="stmt"/>
        <line num="556" count="1" type="stmt"/>
        <line num="557" count="1" type="stmt"/>
        <line num="560" count="1" type="stmt"/>
        <line num="561" count="1" type="stmt"/>
        <line num="565" count="62" type="stmt"/>
        <line num="566" count="3" type="cond" truecount="2" falsecount="0"/>
        <line num="567" count="1" type="stmt"/>
        <line num="569" count="2" type="cond" truecount="2" falsecount="0"/>
        <line num="570" count="2" type="stmt"/>
        <line num="572" count="1" type="cond" truecount="1" falsecount="1"/>
        <line num="573" count="0" type="stmt"/>
        <line num="576" count="1" type="stmt"/>
        <line num="577" count="1" type="stmt"/>
        <line num="584" count="62" type="stmt"/>
        <line num="586" count="3" type="cond" truecount="2" falsecount="0"/>
        <line num="587" count="2" type="stmt"/>
        <line num="593" count="2" type="stmt"/>
        <line num="594" count="2" type="stmt"/>
        <line num="595" count="2" type="stmt"/>
        <line num="598" count="2" type="cond" truecount="1" falsecount="1"/>
        <line num="599" count="2" type="stmt"/>
        <line num="600" count="2" type="stmt"/>
        <line num="601" count="2" type="stmt"/>
        <line num="606" count="1" type="stmt"/>
        <line num="607" count="1" type="stmt"/>
        <line num="614" count="62" type="stmt"/>
        <line num="616" count="3" type="cond" truecount="2" falsecount="0"/>
        <line num="617" count="2" type="stmt"/>
        <line num="622" count="2" type="stmt"/>
        <line num="623" count="2" type="stmt"/>
        <line num="626" count="2" type="cond" truecount="1" falsecount="1"/>
        <line num="627" count="2" type="stmt"/>
        <line num="628" count="2" type="stmt"/>
        <line num="629" count="2" type="stmt"/>
        <line num="634" count="1" type="stmt"/>
        <line num="635" count="1" type="stmt"/>
        <line num="643" count="62" type="stmt"/>
        <line num="644" count="16" type="stmt"/>
        <line num="645" count="16" type="cond" truecount="2" falsecount="0"/>
        <line num="647" count="16" type="cond" truecount="3" falsecount="1"/>
        <line num="648" count="0" type="stmt"/>
        <line num="650" count="16" type="cond" truecount="2" falsecount="2"/>
        <line num="651" count="0" type="stmt"/>
        <line num="653" count="16" type="cond" truecount="1" falsecount="1"/>
        <line num="654" count="0" type="stmt"/>
        <line num="657" count="16" type="stmt"/>
        <line num="659" count="16" type="stmt"/>
        <line num="660" count="16" type="stmt"/>
        <line num="661" count="16" type="stmt"/>
        <line num="662" count="16" type="stmt"/>
        <line num="663" count="0" type="stmt"/>
        <line num="665" count="16" type="cond" truecount="4" falsecount="0"/>
        <line num="666" count="5" type="stmt"/>
        <line num="667" count="5" type="cond" truecount="2" falsecount="0"/>
        <line num="668" count="2" type="stmt"/>
        <line num="669" count="2" type="stmt"/>
        <line num="670" count="2" type="stmt"/>
        <line num="675" count="3" type="stmt"/>
        <line num="676" count="3" type="cond" truecount="1" falsecount="1"/>
        <line num="677" count="0" type="stmt"/>
        <line num="679" count="3" type="stmt"/>
        <line num="680" count="3" type="stmt"/>
        <line num="681" count="3" type="stmt"/>
        <line num="683" count="3" type="stmt"/>
        <line num="684" count="3" type="cond" truecount="3" falsecount="1"/>
        <line num="685" count="3" type="stmt"/>
        <line num="687" count="3" type="stmt"/>
        <line num="691" count="11" type="stmt"/>
        <line num="692" count="11" type="stmt"/>
        <line num="693" count="11" type="stmt"/>
        <line num="694" count="11" type="stmt"/>
        <line num="695" count="0" type="stmt"/>
        <line num="696" count="11" type="cond" truecount="4" falsecount="0"/>
        <line num="697" count="3" type="stmt"/>
        <line num="698" count="3" type="cond" truecount="2" falsecount="0"/>
        <line num="699" count="1" type="stmt"/>
        <line num="700" count="1" type="stmt"/>
        <line num="701" count="1" type="stmt"/>
        <line num="706" count="2" type="stmt"/>
        <line num="707" count="2" type="stmt"/>
        <line num="708" count="2" type="stmt"/>
        <line num="709" count="2" type="stmt"/>
        <line num="711" count="0" type="stmt"/>
        <line num="713" count="2" type="stmt"/>
        <line num="714" count="2" type="cond" truecount="2" falsecount="0"/>
        <line num="715" count="1" type="stmt"/>
        <line num="716" count="1" type="stmt"/>
        <line num="717" count="1" type="stmt"/>
        <line num="719" count="1" type="stmt"/>
        <line num="720" count="1" type="stmt"/>
        <line num="721" count="1" type="stmt"/>
        <line num="722" count="1" type="stmt"/>
        <line num="723" count="1" type="stmt"/>
        <line num="724" count="1" type="stmt"/>
        <line num="725" count="1" type="stmt"/>
        <line num="729" count="8" type="stmt"/>
        <line num="730" count="8" type="stmt"/>
        <line num="731" count="8" type="stmt"/>
        <line num="732" count="8" type="stmt"/>
        <line num="733" count="0" type="stmt"/>
        <line num="735" count="8" type="cond" truecount="2" falsecount="0"/>
        <line num="736" count="4" type="stmt"/>
        <line num="737" count="4" type="cond" truecount="2" falsecount="0"/>
        <line num="738" count="3" type="stmt"/>
        <line num="746" count="5" type="stmt"/>
        <line num="747" count="5" type="stmt"/>
        <line num="748" count="5" type="stmt"/>
        <line num="750" count="5" type="cond" truecount="1" falsecount="1"/>
        <line num="751" count="0" type="stmt"/>
        <line num="754" count="5" type="stmt"/>
        <line num="756" count="5" type="cond" truecount="2" falsecount="0"/>
        <line num="757" count="4" type="stmt"/>
        <line num="761" count="1" type="stmt"/>
        <line num="763" count="1" type="cond" truecount="1" falsecount="1"/>
        <line num="764" count="1" type="cond" truecount="1" falsecount="1"/>
        <line num="765" count="1" type="stmt"/>
        <line num="766" count="1" type="stmt"/>
        <line num="768" count="1" type="stmt"/>
        <line num="769" count="1" type="stmt"/>
        <line num="771" count="0" type="stmt"/>
        <line num="775" count="0" type="stmt"/>
        <line num="776" count="0" type="stmt"/>
        <line num="785" count="62" type="stmt"/>
        <line num="786" count="20" type="stmt"/>
        <line num="787" count="20" type="stmt"/>
        <line num="789" count="20" type="cond" truecount="4" falsecount="0"/>
        <line num="790" count="1" type="stmt"/>
        <line num="793" count="19" type="stmt"/>
        <line num="794" count="19" type="cond" truecount="2" falsecount="0"/>
        <line num="795" count="2" type="stmt"/>
        <line num="798" count="17" type="stmt"/>
        <line num="800" count="17" type="cond" truecount="1" falsecount="2"/>
        <line num="801" count="17" type="stmt"/>
        <line num="802" count="17" type="stmt"/>
        <line num="803" count="17" type="stmt"/>
        <line num="804" count="17" type="stmt"/>
        <line num="805" count="0" type="stmt"/>
        <line num="807" count="17" type="stmt"/>
        <line num="808" count="17" type="stmt"/>
        <line num="809" count="17" type="cond" truecount="2" falsecount="0"/>
        <line num="810" count="35" type="stmt"/>
        <line num="812" count="17" type="cond" truecount="2" falsecount="0"/>
        <line num="813" count="2" type="stmt"/>
        <line num="816" count="15" type="stmt"/>
        <line num="818" count="15" type="stmt"/>
        <line num="819" count="15" type="stmt"/>
        <line num="820" count="35" type="stmt"/>
        <line num="821" count="15" type="cond" truecount="1" falsecount="1"/>
        <line num="823" count="15" type="stmt"/>
        <line num="825" count="15" type="stmt"/>
        <line num="826" count="15" type="stmt"/>
        <line num="827" count="15" type="stmt"/>
        <line num="828" count="15" type="cond" truecount="1" falsecount="1"/>
        <line num="829" count="0" type="cond" truecount="0" falsecount="2"/>
        <line num="830" count="17" type="stmt"/>
        <line num="832" count="15" type="cond" truecount="5" falsecount="1"/>
        <line num="833" count="13" type="stmt"/>
        <line num="834" count="13" type="stmt"/>
        <line num="835" count="13" type="stmt"/>
        <line num="837" count="13" type="stmt"/>
        <line num="838" count="13" type="stmt"/>
        <line num="839" count="13" type="stmt"/>
        <line num="840" count="13" type="stmt"/>
        <line num="841" count="1" type="stmt"/>
        <line num="842" count="13" type="stmt"/>
        <line num="843" count="13" type="stmt"/>
        <line num="845" count="13" type="cond" truecount="2" falsecount="2"/>
        <line num="846" count="13" type="stmt"/>
        <line num="848" count="13" type="stmt"/>
        <line num="853" count="13" type="stmt"/>
        <line num="855" count="13" type="cond" truecount="2" falsecount="0"/>
        <line num="856" count="1" type="stmt"/>
        <line num="857" count="1" type="stmt"/>
        <line num="858" count="1" type="stmt"/>
        <line num="860" count="12" type="stmt"/>
        <line num="862" count="13" type="stmt"/>
        <line num="866" count="2" type="stmt"/>
        <line num="867" count="2" type="stmt"/>
        <line num="868" count="2" type="stmt"/>
        <line num="869" count="2" type="stmt"/>
        <line num="870" count="0" type="stmt"/>
        <line num="871" count="2" type="cond" truecount="1" falsecount="1"/>
        <line num="872" count="2" type="cond" truecount="1" falsecount="1"/>
        <line num="873" count="0" type="cond" truecount="0" falsecount="2"/>
        <line num="874" count="2" type="stmt"/>
        <line num="876" count="2" type="cond" truecount="2" falsecount="0"/>
        <line num="877" count="1" type="stmt"/>
        <line num="878" count="1" type="cond" truecount="1" falsecount="1"/>
        <line num="879" count="1" type="cond" truecount="3" falsecount="1"/>
        <line num="884" count="1" type="cond" truecount="1" falsecount="1"/>
        <line num="885" count="1" type="stmt"/>
        <line num="886" count="1" type="stmt"/>
        <line num="887" count="1" type="stmt"/>
        <line num="888" count="1" type="stmt"/>
        <line num="889" count="1" type="stmt"/>
        <line num="890" count="1" type="stmt"/>
        <line num="891" count="0" type="stmt"/>
        <line num="892" count="1" type="stmt"/>
        <line num="893" count="1" type="stmt"/>
        <line num="895" count="1" type="cond" truecount="2" falsecount="2"/>
        <line num="896" count="1" type="stmt"/>
        <line num="897" count="1" type="stmt"/>
        <line num="902" count="1" type="stmt"/>
        <line num="903" count="1" type="cond" truecount="1" falsecount="1"/>
        <line num="904" count="0" type="stmt"/>
        <line num="905" count="0" type="stmt"/>
        <line num="906" count="0" type="stmt"/>
        <line num="908" count="1" type="stmt"/>
        <line num="913" count="2" type="stmt"/>
        <line num="915" count="0" type="stmt"/>
        <line num="916" count="0" type="stmt"/>
        <line num="923" count="62" type="stmt"/>
        <line num="925" count="2" type="cond" truecount="1" falsecount="1"/>
        <line num="926" count="0" type="stmt"/>
        <line num="929" count="2" type="stmt"/>
        <line num="930" count="2" type="cond" truecount="1" falsecount="1"/>
        <line num="931" count="0" type="stmt"/>
        <line num="934" count="2" type="stmt"/>
        <line num="936" count="2" type="stmt"/>
        <line num="938" count="2" type="stmt"/>
        <line num="939" count="1" type="cond" truecount="1" falsecount="1"/>
        <line num="940" count="0" type="stmt"/>
        <line num="944" count="1" type="stmt"/>
        <line num="945" count="1" type="stmt"/>
        <line num="946" count="1" type="stmt"/>
        <line num="947" count="1" type="stmt"/>
        <line num="948" count="1" type="stmt"/>
        <line num="949" count="1" type="stmt"/>
        <line num="950" count="1" type="stmt"/>
        <line num="952" count="1" type="stmt"/>
        <line num="953" count="1" type="stmt"/>
        <line num="956" count="1" type="stmt"/>
        <line num="957" count="1" type="stmt"/>
        <line num="961" count="62" type="stmt"/>
      </file>
      <file name="kaitori-api.js" path="C:\Users\user\Desktop\program\web-order\routes\kaitori-api.js">
        <metrics statements="120" coveredstatements="109" conditionals="72" coveredconditionals="56" methods="14" coveredmethods="14"/>
        <line num="3" count="62" type="stmt"/>
        <line num="4" count="62" type="stmt"/>
        <line num="5" count="62" type="stmt"/>
        <line num="6" count="62" type="stmt"/>
        <line num="7" count="62" type="stmt"/>
        <line num="10" count="62" type="stmt"/>
        <line num="11" count="62" type="stmt"/>
        <line num="18" count="62" type="stmt"/>
        <line num="19" count="2" type="cond" truecount="2" falsecount="0"/>
        <line num="21" count="1" type="stmt"/>
        <line num="22" count="1" type="stmt"/>
        <line num="23" count="1" type="stmt"/>
        <line num="25" count="1" type="stmt"/>
        <line num="26" count="1" type="stmt"/>
        <line num="27" count="1" type="stmt"/>
        <line num="28" count="1" type="stmt"/>
        <line num="29" count="1" type="stmt"/>
        <line num="30" count="0" type="stmt"/>
        <line num="32" count="1" type="stmt"/>
        <line num="45" count="1" type="stmt"/>
        <line num="46" count="1" type="stmt"/>
        <line num="48" count="1" type="stmt"/>
        <line num="50" count="0" type="stmt"/>
        <line num="51" count="0" type="stmt"/>
        <line num="56" count="62" type="stmt"/>
        <line num="58" count="3" type="cond" truecount="2" falsecount="0"/>
        <line num="60" count="2" type="stmt"/>
        <line num="61" count="2" type="stmt"/>
        <line num="62" count="2" type="stmt"/>
        <line num="63" count="2" type="stmt"/>
        <line num="65" count="1" type="stmt"/>
        <line num="70" count="62" type="stmt"/>
        <line num="72" count="3" type="cond" truecount="2" falsecount="0"/>
        <line num="74" count="2" type="stmt"/>
        <line num="76" count="2" type="stmt"/>
        <line num="77" count="2" type="stmt"/>
        <line num="78" count="2" type="stmt"/>
        <line num="80" count="2" type="stmt"/>
        <line num="81" count="2" type="cond" truecount="2" falsecount="0"/>
        <line num="82" count="1" type="stmt"/>
        <line num="85" count="1" type="cond" truecount="1" falsecount="1"/>
        <line num="86" count="1" type="cond" truecount="1" falsecount="1"/>
        <line num="87" count="1" type="cond" truecount="1" falsecount="1"/>
        <line num="88" count="1" type="cond" truecount="1" falsecount="1"/>
        <line num="90" count="1" type="cond" truecount="2" falsecount="2"/>
        <line num="91" count="0" type="stmt"/>
        <line num="94" count="1" type="stmt"/>
        <line num="96" count="1" type="stmt"/>
        <line num="97" count="1" type="stmt"/>
        <line num="100" count="0" type="stmt"/>
        <line num="101" count="0" type="stmt"/>
        <line num="111" count="62" type="stmt"/>
        <line num="113" count="4" type="stmt"/>
        <line num="114" count="4" type="stmt"/>
        <line num="116" count="4" type="cond" truecount="4" falsecount="0"/>
        <line num="117" count="1" type="stmt"/>
        <line num="120" count="3" type="stmt"/>
        <line num="121" count="3" type="stmt"/>
        <line num="122" count="3" type="stmt"/>
        <line num="124" count="1" type="stmt"/>
        <line num="129" count="62" type="stmt"/>
        <line num="130" count="3" type="cond" truecount="2" falsecount="0"/>
        <line num="132" count="2" type="stmt"/>
        <line num="133" count="2" type="cond" truecount="2" falsecount="0"/>
        <line num="135" count="1" type="stmt"/>
        <line num="136" count="2" type="stmt"/>
        <line num="145" count="1" type="stmt"/>
        <line num="146" count="1" type="stmt"/>
        <line num="148" count="0" type="stmt"/>
        <line num="149" count="0" type="stmt"/>
        <line num="154" count="62" type="stmt"/>
        <line num="155" count="2" type="cond" truecount="2" falsecount="0"/>
        <line num="157" count="1" type="stmt"/>
        <line num="159" count="1" type="stmt"/>
        <line num="160" count="1" type="stmt"/>
        <line num="161" count="1" type="stmt"/>
        <line num="162" count="1" type="stmt"/>
        <line num="163" count="1" type="stmt"/>
        <line num="166" count="1" type="stmt"/>
        <line num="175" count="1" type="stmt"/>
        <line num="176" count="1" type="stmt"/>
        <line num="177" count="1" type="stmt"/>
        <line num="179" count="0" type="stmt"/>
        <line num="184" count="62" type="stmt"/>
        <line num="185" count="3" type="cond" truecount="2" falsecount="0"/>
        <line num="187" count="2" type="stmt"/>
        <line num="189" count="2" type="stmt"/>
        <line num="190" count="2" type="stmt"/>
        <line num="191" count="2" type="stmt"/>
        <line num="192" count="2" type="stmt"/>
        <line num="194" count="2" type="cond" truecount="2" falsecount="0"/>
        <line num="196" count="1" type="stmt"/>
        <line num="197" count="1" type="cond" truecount="2" falsecount="2"/>
        <line num="199" count="1" type="stmt"/>
        <line num="200" count="1" type="stmt"/>
        <line num="202" count="0" type="stmt"/>
        <line num="207" count="62" type="stmt"/>
        <line num="208" count="3" type="cond" truecount="2" falsecount="0"/>
        <line num="210" count="2" type="stmt"/>
        <line num="212" count="2" type="stmt"/>
        <line num="213" count="2" type="stmt"/>
        <line num="214" count="2" type="stmt"/>
        <line num="216" count="2" type="stmt"/>
        <line num="217" count="3" type="stmt"/>
        <line num="219" count="2" type="cond" truecount="2" falsecount="0"/>
        <line num="221" count="1" type="stmt"/>
        <line num="222" count="1" type="stmt"/>
        <line num="224" count="0" type="stmt"/>
        <line num="229" count="62" type="stmt"/>
        <line num="230" count="3" type="cond" truecount="2" falsecount="0"/>
        <line num="231" count="1" type="stmt"/>
        <line num="234" count="2" type="stmt"/>
        <line num="236" count="2" type="stmt"/>
        <line num="237" count="2" type="stmt"/>
        <line num="238" count="2" type="stmt"/>
        <line num="239" count="2" type="stmt"/>
        <line num="240" count="1" type="stmt"/>
        <line num="243" count="1" type="stmt"/>
        <line num="244" count="1" type="stmt"/>
        <line num="248" count="62" type="stmt"/>
      </file>
      <file name="orders-api.js" path="C:\Users\user\Desktop\program\web-order\routes\orders-api.js">
        <metrics statements="178" coveredstatements="166" conditionals="164" coveredconditionals="116" methods="18" coveredmethods="16"/>
        <line num="4" count="62" type="stmt"/>
        <line num="5" count="62" type="stmt"/>
        <line num="6" count="62" type="stmt"/>
        <line num="9" count="62" type="stmt"/>
        <line num="10" count="62" type="stmt"/>
        <line num="11" count="62" type="stmt"/>
        <line num="12" count="62" type="stmt"/>
        <line num="13" count="62" type="stmt"/>
        <line num="14" count="62" type="stmt"/>
        <line num="16" count="62" type="stmt"/>
        <line num="24" count="62" type="stmt"/>
        <line num="25" count="23" type="cond" truecount="2" falsecount="0"/>
        <line num="27" count="22" type="stmt"/>
        <line num="28" count="22" type="stmt"/>
        <line num="30" count="22" type="stmt"/>
        <line num="31" count="22" type="cond" truecount="1" falsecount="1"/>
        <line num="32" count="19" type="stmt"/>
        <line num="33" count="19" type="stmt"/>
        <line num="35" count="3" type="stmt"/>
        <line num="36" count="3" type="cond" truecount="2" falsecount="0"/>
        <line num="37" count="1" type="cond" truecount="1" falsecount="1"/>
        <line num="39" count="2" type="stmt"/>
        <line num="46" count="62" type="stmt"/>
        <line num="47" count="4" type="stmt"/>
        <line num="48" count="4" type="cond" truecount="4" falsecount="0"/>
        <line num="50" count="3" type="stmt"/>
        <line num="56" count="3" type="stmt"/>
        <line num="57" count="3" type="stmt"/>
        <line num="58" count="2" type="stmt"/>
        <line num="60" count="1" type="stmt"/>
        <line num="61" count="1" type="stmt"/>
        <line num="66" count="62" type="stmt"/>
        <line num="67" count="7" type="cond" truecount="2" falsecount="0"/>
        <line num="68" count="5" type="stmt"/>
        <line num="69" count="5" type="stmt"/>
        <line num="73" count="4" type="stmt"/>
        <line num="75" count="1" type="stmt"/>
        <line num="76" count="1" type="stmt"/>
        <line num="81" count="62" type="stmt"/>
        <line num="82" count="6" type="cond" truecount="2" falsecount="0"/>
        <line num="83" count="5" type="cond" truecount="2" falsecount="0"/>
        <line num="84" count="5" type="stmt"/>
        <line num="85" count="5" type="stmt"/>
        <line num="89" count="4" type="stmt"/>
        <line num="90" count="4" type="stmt"/>
        <line num="91" count="4" type="stmt"/>
        <line num="92" count="6" type="cond" truecount="1" falsecount="1"/>
        <line num="93" count="6" type="cond" truecount="1" falsecount="1"/>
        <line num="94" count="6" type="cond" truecount="2" falsecount="2"/>
        <line num="95" count="6" type="cond" truecount="1" falsecount="1"/>
        <line num="96" count="6" type="cond" truecount="2" falsecount="0"/>
        <line num="97" count="5" type="cond" truecount="2" falsecount="2"/>
        <line num="98" count="5" type="cond" truecount="2" falsecount="0"/>
        <line num="100" count="3" type="stmt"/>
        <line num="101" count="3" type="stmt"/>
        <line num="110" count="4" type="stmt"/>
        <line num="112" count="1" type="stmt"/>
        <line num="113" count="1" type="stmt"/>
        <line num="118" count="62" type="stmt"/>
        <line num="119" count="6" type="cond" truecount="2" falsecount="0"/>
        <line num="120" count="5" type="cond" truecount="2" falsecount="0"/>
        <line num="121" count="5" type="stmt"/>
        <line num="122" count="5" type="stmt"/>
        <line num="126" count="4" type="stmt"/>
        <line num="127" count="4" type="stmt"/>
        <line num="128" count="4" type="stmt"/>
        <line num="129" count="6" type="cond" truecount="1" falsecount="1"/>
        <line num="130" count="6" type="stmt"/>
        <line num="131" count="6" type="cond" truecount="4" falsecount="0"/>
        <line num="132" count="3" type="cond" truecount="2" falsecount="2"/>
        <line num="133" count="3" type="cond" truecount="1" falsecount="1"/>
        <line num="134" count="3" type="cond" truecount="2" falsecount="0"/>
        <line num="135" count="2" type="cond" truecount="2" falsecount="2"/>
        <line num="136" count="2" type="cond" truecount="1" falsecount="1"/>
        <line num="138" count="3" type="stmt"/>
        <line num="139" count="3" type="stmt"/>
        <line num="147" count="4" type="stmt"/>
        <line num="149" count="1" type="stmt"/>
        <line num="150" count="1" type="stmt"/>
        <line num="160" count="62" type="stmt"/>
        <line num="161" count="9" type="cond" truecount="1" falsecount="1"/>
        <line num="163" count="9" type="stmt"/>
        <line num="164" count="9" type="stmt"/>
        <line num="166" count="9" type="stmt"/>
        <line num="167" count="9" type="stmt"/>
        <line num="168" count="9" type="stmt"/>
        <line num="169" count="10" type="cond" truecount="4" falsecount="0"/>
        <line num="171" count="9" type="stmt"/>
        <line num="172" count="9" type="cond" truecount="1" falsecount="1"/>
        <line num="173" count="9" type="cond" truecount="1" falsecount="1"/>
        <line num="174" count="9" type="cond" truecount="1" falsecount="2"/>
        <line num="175" count="9" type="cond" truecount="1" falsecount="1"/>
        <line num="176" count="9" type="cond" truecount="3" falsecount="0"/>
        <line num="178" count="9" type="stmt"/>
        <line num="179" count="9" type="stmt"/>
        <line num="180" count="9" type="stmt"/>
        <line num="181" count="9" type="cond" truecount="2" falsecount="0"/>
        <line num="182" count="8" type="stmt"/>
        <line num="183" count="8" type="stmt"/>
        <line num="187" count="9" type="stmt"/>
        <line num="188" count="9" type="cond" truecount="4" falsecount="0"/>
        <line num="189" count="9" type="cond" truecount="4" falsecount="0"/>
        <line num="191" count="9" type="cond" truecount="3" falsecount="0"/>
        <line num="194" count="9" type="stmt"/>
        <line num="195" count="9" type="stmt"/>
        <line num="205" count="8" type="cond" truecount="4" falsecount="0"/>
        <line num="206" count="1" type="stmt"/>
        <line num="209" count="8" type="cond" truecount="2" falsecount="0"/>
        <line num="210" count="8" type="stmt"/>
        <line num="211" count="8" type="stmt"/>
        <line num="212" count="8" type="stmt"/>
        <line num="215" count="1" type="stmt"/>
        <line num="216" count="1" type="stmt"/>
        <line num="221" count="62" type="stmt"/>
        <line num="222" count="4" type="cond" truecount="1" falsecount="1"/>
        <line num="223" count="4" type="cond" truecount="3" falsecount="0"/>
        <line num="224" count="4" type="cond" truecount="1" falsecount="1"/>
        <line num="226" count="4" type="stmt"/>
        <line num="227" count="4" type="cond" truecount="2" falsecount="0"/>
        <line num="228" count="4" type="stmt"/>
        <line num="229" count="4" type="cond" truecount="2" falsecount="0"/>
        <line num="231" count="3" type="stmt"/>
        <line num="232" count="3" type="stmt"/>
        <line num="233" count="3" type="stmt"/>
        <line num="234" count="3" type="cond" truecount="1" falsecount="1"/>
        <line num="236" count="3" type="cond" truecount="2" falsecount="1"/>
        <line num="237" count="3" type="cond" truecount="2" falsecount="1"/>
        <line num="239" count="3" type="cond" truecount="1" falsecount="1"/>
        <line num="240" count="3" type="stmt"/>
        <line num="241" count="3" type="stmt"/>
        <line num="247" count="3" type="stmt"/>
        <line num="251" count="3" type="stmt"/>
        <line num="253" count="0" type="stmt"/>
        <line num="254" count="0" type="stmt"/>
        <line num="259" count="62" type="stmt"/>
        <line num="260" count="4" type="cond" truecount="1" falsecount="1"/>
        <line num="261" count="4" type="cond" truecount="3" falsecount="0"/>
        <line num="262" count="4" type="cond" truecount="1" falsecount="1"/>
        <line num="264" count="4" type="stmt"/>
        <line num="265" count="4" type="cond" truecount="2" falsecount="0"/>
        <line num="266" count="4" type="cond" truecount="2" falsecount="1"/>
        <line num="267" count="4" type="stmt"/>
        <line num="273" count="4" type="stmt"/>
        <line num="275" count="4" type="stmt"/>
        <line num="283" count="0" type="stmt"/>
        <line num="284" count="0" type="stmt"/>
        <line num="289" count="62" type="stmt"/>
        <line num="290" count="2" type="cond" truecount="1" falsecount="1"/>
        <line num="291" count="2" type="stmt"/>
        <line num="292" count="2" type="stmt"/>
        <line num="293" count="0" type="cond" truecount="0" falsecount="2"/>
        <line num="295" count="2" type="stmt"/>
        <line num="300" count="62" type="stmt"/>
        <line num="301" count="0" type="cond" truecount="0" falsecount="4"/>
        <line num="302" count="0" type="stmt"/>
        <line num="303" count="0" type="stmt"/>
        <line num="304" count="0" type="stmt"/>
        <line num="306" count="0" type="stmt"/>
        <line num="311" count="62" type="stmt"/>
        <line num="312" count="5" type="cond" truecount="2" falsecount="2"/>
        <line num="313" count="5" type="stmt"/>
        <line num="314" count="5" type="stmt"/>
        <line num="315" count="5" type="stmt"/>
        <line num="322" count="3" type="stmt"/>
        <line num="324" count="2" type="stmt"/>
        <line num="330" count="62" type="stmt"/>
        <line num="331" count="2" type="cond" truecount="2" falsecount="2"/>
        <line num="332" count="2" type="stmt"/>
        <line num="333" count="2" type="stmt"/>
        <line num="334" count="0" type="stmt"/>
        <line num="336" count="2" type="stmt"/>
        <line num="341" count="62" type="stmt"/>
        <line num="342" count="2" type="cond" truecount="2" falsecount="2"/>
        <line num="343" count="2" type="stmt"/>
        <line num="344" count="2" type="stmt"/>
        <line num="345" count="0" type="stmt"/>
        <line num="347" count="2" type="stmt"/>
        <line num="351" count="62" type="stmt"/>
      </file>
      <file name="products-api.js" path="C:\Users\user\Desktop\program\web-order\routes\products-api.js">
        <metrics statements="194" coveredstatements="165" conditionals="175" coveredconditionals="119" methods="38" coveredmethods="30"/>
        <line num="3" count="62" type="stmt"/>
        <line num="4" count="62" type="stmt"/>
        <line num="5" count="62" type="stmt"/>
        <line num="6" count="62" type="stmt"/>
        <line num="9" count="62" type="stmt"/>
        <line num="10" count="62" type="stmt"/>
        <line num="13" count="62" type="stmt"/>
        <line num="16" count="62" type="stmt"/>
        <line num="17" count="62" type="stmt"/>
        <line num="18" count="62" type="stmt"/>
        <line num="19" count="62" type="stmt"/>
        <line num="22" count="39" type="cond" truecount="1" falsecount="1"/>
        <line num="26" count="17" type="stmt"/>
        <line num="38" count="30" type="cond" truecount="2" falsecount="0"/>
        <line num="39" count="1" type="stmt"/>
        <line num="46" count="29" type="stmt"/>
        <line num="48" count="29" type="cond" truecount="2" falsecount="0"/>
        <line num="49" count="15" type="stmt"/>
        <line num="58" count="14" type="cond" truecount="4" falsecount="0"/>
        <line num="59" count="6" type="stmt"/>
        <line num="69" count="8" type="cond" truecount="1" falsecount="1"/>
        <line num="70" count="8" type="cond" truecount="2" falsecount="0"/>
        <line num="71" count="8" type="stmt"/>
        <line num="72" count="8" type="cond" truecount="2" falsecount="0"/>
        <line num="73" count="8" type="stmt"/>
        <line num="74" count="8" type="cond" truecount="2" falsecount="0"/>
        <line num="75" count="5" type="stmt"/>
        <line num="76" count="5" type="cond" truecount="2" falsecount="0"/>
        <line num="77" count="2" type="stmt"/>
        <line num="78" count="2" type="stmt"/>
        <line num="82" count="8" type="cond" truecount="1" falsecount="1"/>
        <line num="83" count="8" type="cond" truecount="2" falsecount="0"/>
        <line num="84" count="5" type="cond" truecount="2" falsecount="2"/>
        <line num="85" count="4" type="cond" truecount="7" falsecount="2"/>
        <line num="86" count="4" type="stmt"/>
        <line num="89" count="8" type="stmt"/>
        <line num="104" count="20" type="stmt"/>
        <line num="108" count="17" type="stmt"/>
        <line num="109" count="17" type="stmt"/>
        <line num="110" count="10" type="stmt"/>
        <line num="111" count="10" type="stmt"/>
        <line num="113" count="17" type="cond" truecount="1" falsecount="1"/>
        <line num="114" count="17" type="stmt"/>
        <line num="120" count="62" type="stmt"/>
        <line num="122" count="21" type="cond" truecount="2" falsecount="0"/>
        <line num="124" count="20" type="cond" truecount="2" falsecount="0"/>
        <line num="125" count="20" type="cond" truecount="2" falsecount="0"/>
        <line num="126" count="20" type="cond" truecount="2" falsecount="0"/>
        <line num="127" count="20" type="stmt"/>
        <line num="128" count="20" type="cond" truecount="1" falsecount="1"/>
        <line num="130" count="20" type="stmt"/>
        <line num="132" count="20" type="stmt"/>
[...]
        <line num="55" count="1" type="stmt"/>
        <line num="60" count="29" type="stmt"/>
        <line num="61" count="29" type="stmt"/>
        <line num="65" count="46" type="stmt"/>
        <line num="66" count="46" type="cond" truecount="1" falsecount="1"/>
        <line num="70" count="16" type="stmt"/>
        <line num="74" count="11" type="cond" truecount="2" falsecount="0"/>
        <line num="75" count="11" type="cond" truecount="2" falsecount="0"/>
        <line num="76" count="11" type="cond" truecount="2" falsecount="0"/>
        <line num="77" count="11" type="cond" truecount="2" falsecount="0"/>
        <line num="79" count="11" type="stmt"/>
        <line num="83" count="2" type="stmt"/>
        <line num="99" count="22" type="stmt"/>
        <line num="103" count="4" type="cond" truecount="1" falsecount="1"/>
        <line num="104" count="4" type="stmt"/>
        <line num="105" count="4" type="cond" truecount="2" falsecount="0"/>
        <line num="109" count="6" type="cond" truecount="3" falsecount="1"/>
        <line num="110" count="0" type="stmt"/>
        <line num="112" count="6" type="stmt"/>
        <line num="113" count="6" type="stmt"/>
        <line num="114" count="6" type="stmt"/>
        <line num="115" count="6" type="cond" truecount="2" falsecount="0"/>
        <line num="116" count="5" type="stmt"/>
        <line num="118" count="1" type="stmt"/>
        <line num="123" count="6" type="stmt"/>
        <line num="124" count="6" type="stmt"/>
        <line num="128" count="7" type="cond" truecount="2" falsecount="0"/>
        <line num="129" count="2" type="stmt"/>
        <line num="139" count="5" type="stmt"/>
        <line num="141" count="5" type="stmt"/>
        <line num="142" count="5" type="stmt"/>
        <line num="144" count="5" type="stmt"/>
        <line num="145" count="5" type="stmt"/>
        <line num="146" count="5" type="stmt"/>
        <line num="148" count="5" type="stmt"/>
        <line num="149" count="8" type="cond" truecount="4" falsecount="0"/>
        <line num="150" count="2" type="stmt"/>
        <line num="151" count="2" type="stmt"/>
        <line num="154" count="6" type="stmt"/>
        <line num="155" count="6" type="cond" truecount="5" falsecount="0"/>
        <line num="156" count="1" type="stmt"/>
        <line num="157" count="1" type="stmt"/>
        <line num="160" count="5" type="stmt"/>
        <line num="168" count="5" type="cond" truecount="4" falsecount="0"/>
        <line num="169" count="2" type="cond" truecount="1" falsecount="1"/>
        <line num="172" count="5" type="stmt"/>
        <line num="173" count="5" type="stmt"/>
        <line num="176" count="5" type="cond" truecount="4" falsecount="0"/>
        <line num="177" count="1" type="stmt"/>
        <line num="180" count="4" type="stmt"/>
        <line num="181" count="4" type="stmt"/>
        <line num="194" count="4" type="stmt"/>
        <line num="198" count="5" type="cond" truecount="4" falsecount="0"/>
        <line num="199" count="1" type="stmt"/>
        <line num="202" count="4" type="stmt"/>
        <line num="203" count="4" type="stmt"/>
        <line num="205" count="4" type="stmt"/>
        <line num="206" count="4" type="cond" truecount="1" falsecount="1"/>
        <line num="207" count="4" type="cond" truecount="1" falsecount="1"/>
        <line num="208" count="4" type="cond" truecount="3" falsecount="1"/>
        <line num="210" count="4" type="stmt"/>
        <line num="211" count="4" type="cond" truecount="2" falsecount="0"/>
        <line num="212" count="1" type="stmt"/>
        <line num="213" count="1" type="stmt"/>
        <line num="216" count="3" type="stmt"/>
        <line num="217" count="3" type="cond" truecount="2" falsecount="0"/>
        <line num="218" count="1" type="stmt"/>
        <line num="222" count="4" type="cond" truecount="2" falsecount="0"/>
        <line num="223" count="2" type="cond" truecount="1" falsecount="1"/>
        <line num="224" count="2" type="stmt"/>
        <line num="225" count="2" type="stmt"/>
        <line num="226" count="2" type="stmt"/>
        <line num="227" count="2" type="stmt"/>
        <line num="230" count="2" type="stmt"/>
        <line num="231" count="2" type="cond" truecount="1" falsecount="1"/>
        <line num="232" count="2" type="cond" truecount="1" falsecount="1"/>
        <line num="233" count="2" type="stmt"/>
        <line num="234" count="2" type="cond" truecount="1" falsecount="1"/>
        <line num="235" count="2" type="cond" truecount="2" falsecount="0"/>
        <line num="236" count="2" type="stmt"/>
        <line num="239" count="2" type="stmt"/>
        <line num="240" count="2" type="stmt"/>
        <line num="251" count="2" type="stmt"/>
        <line num="255" count="3" type="cond" truecount="3" falsecount="1"/>
        <line num="256" count="3" type="stmt"/>
        <line num="258" count="3" type="stmt"/>
        <line num="259" count="3" type="cond" truecount="1" falsecount="1"/>
        <line num="260" count="3" type="cond" truecount="1" falsecount="1"/>
        <line num="261" count="3" type="cond" truecount="3" falsecount="1"/>
        <line num="262" count="3" type="stmt"/>
        <line num="263" count="3" type="cond" truecount="2" falsecount="0"/>
        <line num="264" count="2" type="cond" truecount="1" falsecount="1"/>
        <line num="265" count="2" type="cond" truecount="1" falsecount="1"/>
        <line num="266" count="2" type="stmt"/>
        <line num="269" count="3" type="stmt"/>
        <line num="270" count="3" type="stmt"/>
        <line num="281" count="3" type="stmt"/>
        <line num="285" count="2" type="cond" truecount="1" falsecount="1"/>
        <line num="286" count="2" type="stmt"/>
        <line num="287" count="2" type="stmt"/>
        <line num="288" count="2" type="cond" truecount="2" falsecount="0"/>
        <line num="289" count="1" type="stmt"/>
        <line num="290" count="1" type="stmt"/>
        <line num="291" count="1" type="stmt"/>
        <line num="295" count="17" type="stmt"/>
        <line num="296" count="17" type="cond" truecount="1" falsecount="1"/>
        <line num="300" count="2" type="stmt"/>
        <line num="301" count="2" type="stmt"/>
        <line num="305" count="2" type="stmt"/>
        <line num="306" count="2" type="stmt"/>
        <line num="307" count="2" type="stmt"/>
        <line num="311" count="5" type="stmt"/>
        <line num="315" count="1" type="cond" truecount="1" falsecount="1"/>
        <line num="316" count="1" type="stmt"/>
        <line num="317" count="1" type="stmt"/>
        <line num="318" count="1" type="stmt"/>
        <line num="322" count="10" type="stmt"/>
        <line num="323" count="10" type="stmt"/>
        <line num="327" count="10" type="stmt"/>
        <line num="328" count="10" type="stmt"/>
        <line num="332" count="2" type="stmt"/>
        <line num="333" count="2" type="stmt"/>
        <line num="337" count="1" type="stmt"/>
        <line num="344" count="64" type="stmt"/>
      </file>
    </package>
    <package name="services.stockAdapters">
      <metrics statements="136" coveredstatements="110" conditionals="214" coveredconditionals="131" methods="26" coveredmethods="19"/>
      <file name="baseAdapter.js" path="C:\Users\user\Desktop\program\web-order\services\stockAdapters\baseAdapter.js">
        <metrics statements="15" coveredstatements="13" conditionals="17" coveredconditionals="12" methods="5" coveredmethods="3"/>
        <line num="3" count="22" type="cond" truecount="2" falsecount="0"/>
        <line num="4" count="2" type="stmt"/>
        <line num="6" count="20" type="stmt"/>
        <line num="7" count="20" type="stmt"/>
        <line num="11" count="4" type="stmt"/>
        <line num="12" count="4" type="stmt"/>
        <line num="13" count="4" type="stmt"/>
        <line num="14" count="4" type="cond" truecount="2" falsecount="0"/>
        <line num="15" count="1" type="stmt"/>
        <line num="17" count="3" type="cond" truecount="2" falsecount="1"/>
        <line num="18" count="3" type="stmt"/>
        <line num="26" count="3" type="stmt"/>
        <line num="30" count="0" type="stmt"/>
        <line num="31" count="0" type="cond" truecount="0" falsecount="2"/>
        <line num="34" count="63" type="stmt"/>
      </file>
      <file name="csvAdapter.js" path="C:\Users\user\Desktop\program\web-order\services\stockAdapters\csvAdapter.js">
        <metrics statements="83" coveredstatements="76" conditionals="126" coveredconditionals="100" methods="11" coveredmethods="11"/>
        <line num="1" count="63" type="stmt"/>
        <line num="2" count="63" type="stmt"/>
        <line num="3" count="63" type="stmt"/>
        <line num="4" count="63" type="stmt"/>
        <line num="5" count="63" type="stmt"/>
        <line num="6" count="63" type="stmt"/>
        <line num="8" count="63" type="stmt"/>
        <line num="9" count="63" type="cond" truecount="2" falsecount="0"/>
        <line num="11" count="63" type="stmt"/>
        <line num="12" count="9" type="cond" truecount="4" falsecount="1"/>
        <line num="13" count="9" type="cond" truecount="1" falsecount="1"/>
        <line num="14" count="9" type="cond" truecount="2" falsecount="0"/>
        <line num="17" count="11" type="cond" truecount="1" falsecount="1"/>
        <line num="18" count="11" type="cond" truecount="1" falsecount="1"/>
        <line num="22" count="2" type="stmt"/>
        <line num="26" count="8" type="cond" truecount="1" falsecount="1"/>
        <line num="27" count="8" type="cond" truecount="1" falsecount="1"/>
        <line num="28" count="8" type="cond" truecount="2" falsecount="2"/>
        <line num="29" count="8" type="stmt"/>
        <line num="32" count="0" type="stmt"/>
        <line num="33" count="0" type="cond" truecount="0" falsecount="6"/>
        <line num="34" count="0" type="stmt"/>
        <line num="36" count="0" type="stmt"/>
        <line num="40" count="8" type="stmt"/>
        <line num="41" count="8" type="stmt"/>
        <line num="51" count="2" type="cond" truecount="1" falsecount="1"/>
        <line num="52" count="2" type="cond" truecount="2" falsecount="0"/>
        <line num="54" count="1" type="cond" truecount="2" falsecount="0"/>
        <line num="55" count="1" type="cond" truecount="1" falsecount="1"/>
        <line num="56" count="1" type="stmt"/>
        <line num="58" count="0" type="cond" truecount="0" falsecount="2"/>
        <line num="62" count="0" type="stmt"/>
        <line num="66" count="12" type="cond" truecount="2" falsecount="0"/>
        <line num="67" count="11" type="stmt"/>
        <line num="68" count="11" type="cond" truecount="2" falsecount="0"/>
        <line num="69" count="10" type="cond" truecount="1" falsecount="1"/>
        <line num="70" count="10" type="cond" truecount="3" falsecount="0"/>
        <line num="73" count="10" type="cond" truecount="4" falsecount="0"/>
        <line num="74" count="2" type="stmt"/>
        <line num="76" count="8" type="stmt"/>
        <line num="79" count="10" type="stmt"/>
        <line num="81" count="10" type="stmt"/>
        <line num="82" count="20" type="cond" truecount="4" falsecount="0"/>
        <line num="83" count="20" type="cond" truecount="2" falsecount="0"/>
        <line num="85" count="19" type="cond" truecount="2" falsecount="0"/>
        <line num="90" count="19" type="stmt"/>
        <line num="95" count="76" type="cond" truecount="4" falsecount="0"/>
        <line num="97" count="19" type="stmt"/>
        <line num="98" count="69" type="cond" truecount="4" falsecount="0"/>
        <line num="99" count="6" type="stmt"/>
        <line num="100" count="6" type="cond" truecount="2" falsecount="0"/>
        <line num="101" count="5" type="stmt"/>
        <line num="102" count="5" type="stmt"/>
        <line num="106" count="19" type="cond" truecount="4" falsecount="0"/>
        <line num="107" count="1" type="cond" truecount="2" falsecount="0"/>
        <line num="108" count="1" type="stmt"/>
        <line num="109" count="1" type="cond" truecount="1" falsecount="1"/>
        <line num="110" count="1" type="stmt"/>
        <line num="114" count="19" type="cond" truecount="2" falsecount="0"/>
        <line num="115" count="19" type="cond" truecount="4" falsecount="0"/>
        <line num="116" count="4" type="stmt"/>
        <line num="117" count="4" type="stmt"/>
        <line num="120" count="19" type="cond" truecount="3" falsecount="1"/>
        <line num="121" count="0" type="cond" truecount="0" falsecount="2"/>
        <line num="124" count="19" type="cond" truecount="4" falsecount="0"/>
        <line num="125" count="4" type="cond" truecount="2" falsecount="0"/>
        <line num="126" count="4" type="stmt"/>
        <line num="129" count="19" type="cond" truecount="3" falsecount="0"/>
        <line num="130" count="19" type="cond" truecount="3" falsecount="0"/>
        <line num="131" count="19" type="cond" truecount="3" falsecount="0"/>
        <line num="132" count="19" type="stmt"/>
        <line num="134" count="19" type="cond" truecount="5" falsecount="0"/>
        <line num="135" count="6" type="cond" truecount="2" falsecount="0"/>
        <line num="136" count="6" type="stmt"/>
        <line num="137" count="6" type="cond" truecount="1" falsecount="1"/>
        <line num="138" count="6" type="cond" truecount="2" falsecount="0"/>
        <line num="139" count="1" type="stmt"/>
        <line num="141" count="5" type="stmt"/>
        <line num="149" count="19" type="cond" truecount="4" falsecount="0"/>
        <line num="150" count="19" type="stmt"/>
        <line num="151" count="19" type="stmt"/>
        <line num="154" count="10" type="stmt"/>
        <line num="158" count="63" type="stmt"/>
      </file>
      <file name="index.js" path="C:\Users\user\Desktop\program\web-order\services\stockAdapters\index.js">
        <metrics statements="12" coveredstatements="12" conditionals="6" coveredconditionals="5" methods="1" coveredmethods="1"/>
        <line num="1" count="63" type="stmt"/>
        <line num="2" count="63" type="stmt"/>
        <line num="3" count="63" type="stmt"/>
        <line num="4" count="63" type="stmt"/>
        <line num="5" count="63" type="stmt"/>
        <line num="7" count="63" type="stmt"/>
        <line num="14" count="5" type="cond" truecount="2" falsecount="0"/>
        <line num="15" count="5" type="stmt"/>
        <line num="16" count="5" type="cond" truecount="2" falsecount="0"/>
        <line num="17" count="2" type="stmt"/>
        <line num="19" count="3" type="stmt"/>
        <line num="22" count="63" type="stmt"/>
      </file>
      <file name="manualAdapter.js" path="C:\Users\user\Desktop\program\web-order\services\stockAdapters\manualAdapter.js">
        <metrics statements="7" coveredstatements="7" conditionals="23" coveredconditionals="14" methods="4" coveredmethods="4"/>
        <line num="1" count="63" type="stmt"/>
        <line num="5" count="1" type="cond" truecount="1" falsecount="2"/>
        <line num="6" count="1" type="cond" truecount="1" falsecount="1"/>
        <line num="10" count="1" type="stmt"/>
        <line num="11" count="1" type="cond" truecount="2" falsecount="0"/>
        <line num="12" count="1" type="stmt"/>
        <line num="27" count="63" type="stmt"/>
      </file>
      <file name="restAdapter.js" path="C:\Users\user\Desktop\program\web-order\services\stockAdapters\restAdapter.js">
        <metrics statements="19" coveredstatements="2" conditionals="42" coveredconditionals="0" methods="5" coveredmethods="0"/>
        <line num="1" count="63" type="stmt"/>
        <line num="5" count="0" type="cond" truecount="0" falsecount="2"/>
        <line num="6" count="0" type="cond" truecount="0" falsecount="2"/>
        <line num="7" count="0" type="stmt"/>
        <line num="10" count="0" type="cond" truecount="0" falsecount="3"/>
        <line num="11" count="0" type="stmt"/>
        <line num="16" count="0" type="cond" truecount="0" falsecount="2"/>
        <line num="18" count="0" type="stmt"/>
        <line num="24" count="0" type="cond" truecount="0" falsecount="2"/>
        <line num="25" count="0" type="stmt"/>
        <line num="28" count="0" type="stmt"/>
        <line num="32" count="0" type="cond" truecount="0" falsecount="2"/>
        <line num="33" count="0" type="stmt"/>
        <line num="34" count="0" type="stmt"/>
        <line num="45" count="0" type="stmt"/>
        <line num="49" count="0" type="cond" truecount="0" falsecount="2"/>
        <line num="50" count="0" type="stmt"/>
        <line num="52" count="0" type="stmt"/>
        <line num="56" count="63" type="stmt"/>
      </file>
    </package>
    <package name="utils">
      <metrics statements="44" coveredstatements="44" conditionals="47" coveredconditionals="37" methods="9" coveredmethods="9"/>
      <file name="excelReader.js" path="C:\Users\user\Desktop\program\web-order\utils\excelReader.js">
        <metrics statements="38" coveredstatements="38" conditionals="38" coveredconditionals="28" methods="8" coveredmethods="8"/>
        <line num="3" count="64" type="stmt"/>
        <line num="12" count="9" type="stmt"/>
        <line num="13" count="9" type="stmt"/>
        <line num="14" count="7" type="cond" truecount="2" falsecount="0"/>
        <line num="17" count="7" type="cond" truecount="1" falsecount="1"/>
        <line num="18" count="7" type="stmt"/>
        <line num="19" count="7" type="stmt"/>
        <line num="20" count="10" type="stmt"/>
        <line num="21" count="34" type="cond" truecount="2" falsecount="2"/>
        <line num="22" count="10" type="stmt"/>
        <line num="24" count="7" type="stmt"/>
        <line num="34" count="4" type="stmt"/>
        <line num="38" count="3" type="cond" truecount="2" falsecount="0"/>
        <line num="39" count="2" type="cond" truecount="2" falsecount="0"/>
        <line num="40" count="5" type="cond" truecount="1" falsecount="1"/>
        <line num="41" count="2" type="stmt"/>
        <line num="42" count="2" type="stmt"/>
        <line num="43" count="2" type="stmt"/>
        <line num="44" count="2" type="stmt"/>
        <line num="45" count="2" type="stmt"/>
        <line num="46" count="5" type="stmt"/>
        <line num="47" count="5" type="cond" truecount="1" falsecount="1"/>
        <line num="48" count="5" type="cond" truecount="1" falsecount="1"/>
        <line num="49" count="5" type="stmt"/>
        <line num="51" count="2" type="stmt"/>
        <line num="53" count="2" type="stmt"/>
        <line num="62" count="4" type="cond" truecount="4" falsecount="0"/>
        <line num="64" count="2" type="stmt"/>
        <line num="65" count="2" type="stmt"/>
        <line num="66" count="2" type="cond" truecount="1" falsecount="1"/>
        <line num="67" count="2" type="stmt"/>
        <line num="68" count="2" type="stmt"/>
        <line num="69" count="2" type="stmt"/>
        <line num="70" count="2" type="stmt"/>
        <line num="79" count="6" type="cond" truecount="2" falsecount="0"/>
        <line num="80" count="5" type="cond" truecount="2" falsecount="0"/>
        <line num="81" count="4" type="stmt"/>
        <line num="84" count="64" type="stmt"/>
      </file>
      <file name="priceCalc.js" path="C:\Users\user\Desktop\program\web-order\utils\priceCalc.js">
        <metrics statements="6" coveredstatements="6" conditionals="9" coveredconditionals="9" methods="1" coveredmethods="1"/>
        <line num="10" count="58" type="cond" truecount="2" falsecount="0"/>
        <line num="11" count="36" type="stmt"/>
        <line num="15" count="22" type="cond" truecount="5" falsecount="0"/>
        <line num="16" count="17" type="stmt"/>
        <line num="20" count="5" type="cond" truecount="2" falsecount="0"/>
        <line num="24" count="63" type="stmt"/>
      </file>
    </package>
  </project>
</coverage>
