{"C:\\Users\\user\\Desktop\\program\\web-order\\middlewares\\corsAllowlist.js": {"path":"C:\\Users\\user\\Desktop\\program\\web-order\\middlewares\\corsAllowlist.js","statementMap":{"0":{"start":{"line":9,"column":4},"end":{"line":11,"column":5}},"1":{"start":{"line":10,"column":8},"end":{"line":10,"column":44}},"2":{"start":{"line":10,"column":37},"end":{"line":10,"column":43}},"3":{"start":{"line":12,"column":4},"end":{"line":29,"column":6}},"4":{"start":{"line":13,"column":23},"end":{"line":13,"column":41}},"5":{"start":{"line":14,"column":8},"end":{"line":16,"column":9}},"6":{"start":{"line":15,"column":12},"end":{"line":15,"column":26}},"7":{"start":{"line":17,"column":8},"end":{"line":27,"column":9}},"8":{"start":{"line":18,"column":12},"end":{"line":18,"column":65}},"9":{"start":{"line":19,"column":12},"end":{"line":19,"column":44}},"10":{"start":{"line":20,"column":12},"end":{"line":20,"column":70}},"11":{"start":{"line":21,"column":12},"end":{"line":21,"column":95}},"12":{"start":{"line":22,"column":12},"end":{"line":22,"column":107}},"13":{"start":{"line":23,"column":12},"end":{"line":25,"column":13}},"14":{"start":{"line":24,"column":16},"end":{"line":24,"column":45}},"15":{"start":{"line":26,"column":12},"end":{"line":26,"column":26}},"16":{"start":{"line":28,"column":8},"end":{"line":28,"column":95}},"17":{"start":{"line":32,"column":0},"end":{"line":32,"column":51}}},"fnMap":{"0":{"name":"createCorsAllowlistMiddleware","decl":{"start":{"line":8,"column":9},"end":{"line":8,"column":38}},"loc":{"start":{"line":8,"column":55},"end":{"line":30,"column":1}},"line":8},"1":{"name":"(anonymous_1)","decl":{"start":{"line":10,"column":15},"end":{"line":10,"column":16}},"loc":{"start":{"line":10,"column":37},"end":{"line":10,"column":43}},"line":10},"2":{"name":"(anonymous_2)","decl":{"start":{"line":12,"column":11},"end":{"line":12,"column":12}},"loc":{"start":{"line":12,"column":31},"end":{"line":29,"column":5}},"line":12}},"branchMap":{"0":{"loc":{"start":{"line":9,"column":4},"end":{"line":11,"column":5}},"type":"if","locations":[{"start":{"line":9,"column":4},"end":{"line":11,"column":5}},{"start":{},"end":{}}],"line":9},"1":{"loc":{"start":{"line":9,"column":8},"end":{"line":9,"column":54}},"type":"binary-expr","locations":[{"start":{"line":9,"column":8},"end":{"line":9,"column":23}},{"start":{"line":9,"column":27},"end":{"line":9,"column":54}}],"line":9},"2":{"loc":{"start":{"line":14,"column":8},"end":{"line":16,"column":9}},"type":"if","locations":[{"start":{"line":14,"column":8},"end":{"line":16,"column":9}},{"start":{},"end":{}}],"line":14},"3":{"loc":{"start":{"line":17,"column":8},"end":{"line":27,"column":9}},"type":"if","locations":[{"start":{"line":17,"column":8},"end":{"line":27,"column":9}},{"start":{},"end":{}}],"line":17},"4":{"loc":{"start":{"line":23,"column":12},"end":{"line":25,"column":13}},"type":"if","locations":[{"start":{"line":23,"column":12},"end":{"line":25,"column":13}},{"start":{},"end":{}}],"line":23}},"s":{"0":62,"1":59,"2":2133,"3":3,"4":6,"5":6,"6":0,"7":6,"8":4,"9":4,"10":4,"11":4,"12":4,"13":4,"14":1,"15":3,"16":2,"17":62},"f":{"0":62,"1":2133,"2":6},"b":{"0":[59,3],"1":[62,62],"2":[0,6],"3":[4,2],"4":[1,3]},"_coverageSchema":"1a1c01bbd47fc00a2c39e90264f33305004495a9","hash":"2815d3e1282f669fcf12e59838935db0e56d2c06"}
,"C:\\Users\\user\\Desktop\\program\\web-order\\middlewares\\helmetIfAvailable.js": {"path":"C:\\Users\\user\\Desktop\\program\\web-order\\middlewares\\helmetIfAvailable.js","statementMap":{"0":{"start":{"line":8,"column":4},"end":{"line":29,"column":5}},"1":{"start":{"line":9,"column":23},"end":{"line":9,"column":40}},"2":{"start":{"line":10,"column":8},"end":{"line":26,"column":12}},"3":{"start":{"line":32,"column":0},"end":{"line":32,"column":44}}},"fnMap":{"0":{"name":"applyHelmetIfAvailable","decl":{"start":{"line":7,"column":9},"end":{"line":7,"column":31}},"loc":{"start":{"line":7,"column":37},"end":{"line":30,"column":1}},"line":7}},"branchMap":{},"s":{"0":62,"1":62,"2":62,"3":62},"f":{"0":62},"b":{},"_coverageSchema":"1a1c01bbd47fc00a2c39e90264f33305004495a9","hash":"e0b800c7bcbc47da93df27532839a307770ea82d"}
,"C:\\Users\\user\\Desktop\\program\\web-order\\middlewares\\responseTime.js": {"path":"C:\\Users\\user\\Desktop\\program\\web-order\\middlewares\\responseTime.js","statementMap":{"0":{"start":{"line":8,"column":29},"end":{"line":8,"column":102}},"1":{"start":{"line":9,"column":34},"end":{"line":9,"column":83}},"2":{"start":{"line":11,"column":4},"end":{"line":25,"column":6}},"3":{"start":{"line":12,"column":22},"end":{"line":12,"column":32}},"4":{"start":{"line":13,"column":24},"end":{"line":13,"column":31}},"5":{"start":{"line":14,"column":8},"end":{"line":23,"column":10}},"6":{"start":{"line":15,"column":23},"end":{"line":15,"column":41}},"7":{"start":{"line":16,"column":12},"end":{"line":18,"column":13}},"8":{"start":{"line":17,"column":16},"end":{"line":17,"column":60}},"9":{"start":{"line":19,"column":12},"end":{"line":21,"column":13}},"10":{"start":{"line":20,"column":16},"end":{"line":20,"column":90}},"11":{"start":{"line":22,"column":12},"end":{"line":22,"column":45}},"12":{"start":{"line":24,"column":8},"end":{"line":24,"column":15}},"13":{"start":{"line":28,"column":0},"end":{"line":28,"column":50}}},"fnMap":{"0":{"name":"createResponseTimeMiddleware","decl":{"start":{"line":7,"column":9},"end":{"line":7,"column":37}},"loc":{"start":{"line":7,"column":40},"end":{"line":26,"column":1}},"line":7},"1":{"name":"(anonymous_1)","decl":{"start":{"line":11,"column":11},"end":{"line":11,"column":12}},"loc":{"start":{"line":11,"column":31},"end":{"line":25,"column":5}},"line":11},"2":{"name":"(anonymous_2)","decl":{"start":{"line":14,"column":18},"end":{"line":14,"column":19}},"loc":{"start":{"line":14,"column":37},"end":{"line":23,"column":9}},"line":14}},"branchMap":{"0":{"loc":{"start":{"line":8,"column":36},"end":{"line":8,"column":69}},"type":"binary-expr","locations":[{"start":{"line":8,"column":36},"end":{"line":8,"column":63}},{"start":{"line":8,"column":67},"end":{"line":8,"column":69}}],"line":8},"1":{"loc":{"start":{"line":9,"column":34},"end":{"line":9,"column":83}},"type":"binary-expr","locations":[{"start":{"line":9,"column":34},"end":{"line":9,"column":75}},{"start":{"line":9,"column":79},"end":{"line":9,"column":83}}],"line":9},"2":{"loc":{"start":{"line":16,"column":12},"end":{"line":18,"column":13}},"type":"if","locations":[{"start":{"line":16,"column":12},"end":{"line":18,"column":13}},{"start":{},"end":{}}],"line":16},"3":{"loc":{"start":{"line":19,"column":12},"end":{"line":21,"column":13}},"type":"if","locations":[{"start":{"line":19,"column":12},"end":{"line":21,"column":13}},{"start":{},"end":{}}],"line":19},"4":{"loc":{"start":{"line":19,"column":16},"end":{"line":19,"column":63}},"type":"binary-expr","locations":[{"start":{"line":19,"column":16},"end":{"line":19,"column":32}},{"start":{"line":19,"column":36},"end":{"line":19,"column":63}}],"line":19},"5":{"loc":{"start":{"line":20,"column":52},"end":{"line":20,"column":78}},"type":"binary-expr","locations":[{"start":{"line":20,"column":52},"end":{"line":20,"column":67}},{"start":{"line":20,"column":71},"end":{"line":20,"column":78}}],"line":20}},"s":{"0":62,"1":62,"2":62,"3":2134,"4":2134,"5":2134,"6":2133,"7":2133,"8":2133,"9":2133,"10":1,"11":2133,"12":2134,"13":62},"f":{"0":62,"1":2134,"2":2133},"b":{"0":[62,61],"1":[62,61],"2":[2133,0],"3":[1,2132],"4":[2133,1],"5":[1,0]},"_coverageSchema":"1a1c01bbd47fc00a2c39e90264f33305004495a9","hash":"6414411bedf150da5afecc7f15df00015253133a"}
,"C:\\Users\\user\\Desktop\\program\\web-order\\middlewares\\sessionMiddleware.js": {"path":"C:\\Users\\user\\Desktop\\program\\web-order\\middlewares\\sessionMiddleware.js","statementMap":{"0":{"start":{"line":3,"column":13},"end":{"line":3,"column":28}},"1":{"start":{"line":4,"column":16},"end":{"line":4,"column":42}},"2":{"start":{"line":5,"column":18},"end":{"line":5,"column":56}},"3":{"start":{"line":12,"column":25},"end":{"line":12,"column":62}},"4":{"start":{"line":13,"column":19},"end":{"line":13,"column":50}},"5":{"start":{"line":14,"column":25},"end":{"line":14,"column":81}},"6":{"start":{"line":16,"column":26},"end":{"line":16,"column":74}},"7":{"start":{"line":17,"column":4},"end":{"line":19,"column":5}},"8":{"start":{"line":18,"column":8},"end":{"line":18,"column":64}},"9":{"start":{"line":21,"column":27},"end":{"line":32,"column":5}},"10":{"start":{"line":34,"column":29},"end":{"line":35,"column":108}},"11":{"start":{"line":37,"column":4},"end":{"line":56,"column":5}},"12":{"start":{"line":38,"column":28},"end":{"line":38,"column":92}},"13":{"start":{"line":39,"column":8},"end":{"line":47,"column":11}},"14":{"start":{"line":48,"column":8},"end":{"line":50,"column":9}},"15":{"start":{"line":49,"column":12},"end":{"line":49,"column":133}},"16":{"start":{"line":51,"column":8},"end":{"line":53,"column":9}},"17":{"start":{"line":52,"column":12},"end":{"line":52,"column":82}},"18":{"start":{"line":54,"column":11},"end":{"line":56,"column":5}},"19":{"start":{"line":55,"column":8},"end":{"line":55,"column":103}},"20":{"start":{"line":58,"column":4},"end":{"line":58,"column":35}},"21":{"start":{"line":61,"column":0},"end":{"line":61,"column":45}}},"fnMap":{"0":{"name":"createSessionMiddleware","decl":{"start":{"line":11,"column":9},"end":{"line":11,"column":32}},"loc":{"start":{"line":11,"column":35},"end":{"line":59,"column":1}},"line":11},"1":{"name":"(anonymous_1)","decl":{"start":{"line":41,"column":19},"end":{"line":41,"column":20}},"loc":{"start":{"line":41,"column":31},"end":{"line":41,"column":33}},"line":41}},"branchMap":{"0":{"loc":{"start":{"line":14,"column":25},"end":{"line":14,"column":81}},"type":"binary-expr","locations":[{"start":{"line":14,"column":25},"end":{"line":14,"column":53}},{"start":{"line":14,"column":57},"end":{"line":14,"column":70}},{"start":{"line":14,"column":74},"end":{"line":14,"column":81}}],"line":14},"1":{"loc":{"start":{"line":16,"column":26},"end":{"line":16,"column":74}},"type":"binary-expr","locations":[{"start":{"line":16,"column":26},"end":{"line":16,"column":52}},{"start":{"line":16,"column":56},"end":{"line":16,"column":74}}],"line":16},"2":{"loc":{"start":{"line":17,"column":4},"end":{"line":19,"column":5}},"type":"if","locations":[{"start":{"line":17,"column":4},"end":{"line":19,"column":5}},{"start":{},"end":{}}],"line":17},"3":{"loc":{"start":{"line":17,"column":8},"end":{"line":17,"column":60}},"type":"binary-expr","locations":[{"start":{"line":17,"column":8},"end":{"line":17,"column":20}},{"start":{"line":17,"column":24},"end":{"line":17,"column":60}}],"line":17},"4":{"loc":{"start":{"line":34,"column":29},"end":{"line":35,"column":108}},"type":"binary-expr","locations":[{"start":{"line":34,"column":29},"end":{"line":34,"column":35}},{"start":{"line":35,"column":12},"end":{"line":35,"column":24}},{"start":{"line":35,"column":29},"end":{"line":35,"column":64}},{"start":{"line":35,"column":68},"end":{"line":35,"column":106}}],"line":34},"5":{"loc":{"start":{"line":37,"column":4},"end":{"line":56,"column":5}},"type":"if","locations":[{"start":{"line":37,"column":4},"end":{"line":56,"column":5}},{"start":{"line":54,"column":11},"end":{"line":56,"column":5}}],"line":37},"6":{"loc":{"start":{"line":38,"column":28},"end":{"line":38,"column":92}},"type":"binary-expr","locations":[{"start":{"line":38,"column":28},"end":{"line":38,"column":52}},{"start":{"line":38,"column":56},"end":{"line":38,"column":92}}],"line":38},"7":{"loc":{"start":{"line":48,"column":8},"end":{"line":50,"column":9}},"type":"if","locations":[{"start":{"line":48,"column":8},"end":{"line":50,"column":9}},{"start":{},"end":{}}],"line":48},"8":{"loc":{"start":{"line":48,"column":12},"end":{"line":48,"column":80}},"type":"binary-expr","locations":[{"start":{"line":48,"column":12},"end":{"line":48,"column":24}},{"start":{"line":48,"column":28},"end":{"line":48,"column":80}}],"line":48},"9":{"loc":{"start":{"line":51,"column":8},"end":{"line":53,"column":9}},"type":"if","locations":[{"start":{"line":51,"column":8},"end":{"line":53,"column":9}},{"start":{},"end":{}}],"line":51},"10":{"loc":{"start":{"line":54,"column":11},"end":{"line":56,"column":5}},"type":"if","locations":[{"start":{"line":54,"column":11},"end":{"line":56,"column":5}},{"start":{},"end":{}}],"line":54},"11":{"loc":{"start":{"line":54,"column":15},"end":{"line":54,"column":38}},"type":"binary-expr","locations":[{"start":{"line":54,"column":15},"end":{"line":54,"column":27}},{"start":{"line":54,"column":31},"end":{"line":54,"column":38}}],"line":54}},"s":{"0":62,"1":62,"2":62,"3":62,"4":62,"5":62,"6":62,"7":62,"8":0,"9":62,"10":62,"11":62,"12":2,"13":2,"14":2,"15":2,"16":2,"17":0,"18":60,"19":0,"20":62,"21":62},"f":{"0":62,"1":0},"b":{"0":[62,62,60],"1":[62,60],"2":[0,62],"3":[62,2],"4":[62,2,0,0],"5":[2,60],"6":[2,2],"7":[2,0],"8":[2,2],"9":[0,2],"10":[0,60],"11":[60,0]},"_coverageSchema":"1a1c01bbd47fc00a2c39e90264f33305004495a9","hash":"7c805440f102dd365b9736a57826e67b9a12ad9f"}
,"C:\\Users\\user\\Desktop\\program\\web-order\\middlewares\\slidingSessionTimeout.js": {"path":"C:\\Users\\user\\Desktop\\program\\web-order\\middlewares\\slidingSessionTimeout.js","statementMap":{"0":{"start":{"line":3,"column":24},"end":{"line":3,"column":39}},"1":{"start":{"line":11,"column":19},"end":{"line":11,"column":59}},"2":{"start":{"line":12,"column":4},"end":{"line":27,"column":6}},"3":{"start":{"line":13,"column":8},"end":{"line":25,"column":9}},"4":{"start":{"line":14,"column":24},"end":{"line":14,"column":34}},"5":{"start":{"line":15,"column":33},"end":{"line":15,"column":64}},"6":{"start":{"line":17,"column":12},"end":{"line":22,"column":13}},"7":{"start":{"line":18,"column":16},"end":{"line":18,"column":106}},"8":{"start":{"line":19,"column":16},"end":{"line":21,"column":19}},"9":{"start":{"line":20,"column":20},"end":{"line":20,"column":110}},"10":{"start":{"line":24,"column":12},"end":{"line":24,"column":43}},"11":{"start":{"line":26,"column":8},"end":{"line":26,"column":15}},"12":{"start":{"line":30,"column":0},"end":{"line":30,"column":59}}},"fnMap":{"0":{"name":"createSlidingSessionTimeoutMiddleware","decl":{"start":{"line":10,"column":9},"end":{"line":10,"column":46}},"loc":{"start":{"line":10,"column":53},"end":{"line":28,"column":1}},"line":10},"1":{"name":"(anonymous_1)","decl":{"start":{"line":12,"column":11},"end":{"line":12,"column":12}},"loc":{"start":{"line":12,"column":31},"end":{"line":27,"column":5}},"line":12},"2":{"name":"(anonymous_2)","decl":{"start":{"line":19,"column":43},"end":{"line":19,"column":44}},"loc":{"start":{"line":19,"column":49},"end":{"line":21,"column":17}},"line":19}},"branchMap":{"0":{"loc":{"start":{"line":11,"column":19},"end":{"line":11,"column":59}},"type":"binary-expr","locations":[{"start":{"line":11,"column":20},"end":{"line":11,"column":24}},{"start":{"line":11,"column":28},"end":{"line":11,"column":39}},{"start":{"line":11,"column":44},"end":{"line":11,"column":59}}],"line":11},"1":{"loc":{"start":{"line":13,"column":8},"end":{"line":25,"column":9}},"type":"if","locations":[{"start":{"line":13,"column":8},"end":{"line":25,"column":9}},{"start":{},"end":{}}],"line":13},"2":{"loc":{"start":{"line":13,"column":12},"end":{"line":13,"column":74}},"type":"binary-expr","locations":[{"start":{"line":13,"column":12},"end":{"line":13,"column":23}},{"start":{"line":13,"column":28},"end":{"line":13,"column":50}},{"start":{"line":13,"column":54},"end":{"line":13,"column":73}}],"line":13},"3":{"loc":{"start":{"line":15,"column":33},"end":{"line":15,"column":64}},"type":"binary-expr","locations":[{"start":{"line":15,"column":33},"end":{"line":15,"column":57}},{"start":{"line":15,"column":61},"end":{"line":15,"column":64}}],"line":15},"4":{"loc":{"start":{"line":17,"column":12},"end":{"line":22,"column":13}},"type":"if","locations":[{"start":{"line":17,"column":12},"end":{"line":22,"column":13}},{"start":{},"end":{}}],"line":17},"5":{"loc":{"start":{"line":18,"column":55},"end":{"line":18,"column":102}},"type":"binary-expr","locations":[{"start":{"line":18,"column":55},"end":{"line":18,"column":77}},{"start":{"line":18,"column":81},"end":{"line":18,"column":102}}],"line":18}},"s":{"0":62,"1":62,"2":62,"3":2136,"4":363,"5":363,"6":363,"7":2,"8":2,"9":2,"10":361,"11":2134,"12":62},"f":{"0":62,"1":2136,"2":2},"b":{"0":[62,62,62],"1":[363,1773],"2":[2136,2136,1991],"3":[363,0],"4":[2,361],"5":[2,0]},"_coverageSchema":"1a1c01bbd47fc00a2c39e90264f33305004495a9","hash":"f1764fbc8a3ef49c7fc4f5fab08e18cccec3540d"}
,"C:\\Users\\user\\Desktop\\program\\web-order\\middlewares\\validate.js": {"path":"C:\\Users\\user\\Desktop\\program\\web-order\\middlewares\\validate.js","statementMap":{"0":{"start":{"line":3,"column":21},"end":{"line":3,"column":35}},"1":{"start":{"line":5,"column":24},"end":{"line":5,"column":38}},"2":{"start":{"line":8,"column":17},"end":{"line":8,"column":19}},"3":{"start":{"line":9,"column":4},"end":{"line":24,"column":7}},"4":{"start":{"line":10,"column":25},"end":{"line":10,"column":92}},"5":{"start":{"line":11,"column":8},"end":{"line":19,"column":9}},"6":{"start":{"line":12,"column":12},"end":{"line":17,"column":15}},"7":{"start":{"line":13,"column":16},"end":{"line":16,"column":19}},"8":{"start":{"line":18,"column":12},"end":{"line":18,"column":19}},"9":{"start":{"line":20,"column":8},"end":{"line":23,"column":11}},"10":{"start":{"line":25,"column":4},"end":{"line":25,"column":16}},"11":{"start":{"line":29,"column":4},"end":{"line":48,"column":6}},"12":{"start":{"line":30,"column":8},"end":{"line":47,"column":9}},"13":{"start":{"line":31,"column":27},"end":{"line":31,"column":55}},"14":{"start":{"line":32,"column":12},"end":{"line":32,"column":30}},"15":{"start":{"line":33,"column":12},"end":{"line":33,"column":26}},"16":{"start":{"line":35,"column":12},"end":{"line":41,"column":13}},"17":{"start":{"line":36,"column":16},"end":{"line":40,"column":19}},"18":{"start":{"line":42,"column":12},"end":{"line":46,"column":15}},"19":{"start":{"line":52,"column":4},"end":{"line":71,"column":6}},"20":{"start":{"line":53,"column":8},"end":{"line":70,"column":9}},"21":{"start":{"line":54,"column":27},"end":{"line":54,"column":56}},"22":{"start":{"line":55,"column":12},"end":{"line":55,"column":31}},"23":{"start":{"line":56,"column":12},"end":{"line":56,"column":26}},"24":{"start":{"line":58,"column":12},"end":{"line":64,"column":13}},"25":{"start":{"line":59,"column":16},"end":{"line":63,"column":19}},"26":{"start":{"line":65,"column":12},"end":{"line":69,"column":15}},"27":{"start":{"line":75,"column":4},"end":{"line":94,"column":6}},"28":{"start":{"line":76,"column":8},"end":{"line":93,"column":9}},"29":{"start":{"line":77,"column":27},"end":{"line":77,"column":57}},"30":{"start":{"line":78,"column":12},"end":{"line":78,"column":32}},"31":{"start":{"line":79,"column":12},"end":{"line":79,"column":26}},"32":{"start":{"line":81,"column":12},"end":{"line":87,"column":13}},"33":{"start":{"line":82,"column":16},"end":{"line":86,"column":19}},"34":{"start":{"line":88,"column":12},"end":{"line":92,"column":15}},"35":{"start":{"line":97,"column":0},"end":{"line":101,"column":2}}},"fnMap":{"0":{"name":"formatZodErrors","decl":{"start":{"line":7,"column":9},"end":{"line":7,"column":24}},"loc":{"start":{"line":7,"column":54},"end":{"line":26,"column":1}},"line":7},"1":{"name":"(anonymous_1)","decl":{"start":{"line":9,"column":19},"end":{"line":9,"column":20}},"loc":{"start":{"line":9,"column":30},"end":{"line":24,"column":5}},"line":9},"2":{"name":"(anonymous_2)","decl":{"start":{"line":12,"column":31},"end":{"line":12,"column":32}},"loc":{"start":{"line":12,"column":40},"end":{"line":17,"column":13}},"line":12},"3":{"name":"validateBody","decl":{"start":{"line":28,"column":9},"end":{"line":28,"column":21}},"loc":{"start":{"line":28,"column":30},"end":{"line":49,"column":1}},"line":28},"4":{"name":"(anonymous_4)","decl":{"start":{"line":29,"column":11},"end":{"line":29,"column":12}},"loc":{"start":{"line":29,"column":31},"end":{"line":48,"column":5}},"line":29},"5":{"name":"validateQuery","decl":{"start":{"line":51,"column":9},"end":{"line":51,"column":22}},"loc":{"start":{"line":51,"column":31},"end":{"line":72,"column":1}},"line":51},"6":{"name":"(anonymous_6)","decl":{"start":{"line":52,"column":11},"end":{"line":52,"column":12}},"loc":{"start":{"line":52,"column":31},"end":{"line":71,"column":5}},"line":52},"7":{"name":"validateParams","decl":{"start":{"line":74,"column":9},"end":{"line":74,"column":23}},"loc":{"start":{"line":74,"column":32},"end":{"line":95,"column":1}},"line":74},"8":{"name":"(anonymous_8)","decl":{"start":{"line":75,"column":11},"end":{"line":75,"column":12}},"loc":{"start":{"line":75,"column":31},"end":{"line":94,"column":5}},"line":75}},"branchMap":{"0":{"loc":{"start":{"line":7,"column":33},"end":{"line":7,"column":52}},"type":"default-arg","locations":[{"start":{"line":7,"column":46},"end":{"line":7,"column":52}}],"line":7},"1":{"loc":{"start":{"line":10,"column":25},"end":{"line":10,"column":92}},"type":"cond-expr","locations":[{"start":{"line":10,"column":59},"end":{"line":10,"column":79}},{"start":{"line":10,"column":82},"end":{"line":10,"column":92}}],"line":10},"2":{"loc":{"start":{"line":10,"column":25},"end":{"line":10,"column":56}},"type":"binary-expr","locations":[{"start":{"line":10,"column":25},"end":{"line":10,"column":35}},{"start":{"line":10,"column":39},"end":{"line":10,"column":56}}],"line":10},"3":{"loc":{"start":{"line":11,"column":8},"end":{"line":19,"column":9}},"type":"if","locations":[{"start":{"line":11,"column":8},"end":{"line":19,"column":9}},{"start":{},"end":{}}],"line":11},"4":{"loc":{"start":{"line":11,"column":12},"end":{"line":11,"column":100}},"type":"binary-expr","locations":[{"start":{"line":11,"column":12},"end":{"line":11,"column":46}},{"start":{"line":11,"column":50},"end":{"line":11,"column":75}},{"start":{"line":11,"column":79},"end":{"line":11,"column":100}}],"line":11},"5":{"loc":{"start":{"line":14,"column":26},"end":{"line":14,"column":78}},"type":"cond-expr","locations":[{"start":{"line":14,"column":52},"end":{"line":14,"column":55}},{"start":{"line":14,"column":58},"end":{"line":14,"column":78}}],"line":14},"6":{"loc":{"start":{"line":31,"column":40},"end":{"line":31,"column":54}},"type":"binary-expr","locations":[{"start":{"line":31,"column":40},"end":{"line":31,"column":48}},{"start":{"line":31,"column":52},"end":{"line":31,"column":54}}],"line":31},"7":{"loc":{"start":{"line":35,"column":12},"end":{"line":41,"column":13}},"type":"if","locations":[{"start":{"line":35,"column":12},"end":{"line":41,"column":13}},{"start":{},"end":{}}],"line":35},"8":{"loc":{"start":{"line":54,"column":40},"end":{"line":54,"column":55}},"type":"binary-expr","locations":[{"start":{"line":54,"column":40},"end":{"line":54,"column":49}},{"start":{"line":54,"column":53},"end":{"line":54,"column":55}}],"line":54},"9":{"loc":{"start":{"line":58,"column":12},"end":{"line":64,"column":13}},"type":"if","locations":[{"start":{"line":58,"column":12},"end":{"line":64,"column":13}},{"start":{},"end":{}}],"line":58},"10":{"loc":{"start":{"line":77,"column":40},"end":{"line":77,"column":56}},"type":"binary-expr","locations":[{"start":{"line":77,"column":40},"end":{"line":77,"column":50}},{"start":{"line":77,"column":54},"end":{"line":77,"column":56}}],"line":77},"11":{"loc":{"start":{"line":81,"column":12},"end":{"line":87,"column":13}},"type":"if","locations":[{"start":{"line":81,"column":12},"end":{"line":87,"column":13}},{"start":{},"end":{}}],"line":81}},"s":{"0":63,"1":63,"2":11,"3":11,"4":11,"5":11,"6":7,"7":7,"8":7,"9":4,"10":11,"11":434,"12":943,"13":943,"14":935,"15":935,"16":8,"17":8,"18":0,"19":1,"20":4,"21":4,"22":2,"23":2,"24":2,"25":2,"26":0,"27":2,"28":2,"29":2,"30":1,"31":1,"32":1,"33":1,"34":0,"35":63},"f":{"0":11,"1":11,"2":7,"3":434,"4":943,"5":1,"6":4,"7":2,"8":2},"b":{"0":[0],"1":[6,5],"2":[11,11],"3":[7,4],"4":[11,7,7],"5":[5,2],"6":[943,0],"7":[8,0],"8":[4,0],"9":[2,0],"10":[2,0],"11":[1,0]},"_coverageSchema":"1a1c01bbd47fc00a2c39e90264f33305004495a9","hash":"238e9282366f509863e4be54f3761950d2ee1601"}
,"C:\\Users\\user\\Desktop\\program\\web-order\\routes\\admin-api.js": {"path":"C:\\Users\\user\\Desktop\\program\\web-order\\routes\\admin-api.js","statementMap":{"0":{"start":{"line":3,"column":16},"end":{"line":3,"column":34}},"1":{"start":{"line":4,"column":15},"end":{"line":4,"column":31}},"2":{"start":{"line":6,"column":0},"end":{"line":6,"column":46}},"3":{"start":{"line":7,"column":0},"end":{"line":7,"column":46}},"4":{"start":{"line":8,"column":0},"end":{"line":8,"column":47}},"5":{"start":{"line":9,"column":0},"end":{"line":9,"column":44}},"6":{"start":{"line":10,"column":0},"end":{"line":10,"column":44}},"7":{"start":{"line":11,"column":0},"end":{"line":11,"column":44}},"8":{"start":{"line":13,"column":0},"end":{"line":13,"column":24}}},"fnMap":{},"branchMap":{},"s":{"0":62,"1":62,"2":62,"3":62,"4":62,"5":62,"6":62,"7":62,"8":62},"f":{},"b":{},"_coverageSchema":"1a1c01bbd47fc00a2c39e90264f33305004495a9","hash":"8725e90a17145882586ab404bd4d54a5cb79f461"}
,"C:\\Users\\user\\Desktop\\program\\web-order\\routes\\auth-api.js": {"path":"C:\\Users\\user\\Desktop\\program\\web-order\\routes\\auth-api.js","statementMap":{"0":{"start":{"line":3,"column":16},"end":{"line":3,"column":34}},"1":{"start":{"line":4,"column":15},"end":{"line":4,"column":31}},"2":{"start":{"line":6,"column":0},"end":{"line":6,"column":52}},"3":{"start":{"line":7,"column":0},"end":{"line":7,"column":49}},"4":{"start":{"line":9,"column":0},"end":{"line":9,"column":24}}},"fnMap":{},"branchMap":{},"s":{"0":62,"1":62,"2":62,"3":62,"4":62},"f":{},"b":{},"_coverageSchema":"1a1c01bbd47fc00a2c39e90264f33305004495a9","hash":"7ab7054521feb27f1a850704a5a7aa3148ea2118"}
,"C:\\Users\\user\\Desktop\\program\\web-order\\routes\\kaitori-api.js": {"path":"C:\\Users\\user\\Desktop\\program\\web-order\\routes\\kaitori-api.js","statementMap":{"0":{"start":{"line":3,"column":16},"end":{"line":3,"column":34}},"1":{"start":{"line":4,"column":15},"end":{"line":4,"column":31}},"2":{"start":{"line":5,"column":11},"end":{"line":5,"column":33}},"3":{"start":{"line":6,"column":24},"end":{"line":6,"column":41}},"4":{"start":{"line":7,"column":19},"end":{"line":7,"column":40}},"5":{"start":{"line":8,"column":37},"end":{"line":8,"column":71}},"6":{"start":{"line":10,"column":24},"end":{"line":10,"column":55}},"7":{"start":{"line":11,"column":28},"end":{"line":11,"column":57}},"8":{"start":{"line":14,"column":4},"end":{"line":14,"column":64}},"9":{"start":{"line":21,"column":0},"end":{"line":62,"column":3}},"10":{"start":{"line":22,"column":4},"end":{"line":22,"column":87}},"11":{"start":{"line":22,"column":33},"end":{"line":22,"column":87}},"12":{"start":{"line":24,"column":24},"end":{"line":24,"column":32}},"13":{"start":{"line":25,"column":23},"end":{"line":25,"column":45}},"14":{"start":{"line":26,"column":25},"end":{"line":26,"column":49}},"15":{"start":{"line":28,"column":4},"end":{"line":61,"column":5}},"16":{"start":{"line":29,"column":26},"end":{"line":29,"column":47}},"17":{"start":{"line":30,"column":8},"end":{"line":55,"column":11}},"18":{"start":{"line":31,"column":27},"end":{"line":31,"column":29}},"19":{"start":{"line":32,"column":12},"end":{"line":38,"column":13}},"20":{"start":{"line":33,"column":29},"end":{"line":33,"column":72}},"21":{"start":{"line":34,"column":16},"end":{"line":34,"column":44}},"22":{"start":{"line":35,"column":16},"end":{"line":35,"column":60}},"23":{"start":{"line":35,"column":46},"end":{"line":35,"column":60}},"24":{"start":{"line":37,"column":16},"end":{"line":37,"column":30}},"25":{"start":{"line":40,"column":31},"end":{"line":51,"column":13}},"26":{"start":{"line":53,"column":12},"end":{"line":53,"column":38}},"27":{"start":{"line":54,"column":12},"end":{"line":54,"column":83}},"28":{"start":{"line":57,"column":8},"end":{"line":57,"column":47}},"29":{"start":{"line":59,"column":8},"end":{"line":59,"column":40}},"30":{"start":{"line":60,"column":8},"end":{"line":60,"column":69}},"31":{"start":{"line":64,"column":0},"end":{"line":74,"column":3}},"32":{"start":{"line":65,"column":4},"end":{"line":65,"column":62}},"33":{"start":{"line":65,"column":30},"end":{"line":65,"column":62}},"34":{"start":{"line":67,"column":4},"end":{"line":73,"column":5}},"35":{"start":{"line":68,"column":21},"end":{"line":68,"column":64}},"36":{"start":{"line":69,"column":21},"end":{"line":69,"column":37}},"37":{"start":{"line":70,"column":8},"end":{"line":70,"column":33}},"38":{"start":{"line":72,"column":8},"end":{"line":72,"column":21}},"39":{"start":{"line":76,"column":0},"end":{"line":116,"column":3}},"40":{"start":{"line":77,"column":4},"end":{"line":77,"column":79}},"41":{"start":{"line":77,"column":30},"end":{"line":77,"column":79}},"42":{"start":{"line":79,"column":69},"end":{"line":79,"column":77}},"43":{"start":{"line":81,"column":4},"end":{"line":115,"column":5}},"44":{"start":{"line":82,"column":23},"end":{"line":82,"column":28}},"45":{"start":{"line":83,"column":8},"end":{"line":106,"column":11}},"46":{"start":{"line":84,"column":25},"end":{"line":84,"column":68}},"47":{"start":{"line":85,"column":27},"end":{"line":85,"column":43}},"48":{"start":{"line":86,"column":12},"end":{"line":86,"column":56}},"49":{"start":{"line":86,"column":42},"end":{"line":86,"column":56}},"50":{"start":{"line":88,"column":32},"end":{"line":88,"column":83}},"51":{"start":{"line":88,"column":58},"end":{"line":88,"column":82}},"52":{"start":{"line":89,"column":12},"end":{"line":92,"column":13}},"53":{"start":{"line":90,"column":16},"end":{"line":90,"column":32}},"54":{"start":{"line":91,"column":16},"end":{"line":91,"column":23}},"55":{"start":{"line":94,"column":12},"end":{"line":94,"column":76}},"56":{"start":{"line":94,"column":38},"end":{"line":94,"column":76}},"57":{"start":{"line":95,"column":12},"end":{"line":95,"column":94}},"58":{"start":{"line":95,"column":44},"end":{"line":95,"column":94}},"59":{"start":{"line":96,"column":12},"end":{"line":96,"column":94}},"60":{"start":{"line":96,"column":44},"end":{"line":96,"column":94}},"61":{"start":{"line":97,"column":12},"end":{"line":97,"column":91}},"62":{"start":{"line":97,"column":44},"end":{"line":97,"column":91}},"63":{"start":{"line":99,"column":12},"end":{"line":101,"column":13}},"64":{"start":{"line":100,"column":16},"end":{"line":100,"column":52}},"65":{"start":{"line":103,"column":12},"end":{"line":103,"column":71}},"66":{"start":{"line":105,"column":12},"end":{"line":105,"column":83}},"67":{"start":{"line":108,"column":8},"end":{"line":110,"column":9}},"68":{"start":{"line":109,"column":12},"end":{"line":109,"column":84}},"69":{"start":{"line":111,"column":8},"end":{"line":111,"column":58}},"70":{"start":{"line":113,"column":8},"end":{"line":113,"column":38}},"71":{"start":{"line":114,"column":8},"end":{"line":114,"column":69}},"72":{"start":{"line":122,"column":0},"end":{"line":136,"column":3}},"73":{"start":{"line":123,"column":23},"end":{"line":123,"column":47}},"74":{"start":{"line":124,"column":20},"end":{"line":124,"column":41}},"75":{"start":{"line":126,"column":4},"end":{"line":128,"column":5}},"76":{"start":{"line":127,"column":8},"end":{"line":127,"column":40}},"77":{"start":{"line":130,"column":4},"end":{"line":135,"column":5}},"78":{"start":{"line":131,"column":21},"end":{"line":131,"column":68}},"79":{"start":{"line":132,"column":8},"end":{"line":132,"column":35}},"80":{"start":{"line":134,"column":8},"end":{"line":134,"column":21}},"81":{"start":{"line":138,"column":0},"end":{"line":163,"column":3}},"82":{"start":{"line":139,"column":4},"end":{"line":139,"column":79}},"83":{"start":{"line":139,"column":30},"end":{"line":139,"column":79}},"84":{"start":{"line":141,"column":20},"end":{"line":141,"column":39}},"85":{"start":{"line":142,"column":4},"end":{"line":142,"column":86}},"86":{"start":{"line":142,"column":33},"end":{"line":142,"column":86}},"87":{"start":{"line":144,"column":4},"end":{"line":162,"column":5}},"88":{"start":{"line":145,"column":20},"end":{"line":145,"column":21}},"89":{"start":{"line":146,"column":8},"end":{"line":157,"column":11}},"90":{"start":{"line":147,"column":30},"end":{"line":154,"column":15}},"91":{"start":{"line":147,"column":60},"end":{"line":154,"column":13}},"92":{"start":{"line":155,"column":12},"end":{"line":155,"column":37}},"93":{"start":{"line":156,"column":12},"end":{"line":156,"column":88}},"94":{"start":{"line":158,"column":8},"end":{"line":158,"column":77}},"95":{"start":{"line":160,"column":8},"end":{"line":160,"column":45}},"96":{"start":{"line":161,"column":8},"end":{"line":161,"column":53}},"97":{"start":{"line":165,"column":0},"end":{"line":198,"column":3}},"98":{"start":{"line":166,"column":4},"end":{"line":166,"column":79}},"99":{"start":{"line":166,"column":30},"end":{"line":166,"column":79}},"100":{"start":{"line":168,"column":20},"end":{"line":168,"column":28}},"101":{"start":{"line":170,"column":4},"end":{"line":197,"column":5}},"102":{"start":{"line":172,"column":8},"end":{"line":193,"column":11}},"103":{"start":{"line":173,"column":25},"end":{"line":173,"column":27}},"104":{"start":{"line":174,"column":12},"end":{"line":180,"column":13}},"105":{"start":{"line":175,"column":29},"end":{"line":175,"column":76}},"106":{"start":{"line":176,"column":16},"end":{"line":176,"column":42}},"107":{"start":{"line":177,"column":16},"end":{"line":177,"column":56}},"108":{"start":{"line":177,"column":44},"end":{"line":177,"column":56}},"109":{"start":{"line":179,"column":16},"end":{"line":179,"column":28}},"110":{"start":{"line":182,"column":12},"end":{"line":189,"column":14}},"111":{"start":{"line":191,"column":12},"end":{"line":191,"column":30}},"112":{"start":{"line":192,"column":12},"end":{"line":192,"column":85}},"113":{"start":{"line":194,"column":8},"end":{"line":194,"column":61}},"114":{"start":{"line":196,"column":8},"end":{"line":196,"column":66}},"115":{"start":{"line":200,"column":0},"end":{"line":229,"column":3}},"116":{"start":{"line":201,"column":4},"end":{"line":201,"column":79}},"117":{"start":{"line":201,"column":30},"end":{"line":201,"column":79}},"118":{"start":{"line":203,"column":31},"end":{"line":203,"column":39}},"119":{"start":{"line":205,"column":4},"end":{"line":228,"column":5}},"120":{"start":{"line":206,"column":23},"end":{"line":206,"column":28}},"121":{"start":{"line":207,"column":8},"end":{"line":222,"column":11}},"122":{"start":{"line":208,"column":25},"end":{"line":208,"column":72}},"123":{"start":{"line":209,"column":25},"end":{"line":209,"column":41}},"124":{"start":{"line":210,"column":12},"end":{"line":210,"column":52}},"125":{"start":{"line":210,"column":40},"end":{"line":210,"column":52}},"126":{"start":{"line":211,"column":24},"end":{"line":211,"column":60}},"127":{"start":{"line":211,"column":48},"end":{"line":211,"column":59}},"128":{"start":{"line":213,"column":12},"end":{"line":216,"column":13}},"129":{"start":{"line":214,"column":16},"end":{"line":214,"column":32}},"130":{"start":{"line":215,"column":16},"end":{"line":215,"column":23}},"131":{"start":{"line":218,"column":12},"end":{"line":218,"column":57}},"132":{"start":{"line":219,"column":12},"end":{"line":219,"column":98}},"133":{"start":{"line":219,"column":45},"end":{"line":219,"column":98}},"134":{"start":{"line":221,"column":12},"end":{"line":221,"column":85}},"135":{"start":{"line":224,"column":8},"end":{"line":224,"column":93}},"136":{"start":{"line":224,"column":22},"end":{"line":224,"column":93}},"137":{"start":{"line":225,"column":8},"end":{"line":225,"column":55}},"138":{"start":{"line":227,"column":8},"end":{"line":227,"column":66}},"139":{"start":{"line":231,"column":0},"end":{"line":259,"column":3}},"140":{"start":{"line":232,"column":4},"end":{"line":232,"column":79}},"141":{"start":{"line":232,"column":30},"end":{"line":232,"column":79}},"142":{"start":{"line":234,"column":19},"end":{"line":234,"column":27}},"143":{"start":{"line":236,"column":4},"end":{"line":258,"column":5}},"144":{"start":{"line":237,"column":23},"end":{"line":237,"column":28}},"145":{"start":{"line":238,"column":8},"end":{"line":252,"column":11}},"146":{"start":{"line":239,"column":25},"end":{"line":239,"column":72}},"147":{"start":{"line":240,"column":25},"end":{"line":240,"column":41}},"148":{"start":{"line":241,"column":12},"end":{"line":241,"column":52}},"149":{"start":{"line":241,"column":40},"end":{"line":241,"column":52}},"150":{"start":{"line":243,"column":30},"end":{"line":243,"column":43}},"151":{"start":{"line":244,"column":12},"end":{"line":244,"column":55}},"152":{"start":{"line":244,"column":42},"end":{"line":244,"column":53}},"153":{"start":{"line":246,"column":12},"end":{"line":249,"column":13}},"154":{"start":{"line":247,"column":16},"end":{"line":247,"column":32}},"155":{"start":{"line":248,"column":16},"end":{"line":248,"column":23}},"156":{"start":{"line":251,"column":12},"end":{"line":251,"column":85}},"157":{"start":{"line":254,"column":8},"end":{"line":254,"column":89}},"158":{"start":{"line":254,"column":22},"end":{"line":254,"column":89}},"159":{"start":{"line":255,"column":8},"end":{"line":255,"column":55}},"160":{"start":{"line":257,"column":8},"end":{"line":257,"column":66}},"161":{"start":{"line":261,"column":0},"end":{"line":278,"column":3}},"162":{"start":{"line":262,"column":4},"end":{"line":264,"column":5}},"163":{"start":{"line":263,"column":8},"end":{"line":263,"column":62}},"164":{"start":{"line":266,"column":17},"end":{"line":266,"column":39}},"165":{"start":{"line":268,"column":4},"end":{"line":277,"column":5}},"166":{"start":{"line":269,"column":21},"end":{"line":269,"column":64}},"167":{"start":{"line":270,"column":28},"end":{"line":270,"column":44}},"168":{"start":{"line":271,"column":8},"end":{"line":271,"column":61}},"169":{"start":{"line":271,"column":41},"end":{"line":271,"column":61}},"170":{"start":{"line":272,"column":27},"end":{"line":272,"column":85}},"171":{"start":{"line":272,"column":53},"end":{"line":272,"column":74}},"172":{"start":{"line":273,"column":8},"end":{"line":273,"column":29}},"173":{"start":{"line":275,"column":8},"end":{"line":275,"column":40}},"174":{"start":{"line":276,"column":8},"end":{"line":276,"column":21}},"175":{"start":{"line":280,"column":0},"end":{"line":280,"column":24}}},"fnMap":{"0":{"name":"newKaitoriRequestId","decl":{"start":{"line":13,"column":9},"end":{"line":13,"column":28}},"loc":{"start":{"line":13,"column":31},"end":{"line":15,"column":1}},"line":13},"1":{"name":"(anonymous_1)","decl":{"start":{"line":21,"column":32},"end":{"line":21,"column":33}},"loc":{"start":{"line":21,"column":52},"end":{"line":62,"column":1}},"line":21},"2":{"name":"(anonymous_2)","decl":{"start":{"line":30,"column":56},"end":{"line":30,"column":57}},"loc":{"start":{"line":30,"column":68},"end":{"line":55,"column":9}},"line":30},"3":{"name":"(anonymous_3)","decl":{"start":{"line":64,"column":34},"end":{"line":64,"column":35}},"loc":{"start":{"line":64,"column":54},"end":{"line":74,"column":1}},"line":64},"4":{"name":"(anonymous_4)","decl":{"start":{"line":76,"column":37},"end":{"line":76,"column":38}},"loc":{"start":{"line":76,"column":57},"end":{"line":116,"column":1}},"line":76},"5":{"name":"(anonymous_5)","decl":{"start":{"line":83,"column":56},"end":{"line":83,"column":57}},"loc":{"start":{"line":83,"column":68},"end":{"line":106,"column":9}},"line":83},"6":{"name":"(anonymous_6)","decl":{"start":{"line":88,"column":51},"end":{"line":88,"column":52}},"loc":{"start":{"line":88,"column":58},"end":{"line":88,"column":82}},"line":88},"7":{"name":"(anonymous_7)","decl":{"start":{"line":122,"column":30},"end":{"line":122,"column":31}},"loc":{"start":{"line":122,"column":50},"end":{"line":136,"column":1}},"line":122},"8":{"name":"(anonymous_8)","decl":{"start":{"line":138,"column":44},"end":{"line":138,"column":45}},"loc":{"start":{"line":138,"column":64},"end":{"line":163,"column":1}},"line":138},"9":{"name":"(anonymous_9)","decl":{"start":{"line":146,"column":60},"end":{"line":146,"column":61}},"loc":{"start":{"line":146,"column":72},"end":{"line":157,"column":9}},"line":146},"10":{"name":"(anonymous_10)","decl":{"start":{"line":147,"column":42},"end":{"line":147,"column":43}},"loc":{"start":{"line":147,"column":60},"end":{"line":154,"column":13}},"line":147},"11":{"name":"(anonymous_11)","decl":{"start":{"line":165,"column":41},"end":{"line":165,"column":42}},"loc":{"start":{"line":165,"column":61},"end":{"line":198,"column":1}},"line":165},"12":{"name":"(anonymous_12)","decl":{"start":{"line":172,"column":60},"end":{"line":172,"column":61}},"loc":{"start":{"line":172,"column":72},"end":{"line":193,"column":9}},"line":172},"13":{"name":"(anonymous_13)","decl":{"start":{"line":200,"column":42},"end":{"line":200,"column":43}},"loc":{"start":{"line":200,"column":62},"end":{"line":229,"column":1}},"line":200},"14":{"name":"(anonymous_14)","decl":{"start":{"line":207,"column":60},"end":{"line":207,"column":61}},"loc":{"start":{"line":207,"column":72},"end":{"line":222,"column":9}},"line":207},"15":{"name":"(anonymous_15)","decl":{"start":{"line":211,"column":41},"end":{"line":211,"column":42}},"loc":{"start":{"line":211,"column":48},"end":{"line":211,"column":59}},"line":211},"16":{"name":"(anonymous_16)","decl":{"start":{"line":231,"column":44},"end":{"line":231,"column":45}},"loc":{"start":{"line":231,"column":64},"end":{"line":259,"column":1}},"line":231},"17":{"name":"(anonymous_17)","decl":{"start":{"line":238,"column":60},"end":{"line":238,"column":61}},"loc":{"start":{"line":238,"column":72},"end":{"line":252,"column":9}},"line":238},"18":{"name":"(anonymous_18)","decl":{"start":{"line":244,"column":35},"end":{"line":244,"column":36}},"loc":{"start":{"line":244,"column":42},"end":{"line":244,"column":53}},"line":244},"19":{"name":"(anonymous_19)","decl":{"start":{"line":261,"column":34},"end":{"line":261,"column":35}},"loc":{"start":{"line":261,"column":54},"end":{"line":278,"column":1}},"line":261},"20":{"name":"(anonymous_20)","decl":{"start":{"line":272,"column":46},"end":{"line":272,"column":47}},"loc":{"start":{"line":272,"column":53},"end":{"line":272,"column":74}},"line":272}},"branchMap":{"0":{"loc":{"start":{"line":22,"column":4},"end":{"line":22,"column":87}},"type":"if","locations":[{"start":{"line":22,"column":4},"end":{"line":22,"column":87}},{"start":{},"end":{}}],"line":22},"1":{"loc":{"start":{"line":35,"column":16},"end":{"line":35,"column":60}},"type":"if","locations":[{"start":{"line":35,"column":16},"end":{"line":35,"column":60}},{"start":{},"end":{}}],"line":35},"2":{"loc":{"start":{"line":47,"column":27},"end":{"line":47,"column":56}},"type":"binary-expr","locations":[{"start":{"line":47,"column":27},"end":{"line":47,"column":48}},{"start":{"line":47,"column":52},"end":{"line":47,"column":56}}],"line":47},"3":{"loc":{"start":{"line":48,"column":22},"end":{"line":48,"column":44}},"type":"binary-expr","locations":[{"start":{"line":48,"column":22},"end":{"line":48,"column":38}},{"start":{"line":48,"column":42},"end":{"line":48,"column":44}}],"line":48},"4":{"loc":{"start":{"line":65,"column":4},"end":{"line":65,"column":62}},"type":"if","locations":[{"start":{"line":65,"column":4},"end":{"line":65,"column":62}},{"start":{},"end":{}}],"line":65},"5":{"loc":{"start":{"line":77,"column":4},"end":{"line":77,"column":79}},"type":"if","locations":[{"start":{"line":77,"column":4},"end":{"line":77,"column":79}},{"start":{},"end":{}}],"line":77},"6":{"loc":{"start":{"line":86,"column":12},"end":{"line":86,"column":56}},"type":"if","locations":[{"start":{"line":86,"column":12},"end":{"line":86,"column":56}},{"start":{},"end":{}}],"line":86},"7":{"loc":{"start":{"line":89,"column":12},"end":{"line":92,"column":13}},"type":"if","locations":[{"start":{"line":89,"column":12},"end":{"line":92,"column":13}},{"start":{},"end":{}}],"line":89},"8":{"loc":{"start":{"line":94,"column":12},"end":{"line":94,"column":76}},"type":"if","locations":[{"start":{"line":94,"column":12},"end":{"line":94,"column":76}},{"start":{},"end":{}}],"line":94},"9":{"loc":{"start":{"line":95,"column":12},"end":{"line":95,"column":94}},"type":"if","locations":[{"start":{"line":95,"column":12},"end":{"line":95,"column":94}},{"start":{},"end":{}}],"line":95},"10":{"loc":{"start":{"line":96,"column":12},"end":{"line":96,"column":94}},"type":"if","locations":[{"start":{"line":96,"column":12},"end":{"line":96,"column":94}},{"start":{},"end":{}}],"line":96},"11":{"loc":{"start":{"line":97,"column":12},"end":{"line":97,"column":91}},"type":"if","locations":[{"start":{"line":97,"column":12},"end":{"line":97,"column":91}},{"start":{},"end":{}}],"line":97},"12":{"loc":{"start":{"line":99,"column":12},"end":{"line":101,"column":13}},"type":"if","locations":[{"start":{"line":99,"column":12},"end":{"line":101,"column":13}},{"start":{},"end":{}}],"line":99},"13":{"loc":{"start":{"line":99,"column":16},"end":{"line":99,"column":45}},"type":"binary-expr","locations":[{"start":{"line":99,"column":16},"end":{"line":99,"column":21}},{"start":{"line":99,"column":25},"end":{"line":99,"column":45}}],"line":99},"14":{"loc":{"start":{"line":108,"column":8},"end":{"line":110,"column":9}},"type":"if","locations":[{"start":{"line":108,"column":8},"end":{"line":110,"column":9}},{"start":{},"end":{}}],"line":108},"15":{"loc":{"start":{"line":126,"column":4},"end":{"line":128,"column":5}},"type":"if","locations":[{"start":{"line":126,"column":4},"end":{"line":128,"column":5}},{"start":{},"end":{}}],"line":126},"16":{"loc":{"start":{"line":126,"column":8},"end":{"line":126,"column":31}},"type":"binary-expr","locations":[{"start":{"line":126,"column":8},"end":{"line":126,"column":19}},{"start":{"line":126,"column":23},"end":{"line":126,"column":31}}],"line":126},"17":{"loc":{"start":{"line":139,"column":4},"end":{"line":139,"column":79}},"type":"if","locations":[{"start":{"line":139,"column":4},"end":{"line":139,"column":79}},{"start":{},"end":{}}],"line":139},"18":{"loc":{"start":{"line":142,"column":4},"end":{"line":142,"column":86}},"type":"if","locations":[{"start":{"line":142,"column":4},"end":{"line":142,"column":86}},{"start":{},"end":{}}],"line":142},"19":{"loc":{"start":{"line":148,"column":20},"end":{"line":148,"column":57}},"type":"binary-expr","locations":[{"start":{"line":148,"column":20},"end":{"line":148,"column":27}},{"start":{"line":148,"column":31},"end":{"line":148,"column":57}}],"line":148},"20":{"loc":{"start":{"line":149,"column":23},"end":{"line":149,"column":39}},"type":"binary-expr","locations":[{"start":{"line":149,"column":23},"end":{"line":149,"column":33}},{"start":{"line":149,"column":37},"end":{"line":149,"column":39}}],"line":149},"21":{"loc":{"start":{"line":150,"column":22},"end":{"line":150,"column":37}},"type":"binary-expr","locations":[{"start":{"line":150,"column":22},"end":{"line":150,"column":31}},{"start":{"line":150,"column":35},"end":{"line":150,"column":37}}],"line":150},"22":{"loc":{"start":{"line":151,"column":22},"end":{"line":151,"column":37}},"type":"binary-expr","locations":[{"start":{"line":151,"column":22},"end":{"line":151,"column":31}},{"start":{"line":151,"column":35},"end":{"line":151,"column":37}}],"line":151},"23":{"loc":{"start":{"line":152,"column":23},"end":{"line":152,"column":52}},"type":"binary-expr","locations":[{"start":{"line":152,"column":23},"end":{"line":152,"column":47}},{"start":{"line":152,"column":51},"end":{"line":152,"column":52}}],"line":152},"24":{"loc":{"start":{"line":153,"column":29},"end":{"line":153,"column":53}},"type":"binary-expr","locations":[{"start":{"line":153,"column":29},"end":{"line":153,"column":45}},{"start":{"line":153,"column":49},"end":{"line":153,"column":53}}],"line":153},"25":{"loc":{"start":{"line":166,"column":4},"end":{"line":166,"column":79}},"type":"if","locations":[{"start":{"line":166,"column":4},"end":{"line":166,"column":79}},{"start":{},"end":{}}],"line":166},"26":{"loc":{"start":{"line":177,"column":16},"end":{"line":177,"column":56}},"type":"if","locations":[{"start":{"line":177,"column":16},"end":{"line":177,"column":56}},{"start":{},"end":{}}],"line":177},"27":{"loc":{"start":{"line":183,"column":20},"end":{"line":183,"column":51}},"type":"binary-expr","locations":[{"start":{"line":183,"column":20},"end":{"line":183,"column":30}},{"start":{"line":183,"column":34},"end":{"line":183,"column":51}}],"line":183},"28":{"loc":{"start":{"line":184,"column":23},"end":{"line":184,"column":42}},"type":"binary-expr","locations":[{"start":{"line":184,"column":23},"end":{"line":184,"column":36}},{"start":{"line":184,"column":40},"end":{"line":184,"column":42}}],"line":184},"29":{"loc":{"start":{"line":185,"column":22},"end":{"line":185,"column":40}},"type":"binary-expr","locations":[{"start":{"line":185,"column":22},"end":{"line":185,"column":34}},{"start":{"line":185,"column":38},"end":{"line":185,"column":40}}],"line":185},"30":{"loc":{"start":{"line":186,"column":22},"end":{"line":186,"column":40}},"type":"binary-expr","locations":[{"start":{"line":186,"column":22},"end":{"line":186,"column":34}},{"start":{"line":186,"column":38},"end":{"line":186,"column":40}}],"line":186},"31":{"loc":{"start":{"line":187,"column":23},"end":{"line":187,"column":55}},"type":"binary-expr","locations":[{"start":{"line":187,"column":23},"end":{"line":187,"column":50}},{"start":{"line":187,"column":54},"end":{"line":187,"column":55}}],"line":187},"32":{"loc":{"start":{"line":188,"column":29},"end":{"line":188,"column":56}},"type":"binary-expr","locations":[{"start":{"line":188,"column":29},"end":{"line":188,"column":48}},{"start":{"line":188,"column":52},"end":{"line":188,"column":56}}],"line":188},"33":{"loc":{"start":{"line":201,"column":4},"end":{"line":201,"column":79}},"type":"if","locations":[{"start":{"line":201,"column":4},"end":{"line":201,"column":79}},{"start":{},"end":{}}],"line":201},"34":{"loc":{"start":{"line":210,"column":12},"end":{"line":210,"column":52}},"type":"if","locations":[{"start":{"line":210,"column":12},"end":{"line":210,"column":52}},{"start":{},"end":{}}],"line":210},"35":{"loc":{"start":{"line":213,"column":12},"end":{"line":216,"column":13}},"type":"if","locations":[{"start":{"line":213,"column":12},"end":{"line":216,"column":13}},{"start":{},"end":{}}],"line":213},"36":{"loc":{"start":{"line":219,"column":12},"end":{"line":219,"column":98}},"type":"if","locations":[{"start":{"line":219,"column":12},"end":{"line":219,"column":98}},{"start":{},"end":{}}],"line":219},"37":{"loc":{"start":{"line":219,"column":65},"end":{"line":219,"column":97}},"type":"binary-expr","locations":[{"start":{"line":219,"column":65},"end":{"line":219,"column":92}},{"start":{"line":219,"column":96},"end":{"line":219,"column":97}}],"line":219},"38":{"loc":{"start":{"line":224,"column":8},"end":{"line":224,"column":93}},"type":"if","locations":[{"start":{"line":224,"column":8},"end":{"line":224,"column":93}},{"start":{},"end":{}}],"line":224},"39":{"loc":{"start":{"line":232,"column":4},"end":{"line":232,"column":79}},"type":"if","locations":[{"start":{"line":232,"column":4},"end":{"line":232,"column":79}},{"start":{},"end":{}}],"line":232},"40":{"loc":{"start":{"line":241,"column":12},"end":{"line":241,"column":52}},"type":"if","locations":[{"start":{"line":241,"column":12},"end":{"line":241,"column":52}},{"start":{},"end":{}}],"line":241},"41":{"loc":{"start":{"line":246,"column":12},"end":{"line":249,"column":13}},"type":"if","locations":[{"start":{"line":246,"column":12},"end":{"line":249,"column":13}},{"start":{},"end":{}}],"line":246},"42":{"loc":{"start":{"line":254,"column":8},"end":{"line":254,"column":89}},"type":"if","locations":[{"start":{"line":254,"column":8},"end":{"line":254,"column":89}},{"start":{},"end":{}}],"line":254},"43":{"loc":{"start":{"line":262,"column":4},"end":{"line":264,"column":5}},"type":"if","locations":[{"start":{"line":262,"column":4},"end":{"line":264,"column":5}},{"start":{},"end":{}}],"line":262},"44":{"loc":{"start":{"line":271,"column":8},"end":{"line":271,"column":61}},"type":"if","locations":[{"start":{"line":271,"column":8},"end":{"line":271,"column":61}},{"start":{},"end":{}}],"line":271}},"s":{"0":62,"1":62,"2":62,"3":62,"4":62,"5":62,"6":62,"7":62,"8":1,"9":62,"10":2,"11":1,"12":1,"13":1,"14":1,"15":1,"16":1,"17":1,"18":1,"19":1,"20":1,"21":1,"22":1,"23":0,"24":0,"25":1,"26":1,"27":1,"28":1,"29":0,"30":0,"31":62,"32":3,"33":1,"34":2,"35":2,"36":2,"37":2,"38":1,"39":62,"40":3,"41":1,"42":2,"43":2,"44":2,"45":2,"46":2,"47":2,"48":2,"49":0,"50":2,"51":1,"52":2,"53":1,"54":1,"55":1,"56":1,"57":1,"58":1,"59":1,"60":1,"61":1,"62":1,"63":1,"64":0,"65":1,"66":1,"67":2,"68":1,"69":1,"70":0,"71":0,"72":62,"73":4,"74":4,"75":4,"76":1,"77":3,"78":3,"79":3,"80":1,"81":62,"82":3,"83":1,"84":2,"85":2,"86":1,"87":1,"88":1,"89":1,"90":1,"91":2,"92":1,"93":1,"94":1,"95":0,"96":0,"97":62,"98":2,"99":1,"100":1,"101":1,"102":1,"103":1,"104":1,"105":1,"106":1,"107":1,"108":0,"109":0,"110":1,"111":1,"112":1,"113":1,"114":0,"115":62,"116":3,"117":1,"118":2,"119":2,"120":2,"121":2,"122":2,"123":2,"124":2,"125":0,"126":2,"127":1,"128":2,"129":1,"130":1,"131":1,"132":1,"133":1,"134":1,"135":2,"136":1,"137":1,"138":0,"139":62,"140":3,"141":1,"142":2,"143":2,"144":2,"145":2,"146":2,"147":2,"148":2,"149":0,"150":2,"151":2,"152":3,"153":2,"154":1,"155":1,"156":1,"157":2,"158":1,"159":1,"160":0,"161":62,"162":3,"163":1,"164":2,"165":2,"166":2,"167":2,"168":1,"169":0,"170":1,"171":2,"172":1,"173":1,"174":1,"175":62},"f":{"0":1,"1":2,"2":1,"3":3,"4":3,"5":2,"6":1,"7":4,"8":3,"9":1,"10":2,"11":2,"12":1,"13":3,"14":2,"15":1,"16":3,"17":2,"18":3,"19":3,"20":2},"b":{"0":[1,1],"1":[0,1],"2":[1,1],"3":[1,0],"4":[1,2],"5":[1,2],"6":[0,2],"7":[1,1],"8":[1,0],"9":[1,0],"10":[1,0],"11":[1,0],"12":[0,1],"13":[1,0],"14":[1,1],"15":[1,3],"16":[4,2],"17":[1,2],"18":[1,1],"19":[2,2],"20":[2,0],"21":[2,0],"22":[2,1],"23":[2,0],"24":[2,2],"25":[1,1],"26":[0,1],"27":[1,1],"28":[1,0],"29":[1,0],"30":[1,0],"31":[1,0],"32":[1,1],"33":[1,2],"34":[0,2],"35":[1,1],"36":[1,0],"37":[1,0],"38":[1,1],"39":[1,2],"40":[0,2],"41":[1,1],"42":[1,1],"43":[1,2],"44":[0,1]},"_coverageSchema":"1a1c01bbd47fc00a2c39e90264f33305004495a9","hash":"d47f0621bbda87f5b9fffb0c7b2e1c7d6fb931a6"}
,"C:\\Users\\user\\Desktop\\program\\web-order\\routes\\orders-api.js": {"path":"C:\\Users\\user\\Desktop\\program\\web-order\\routes\\orders-api.js","statementMap":{"0":{"start":{"line":4,"column":16},"end":{"line":4,"column":34}},"1":{"start":{"line":5,"column":15},"end":{"line":5,"column":31}},"2":{"start":{"line":6,"column":15},"end":{"line":6,"column":32}},"3":{"start":{"line":9,"column":21},"end":{"line":9,"column":56}},"4":{"start":{"line":10,"column":20},"end":{"line":10,"column":54}},"5":{"start":{"line":11,"column":19},"end":{"line":11,"column":52}},"6":{"start":{"line":12,"column":24},"end":{"line":12,"column":62}},"7":{"start":{"line":13,"column":25},"end":{"line":13,"column":59}},"8":{"start":{"line":14,"column":29},"end":{"line":14,"column":68}},"9":{"start":{"line":16,"column":15},"end":{"line":16,"column":58}},"10":{"start":{"line":24,"column":0},"end":{"line":42,"column":3}},"11":{"start":{"line":25,"column":4},"end":{"line":25,"column":91}},"12":{"start":{"line":25,"column":33},"end":{"line":25,"column":91}},"13":{"start":{"line":27,"column":35},"end":{"line":27,"column":43}},"14":{"start":{"line":28,"column":52},"end":{"line":28,"column":63}},"15":{"start":{"line":30,"column":4},"end":{"line":41,"column":5}},"16":{"start":{"line":31,"column":25},"end":{"line":31,"column":103}},"17":{"start":{"line":32,"column":8},"end":{"line":32,"column":95}},"18":{"start":{"line":32,"column":77},"end":{"line":32,"column":93}},"19":{"start":{"line":33,"column":8},"end":{"line":33,"column":63}},"20":{"start":{"line":35,"column":8},"end":{"line":35,"column":40}},"21":{"start":{"line":36,"column":8},"end":{"line":40,"column":9}},"22":{"start":{"line":37,"column":12},"end":{"line":37,"column":85}},"23":{"start":{"line":39,"column":12},"end":{"line":39,"column":68}},"24":{"start":{"line":46,"column":0},"end":{"line":63,"column":3}},"25":{"start":{"line":47,"column":36},"end":{"line":47,"column":47}},"26":{"start":{"line":48,"column":4},"end":{"line":48,"column":102}},"27":{"start":{"line":48,"column":33},"end":{"line":48,"column":102}},"28":{"start":{"line":50,"column":21},"end":{"line":54,"column":5}},"29":{"start":{"line":56,"column":4},"end":{"line":62,"column":5}},"30":{"start":{"line":57,"column":23},"end":{"line":57,"column":64}},"31":{"start":{"line":58,"column":8},"end":{"line":58,"column":44}},"32":{"start":{"line":60,"column":8},"end":{"line":60,"column":42}},"33":{"start":{"line":61,"column":8},"end":{"line":61,"column":60}},"34":{"start":{"line":66,"column":0},"end":{"line":78,"column":3}},"35":{"start":{"line":67,"column":4},"end":{"line":67,"column":87}},"36":{"start":{"line":67,"column":33},"end":{"line":67,"column":87}},"37":{"start":{"line":68,"column":4},"end":{"line":77,"column":5}},"38":{"start":{"line":69,"column":28},"end":{"line":72,"column":10}},"39":{"start":{"line":73,"column":8},"end":{"line":73,"column":58}},"40":{"start":{"line":75,"column":8},"end":{"line":75,"column":40}},"41":{"start":{"line":76,"column":8},"end":{"line":76,"column":57}},"42":{"start":{"line":81,"column":0},"end":{"line":115,"column":3}},"43":{"start":{"line":82,"column":4},"end":{"line":82,"column":91}},"44":{"start":{"line":82,"column":33},"end":{"line":82,"column":91}},"45":{"start":{"line":83,"column":20},"end":{"line":83,"column":59}},"46":{"start":{"line":84,"column":4},"end":{"line":114,"column":5}},"47":{"start":{"line":85,"column":25},"end":{"line":88,"column":10}},"48":{"start":{"line":89,"column":27},"end":{"line":89,"column":36}},"49":{"start":{"line":90,"column":30},"end":{"line":90,"column":32}},"50":{"start":{"line":91,"column":8},"end":{"line":109,"column":11}},"51":{"start":{"line":92,"column":25},"end":{"line":92,"column":49}},"52":{"start":{"line":93,"column":12},"end":{"line":93,"column":38}},"53":{"start":{"line":93,"column":31},"end":{"line":93,"column":38}},"54":{"start":{"line":94,"column":30},"end":{"line":94,"column":86}},"55":{"start":{"line":95,"column":12},"end":{"line":108,"column":13}},"56":{"start":{"line":96,"column":16},"end":{"line":99,"column":17}},"57":{"start":{"line":97,"column":38},"end":{"line":97,"column":106}},"58":{"start":{"line":98,"column":20},"end":{"line":98,"column":61}},"59":{"start":{"line":98,"column":54},"end":{"line":98,"column":61}},"60":{"start":{"line":100,"column":16},"end":{"line":100,"column":42}},"61":{"start":{"line":101,"column":16},"end":{"line":107,"column":19}},"62":{"start":{"line":110,"column":8},"end":{"line":110,"column":70}},"63":{"start":{"line":112,"column":8},"end":{"line":112,"column":42}},"64":{"start":{"line":113,"column":8},"end":{"line":113,"column":55}},"65":{"start":{"line":118,"column":0},"end":{"line":152,"column":3}},"66":{"start":{"line":119,"column":4},"end":{"line":119,"column":91}},"67":{"start":{"line":119,"column":33},"end":{"line":119,"column":91}},"68":{"start":{"line":120,"column":20},"end":{"line":120,"column":59}},"69":{"start":{"line":121,"column":4},"end":{"line":151,"column":5}},"70":{"start":{"line":122,"column":25},"end":{"line":125,"column":10}},"71":{"start":{"line":126,"column":27},"end":{"line":126,"column":36}},"72":{"start":{"line":127,"column":30},"end":{"line":127,"column":32}},"73":{"start":{"line":128,"column":8},"end":{"line":146,"column":11}},"74":{"start":{"line":129,"column":25},"end":{"line":129,"column":49}},"75":{"start":{"line":130,"column":28},"end":{"line":130,"column":40}},"76":{"start":{"line":131,"column":12},"end":{"line":131,"column":50}},"77":{"start":{"line":131,"column":43},"end":{"line":131,"column":50}},"78":{"start":{"line":132,"column":30},"end":{"line":132,"column":95}},"79":{"start":{"line":133,"column":12},"end":{"line":145,"column":13}},"80":{"start":{"line":134,"column":16},"end":{"line":137,"column":17}},"81":{"start":{"line":135,"column":38},"end":{"line":135,"column":115}},"82":{"start":{"line":136,"column":20},"end":{"line":136,"column":61}},"83":{"start":{"line":136,"column":54},"end":{"line":136,"column":61}},"84":{"start":{"line":138,"column":16},"end":{"line":138,"column":42}},"85":{"start":{"line":139,"column":16},"end":{"line":144,"column":19}},"86":{"start":{"line":147,"column":8},"end":{"line":147,"column":70}},"87":{"start":{"line":149,"column":8},"end":{"line":149,"column":42}},"88":{"start":{"line":150,"column":8},"end":{"line":150,"column":55}},"89":{"start":{"line":160,"column":0},"end":{"line":218,"column":3}},"90":{"start":{"line":161,"column":4},"end":{"line":161,"column":70}},"91":{"start":{"line":161,"column":30},"end":{"line":161,"column":70}},"92":{"start":{"line":163,"column":50},"end":{"line":163,"column":59}},"93":{"start":{"line":164,"column":30},"end":{"line":164,"column":51}},"94":{"start":{"line":166,"column":4},"end":{"line":217,"column":5}},"95":{"start":{"line":167,"column":84},"end":{"line":167,"column":121}},"96":{"start":{"line":168,"column":31},"end":{"line":192,"column":10}},"97":{"start":{"line":169,"column":12},"end":{"line":169,"column":68}},"98":{"start":{"line":169,"column":55},"end":{"line":169,"column":68}},"99":{"start":{"line":171,"column":31},"end":{"line":171,"column":52}},"100":{"start":{"line":172,"column":30},"end":{"line":172,"column":52}},"101":{"start":{"line":173,"column":24},"end":{"line":173,"column":60}},"102":{"start":{"line":174,"column":33},"end":{"line":174,"column":114}},"103":{"start":{"line":175,"column":34},"end":{"line":175,"column":55}},"104":{"start":{"line":176,"column":32},"end":{"line":176,"column":103}},"105":{"start":{"line":178,"column":31},"end":{"line":178,"column":43}},"106":{"start":{"line":179,"column":12},"end":{"line":185,"column":27}},"107":{"start":{"line":180,"column":26},"end":{"line":180,"column":51}},"108":{"start":{"line":181,"column":16},"end":{"line":184,"column":17}},"109":{"start":{"line":182,"column":36},"end":{"line":182,"column":70}},"110":{"start":{"line":183,"column":20},"end":{"line":183,"column":81}},"111":{"start":{"line":187,"column":28},"end":{"line":187,"column":32}},"112":{"start":{"line":188,"column":12},"end":{"line":188,"column":65}},"113":{"start":{"line":188,"column":47},"end":{"line":188,"column":65}},"114":{"start":{"line":189,"column":12},"end":{"line":189,"column":61}},"115":{"start":{"line":189,"column":43},"end":{"line":189,"column":61}},"116":{"start":{"line":191,"column":12},"end":{"line":191,"column":60}},"117":{"start":{"line":194,"column":27},"end":{"line":194,"column":72}},"118":{"start":{"line":195,"column":24},"end":{"line":203,"column":9}},"119":{"start":{"line":205,"column":8},"end":{"line":207,"column":9}},"120":{"start":{"line":206,"column":12},"end":{"line":206,"column":88}},"121":{"start":{"line":206,"column":76},"end":{"line":206,"column":85}},"122":{"start":{"line":209,"column":25},"end":{"line":209,"column":107}},"123":{"start":{"line":210,"column":8},"end":{"line":210,"column":65}},"124":{"start":{"line":211,"column":8},"end":{"line":211,"column":83}},"125":{"start":{"line":212,"column":8},"end":{"line":212,"column":26}},"126":{"start":{"line":215,"column":8},"end":{"line":215,"column":35}},"127":{"start":{"line":216,"column":8},"end":{"line":216,"column":39}},"128":{"start":{"line":221,"column":0},"end":{"line":256,"column":3}},"129":{"start":{"line":222,"column":4},"end":{"line":222,"column":79}},"130":{"start":{"line":222,"column":30},"end":{"line":222,"column":79}},"131":{"start":{"line":223,"column":21},"end":{"line":223,"column":62}},"132":{"start":{"line":224,"column":4},"end":{"line":224,"column":74}},"133":{"start":{"line":224,"column":19},"end":{"line":224,"column":74}},"134":{"start":{"line":226,"column":4},"end":{"line":255,"column":5}},"135":{"start":{"line":227,"column":27},"end":{"line":227,"column":59}},"136":{"start":{"line":228,"column":24},"end":{"line":228,"column":63}},"137":{"start":{"line":229,"column":8},"end":{"line":229,"column":90}},"138":{"start":{"line":229,"column":34},"end":{"line":229,"column":90}},"139":{"start":{"line":231,"column":26},"end":{"line":231,"column":27}},"140":{"start":{"line":232,"column":8},"end":{"line":250,"column":9}},"141":{"start":{"line":233,"column":32},"end":{"line":233,"column":43}},"142":{"start":{"line":234,"column":12},"end":{"line":234,"column":41}},"143":{"start":{"line":234,"column":32},"end":{"line":234,"column":41}},"144":{"start":{"line":236,"column":35},"end":{"line":236,"column":70}},"145":{"start":{"line":237,"column":36},"end":{"line":237,"column":68}},"146":{"start":{"line":239,"column":12},"end":{"line":249,"column":13}},"147":{"start":{"line":240,"column":16},"end":{"line":248,"column":33}},"148":{"start":{"line":241,"column":20},"end":{"line":246,"column":24}},"149":{"start":{"line":247,"column":20},"end":{"line":247,"column":34}},"150":{"start":{"line":251,"column":8},"end":{"line":251,"column":97}},"151":{"start":{"line":253,"column":8},"end":{"line":253,"column":41}},"152":{"start":{"line":254,"column":8},"end":{"line":254,"column":69}},"153":{"start":{"line":259,"column":0},"end":{"line":286,"column":3}},"154":{"start":{"line":260,"column":4},"end":{"line":260,"column":79}},"155":{"start":{"line":260,"column":30},"end":{"line":260,"column":79}},"156":{"start":{"line":261,"column":21},"end":{"line":261,"column":62}},"157":{"start":{"line":262,"column":4},"end":{"line":262,"column":90}},"158":{"start":{"line":262,"column":19},"end":{"line":262,"column":90}},"159":{"start":{"line":264,"column":4},"end":{"line":285,"column":5}},"160":{"start":{"line":265,"column":27},"end":{"line":265,"column":59}},"161":{"start":{"line":266,"column":25},"end":{"line":266,"column":69}},"162":{"start":{"line":267,"column":31},"end":{"line":267,"column":86}},"163":{"start":{"line":273,"column":12},"end":{"line":273,"column":67}},"164":{"start":{"line":275,"column":8},"end":{"line":280,"column":11}},"165":{"start":{"line":283,"column":8},"end":{"line":283,"column":46}},"166":{"start":{"line":284,"column":8},"end":{"line":284,"column":84}},"167":{"start":{"line":289,"column":0},"end":{"line":297,"column":3}},"168":{"start":{"line":290,"column":4},"end":{"line":290,"column":79}},"169":{"start":{"line":290,"column":30},"end":{"line":290,"column":79}},"170":{"start":{"line":291,"column":4},"end":{"line":296,"column":5}},"171":{"start":{"line":292,"column":24},"end":{"line":292,"column":78}},"172":{"start":{"line":293,"column":8},"end":{"line":293,"column":68}},"173":{"start":{"line":295,"column":8},"end":{"line":295,"column":50}},"174":{"start":{"line":300,"column":0},"end":{"line":308,"column":3}},"175":{"start":{"line":301,"column":4},"end":{"line":301,"column":106}},"176":{"start":{"line":301,"column":57},"end":{"line":301,"column":106}},"177":{"start":{"line":302,"column":4},"end":{"line":307,"column":5}},"178":{"start":{"line":303,"column":8},"end":{"line":303,"column":73}},"179":{"start":{"line":304,"column":8},"end":{"line":304,"column":36}},"180":{"start":{"line":306,"column":8},"end":{"line":306,"column":50}},"181":{"start":{"line":311,"column":0},"end":{"line":326,"column":3}},"182":{"start":{"line":312,"column":4},"end":{"line":312,"column":106}},"183":{"start":{"line":312,"column":57},"end":{"line":312,"column":106}},"184":{"start":{"line":313,"column":103},"end":{"line":313,"column":111}},"185":{"start":{"line":314,"column":4},"end":{"line":325,"column":5}},"186":{"start":{"line":315,"column":26},"end":{"line":321,"column":11}},"187":{"start":{"line":322,"column":8},"end":{"line":322,"column":47}},"188":{"start":{"line":324,"column":8},"end":{"line":324,"column":55}},"189":{"start":{"line":330,"column":0},"end":{"line":338,"column":3}},"190":{"start":{"line":331,"column":4},"end":{"line":331,"column":106}},"191":{"start":{"line":331,"column":57},"end":{"line":331,"column":106}},"192":{"start":{"line":332,"column":4},"end":{"line":337,"column":5}},"193":{"start":{"line":333,"column":26},"end":{"line":333,"column":106}},"194":{"start":{"line":334,"column":8},"end":{"line":334,"column":47}},"195":{"start":{"line":336,"column":8},"end":{"line":336,"column":57}},"196":{"start":{"line":341,"column":0},"end":{"line":349,"column":3}},"197":{"start":{"line":342,"column":4},"end":{"line":342,"column":106}},"198":{"start":{"line":342,"column":57},"end":{"line":342,"column":106}},"199":{"start":{"line":343,"column":4},"end":{"line":348,"column":5}},"200":{"start":{"line":344,"column":8},"end":{"line":344,"column":91}},"201":{"start":{"line":345,"column":8},"end":{"line":345,"column":36}},"202":{"start":{"line":347,"column":8},"end":{"line":347,"column":50}},"203":{"start":{"line":351,"column":0},"end":{"line":351,"column":24}}},"fnMap":{"0":{"name":"(anonymous_0)","decl":{"start":{"line":24,"column":60},"end":{"line":24,"column":61}},"loc":{"start":{"line":24,"column":80},"end":{"line":42,"column":1}},"line":24},"1":{"name":"(anonymous_1)","decl":{"start":{"line":32,"column":72},"end":{"line":32,"column":73}},"loc":{"start":{"line":32,"column":77},"end":{"line":32,"column":93}},"line":32},"2":{"name":"(anonymous_2)","decl":{"start":{"line":46,"column":22},"end":{"line":46,"column":23}},"loc":{"start":{"line":46,"column":42},"end":{"line":63,"column":1}},"line":46},"3":{"name":"(anonymous_3)","decl":{"start":{"line":66,"column":29},"end":{"line":66,"column":30}},"loc":{"start":{"line":66,"column":49},"end":{"line":78,"column":1}},"line":66},"4":{"name":"(anonymous_4)","decl":{"start":{"line":81,"column":32},"end":{"line":81,"column":33}},"loc":{"start":{"line":81,"column":52},"end":{"line":115,"column":1}},"line":81},"5":{"name":"(anonymous_5)","decl":{"start":{"line":91,"column":25},"end":{"line":91,"column":26}},"loc":{"start":{"line":91,"column":34},"end":{"line":109,"column":9}},"line":91},"6":{"name":"(anonymous_6)","decl":{"start":{"line":118,"column":31},"end":{"line":118,"column":32}},"loc":{"start":{"line":118,"column":51},"end":{"line":152,"column":1}},"line":118},"7":{"name":"(anonymous_7)","decl":{"start":{"line":128,"column":25},"end":{"line":128,"column":26}},"loc":{"start":{"line":128,"column":34},"end":{"line":146,"column":9}},"line":128},"8":{"name":"(anonymous_8)","decl":{"start":{"line":160,"column":32},"end":{"line":160,"column":33}},"loc":{"start":{"line":160,"column":52},"end":{"line":218,"column":1}},"line":160},"9":{"name":"(anonymous_9)","decl":{"start":{"line":168,"column":48},"end":{"line":168,"column":49}},"loc":{"start":{"line":168,"column":57},"end":{"line":192,"column":9}},"line":168},"10":{"name":"(anonymous_10)","decl":{"start":{"line":206,"column":71},"end":{"line":206,"column":72}},"loc":{"start":{"line":206,"column":76},"end":{"line":206,"column":85}},"line":206},"11":{"name":"(anonymous_11)","decl":{"start":{"line":221,"column":40},"end":{"line":221,"column":41}},"loc":{"start":{"line":221,"column":60},"end":{"line":256,"column":1}},"line":221},"12":{"name":"(anonymous_12)","decl":{"start":{"line":259,"column":38},"end":{"line":259,"column":39}},"loc":{"start":{"line":259,"column":58},"end":{"line":286,"column":1}},"line":259},"13":{"name":"(anonymous_13)","decl":{"start":{"line":289,"column":40},"end":{"line":289,"column":41}},"loc":{"start":{"line":289,"column":60},"end":{"line":297,"column":1}},"line":289},"14":{"name":"(anonymous_14)","decl":{"start":{"line":300,"column":40},"end":{"line":300,"column":41}},"loc":{"start":{"line":300,"column":60},"end":{"line":308,"column":1}},"line":300},"15":{"name":"(anonymous_15)","decl":{"start":{"line":311,"column":38},"end":{"line":311,"column":39}},"loc":{"start":{"line":311,"column":58},"end":{"line":326,"column":1}},"line":311},"16":{"name":"(anonymous_16)","decl":{"start":{"line":330,"column":44},"end":{"line":330,"column":45}},"loc":{"start":{"line":330,"column":64},"end":{"line":338,"column":1}},"line":330},"17":{"name":"(anonymous_17)","decl":{"start":{"line":341,"column":41},"end":{"line":341,"column":42}},"loc":{"start":{"line":341,"column":61},"end":{"line":349,"column":1}},"line":341}},"branchMap":{"0":{"loc":{"start":{"line":25,"column":4},"end":{"line":25,"column":91}},"type":"if","locations":[{"start":{"line":25,"column":4},"end":{"line":25,"column":91}},{"start":{},"end":{}}],"line":25},"1":{"loc":{"start":{"line":31,"column":87},"end":{"line":31,"column":102}},"type":"binary-expr","locations":[{"start":{"line":31,"column":87},"end":{"line":31,"column":96}},{"start":{"line":31,"column":100},"end":{"line":31,"column":102}}],"line":31},"2":{"loc":{"start":{"line":36,"column":8},"end":{"line":40,"column":9}},"type":"if","locations":[{"start":{"line":36,"column":8},"end":{"line":40,"column":9}},{"start":{"line":38,"column":15},"end":{"line":40,"column":9}}],"line":36},"3":{"loc":{"start":{"line":37,"column":48},"end":{"line":37,"column":81}},"type":"binary-expr","locations":[{"start":{"line":37,"column":48},"end":{"line":37,"column":61}},{"start":{"line":37,"column":65},"end":{"line":37,"column":81}}],"line":37},"4":{"loc":{"start":{"line":48,"column":4},"end":{"line":48,"column":102}},"type":"if","locations":[{"start":{"line":48,"column":4},"end":{"line":48,"column":102}},{"start":{},"end":{}}],"line":48},"5":{"loc":{"start":{"line":48,"column":8},"end":{"line":48,"column":31}},"type":"binary-expr","locations":[{"start":{"line":48,"column":8},"end":{"line":48,"column":16}},{"start":{"line":48,"column":20},"end":{"line":48,"column":31}}],"line":48},"6":{"loc":{"start":{"line":67,"column":4},"end":{"line":67,"column":87}},"type":"if","locations":[{"start":{"line":67,"column":4},"end":{"line":67,"column":87}},{"start":{},"end":{}}],"line":67},"7":{"loc":{"start":{"line":82,"column":4},"end":{"line":82,"column":91}},"type":"if","locations":[{"start":{"line":82,"column":4},"end":{"line":82,"column":91}},{"start":{},"end":{}}],"line":82},"8":{"loc":{"start":{"line":83,"column":21},"end":{"line":83,"column":44}},"type":"binary-expr","locations":[{"start":{"line":83,"column":21},"end":{"line":83,"column":38}},{"start":{"line":83,"column":42},"end":{"line":83,"column":44}}],"line":83},"9":{"loc":{"start":{"line":92,"column":25},"end":{"line":92,"column":49}},"type":"binary-expr","locations":[{"start":{"line":92,"column":25},"end":{"line":92,"column":43}},{"start":{"line":92,"column":47},"end":{"line":92,"column":49}}],"line":92},"10":{"loc":{"start":{"line":93,"column":12},"end":{"line":93,"column":38}},"type":"if","locations":[{"start":{"line":93,"column":12},"end":{"line":93,"column":38}},{"start":{},"end":{}}],"line":93},"11":{"loc":{"start":{"line":94,"column":50},"end":{"line":94,"column":65}},"type":"binary-expr","locations":[{"start":{"line":94,"column":50},"end":{"line":94,"column":59}},{"start":{"line":94,"column":63},"end":{"line":94,"column":65}}],"line":94},"12":{"loc":{"start":{"line":94,"column":70},"end":{"line":94,"column":84}},"type":"binary-expr","locations":[{"start":{"line":94,"column":70},"end":{"line":94,"column":78}},{"start":{"line":94,"column":82},"end":{"line":94,"column":84}}],"line":94},"13":{"loc":{"start":{"line":95,"column":12},"end":{"line":108,"column":13}},"type":"if","locations":[{"start":{"line":95,"column":12},"end":{"line":108,"column":13}},{"start":{},"end":{}}],"line":95},"14":{"loc":{"start":{"line":96,"column":16},"end":{"line":99,"column":17}},"type":"if","locations":[{"start":{"line":96,"column":16},"end":{"line":99,"column":17}},{"start":{},"end":{}}],"line":96},"15":{"loc":{"start":{"line":97,"column":57},"end":{"line":97,"column":72}},"type":"binary-expr","locations":[{"start":{"line":97,"column":57},"end":{"line":97,"column":66}},{"start":{"line":97,"column":70},"end":{"line":97,"column":72}}],"line":97},"16":{"loc":{"start":{"line":97,"column":76},"end":{"line":97,"column":90}},"type":"binary-expr","locations":[{"start":{"line":97,"column":76},"end":{"line":97,"column":84}},{"start":{"line":97,"column":88},"end":{"line":97,"column":90}}],"line":97},"17":{"loc":{"start":{"line":98,"column":20},"end":{"line":98,"column":61}},"type":"if","locations":[{"start":{"line":98,"column":20},"end":{"line":98,"column":61}},{"start":{},"end":{}}],"line":98},"18":{"loc":{"start":{"line":102,"column":25},"end":{"line":102,"column":39}},"type":"binary-expr","locations":[{"start":{"line":102,"column":25},"end":{"line":102,"column":33}},{"start":{"line":102,"column":37},"end":{"line":102,"column":39}}],"line":102},"19":{"loc":{"start":{"line":104,"column":26},"end":{"line":104,"column":41}},"type":"binary-expr","locations":[{"start":{"line":104,"column":26},"end":{"line":104,"column":35}},{"start":{"line":104,"column":39},"end":{"line":104,"column":41}}],"line":104},"20":{"loc":{"start":{"line":105,"column":25},"end":{"line":105,"column":39}},"type":"binary-expr","locations":[{"start":{"line":105,"column":25},"end":{"line":105,"column":33}},{"start":{"line":105,"column":37},"end":{"line":105,"column":39}}],"line":105},"21":{"loc":{"start":{"line":106,"column":26},"end":{"line":106,"column":41}},"type":"binary-expr","locations":[{"start":{"line":106,"column":26},"end":{"line":106,"column":35}},{"start":{"line":106,"column":39},"end":{"line":106,"column":41}}],"line":106},"22":{"loc":{"start":{"line":119,"column":4},"end":{"line":119,"column":91}},"type":"if","locations":[{"start":{"line":119,"column":4},"end":{"line":119,"column":91}},{"start":{},"end":{}}],"line":119},"23":{"loc":{"start":{"line":120,"column":21},"end":{"line":120,"column":44}},"type":"binary-expr","locations":[{"start":{"line":120,"column":21},"end":{"line":120,"column":38}},{"start":{"line":120,"column":42},"end":{"line":120,"column":44}}],"line":120},"24":{"loc":{"start":{"line":129,"column":25},"end":{"line":129,"column":49}},"type":"binary-expr","locations":[{"start":{"line":129,"column":25},"end":{"line":129,"column":43}},{"start":{"line":129,"column":47},"end":{"line":129,"column":49}}],"line":129},"25":{"loc":{"start":{"line":131,"column":12},"end":{"line":131,"column":50}},"type":"if","locations":[{"start":{"line":131,"column":12},"end":{"line":131,"column":50}},{"start":{},"end":{}}],"line":131},"26":{"loc":{"start":{"line":131,"column":16},"end":{"line":131,"column":41}},"type":"binary-expr","locations":[{"start":{"line":131,"column":16},"end":{"line":131,"column":24}},{"start":{"line":131,"column":28},"end":{"line":131,"column":41}}],"line":131},"27":{"loc":{"start":{"line":132,"column":33},"end":{"line":132,"column":54}},"type":"binary-expr","locations":[{"start":{"line":132,"column":33},"end":{"line":132,"column":48}},{"start":{"line":132,"column":52},"end":{"line":132,"column":54}}],"line":132},"28":{"loc":{"start":{"line":132,"column":76},"end":{"line":132,"column":93}},"type":"binary-expr","locations":[{"start":{"line":132,"column":76},"end":{"line":132,"column":87}},{"start":{"line":132,"column":91},"end":{"line":132,"column":93}}],"line":132},"29":{"loc":{"start":{"line":133,"column":12},"end":{"line":145,"column":13}},"type":"if","locations":[{"start":{"line":133,"column":12},"end":{"line":145,"column":13}},{"start":{},"end":{}}],"line":133},"30":{"loc":{"start":{"line":134,"column":16},"end":{"line":137,"column":17}},"type":"if","locations":[{"start":{"line":134,"column":16},"end":{"line":137,"column":17}},{"start":{},"end":{}}],"line":134},"31":{"loc":{"start":{"line":135,"column":41},"end":{"line":135,"column":62}},"type":"binary-expr","locations":[{"start":{"line":135,"column":41},"end":{"line":135,"column":56}},{"start":{"line":135,"column":60},"end":{"line":135,"column":62}}],"line":135},"32":{"loc":{"start":{"line":135,"column":82},"end":{"line":135,"column":99}},"type":"binary-expr","locations":[{"start":{"line":135,"column":82},"end":{"line":135,"column":93}},{"start":{"line":135,"column":97},"end":{"line":135,"column":99}}],"line":135},"33":{"loc":{"start":{"line":136,"column":20},"end":{"line":136,"column":61}},"type":"if","locations":[{"start":{"line":136,"column":20},"end":{"line":136,"column":61}},{"start":{},"end":{}}],"line":1
[...]
\Users\\user\\Desktop\\program\\web-order\\services\\stockAdapters\\restAdapter.js","statementMap":{"0":{"start":{"line":1,"column":20},"end":{"line":1,"column":44}},"1":{"start":{"line":5,"column":25},"end":{"line":5,"column":77}},"2":{"start":{"line":6,"column":8},"end":{"line":8,"column":9}},"3":{"start":{"line":7,"column":12},"end":{"line":7,"column":53}},"4":{"start":{"line":10,"column":23},"end":{"line":10,"column":96}},"5":{"start":{"line":11,"column":24},"end":{"line":15,"column":9}},"6":{"start":{"line":16,"column":28},"end":{"line":16,"column":72}},"7":{"start":{"line":18,"column":25},"end":{"line":22,"column":10}},"8":{"start":{"line":24,"column":8},"end":{"line":26,"column":9}},"9":{"start":{"line":25,"column":12},"end":{"line":25,"column":79}},"10":{"start":{"line":28,"column":8},"end":{"line":28,"column":37}},"11":{"start":{"line":32,"column":8},"end":{"line":32,"column":47}},"12":{"start":{"line":32,"column":37},"end":{"line":32,"column":47}},"13":{"start":{"line":33,"column":8},"end":{"line":45,"column":46}},"14":{"start":{"line":34,"column":25},"end":{"line":44,"column":13}},"15":{"start":{"line":45,"column":27},"end":{"line":45,"column":44}},"16":{"start":{"line":49,"column":8},"end":{"line":51,"column":9}},"17":{"start":{"line":50,"column":12},"end":{"line":50,"column":45}},"18":{"start":{"line":52,"column":8},"end":{"line":52,"column":85}},"19":{"start":{"line":56,"column":0},"end":{"line":56,"column":29}}},"fnMap":{"0":{"name":"(anonymous_0)","decl":{"start":{"line":4,"column":4},"end":{"line":4,"column":5}},"loc":{"start":{"line":4,"column":32},"end":{"line":29,"column":5}},"line":4},"1":{"name":"(anonymous_1)","decl":{"start":{"line":31,"column":4},"end":{"line":31,"column":5}},"loc":{"start":{"line":31,"column":34},"end":{"line":46,"column":5}},"line":31},"2":{"name":"(anonymous_2)","decl":{"start":{"line":34,"column":17},"end":{"line":34,"column":18}},"loc":{"start":{"line":34,"column":25},"end":{"line":44,"column":13}},"line":34},"3":{"name":"(anonymous_3)","decl":{"start":{"line":45,"column":20},"end":{"line":45,"column":21}},"loc":{"start":{"line":45,"column":27},"end":{"line":45,"column":44}},"line":45},"4":{"name":"(anonymous_4)","decl":{"start":{"line":48,"column":4},"end":{"line":48,"column":5}},"loc":{"start":{"line":48,"column":31},"end":{"line":53,"column":5}},"line":48}},"branchMap":{"0":{"loc":{"start":{"line":4,"column":15},"end":{"line":4,"column":30}},"type":"default-arg","locations":[{"start":{"line":4,"column":28},"end":{"line":4,"column":30}}],"line":4},"1":{"loc":{"start":{"line":5,"column":25},"end":{"line":5,"column":77}},"type":"binary-expr","locations":[{"start":{"line":5,"column":25},"end":{"line":5,"column":44}},{"start":{"line":5,"column":48},"end":{"line":5,"column":77}}],"line":5},"2":{"loc":{"start":{"line":6,"column":8},"end":{"line":8,"column":9}},"type":"if","locations":[{"start":{"line":6,"column":8},"end":{"line":8,"column":9}},{"start":{},"end":{}}],"line":6},"3":{"loc":{"start":{"line":10,"column":24},"end":{"line":10,"column":81}},"type":"binary-expr","locations":[{"start":{"line":10,"column":24},"end":{"line":10,"column":41}},{"start":{"line":10,"column":45},"end":{"line":10,"column":72}},{"start":{"line":10,"column":76},"end":{"line":10,"column":81}}],"line":10},"4":{"loc":{"start":{"line":13,"column":16},"end":{"line":13,"column":50}},"type":"binary-expr","locations":[{"start":{"line":13,"column":16},"end":{"line":13,"column":44}},{"start":{"line":13,"column":48},"end":{"line":13,"column":50}}],"line":13},"5":{"loc":{"start":{"line":14,"column":16},"end":{"line":14,"column":40}},"type":"binary-expr","locations":[{"start":{"line":14,"column":16},"end":{"line":14,"column":34}},{"start":{"line":14,"column":38},"end":{"line":14,"column":40}}],"line":14},"6":{"loc":{"start":{"line":16,"column":28},"end":{"line":16,"column":72}},"type":"binary-expr","locations":[{"start":{"line":16,"column":28},"end":{"line":16,"column":43}},{"start":{"line":16,"column":47},"end":{"line":16,"column":72}}],"line":16},"7":{"loc":{"start":{"line":21,"column":18},"end":{"line":21,"column":71}},"type":"cond-expr","locations":[{"start":{"line":21,"column":32},"end":{"line":21,"column":59}},{"start":{"line":21,"column":62},"end":{"line":21,"column":71}}],"line":21},"8":{"loc":{"start":{"line":24,"column":8},"end":{"line":26,"column":9}},"type":"if","locations":[{"start":{"line":24,"column":8},"end":{"line":26,"column":9}},{"start":{},"end":{}}],"line":24},"9":{"loc":{"start":{"line":31,"column":20},"end":{"line":31,"column":32}},"type":"default-arg","locations":[{"start":{"line":31,"column":30},"end":{"line":31,"column":32}}],"line":31},"10":{"loc":{"start":{"line":32,"column":8},"end":{"line":32,"column":47}},"type":"if","locations":[{"start":{"line":32,"column":8},"end":{"line":32,"column":47}},{"start":{},"end":{}}],"line":32},"11":{"loc":{"start":{"line":35,"column":29},"end":{"line":35,"column":56}},"type":"binary-expr","locations":[{"start":{"line":35,"column":29},"end":{"line":35,"column":44}},{"start":{"line":35,"column":48},"end":{"line":35,"column":56}}],"line":35},"12":{"loc":{"start":{"line":36,"column":26},"end":{"line":36,"column":98}},"type":"cond-expr","locations":[{"start":{"line":36,"column":58},"end":{"line":36,"column":70}},{"start":{"line":36,"column":73},"end":{"line":36,"column":98}}],"line":36},"13":{"loc":{"start":{"line":36,"column":73},"end":{"line":36,"column":98}},"type":"binary-expr","locations":[{"start":{"line":36,"column":73},"end":{"line":36,"column":93}},{"start":{"line":36,"column":97},"end":{"line":36,"column":98}}],"line":36},"14":{"loc":{"start":{"line":36,"column":80},"end":{"line":36,"column":92}},"type":"binary-expr","locations":[{"start":{"line":36,"column":80},"end":{"line":36,"column":87}},{"start":{"line":36,"column":91},"end":{"line":36,"column":92}}],"line":36},"15":{"loc":{"start":{"line":37,"column":29},"end":{"line":37,"column":83}},"type":"cond-expr","locations":[{"start":{"line":37,"column":64},"end":{"line":37,"column":79}},{"start":{"line":37,"column":82},"end":{"line":37,"column":83}}],"line":37},"16":{"loc":{"start":{"line":38,"column":28},"end":{"line":38,"column":79}},"type":"cond-expr","locations":[{"start":{"line":38,"column":60},"end":{"line":38,"column":74}},{"start":{"line":38,"column":77},"end":{"line":38,"column":79}}],"line":38},"17":{"loc":{"start":{"line":39,"column":25},"end":{"line":39,"column":73}},"type":"cond-expr","locations":[{"start":{"line":39,"column":53},"end":{"line":39,"column":66}},{"start":{"line":39,"column":69},"end":{"line":39,"column":73}}],"line":39},"18":{"loc":{"start":{"line":40,"column":31},"end":{"line":40,"column":54}},"type":"binary-expr","locations":[{"start":{"line":40,"column":31},"end":{"line":40,"column":48}},{"start":{"line":40,"column":52},"end":{"line":40,"column":54}}],"line":40},"19":{"loc":{"start":{"line":43,"column":27},"end":{"line":43,"column":88}},"type":"binary-expr","locations":[{"start":{"line":43,"column":27},"end":{"line":43,"column":40}},{"start":{"line":43,"column":44},"end":{"line":43,"column":60}},{"start":{"line":43,"column":64},"end":{"line":43,"column":88}}],"line":43},"20":{"loc":{"start":{"line":49,"column":8},"end":{"line":51,"column":9}},"type":"if","locations":[{"start":{"line":49,"column":8},"end":{"line":51,"column":9}},{"start":{},"end":{}}],"line":49}},"s":{"0":63,"1":0,"2":0,"3":0,"4":0,"5":0,"6":0,"7":0,"8":0,"9":0,"10":0,"11":0,"12":0,"13":0,"14":0,"15":0,"16":0,"17":0,"18":0,"19":63},"f":{"0":0,"1":0,"2":0,"3":0,"4":0},"b":{"0":[0],"1":[0,0],"2":[0,0],"3":[0,0,0],"4":[0,0],"5":[0,0],"6":[0,0],"7":[0,0],"8":[0,0],"9":[0],"10":[0,0],"11":[0,0],"12":[0,0],"13":[0,0],"14":[0,0],"15":[0,0],"16":[0,0],"17":[0,0],"18":[0,0],"19":[0,0,0],"20":[0,0]},"_coverageSchema":"1a1c01bbd47fc00a2c39e90264f33305004495a9","hash":"a0118901918dd6d65202e15d2838413d68cc0415"}
,"C:\\Users\\user\\Desktop\\program\\web-order\\utils\\excelReader.js": {"path":"C:\\Users\\user\\Desktop\\program\\web-order\\utils\\excelReader.js","statementMap":{"0":{"start":{"line":3,"column":16},"end":{"line":3,"column":34}},"1":{"start":{"line":12,"column":21},"end":{"line":12,"column":43}},"2":{"start":{"line":13,"column":4},"end":{"line":13,"column":37}},"3":{"start":{"line":14,"column":18},"end":{"line":16,"column":54}},"4":{"start":{"line":17,"column":4},"end":{"line":17,"column":26}},"5":{"start":{"line":17,"column":16},"end":{"line":17,"column":26}},"6":{"start":{"line":18,"column":17},"end":{"line":18,"column":19}},"7":{"start":{"line":19,"column":4},"end":{"line":23,"column":7}},"8":{"start":{"line":20,"column":23},"end":{"line":20,"column":33}},"9":{"start":{"line":21,"column":20},"end":{"line":21,"column":80}},"10":{"start":{"line":21,"column":55},"end":{"line":21,"column":73}},"11":{"start":{"line":22,"column":8},"end":{"line":22,"column":23}},"12":{"start":{"line":24,"column":4},"end":{"line":24,"column":16}},"13":{"start":{"line":34,"column":17},"end":{"line":37,"column":6}},"14":{"start":{"line":38,"column":4},"end":{"line":38,"column":35}},"15":{"start":{"line":38,"column":25},"end":{"line":38,"column":35}},"16":{"start":{"line":39,"column":19},"end":{"line":39,"column":69}},"17":{"start":{"line":40,"column":20},"end":{"line":40,"column":64}},"18":{"start":{"line":40,"column":37},"end":{"line":40,"column":63}},"19":{"start":{"line":41,"column":19},"end":{"line":41,"column":21}},"20":{"start":{"line":42,"column":4},"end":{"line":52,"column":5}},"21":{"start":{"line":42,"column":17},"end":{"line":42,"column":18}},"22":{"start":{"line":43,"column":20},"end":{"line":43,"column":27}},"23":{"start":{"line":44,"column":20},"end":{"line":44,"column":22}},"24":{"start":{"line":45,"column":8},"end":{"line":50,"column":11}},"25":{"start":{"line":46,"column":22},"end":{"line":46,"column":28}},"26":{"start":{"line":47,"column":12},"end":{"line":48,"column":47}},"27":{"start":{"line":47,"column":37},"end":{"line":47,"column":75}},"28":{"start":{"line":48,"column":17},"end":{"line":48,"column":47}},"29":{"start":{"line":48,"column":34},"end":{"line":48,"column":47}},"30":{"start":{"line":49,"column":12},"end":{"line":49,"column":27}},"31":{"start":{"line":51,"column":8},"end":{"line":51,"column":25}},"32":{"start":{"line":53,"column":4},"end":{"line":53,"column":18}},"33":{"start":{"line":62,"column":4},"end":{"line":62,"column":76}},"34":{"start":{"line":62,"column":64},"end":{"line":62,"column":76}},"35":{"start":{"line":64,"column":15},"end":{"line":64,"column":46}},"36":{"start":{"line":65,"column":14},"end":{"line":65,"column":26}},"37":{"start":{"line":66,"column":4},"end":{"line":66,"column":40}},"38":{"start":{"line":66,"column":28},"end":{"line":66,"column":40}},"39":{"start":{"line":67,"column":14},"end":{"line":67,"column":29}},"40":{"start":{"line":68,"column":14},"end":{"line":68,"column":55}},"41":{"start":{"line":69,"column":14},"end":{"line":69,"column":50}},"42":{"start":{"line":70,"column":4},"end":{"line":70,"column":28}},"43":{"start":{"line":79,"column":4},"end":{"line":79,"column":80}},"44":{"start":{"line":79,"column":35},"end":{"line":79,"column":80}},"45":{"start":{"line":80,"column":4},"end":{"line":80,"column":81}},"46":{"start":{"line":80,"column":39},"end":{"line":80,"column":81}},"47":{"start":{"line":81,"column":4},"end":{"line":81,"column":16}},"48":{"start":{"line":84,"column":0},"end":{"line":90,"column":2}}},"fnMap":{"0":{"name":"readToRowArrays","decl":{"start":{"line":11,"column":15},"end":{"line":11,"column":30}},"loc":{"start":{"line":11,"column":53},"end":{"line":25,"column":1}},"line":11},"1":{"name":"(anonymous_1)","decl":{"start":{"line":19,"column":18},"end":{"line":19,"column":19}},"loc":{"start":{"line":19,"column":38},"end":{"line":23,"column":5}},"line":19},"2":{"name":"(anonymous_2)","decl":{"start":{"line":21,"column":49},"end":{"line":21,"column":50}},"loc":{"start":{"line":21,"column":55},"end":{"line":21,"column":73}},"line":21},"3":{"name":"readToObjects","decl":{"start":{"line":33,"column":15},"end":{"line":33,"column":28}},"loc":{"start":{"line":33,"column":51},"end":{"line":54,"column":1}},"line":33},"4":{"name":"(anonymous_4)","decl":{"start":{"line":40,"column":32},"end":{"line":40,"column":33}},"loc":{"start":{"line":40,"column":37},"end":{"line":40,"column":63}},"line":40},"5":{"name":"(anonymous_5)","decl":{"start":{"line":45,"column":24},"end":{"line":45,"column":25}},"loc":{"start":{"line":45,"column":36},"end":{"line":50,"column":9}},"line":45},"6":{"name":"excelSerialToDateString","decl":{"start":{"line":61,"column":9},"end":{"line":61,"column":32}},"loc":{"start":{"line":61,"column":41},"end":{"line":71,"column":1}},"line":61},"7":{"name":"cellToDateString","decl":{"start":{"line":78,"column":9},"end":{"line":78,"column":25}},"loc":{"start":{"line":78,"column":37},"end":{"line":82,"column":1}},"line":78}},"branchMap":{"0":{"loc":{"start":{"line":11,"column":39},"end":{"line":11,"column":51}},"type":"default-arg","locations":[{"start":{"line":11,"column":49},"end":{"line":11,"column":51}}],"line":11},"1":{"loc":{"start":{"line":14,"column":18},"end":{"line":16,"column":54}},"type":"cond-expr","locations":[{"start":{"line":15,"column":10},"end":{"line":15,"column":98}},{"start":{"line":16,"column":10},"end":{"line":16,"column":54}}],"line":14},"2":{"loc":{"start":{"line":15,"column":10},"end":{"line":15,"column":98}},"type":"binary-expr","locations":[{"start":{"line":15,"column":10},"end":{"line":15,"column":50}},{"start":{"line":15,"column":54},"end":{"line":15,"column":98}}],"line":15},"3":{"loc":{"start":{"line":15,"column":74},"end":{"line":15,"column":97}},"type":"binary-expr","locations":[{"start":{"line":15,"column":74},"end":{"line":15,"column":92}},{"start":{"line":15,"column":96},"end":{"line":15,"column":97}}],"line":15},"4":{"loc":{"start":{"line":16,"column":30},"end":{"line":16,"column":53}},"type":"binary-expr","locations":[{"start":{"line":16,"column":30},"end":{"line":16,"column":48}},{"start":{"line":16,"column":52},"end":{"line":16,"column":53}}],"line":16},"5":{"loc":{"start":{"line":17,"column":4},"end":{"line":17,"column":26}},"type":"if","locations":[{"start":{"line":17,"column":4},"end":{"line":17,"column":26}},{"start":{},"end":{}}],"line":17},"6":{"loc":{"start":{"line":21,"column":20},"end":{"line":21,"column":80}},"type":"cond-expr","locations":[{"start":{"line":21,"column":29},"end":{"line":21,"column":75}},{"start":{"line":21,"column":78},"end":{"line":21,"column":80}}],"line":21},"7":{"loc":{"start":{"line":21,"column":55},"end":{"line":21,"column":73}},"type":"cond-expr","locations":[{"start":{"line":21,"column":67},"end":{"line":21,"column":69}},{"start":{"line":21,"column":72},"end":{"line":21,"column":73}}],"line":21},"8":{"loc":{"start":{"line":33,"column":37},"end":{"line":33,"column":49}},"type":"default-arg","locations":[{"start":{"line":33,"column":47},"end":{"line":33,"column":49}}],"line":33},"9":{"loc":{"start":{"line":35,"column":20},"end":{"line":35,"column":43}},"type":"binary-expr","locations":[{"start":{"line":35,"column":20},"end":{"line":35,"column":38}},{"start":{"line":35,"column":42},"end":{"line":35,"column":43}}],"line":35},"10":{"loc":{"start":{"line":38,"column":4},"end":{"line":38,"column":35}},"type":"if","locations":[{"start":{"line":38,"column":4},"end":{"line":38,"column":35}},{"start":{},"end":{}}],"line":38},"11":{"loc":{"start":{"line":39,"column":19},"end":{"line":39,"column":69}},"type":"cond-expr","locations":[{"start":{"line":39,"column":50},"end":{"line":39,"column":64}},{"start":{"line":39,"column":67},"end":{"line":39,"column":69}}],"line":39},"12":{"loc":{"start":{"line":40,"column":44},"end":{"line":40,"column":55}},"type":"binary-expr","locations":[{"start":{"line":40,"column":44},"end":{"line":40,"column":45}},{"start":{"line":40,"column":49},"end":{"line":40,"column":55}}],"line":40},"13":{"loc":{"start":{"line":47,"column":12},"end":{"line":48,"column":47}},"type":"if","locations":[{"start":{"line":47,"column":12},"end":{"line":48,"column":47}},{"start":{"line":48,"column":17},"end":{"line":48,"column":47}}],"line":47},"14":{"loc":{"start":{"line":48,"column":17},"end":{"line":48,"column":47}},"type":"if","locations":[{"start":{"line":48,"column":17},"end":{"line":48,"column":47}},{"start":{},"end":{}}],"line":48},"15":{"loc":{"start":{"line":62,"column":4},"end":{"line":62,"column":76}},"type":"if","locations":[{"start":{"line":62,"column":4},"end":{"line":62,"column":76}},{"start":{},"end":{}}],"line":62},"16":{"loc":{"start":{"line":62,"column":8},"end":{"line":62,"column":62}},"type":"binary-expr","locations":[{"start":{"line":62,"column":8},"end":{"line":62,"column":34}},{"start":{"line":62,"column":38},"end":{"line":62,"column":62}}],"line":62},"17":{"loc":{"start":{"line":66,"column":4},"end":{"line":66,"column":40}},"type":"if","locations":[{"start":{"line":66,"column":4},"end":{"line":66,"column":40}},{"start":{},"end":{}}],"line":66},"18":{"loc":{"start":{"line":79,"column":4},"end":{"line":79,"column":80}},"type":"if","locations":[{"start":{"line":79,"column":4},"end":{"line":79,"column":80}},{"start":{},"end":{}}],"line":79},"19":{"loc":{"start":{"line":80,"column":4},"end":{"line":80,"column":81}},"type":"if","locations":[{"start":{"line":80,"column":4},"end":{"line":80,"column":81}},{"start":{},"end":{}}],"line":80}},"s":{"0":64,"1":9,"2":9,"3":7,"4":7,"5":0,"6":7,"7":7,"8":10,"9":10,"10":34,"11":10,"12":7,"13":4,"14":3,"15":1,"16":2,"17":2,"18":5,"19":2,"20":2,"21":2,"22":2,"23":2,"24":2,"25":5,"26":5,"27":0,"28":5,"29":0,"30":5,"31":2,"32":2,"33":4,"34":2,"35":2,"36":2,"37":2,"38":0,"39":2,"40":2,"41":2,"42":2,"43":6,"44":1,"45":5,"46":1,"47":4,"48":64},"f":{"0":9,"1":10,"2":34,"3":4,"4":5,"5":5,"6":4,"7":6},"b":{"0":[3],"1":[2,5],"2":[2,0],"3":[0,0],"4":[5,2],"5":[0,7],"6":[10,0],"7":[0,34],"8":[2],"9":[4,4],"10":[1,2],"11":[1,1],"12":[5,0],"13":[0,5],"14":[0,5],"15":[2,2],"16":[4,3],"17":[0,2],"18":[1,5],"19":[1,4]},"_coverageSchema":"1a1c01bbd47fc00a2c39e90264f33305004495a9","hash":"b1addc696a456ccf55750d9f2690a8afd1bef3f9"}
,"C:\\Users\\user\\Desktop\\program\\web-order\\utils\\priceCalc.js": {"path":"C:\\Users\\user\\Desktop\\program\\web-order\\utils\\priceCalc.js","statementMap":{"0":{"start":{"line":10,"column":4},"end":{"line":12,"column":5}},"1":{"start":{"line":11,"column":8},"end":{"line":11,"column":46}},"2":{"start":{"line":15,"column":4},"end":{"line":17,"column":5}},"3":{"start":{"line":16,"column":8},"end":{"line":16,"column":40}},"4":{"start":{"line":20,"column":4},"end":{"line":20,"column":34}},"5":{"start":{"line":24,"column":0},"end":{"line":24,"column":41}}},"fnMap":{"0":{"name":"calculateFinalPrice","decl":{"start":{"line":8,"column":9},"end":{"line":8,"column":28}},"loc":{"start":{"line":8,"column":63},"end":{"line":21,"column":1}},"line":8}},"branchMap":{"0":{"loc":{"start":{"line":10,"column":4},"end":{"line":12,"column":5}},"type":"if","locations":[{"start":{"line":10,"column":4},"end":{"line":12,"column":5}},{"start":{},"end":{}}],"line":10},"1":{"loc":{"start":{"line":15,"column":4},"end":{"line":17,"column":5}},"type":"if","locations":[{"start":{"line":15,"column":4},"end":{"line":17,"column":5}},{"start":{},"end":{}}],"line":15},"2":{"loc":{"start":{"line":15,"column":8},"end":{"line":15,"column":62}},"type":"binary-expr","locations":[{"start":{"line":15,"column":8},"end":{"line":15,"column":12}},{"start":{"line":15,"column":16},"end":{"line":15,"column":34}},{"start":{"line":15,"column":38},"end":{"line":15,"column":62}}],"line":15},"3":{"loc":{"start":{"line":20,"column":11},"end":{"line":20,"column":33}},"type":"binary-expr","locations":[{"start":{"line":20,"column":11},"end":{"line":20,"column":28}},{"start":{"line":20,"column":32},"end":{"line":20,"column":33}}],"line":20}},"s":{"0":58,"1":36,"2":22,"3":17,"4":5,"5":63},"f":{"0":58},"b":{"0":[36,22],"1":[17,5],"2":[22,20,20],"3":[5,2]},"_coverageSchema":"1a1c01bbd47fc00a2c39e90264f33305004495a9","hash":"13f074f0a8a925502010a56d677d16b83c500436"}
}
