{"C:\\Users\\user\\Desktop\\program\\web-order\\middlewares\\validate.js": {"path":"C:\\Users\\user\\Desktop\\program\\web-order\\middlewares\\validate.js","statementMap":{"0":{"start":{"line":3,"column":21},"end":{"line":3,"column":35}},"1":{"start":{"line":5,"column":24},"end":{"line":5,"column":38}},"2":{"start":{"line":8,"column":17},"end":{"line":8,"column":19}},"3":{"start":{"line":9,"column":4},"end":{"line":24,"column":7}},"4":{"start":{"line":10,"column":25},"end":{"line":10,"column":92}},"5":{"start":{"line":11,"column":8},"end":{"line":19,"column":9}},"6":{"start":{"line":12,"column":12},"end":{"line":17,"column":15}},"7":{"start":{"line":13,"column":16},"end":{"line":16,"column":19}},"8":{"start":{"line":18,"column":12},"end":{"line":18,"column":19}},"9":{"start":{"line":20,"column":8},"end":{"line":23,"column":11}},"10":{"start":{"line":25,"column":4},"end":{"line":25,"column":16}},"11":{"start":{"line":29,"column":4},"end":{"line":48,"column":6}},"12":{"start":{"line":30,"column":8},"end":{"line":47,"column":9}},"13":{"start":{"line":31,"column":27},"end":{"line":31,"column":55}},"14":{"start":{"line":32,"column":12},"end":{"line":32,"column":30}},"15":{"start":{"line":33,"column":12},"end":{"line":33,"column":26}},"16":{"start":{"line":35,"column":12},"end":{"line":41,"column":13}},"17":{"start":{"line":36,"column":16},"end":{"line":40,"column":19}},"18":{"start":{"line":42,"column":12},"end":{"line":46,"column":15}},"19":{"start":{"line":52,"column":4},"end":{"line":71,"column":6}},"20":{"start":{"line":53,"column":8},"end":{"line":70,"column":9}},"21":{"start":{"line":54,"column":27},"end":{"line":54,"column":56}},"22":{"start":{"line":55,"column":12},"end":{"line":55,"column":31}},"23":{"start":{"line":56,"column":12},"end":{"line":56,"column":26}},"24":{"start":{"line":58,"column":12},"end":{"line":64,"column":13}},"25":{"start":{"line":59,"column":16},"end":{"line":63,"column":19}},"26":{"start":{"line":65,"column":12},"end":{"line":69,"column":15}},"27":{"start":{"line":75,"column":4},"end":{"line":94,"column":6}},"28":{"start":{"line":76,"column":8},"end":{"line":93,"column":9}},"29":{"start":{"line":77,"column":27},"end":{"line":77,"column":57}},"30":{"start":{"line":78,"column":12},"end":{"line":78,"column":32}},"31":{"start":{"line":79,"column":12},"end":{"line":79,"column":26}},"32":{"start":{"line":81,"column":12},"end":{"line":87,"column":13}},"33":{"start":{"line":82,"column":16},"end":{"line":86,"column":19}},"34":{"start":{"line":88,"column":12},"end":{"line":92,"column":15}},"35":{"start":{"line":97,"column":0},"end":{"line":101,"column":2}}},"fnMap":{"0":{"name":"formatZodErrors","decl":{"start":{"line":7,"column":9},"end":{"line":7,"column":24}},"loc":{"start":{"line":7,"column":54},"end":{"line":26,"column":1}},"line":7},"1":{"name":"(anonymous_1)","decl":{"start":{"line":9,"column":19},"end":{"line":9,"column":20}},"loc":{"start":{"line":9,"column":30},"end":{"line":24,"column":5}},"line":9},"2":{"name":"(anonymous_2)","decl":{"start":{"line":12,"column":31},"end":{"line":12,"column":32}},"loc":{"start":{"line":12,"column":40},"end":{"line":17,"column":13}},"line":12},"3":{"name":"validateBody","decl":{"start":{"line":28,"column":9},"end":{"line":28,"column":21}},"loc":{"start":{"line":28,"column":30},"end":{"line":49,"column":1}},"line":28},"4":{"name":"(anonymous_4)","decl":{"start":{"line":29,"column":11},"end":{"line":29,"column":12}},"loc":{"start":{"line":29,"column":31},"end":{"line":48,"column":5}},"line":29},"5":{"name":"validateQuery","decl":{"start":{"line":51,"column":9},"end":{"line":51,"column":22}},"loc":{"start":{"line":51,"column":31},"end":{"line":72,"column":1}},"line":51},"6":{"name":"(anonymous_6)","decl":{"start":{"line":52,"column":11},"end":{"line":52,"column":12}},"loc":{"start":{"line":52,"column":31},"end":{"line":71,"column":5}},"line":52},"7":{"name":"validateParams","decl":{"start":{"line":74,"column":9},"end":{"line":74,"column":23}},"loc":{"start":{"line":74,"column":32},"end":{"line":95,"column":1}},"line":74},"8":{"name":"(anonymous_8)","decl":{"start":{"line":75,"column":11},"end":{"line":75,"column":12}},"loc":{"start":{"line":75,"column":31},"end":{"line":94,"column":5}},"line":75}},"branchMap":{"0":{"loc":{"start":{"line":7,"column":33},"end":{"line":7,"column":52}},"type":"default-arg","locations":[{"start":{"line":7,"column":46},"end":{"line":7,"column":52}}],"line":7},"1":{"loc":{"start":{"line":10,"column":25},"end":{"line":10,"column":92}},"type":"cond-expr","locations":[{"start":{"line":10,"column":59},"end":{"line":10,"column":79}},{"start":{"line":10,"column":82},"end":{"line":10,"column":92}}],"line":10},"2":{"loc":{"start":{"line":10,"column":25},"end":{"line":10,"column":56}},"type":"binary-expr","locations":[{"start":{"line":10,"column":25},"end":{"line":10,"column":35}},{"start":{"line":10,"column":39},"end":{"line":10,"column":56}}],"line":10},"3":{"loc":{"start":{"line":11,"column":8},"end":{"line":19,"column":9}},"type":"if","locations":[{"start":{"line":11,"column":8},"end":{"line":19,"column":9}},{"start":{},"end":{}}],"line":11},"4":{"loc":{"start":{"line":11,"column":12},"end":{"line":11,"column":100}},"type":"binary-expr","locations":[{"start":{"line":11,"column":12},"end":{"line":11,"column":46}},{"start":{"line":11,"column":50},"end":{"line":11,"column":75}},{"start":{"line":11,"column":79},"end":{"line":11,"column":100}}],"line":11},"5":{"loc":{"start":{"line":14,"column":26},"end":{"line":14,"column":78}},"type":"cond-expr","locations":[{"start":{"line":14,"column":52},"end":{"line":14,"column":55}},{"start":{"line":14,"column":58},"end":{"line":14,"column":78}}],"line":14},"6":{"loc":{"start":{"line":31,"column":40},"end":{"line":31,"column":54}},"type":"binary-expr","locations":[{"start":{"line":31,"column":40},"end":{"line":31,"column":48}},{"start":{"line":31,"column":52},"end":{"line":31,"column":54}}],"line":31},"7":{"loc":{"start":{"line":35,"column":12},"end":{"line":41,"column":13}},"type":"if","locations":[{"start":{"line":35,"column":12},"end":{"line":41,"column":13}},{"start":{},"end":{}}],"line":35},"8":{"loc":{"start":{"line":54,"column":40},"end":{"line":54,"column":55}},"type":"binary-expr","locations":[{"start":{"line":54,"column":40},"end":{"line":54,"column":49}},{"start":{"line":54,"column":53},"end":{"line":54,"column":55}}],"line":54},"9":{"loc":{"start":{"line":58,"column":12},"end":{"line":64,"column":13}},"type":"if","locations":[{"start":{"line":58,"column":12},"end":{"line":64,"column":13}},{"start":{},"end":{}}],"line":58},"10":{"loc":{"start":{"line":77,"column":40},"end":{"line":77,"column":56}},"type":"binary-expr","locations":[{"start":{"line":77,"column":40},"end":{"line":77,"column":50}},{"start":{"line":77,"column":54},"end":{"line":77,"column":56}}],"line":77},"11":{"loc":{"start":{"line":81,"column":12},"end":{"line":87,"column":13}},"type":"if","locations":[{"start":{"line":81,"column":12},"end":{"line":87,"column":13}},{"start":{},"end":{}}],"line":81}},"s":{"0":63,"1":63,"2":11,"3":11,"4":11,"5":11,"6":7,"7":7,"8":7,"9":4,"10":11,"11":434,"12":1742,"13":1742,"14":1734,"15":1734,"16":8,"17":8,"18":0,"19":1,"20":4,"21":4,"22":2,"23":2,"24":2,"25":2,"26":0,"27":2,"28":2,"29":2,"30":1,"31":1,"32":1,"33":1,"34":0,"35":63},"f":{"0":11,"1":11,"2":7,"3":434,"4":1742,"5":1,"6":4,"7":2,"8":2},"b":{"0":[0],"1":[6,5],"2":[11,11],"3":[7,4],"4":[11,7,7],"5":[5,2],"6":[1742,0],"7":[8,0],"8":[4,0],"9":[2,0],"10":[2,0],"11":[1,0]},"_coverageSchema":"1a1c01bbd47fc00a2c39e90264f33305004495a9","hash":"238e9282366f509863e4be54f3761950d2ee1601"}
,"C:\\Users\\user\\Desktop\\program\\web-order\\routes\\admin-api.js": {"path":"C:\\Users\\user\\Desktop\\program\\web-order\\routes\\admin-api.js","statementMap":{"0":{"start":{"line":3,"column":16},"end":{"line":3,"column":34}},"1":{"start":{"line":4,"column":15},"end":{"line":4,"column":31}},"2":{"start":{"line":7,"column":23},"end":{"line":7,"column":60}},"3":{"start":{"line":8,"column":24},"end":{"line":8,"column":62}},"4":{"start":{"line":9,"column":21},"end":{"line":9,"column":56}},"5":{"start":{"line":10,"column":21},"end":{"line":10,"column":56}},"6":{"start":{"line":13,"column":28},"end":{"line":13,"column":70}},"7":{"start":{"line":14,"column":19},"end":{"line":14,"column":52}},"8":{"start":{"line":15,"column":21},"end":{"line":15,"column":56}},"9":{"start":{"line":16,"column":26},"end":{"line":16,"column":62}},"10":{"start":{"line":17,"column":24},"end":{"line":17,"column":62}},"11":{"start":{"line":18,"column":20},"end":{"line":18,"column":54}},"12":{"start":{"line":19,"column":20},"end":{"line":19,"column":51}},"13":{"start":{"line":20,"column":15},"end":{"line":20,"column":32}},"14":{"start":{"line":21,"column":11},"end":{"line":21,"column":33}},"15":{"start":{"line":22,"column":13},"end":{"line":22,"column":28}},"16":{"start":{"line":23,"column":19},"end":{"line":23,"column":40}},"17":{"start":{"line":24,"column":15},"end":{"line":24,"column":34}},"18":{"start":{"line":25,"column":25},"end":{"line":25,"column":59}},"19":{"start":{"line":31,"column":4},"end":{"line":31,"column":43}},"20":{"start":{"line":33,"column":23},"end":{"line":33,"column":44}},"21":{"start":{"line":34,"column":27},"end":{"line":34,"column":55}},"22":{"start":{"line":35,"column":28},"end":{"line":35,"column":30}},"23":{"start":{"line":36,"column":28},"end":{"line":36,"column":57}},"24":{"start":{"line":37,"column":32},"end":{"line":37,"column":46}},"25":{"start":{"line":40,"column":4},"end":{"line":45,"column":5}},"26":{"start":{"line":41,"column":21},"end":{"line":41,"column":68}},"27":{"start":{"line":42,"column":8},"end":{"line":42,"column":32}},"28":{"start":{"line":44,"column":8},"end":{"line":44,"column":18}},"29":{"start":{"line":49,"column":4},"end":{"line":49,"column":74}},"30":{"start":{"line":53,"column":4},"end":{"line":58,"column":7}},"31":{"start":{"line":54,"column":8},"end":{"line":57,"column":11}},"32":{"start":{"line":55,"column":12},"end":{"line":55,"column":40}},"33":{"start":{"line":55,"column":21},"end":{"line":55,"column":40}},"34":{"start":{"line":56,"column":12},"end":{"line":56,"column":22}},"35":{"start":{"line":62,"column":4},"end":{"line":67,"column":7}},"36":{"start":{"line":63,"column":8},"end":{"line":66,"column":11}},"37":{"start":{"line":64,"column":12},"end":{"line":64,"column":40}},"38":{"start":{"line":64,"column":21},"end":{"line":64,"column":40}},"39":{"start":{"line":65,"column":12},"end":{"line":65,"column":22}},"40":{"start":{"line":74,"column":4},"end":{"line":76,"column":5}},"41":{"start":{"line":75,"column":8},"end":{"line":75,"column":63}},"42":{"start":{"line":77,"column":4},"end":{"line":77,"column":11}},"43":{"start":{"line":85,"column":0},"end":{"line":117,"column":3}},"44":{"start":{"line":86,"column":4},"end":{"line":116,"column":5}},"45":{"start":{"line":87,"column":25},"end":{"line":87,"column":60}},"46":{"start":{"line":88,"column":25},"end":{"line":88,"column":60}},"47":{"start":{"line":89,"column":31},"end":{"line":97,"column":9}},"48":{"start":{"line":98,"column":29},"end":{"line":98,"column":88}},"49":{"start":{"line":99,"column":30},"end":{"line":99,"column":80}},"50":{"start":{"line":100,"column":26},"end":{"line":100,"column":50}},"51":{"start":{"line":101,"column":33},"end":{"line":101,"column":128}},"52":{"start":{"line":102,"column":35},"end":{"line":104,"column":16}},"53":{"start":{"line":105,"column":31},"end":{"line":105,"column":72}},"54":{"start":{"line":106,"column":8},"end":{"line":113,"column":11}},"55":{"start":{"line":115,"column":8},"end":{"line":115,"column":58}},"56":{"start":{"line":120,"column":0},"end":{"line":167,"column":3}},"57":{"start":{"line":121,"column":4},"end":{"line":166,"column":5}},"58":{"start":{"line":122,"column":29},"end":{"line":122,"column":66}},"59":{"start":{"line":123,"column":35},"end":{"line":123,"column":83}},"60":{"start":{"line":124,"column":25},"end":{"line":124,"column":60}},"61":{"start":{"line":125,"column":25},"end":{"line":125,"column":60}},"62":{"start":{"line":126,"column":21},"end":{"line":126,"column":40}},"63":{"start":{"line":127,"column":24},"end":{"line":127,"column":39}},"64":{"start":{"line":128,"column":28},"end":{"line":130,"column":69}},"65":{"start":{"line":131,"column":25},"end":{"line":145,"column":9}},"66":{"start":{"line":146,"column":26},"end":{"line":146,"column":50}},"67":{"start":{"line":147,"column":8},"end":{"line":163,"column":11}},"68":{"start":{"line":165,"column":8},"end":{"line":165,"column":58}},"69":{"start":{"line":170,"column":0},"end":{"line":180,"column":3}},"70":{"start":{"line":171,"column":4},"end":{"line":179,"column":5}},"71":{"start":{"line":172,"column":24},"end":{"line":172,"column":32}},"72":{"start":{"line":173,"column":8},"end":{"line":173,"column":54}},"73":{"start":{"line":175,"column":8},"end":{"line":175,"column":83}},"74":{"start":{"line":175,"column":47},"end":{"line":175,"column":83}},"75":{"start":{"line":176,"column":8},"end":{"line":176,"column":58}},"76":{"start":{"line":178,"column":8},"end":{"line":178,"column":71}},"77":{"start":{"line":185,"column":0},"end":{"line":205,"column":3}},"78":{"start":{"line":186,"column":4},"end":{"line":204,"column":5}},"79":{"start":{"line":187,"column":21},"end":{"line":187,"column":63}},"80":{"start":{"line":188,"column":21},"end":{"line":188,"column":37}},"81":{"start":{"line":189,"column":8},"end":{"line":191,"column":9}},"82":{"start":{"line":190,"column":12},"end":{"line":190,"column":86}},"83":{"start":{"line":192,"column":22},"end":{"line":192,"column":29}},"84":{"start":{"line":193,"column":8},"end":{"line":198,"column":11}},"85":{"start":{"line":200,"column":8},"end":{"line":202,"column":9}},"86":{"start":{"line":201,"column":12},"end":{"line":201,"column":86}},"87":{"start":{"line":203,"column":8},"end":{"line":203,"column":64}},"88":{"start":{"line":207,"column":0},"end":{"line":240,"column":3}},"89":{"start":{"line":208,"column":4},"end":{"line":239,"column":5}},"90":{"start":{"line":209,"column":51},"end":{"line":209,"column":59}},"91":{"start":{"line":210,"column":19},"end":{"line":210,"column":21}},"92":{"start":{"line":211,"column":8},"end":{"line":216,"column":9}},"93":{"start":{"line":212,"column":25},"end":{"line":212,"column":67}},"94":{"start":{"line":213,"column":12},"end":{"line":213,"column":36}},"95":{"start":{"line":215,"column":12},"end":{"line":215,"column":45}},"96":{"start":{"line":215,"column":37},"end":{"line":215,"column":45}},"97":{"start":{"line":217,"column":8},"end":{"line":217,"column":44}},"98":{"start":{"line":217,"column":34},"end":{"line":217,"column":44}},"99":{"start":{"line":219,"column":20},"end":{"line":219,"column":35}},"100":{"start":{"line":220,"column":8},"end":{"line":226,"column":9}},"101":{"start":{"line":221,"column":12},"end":{"line":223,"column":13}},"102":{"start":{"line":222,"column":16},"end":{"line":222,"column":87}},"103":{"start":{"line":224,"column":12},"end":{"line":224,"column":60}},"104":{"start":{"line":225,"column":12},"end":{"line":225,"column":27}},"105":{"start":{"line":228,"column":8},"end":{"line":228,"column":32}},"106":{"start":{"line":229,"column":8},"end":{"line":229,"column":50}},"107":{"start":{"line":229,"column":32},"end":{"line":229,"column":50}},"108":{"start":{"line":230,"column":8},"end":{"line":230,"column":80}},"109":{"start":{"line":230,"column":33},"end":{"line":230,"column":80}},"110":{"start":{"line":231,"column":8},"end":{"line":233,"column":9}},"111":{"start":{"line":232,"column":12},"end":{"line":232,"column":76}},"112":{"start":{"line":235,"column":8},"end":{"line":235,"column":83}},"113":{"start":{"line":236,"column":8},"end":{"line":236,"column":64}},"114":{"start":{"line":238,"column":8},"end":{"line":238,"column":77}},"115":{"start":{"line":247,"column":0},"end":{"line":252,"column":3}},"116":{"start":{"line":248,"column":4},"end":{"line":251,"column":65}},"117":{"start":{"line":249,"column":23},"end":{"line":249,"column":64}},"118":{"start":{"line":250,"column":8},"end":{"line":250,"column":25}},"119":{"start":{"line":251,"column":18},"end":{"line":251,"column":63}},"120":{"start":{"line":255,"column":0},"end":{"line":260,"column":3}},"121":{"start":{"line":256,"column":4},"end":{"line":259,"column":65}},"122":{"start":{"line":257,"column":21},"end":{"line":257,"column":58}},"123":{"start":{"line":258,"column":8},"end":{"line":258,"column":23}},"124":{"start":{"line":259,"column":18},"end":{"line":259,"column":63}},"125":{"start":{"line":263,"column":0},"end":{"line":268,"column":3}},"126":{"start":{"line":264,"column":4},"end":{"line":267,"column":65}},"127":{"start":{"line":265,"column":23},"end":{"line":265,"column":67}},"128":{"start":{"line":266,"column":8},"end":{"line":266,"column":25}},"129":{"start":{"line":267,"column":18},"end":{"line":267,"column":63}},"130":{"start":{"line":271,"column":0},"end":{"line":279,"column":3}},"131":{"start":{"line":272,"column":4},"end":{"line":278,"column":5}},"132":{"start":{"line":273,"column":23},"end":{"line":273,"column":79}},"133":{"start":{"line":274,"column":8},"end":{"line":274,"column":25}},"134":{"start":{"line":276,"column":8},"end":{"line":276,"column":25}},"135":{"start":{"line":277,"column":8},"end":{"line":277,"column":57}},"136":{"start":{"line":282,"column":0},"end":{"line":292,"column":3}},"137":{"start":{"line":283,"column":4},"end":{"line":291,"column":5}},"138":{"start":{"line":284,"column":23},"end":{"line":284,"column":70}},"139":{"start":{"line":285,"column":8},"end":{"line":285,"column":107}},"140":{"start":{"line":286,"column":8},"end":{"line":286,"column":100}},"141":{"start":{"line":287,"column":8},"end":{"line":287,"column":38}},"142":{"start":{"line":289,"column":8},"end":{"line":289,"column":59}},"143":{"start":{"line":290,"column":8},"end":{"line":290,"column":78}},"144":{"start":{"line":295,"column":0},"end":{"line":306,"column":3}},"145":{"start":{"line":296,"column":4},"end":{"line":305,"column":5}},"146":{"start":{"line":297,"column":23},"end":{"line":297,"column":74}},"147":{"start":{"line":298,"column":25},"end":{"line":298,"column":87}},"148":{"start":{"line":299,"column":8},"end":{"line":299,"column":107}},"149":{"start":{"line":300,"column":8},"end":{"line":300,"column":83}},"150":{"start":{"line":301,"column":8},"end":{"line":301,"column":38}},"151":{"start":{"line":303,"column":8},"end":{"line":303,"column":57}},"152":{"start":{"line":304,"column":8},"end":{"line":304,"column":75}},"153":{"start":{"line":314,"column":0},"end":{"line":326,"column":3}},"154":{"start":{"line":315,"column":4},"end":{"line":325,"column":5}},"155":{"start":{"line":316,"column":24},"end":{"line":316,"column":47}},"156":{"start":{"line":317,"column":21},"end":{"line":317,"column":50}},"157":{"start":{"line":320,"column":23},"end":{"line":320,"column":75}},"158":{"start":{"line":321,"column":8},"end":{"line":321,"column":25}},"159":{"start":{"line":323,"column":8},"end":{"line":323,"column":50}},"160":{"start":{"line":324,"column":8},"end":{"line":324,"column":50}},"161":{"start":{"line":329,"column":0},"end":{"line":334,"column":3}},"162":{"start":{"line":330,"column":4},"end":{"line":333,"column":81}},"163":{"start":{"line":331,"column":23},"end":{"line":331,"column":66}},"164":{"start":{"line":332,"column":8},"end":{"line":332,"column":25}},"165":{"start":{"line":333,"column":18},"end":{"line":333,"column":79}},"166":{"start":{"line":336,"column":0},"end":{"line":341,"column":3}},"167":{"start":{"line":337,"column":4},"end":{"line":340,"column":81}},"168":{"start":{"line":338,"column":23},"end":{"line":338,"column":69}},"169":{"start":{"line":339,"column":8},"end":{"line":339,"column":25}},"170":{"start":{"line":340,"column":18},"end":{"line":340,"column":79}},"171":{"start":{"line":344,"column":0},"end":{"line":387,"column":3}},"172":{"start":{"line":345,"column":44},"end":{"line":345,"column":52}},"173":{"start":{"line":346,"column":4},"end":{"line":348,"column":5}},"174":{"start":{"line":347,"column":8},"end":{"line":347,"column":71}},"175":{"start":{"line":350,"column":4},"end":{"line":386,"column":5}},"176":{"start":{"line":351,"column":25},"end":{"line":351,"column":74}},"177":{"start":{"line":352,"column":8},"end":{"line":354,"column":9}},"178":{"start":{"line":353,"column":12},"end":{"line":353,"column":71}},"179":{"start":{"line":355,"column":8},"end":{"line":357,"column":9}},"180":{"start":{"line":356,"column":12},"end":{"line":356,"column":104}},"181":{"start":{"line":359,"column":29},"end":{"line":359,"column":66}},"182":{"start":{"line":360,"column":23},"end":{"line":360,"column":93}},"183":{"start":{"line":361,"column":8},"end":{"line":363,"column":9}},"184":{"start":{"line":362,"column":12},"end":{"line":362,"column":73}},"185":{"start":{"line":366,"column":21},"end":{"line":366,"column":23}},"186":{"start":{"line":367,"column":8},"end":{"line":370,"column":36}},"187":{"start":{"line":368,"column":25},"end":{"line":368,"column":71}},"188":{"start":{"line":369,"column":12},"end":{"line":369,"column":38}},"189":{"start":{"line":370,"column":22},"end":{"line":370,"column":34}},"190":{"start":{"line":371,"column":8},"end":{"line":371,"column":79}},"191":{"start":{"line":372,"column":8},"end":{"line":372,"column":80}},"192":{"start":{"line":374,"column":24},"end":{"line":374,"column":62}},"193":{"start":{"line":375,"column":26},"end":{"line":375,"column":126}},"194":{"start":{"line":376,"column":27},"end":{"line":376,"column":114}},"195":{"start":{"line":378,"column":8},"end":{"line":382,"column":9}},"196":{"start":{"line":379,"column":12},"end":{"line":379,"column":85}},"197":{"start":{"line":381,"column":12},"end":{"line":381,"column":88}},"198":{"start":{"line":384,"column":8},"end":{"line":384,"column":53}},"199":{"start":{"line":385,"column":8},"end":{"line":385,"column":89}},"200":{"start":{"line":390,"column":0},"end":{"line":416,"column":3}},"201":{"start":{"line":391,"column":27},"end":{"line":391,"column":35}},"202":{"start":{"line":392,"column":4},"end":{"line":394,"column":5}},"203":{"start":{"line":393,"column":8},"end":{"line":393,"column":82}},"204":{"start":{"line":395,"column":4},"end":{"line":415,"column":5}},"205":{"start":{"line":396,"column":25},"end":{"line":396,"column":74}},"206":{"start":{"line":397,"column":8},"end":{"line":399,"column":9}},"207":{"start":{"line":398,"column":12},"end":{"line":398,"column":71}},"208":{"start":{"line":400,"column":25},"end":{"line":400,"column":50}},"209":{"start":{"line":401,"column":8},"end":{"line":405,"column":10}},"210":{"start":{"line":406,"column":8},"end":{"line":406,"column":42}},"211":{"start":{"line":407,"column":8},"end":{"line":407,"column":77}},"212":{"start":{"line":408,"column":8},"end":{"line":411,"column":11}},"213":{"start":{"line":413,"column":8},"end":{"line":413,"column":49}},"214":{"start":{"line":414,"column":8},"end":{"line":414,"column":84}},"215":{"start":{"line":419,"column":0},"end":{"line":440,"column":3}},"216":{"start":{"line":420,"column":23},"end":{"line":420,"column":43}},"217":{"start":{"line":421,"column":4},"end":{"line":423,"column":5}},"218":{"start":{"line":422,"column":8},"end":{"line":422,"column":44}},"219":{"start":{"line":424,"column":4},"end":{"line":439,"column":5}},"220":{"start":{"line":425,"column":25},"end":{"line":425,"column":50}},"221":{"start":{"line":426,"column":18},"end":{"line":426,"column":38}},"222":{"start":{"line":427,"column":8},"end":{"line":427,"column":52}},"223":{"start":{"line":427,"column":16},"end":{"line":427,"column":52}},"224":{"start":{"line":428,"column":8},"end":{"line":432,"column":9}},"225":{"start":{"line":429,"column":12},"end":{"line":429,"column":40}},"226":{"start":{"line":430,"column":12},"end":{"line":430,"column":46}},"227":{"start":{"line":431,"column":12},"end":{"line":431,"column":48}},"228":{"start":{"line":433,"column":8},"end":{"line":435,"column":9}},"229":{"start":{"line":434,"column":12},"end":{"line":434,"column":52}},"230":{"start":{"line":436,"column":8},"end":{"line":436,"column":47}},"231":{"start":{"line":438,"column":8},"end":{"line":438,"column":44}},"232":{"start":{"line":443,"column":0},"end":{"line":513,"column":3}},"233":{"start":{"line":444,"column":27},"end":{"line":444,"column":35}},"234":{"start":{"line":445,"column":4},"end":{"line":447,"column":5}},"235":{"start":{"line":446,"column":8},"end":{"line":446,"column":82}},"236":{"start":{"line":448,"column":4},"end":{"line":512,"column":5}},"237":{"start":{"line":449,"column":25},"end":{"line":449,"column":50}},"238":{"start":{"line":450,"column":18},"end":{"line":450,"column":38}},"239":{"start":{"line":451,"column":8},"end":{"line":456,"column":9}},"240":{"start":{"line":452,"column":12},"end":{"line":455,"column":15}},"241":{"start":{"line":457,"column":8},"end":{"line":461,"column":9}},"242":{"start":{"line":458,"column":12},"end":{"line":458,"column":40}},"243":{"start":{"line":459,"column":12},"end":{"line":459,"column":46}},"244":{"start":{"line":460,"column":12},"end":{"line":460,"column":92}},"245":{"start":{"line":462,"column":25},"end":{"line":462,"column":74}},"246":{"start":{"line":463,"column":8},"end":{"line":467,"column":9}},"247":{"start":{"line":464,"column":12},"end":{"line":464,"column":40}},"248":{"start":{"line":465,"column":12},"end":{"line":465,"column":46}},"249":{"start":{"line":466,"column":12},"end":{"line":466,"column":71}},"250":{"start":{"line":468,"column":8},"end":{"line":468,"column":36}},"251":{"start":{"line":469,"column":8},"end":{"line":469,"column":42}},"252":{"start":{"line":470,"column":33},"end":{"line":476,"column":18}},"253":{"start":{"line":477,"column":27},"end":{"line":480,"column":9}},"254":{"start":{"line":482,"column":8},"end":{"line":482,"column":37}},"255":{"start":{"line":484,"column":8},"end":{"line":484,"column":49}},"256":{"start":{"line":485,"column":8},"end":{"line":485,"column":53}},"257":{"start":{"line":487,"column":8},"end":{"line":495,"column":9}},"258":{"start":{"line":488,"column":12},"end":{"line":488,"column":75}},"259":{"start":{"line":489,"column":12},"end":{"line":489,"column":79}},"260":{"start":{"line":490,"column":12},"end":{"line":490,"column":73}},"261":{"start":{"line":492,"column":12},"end":{"line":492,"column":52}},"262":{"start":{"line":493,"column":12},"end":{"line":493,"column":54}},"263":{"start":{"line":494,"column":12},"end":{"line":494,"column":51}},"264":{"start":{"line":496,"column":8},"end":{"line":496,"column":82}},"265":{"start":{"line":497,"column":8},"end":{"line":497,"column":53}},"266":{"start":{"line":498,"column":8},"end":{"line":498,"column":80}},"267":{"start":{"line":499,"column":8},"end":{"line":499,"column":57}},"268":{"start":{"line":500,"column":8},"end":{"line":500,"column":46}},"269":{"start":{"line":501,"column":8},"end":{"line":508,"column":9}},"270":{"start":{"line":502,"column":12},"end":{"line":502,"column":35}},"271":{"start":{"line":503,"column":12},"end":{"line":503,"column":88}},"272":{"start":{"line":504,"column":12},"end":{"line":504,"column":71}},"273":{"start":{"line":506,"column":12},"end":{"line":506,"column":68}},"274":{"start":{"line":507,"column":12},"end":{"line":507,"column":87}},"275":{"start":{"line":510,"column":8},"end":{"line":510,"column":47}},"276":{"start":{"line":511,"column":8},"end":{"line":511,"column":84}},"277":{"start":{"line":516,"column":0},"end":{"line":543,"column":3}},"278":{"start":{"line":517,"column":4},"end":{"line":519,"column":5}},"279":{"start":{"line":518,"column":8},"end":{"line":518,"column":83}},"280":{"start":{"line":521,"column":4},"end":{"line":532,"column":5}},"281":{"start":{"line":522,"column":8},"end":{"line":522,"column":66}},"282":{"start":{"line":523,"column":8},"end":{"line":523,"column":106}},"283":{"start":{"line":524,"column":8},"end":{"line":524,"column":70}},"284":{"start":{"line":525,"column":8},"end":{"line":525,"column":48}},"285":{"start":{"line":526,"column":8},"end":{"line":526,"column":50}},"286":{"start":{"line":527,"column":8},"end":{"line":527,"column":47}},"287":{"start":{"line":529,"column":8},"end":{"line":529,"column":38}},"288":{"start":{"line":530,"column":8},"end":{"line":530,"column":40}},"289":{"start":{"line":531,"column":8},"end":{"line":531,"column":37}},"290":{"start":{"line":533,"column":4},"end":{"line":533,"column":36}},"291":{"start":{"line":534,"column":4},"end":{"line":534,"column":36}},"292":{"start":{"line":535,"column":4},"end":{"line":535,"column":42}},"293":{"start":{"line":536,"column":4},"end":{"line":542,"column":7}},"294":{"start":{"line":537,"column":8},"end":{"line":540,"column":9}},"295":{"start":{"line":538,"column":12},"end":{"line":538,"column":69}},"296":{"start":{"line":539,"column":12},"end":{"line":539,"column":87}},"297":{"start":{"line":541,"column":8},"end":{"line":541,"column":80}},"298":{"start":{"line":546,"column":0},"end":{"line":574,"column":3}},"299":{"start":{"line":547,"column":58},"end":{"line":547,"column":66}},"300":{"start":{"line":548,"column":4},"end":{"line":550,"column":5}},"301":{"start":{"line":549,"column":8},"end":{"line":549,"column":74}},"302":{"start":{"line":552,"column":4},"end":{"line":573,"column":5}},"303":{"start":{"line":553,"column":25},"end":{"line":553,"column":74}},"304":{"start":{"line":554,"column":8},"end":{"line":556,"column":9}},"305":{"start":{"line":555,"column":12},"end":{"line":555,"column":71}},"306":{"start":{"line":557,"column":8},"end":{"line":559,"column":9}},"307":{"start":{"line":558,"column":12},"end":{"line":558,"column":81}},"308":{"start":{"line":561,"column":24},"end":{"line":561,"column":62}},"309":{"start":{"line":562,"column":26},"end":{"line":562,"column":126}},"310":{"start":{"line":563,"column":27},"end":{"line":563,"column":114}},"311":{"start":{"line":565,"column":8},"end":{"line":569,"column":9}},"312":{"start":{"line":566,"column":12},"end":{"line":566,"column":85}},"313":{"start":{"line":568,"column":12},"end":{"line":568,"column":88}},"314":{"start":{"line":571,"column":8},"end":{"line":571,"column":64}},"315":{"start":{"line":572,"column":8},"end":{"line":572,"column":89}},"316":{"start":{"line":582,"column":0},"end":{"line":587,"column":3}},"317":{"start":{"line":583,"column":4},"end":{"line":586,"column":62}},"318":{"start":{"line":584,"column":8},"end":{"line":584,"column":52}},"319":{"start":{"line":585,"column":8},"end":{"line":585,"column":61}},"320":{"start":{"line":586,"column":18},"end":{"line":586,"column":60}},"321":{"start":{"line":590,"column":0},"end":{"line":595,"column":3}},"322":{"start":{"line":591,"column":4},"end":{"line":594,"column":62}},"323":{"start":{"line":592,"column":23},"end":{"line":592,"column":57}},"324":{"start":{"line":593,"column":8},"end":{"line":593,"column":25}},"325":{"start":{"line":594,"column":18},"end":{"line":594,"column":60}},"326":{"start":{"line":598,"column":0},"end":{"line":603,"column":3}},"327":{"start":{"line":599,"column":4},"end":{"line":602,"column":62}},"328":{"start":{"line":600,"column":21},"end":{"line":600,"column":56}},"329":{"start":{"line":601,"column":8},"end":{"line":601,"column":23}},"330":{"start":{"line":602,"column":18},"end":{"line":602,"column":60}},"331":{"start":{"line":606,"column":0},"end":{"line":611,"column":3}},"332":{"start":{"line":607,"column":4},"end":{"line":610,"column":33}},"333":{"start":{"line":608,"column":23},"end":{"line":608,"column":84}},"334":{"start":{"line":609,"column":8},"end":{"line":609,"column":25}},"335":{"start":{"line":610,"column":18},"end":{"line":610,"column":31}},"336":{"start":{"line":614,"column":0},"end":{"line":619,"column":3}},"337":{"start":{"line":615,"column":4},"end":{"line":618,"column":62}},"338":{"start":{"line":616,"column":23},"end":{"line":616,"column":63}},"339":{"start":{"line":617,"column":8},"end":{"line":617,"column":25}},"340":{"start":{"line":618,"column":18},"end":{"line":618,"column":60}},"341":{"start":{"line":622,"column":0},"end":{"line":634,"column":3}},"342":{"start":{"line":623,"column":4},"end":{"line":633,"column":5}},"343":{"start":{"line":624,"column":21},"end":{"line":624,"column":94}},"344":{"start":{"line":625,"column":34},"end":{"line":625,"column":81}},"345":{"start":{"line":626,"column":32},"end":{"line":626,"column":60}},"346":{"start":{"line":627,"column":8},"end":{"line":627,"column":65}},"347":{"start":{"line":628,"column":8},"end":{"line":628,"column":96}},"348":{"start":{"line":629,"column":8},"end":{"line":629,"column":22}},"349":{"start":{"line":631,"column":8},"end":{"line":631,"column":59}},"350":{"start":{"line":632,"column":8},"end":{"line":632,"column":46}},"351":{"start":{"line":637,"column":0},"end":{"line":649,"column":3}},"352":{"start":{"line":638,"column":4},"end":{"line":648,"column":5}},"353":{"start":{"line":639,"column":21},"end":{"line":639,"column":94}},"354":{"start":{"line":640,"column":37},"end":{"line":640,"column":86}},"355":{"start":{"line":641,"column":32},"end":{"line":641,"column":60}},"356":{"start":{"line":642,"column":8},"end":{"line":642,"column":107}},"357":{"start":{"line":643,"column":8},"end":{"line":643,"column":96}},"358":{"start":{"line":644,"column":8},"end":{"line":644,"column":25}},"359":{"start":{"line":646,"column":8},"end":{"line":646,"column":65}},"360":{"start":{"line":647,"column":8},"end":{"line":647,"column":46}},"361":{"start":{"line":652,"column":0},"end":{"line":669,"column":3}},"362":{"start":{"line":653,"column":21},"end":{"line":653,"column":77}},"363":{"start":{"line":654,"column":4},"end":{"line":656,"column":5}},"364":{"start":{"line":655,"column":8},"end":{"line":655,"column":87}},"365":{"start":{"line":657,"column":4},"end":{"line":668,"column":5}},"366":{"start":{"line":658,"column":21},"end":{"line":658,"column":91}},"367":{"start":{"line":659,"column":27},"end":{"line":659,"column":96}},"368":{"start":{"line":660,"column":23},"end":{"line":660,"column":79}},"369":{"start":{"line":661,"column":8},"end":{"line":663,"column":9}},"370":{"start":{"line":662,"column":12},"end":{"line":662,"column":72}},"371":{"start":{"line":664,"column":8},"end":{"line":664,"column":81}},"372":{"start":{"line":666,"column":8},"end":{"line":666,"column":60}},"373":{"start":{"line":667,"column":8},"end":{"line":667,"column":91}},"374":{"start":{"line":676,"column":0},"end":{"line":681,"column":3}},"375":{"start":{"line":677,"column":4},"end":{"line":677,"column":106}},"376":{"start":{"line":677,"column":57},"end":{"line":677,"column":106}},"377":{"start":{"line":678,"column":4},"end":{"line":680,"column":81}},"378":{"start":{"line":679,"column":20},"end":{"line":679,"column":47}},"379":{"start":{"line":680,"column":22},"end":{"line":680,"column":79}},"380":{"start":{"line":684,"column":0},"end":{"line":692,"column":3}},"381":{"start":{"line":685,"column":4},"end":{"line":691,"column":5}},"382":{"start":{"line":686,"column":23},"end":{"line":686,"column":56}},"383":{"start":{"line":687,"column":8},"end":{"line":687,"column":52}},"384":{"start":{"line":689,"column":8},"end":{"line":689,"column":47}},"385":{"start":{"line":690,"column":8},"end":{"line":690,"column":77}},"386":{"start":{"line":695,"column":0},"end":{"line":705,"column":3}},"387":{"start":{"line":696,"column":4},"end":{"line":698,"column":5}},"388":{"start":{"line":697,"column":8},"end":{"line":697,"column":82}},"389":{"start":{"line":699,"column":4},"end":{"line":704,"column":5}},"390":{"start":{"line":700,"column":23},"end":{"line":700,"column":80}},"391":{"start":{"line":701,"column":8},"end":{"line":701,"column":25}},"392":{"start":{"line":703,"column":8},"end":{"line":703,"column":87}},"393":{"start":{"line":712,"column":0},"end":{"line":737,"column":3}},"394":{"start":{"line":713,"column":4},"end":{"line":715,"column":5}},"395":{"start":{"line":714,"column":8},"end":{"line":714,"column":87}},"396":{"start":{"line":716,"column":4},"end":{"line":736,"column":5}},"397":{"start":{"line":717,"column":27},"end":{"line":717,"column":54}},"398":{"start":{"line":718,"column":25},"end":{"line":718,"column":58}},"399":{"start":{"line":719,"column":25},"end":{"line":719,"column":60}},"400":{"start":{"line":721,"column":12},"end":{"line":723,"column":20}},"401":{"start":{"line":724,"column":27},"end":{"line":724,"column":99}},"402":{"start":{"line":725,"column":8},"end":{"line":727,"column":9}},"403":{"start":{"line":726,"column":12},"end":{"line":726,"column":110}},"404":{"start":{"line":728,"column":27},"end":{"line":728,"column":78}},"405":{"start":{"line":729,"column":8},"end":{"line":733,"column":11}},"406":{"start":{"line":735,"column":8},"end":{"line":735,"column":99}},"407":{"start":{"line":744,"column":0},"end":{"line":760,"column":3}},"408":{"start":{"line":745,"column":4},"end":{"line":759,"column":5}},"409":{"start":{"line":746,"column":33},"end":{"line":746,"column":41}},"410":{"start":{"line":747,"column":8},"end":{"line":749,"column":9}},"411":{"start":{"line":748,"column":12},"end":{"line":748,"column":87}},"412":{"start":{"line":750,"column":23},"end":{"line":750,"column":92}},"413":{"start":{"line":751,"column":8},"end":{"line":755,"column":11}},"414":{"start":{"line":757,"column":8},"end":{"line":757,"column":62}},"415":{"start":{"line":758,"column":8},"end":{"line":758,"column":91}},"416":{"start":{"line":763,"column":0},"end":{"line":779,"column":3}},"417":{"start":{"line":764,"column":4},"end":{"line":778,"column":5}},"418":{"start":{"line":765,"column":33},"end":{"line":765,"column":41}},"419":{"start":{"line":766,"column":8},"end":{"line":768,"column":9}},"420":{"start":{"line":767,"column":12},"end":{"line":767,"column":87}},"421":{"start":{"line":769,"column":23},"end":{"line":769,"column":92}},"422":{"start":{"line":770,"column":8},"end":{"line":774,"column":11}},"423":{"start":{"line":776,"column":8},"end":{"line":776,"column":63}},"424":{"start":{"line":777,"column":8},"end":{"line":777,"column":91}},"425":{"start":{"line":785,"column":0},"end":{"line":800,"column":3}},"426":{"start":{"line":786,"column":4},"end":{"line":799,"column":5}},"427":{"start":{"line":787,"column":34},"end":{"line":790,"column":10}},"428":{"start":{"line":791,"column":8},"end":{"line":795,"column":11}},"429":{"start":{"line":797,"column":8},"end":{"line":797,"column":60}},"430":{"start":{"line":798,"column":8},"end":{"line":798,"column":74}},"431":{"start":{"line":802,"column":0},"end":{"line":819,"column":3}},"432":{"start":{"line":803,"column":4},"end":{"line":818,"column":5}},"433":{"start":{"line":804,"column":24},"end":{"line":804,"column":61}},"434":{"start":{"line":805,"column":27},"end":{"line":812,"column":9}},"435":{"start":{"line":813,"column":22},"end":{"line":813,"column":70}},"436":{"start":{"line":814,"column":8},"end":{"line":814,"column":51}},"437":{"start":{"line":816,"column":8},"end":{"line":816,"column":61}},"438":{"start":{"line":817,"column":8},"end":{"line":817,"column":74}},"439":{"start":{"line":821,"column":0},"end":{"line":829,"column":3}},"440":{"start":{"line":822,"column":4},"end":{"line":828,"column":5}},"441":{"start":{"line":823,"column":23},"end":{"line":823,"column":56}},"442":{"start":{"line":824,"column":8},"end":{"line":824,"column":44}},"443":{"start":{"line":826,"column":8},"end":{"line":826,"column":50}},"444":{"start":{"line":827,"column":8},"end":{"line":827,"column":77}},"445":{"start":{"line":831,"column":0},"end":{"line":853,"column":3}},"446":{"start":{"line":832,"column":4},"end":{"line":834,"column":5}},"447":{"start":{"line":833,"column":8},"end":{"line":833,"column":87}},"448":{"start":{"line":835,"column":4},"end":{"line":852,"column":5}},"449":{"start":{"line":836,"column":21},"end":{"line":836,"column":40}},"450":{"start":{"line":837,"column":27},"end":{"line":837,"column":96}},"451":{"start":{"line":838,"column":24},"end":{"line":842,"column":10}},"452":{"start":{"line":843,"column":23},"end":{"line":847,"column":10}},"453":{"start":{"line":848,"column":8},"end":{"line":848,"column":61}},"454":{"start":{"line":850,"column":8},"end":{"line":850,"column":52}},"455":{"start":{"line":851,"column":8},"end":{"line":851,"column":91}},"456":{"start":{"line":856,"column":0},"end":{"line":874,"column":3}},"457":{"start":{"line":857,"column":4},"end":{"line":873,"column":5}},"458":{"start":{"line":858,"column":25},"end":{"line":858,"column":59}},"459":{"start":{"line":859,"column":22},"end":{"line":859,"column":55}},"460":{"start":{"line":860,"column":24},"end":{"line":860,"column":130}},"461":{"start":{"line":861,"column":19},"end":{"line":861,"column":46}},"462":{"start":{"line":862,"column":8},"end":{"line":862,"column":30}},"463":{"start":{"line":863,"column":8},"end":{"line":863,"column":59}},"464":{"start":{"line":864,"column":8},"end":{"line":864,"column":59}},"465":{"start":{"line":865,"column":8},"end":{"line":865,"column":60}},"466":{"start":{"line":866,"column":23},"end":{"line":866,"column":56}},"467":{"start":{"line":867,"column":8},"end":{"line":867,"column":107}},"468":{"start":{"line":868,"column":8},"end":{"line":868,"column":91}},"469":{"start":{"line":869,"column":8},"end":{"line":869,"column":38}},"470":{"start":{"line":871,"column":8},"end":{"line":871,"column":52}},"471":{"start":{"line":872,"column":8},"end":{"line":872,"column":78}},"472":{"start":{"line":877,"column":0},"end":{"line":889,"column":3}},"473":{"start":{"line":878,"column":4},"end":{"line":880,"column":5}},"474":{"start":{"line":879,"column":8},"end":{"line":879,"column":87}},"475":{"start":{"line":881,"column":4},"end":{"line":888,"column":5}},"476":{"start":{"line":882,"column":20},"end":{"line":882,"column":134}},"477":{"start":{"line":883,"column":21},"end":{"line":883,"column":73}},"478":{"start":{"line":884,"column":8},"end":{"line":884,"column":42}},"479":{"start":{"line":886,"column":8},"end":{"line":886,"column":57}},"480":{"start":{"line":887,"column":8},"end":{"line":887,"column":103}},"481":{"start":{"line":891,"column":0},"end":{"line":899,"column":3}},"482":{"start":{"line":892,"column":4},"end":{"line":898,"column":5}},"483":{"start":{"line":893,"column":24},"end":{"line":893,"column":58}},"484":{"start":{"line":894,"column":8},"end":{"line":894,"column":45}},"485":{"start":{"line":896,"column":8},"end":{"line":896,"column":53}},"486":{"start":{"line":897,"column":8},"end":{"line":897,"column":74}},"487":{"start":{"line":901,"column":0},"end":{"line":923,"column":3}},"488":{"start":{"line":902,"column":20},"end":{"line":902,"column":34}},"489":{"start":{"line":903,"column":4},"end":{"line":905,"column":5}},"490":{"start":{"line":904,"column":8},"end":{"line":904,"column":79}},"491":{"start":{"line":906,"column":4},"end":{"line":922,"column":5}},"492":{"start":{"line":907,"column":8},"end":{"line":917,"column":11}},"493":{"start":{"line":918,"column":8},"end":{"line":918,"column":36}},"494":{"start":{"line":920,"column":8},"end":{"line":920,"column":53}},"495":{"start":{"line":921,"column":8},"end":{"line":921,"column":74}},"496":{"start":{"line":925,"column":0},"end":{"line":940,"column":3}},"497":{"start":{"line":926,"column":18},"end":{"line":926,"column":32}},"498":{"start":{"line":927,"column":4},"end":{"line":929,"column":5}},"499":{"start":{"line":928,"column":8},"end":{"line":928,"column":80}},"500":{"start":{"line":930,"column":4},"end":{"line":939,"column":5}},"501":{"start":{"line":931,"column":8},"end":{"line":934,"column":11}},"502":{"start":{"line":935,"column":8},"end":{"line":935,"column":36}},"503":{"start":{"line":937,"column":8},"end":{"line":937,"column":54}},"504":{"start":{"line":938,"column":8},"end":{"line":938,"column":73}},"505":{"start":{"line":942,"column":0},"end":{"line":956,"column":3}},"506":{"start":{"line":943,"column":18},"end":{"line":943,"column":32}},"507":{"start":{"line":944,"column":4},"end":{"line":946,"column":5}},"508":{"start":{"line":945,"column":8},"end":{"line":945,"column":80}},"509":{"start":{"line":947,"column":4},"end":{"line":955,"column":5}},"510":{"start":{"line":948,"column":8},"end":{"line":950,"column":11}},"511":{"start":{"line":951,"column":8},"end":{"line":951,"column":36}},"512":{"start":{"line":953,"column":8},"end":{"line":953,"column":54}},"513":{"start":{"line":954,"column":8},"end":{"line":954,"column":76}},"514":{"start":{"line":958,"column":0},"end":{"line":969,"column":3}},"515":{"start":{"line":959,"column":4},"end":{"line":968,"column":5}},"516":{"start":{"line":960,"column":22},"end":{"line":960,"column":73}},"517":{"start":{"line":961,"column":8},"end":{"line":963,"column":9}},"518":{"start":{"line":962,"column":12},"end":{"line":962,"column":86}},"519":{"start":{"line":964,"column":8},"end":{"line":964,"column":43}},"520":{"start":{"line":966,"column":8},"end":{"line":966,"column":58}},"521":{"start":{"line":967,"column":8},"end":{"line":967,"column":71}},"522":{"start":{"line":971,"column":0},"end":{"line":971,"column":24}}},"fnMap":{"0":{"name":"loadProxyRequests","decl":{"start":{"line":39,"column":15},"end":{"line":39,"column":32}},"loc":{"start":{"line":39,"column":35},"end":{"line":46,"column":1}},"line":39},"1":{"name":"saveProxyRequests","decl":{"start":{"line":48,"column":15},"end":{"line":48,"column":32}},"loc":{"start":{"line":48,"column":38},"end":{"line":50,"column":1}},"line":48},"2":{"name":"regenerateSession","decl":{"start":{"line":52,"column":9},"end":{"line":52,"column":26}},"loc":{"start":{"line":52,"column":32},"end":{"line":59,"column":1}},"line":52},"3":{"name":"(anonymous_3)","decl":{"start":{"line":53,"column":23},"end":{"line":53,"column":24}},"loc":{"start":{"line":53,"column":44},"end":{"line":58,"column":5}},"line":53},"4":{"name":"(anonymous_4)","decl":{"start":{"line":54,"column":31},"end":{"line":54,"column":32}},"loc":{"start":{"line":54,"column":40},"end":{"line":57,"column":9}},"line":54},"5":{"name":"saveSession","decl":{"start":{"line":61,"column":9},"end":{"line":61,"column":20}},"loc":{"start":{"line":61,"column":26},"end":{"line":68,"column":1}},"line":61},"6":{"name":"(anonymous_6)","decl":{"start":{"line":62,"column":23},"end":{"line":62,"column":24}},"loc":{"start":{"line":62,"column":44},"end":{"line":67,"column":5}},"line":62},"7":{"name":"(anonymous_7)","decl":{"start":{"line":63,"column":25},"end":{"line":63,"column":26}},"loc":{"start":{"line":63,"column":34},"end":{"line":66,"column":9}},"line":63},"8":{"name":"requireAdmin","decl":{"start":{"line":73,"column":9},"end":{"line":73,"column":21}},"loc":{"start":{"line":73,"column":38},"end":{"line":78,"column":1}},"line":73},"9":{"name":"(anonymous_9)","decl":{"start":{"line":85,"column":31},"end":{"line":85,"column":32}},"loc":{"start":{"line":85,"column":51},"end":{"line":117,"column":1}},"line":85},"10":{"name":"(anonymous_10)","decl":{"start":{"line":120,"column":44},"end":{"line":120,"column":45}},"loc":{"start":{"line":120,"column":64},"end":{"line":167,"column":1}},"line":120},"11":{"name":"(anonymous_11)","decl":{"start":{"line":170,"column":85},"end":{"line":170,"column":86}},"loc":{"start":{"line":170,"column":105},"end":{"line":180,"column":1}},"line":170},"12":{"name":"(anonymous_12)","decl":{"start":{"line":185,"column":43},"end":{"line":185,"column":44}},"loc":{"start":{"line":185,"column":63},"end":{"line":205,"column":1}},"line":185},"13":{"name":"(anonymous_13)","decl":{"start":{"line":207,"column":83},"end":{"line":207,"column":84}},"loc":{"start":{"line":207,"column":103},"end":{"line":240,"column":1}},"line":207},"14":{"name":"(anonymous_14)","decl":{"start":{"line":247,"column":42},"end":{"line":247,"column":43}},"loc":{"start":{"line":247,"column":62},"end":{"line":252,"column":1}},"line":247},"15":{"name":"(anonymous_15)","decl":{"start":{"line":255,"column":44},"end":{"line":255,"column":45}},"loc":{"start":{"line":255,"column":64},"end":{"line":260,"column":1}},"line":255},"16":{"name":"(anonymous_16)","decl":{"start":{"line":263,"column":45},"end":{"line":263,"column":46}},"loc":{"start":{"line":263,"column":65},"end":{"line":268,"column":1}},"line":263},"17":{"name":"(anonymous_17)","decl":{"start":{"line":271,"column":50},"end":{"line":271,"column":51}},"loc":{"start":{"line":271,"column":70},"end":{"line":279,"column":1}},"line":271},"18":{"name":"(anonymous_18)","decl":{"start":{"line":282,"column":59},"end":{"line":282,"column":60}},"loc":{"start":{"line":282,"column":80},"end":{"line":292,"column":1}},"line":282},"19":{"name":"(anonymous_19)","decl":{"start":{"line":295,"column":57},"end":{"line":295,"column":58}},"loc":{"start":{"line":295,"column":78},"end":{"line":306,"column":1}},"line":295},"20":{"name":"(anonymous_20)","decl":{"start":{"line":314,"column":45},"end":{"line":314,"column":46}},"loc":{"start":{"line":314,"column":65},"end":{"line":326,"column":1}},"line":314},"21":{"name":"(anonymous_21)","decl":{"start":{"line":329,"column":76},"end":{"line":329,"column":77}},"loc":{"start":{"line":329,"column":96},"end":{"line":334,"column":1}},"line":329},"22":{"name":"(anonymous_22)","decl":{"start":{"line":336,"column":82},"end":{"line":336,"column":83}},"loc":{"start":{"line":336,"column":102},"end":{"line":341,"column":1}},"line":336},"23":{"name":"(anonymous_23)","decl":{"start":{"line":344,"column":54},"end":{"line":344,"column":55}},"loc":{"start":{"line":344,"column":74},"end":{"line":387,"column":1}},"line":344},"24":{"name":"(anonymous_24)","decl":{"start":{"line":390,"column":50},"end":{"line":390,"column":51}},"loc":{"start":{"line":390,"column":70},"end":{"line":416,"column":1}},"line":390},"25":{"name":"(anonymous_25)","decl":{"start":{"line":419,"column":56},"end":{"line":419,"column":57}},"loc":{"start":{"line":419,"column":76},"end":{"line":440,"column":1}},"line":419},"26":{"name":"(anonymous_26)","decl":{"start":{"line":443,"column":48},"end":{"line":443,"column":49}},"loc":{"start":{"line":443,"column":68},"end":{"line":513,"column":1}},"line":443},"27":{"name":"(anonymous_27)","decl":{"start":{"line":516,"column":35},"end":{"line":516,"column":36}},"loc":{"start":{"line":516,"column":49},"end":{"line":543,"column":1}},"line":516},"28":{"name":"(anonymous_28)","decl":{"start":{"line":536,"column":21},"end":{"line":536,"column":22}},"loc":{"start":{"line":536,"column":30},"end":{"line":542,"column":5}},"line":536},"29":{"name":"(anonymous_29)","decl":{"start":{"line":546,"column":65},"end":{"line":546,"column":66}},"loc":{"start":{"line":546,"column":85},"end":{"line":574,"column":1}},"line":546},"30":{"name":"(anonymous_30)","decl":{"start":{"line":582,"column":53},"end":{"line":582,"column":54}},"loc":{"start":{"line":582,"column":73},"end":{"line":587,"column":1}},"line":582},"31":{"name":"(anonymous_31)","decl":{"start":{"line":590,"column":52},"end":{"line":590,"column":53}},"loc":{"start":{"line":590,"column":72},"end":{"line":595,"column":1}},"line":590},"32":{"name":"(anonymous_32)","decl":{"start":{"line":598,"column":45},"end":{"line":598,"column":46}},"loc":{"start":{"line":598,"column":65},"end":{"line":603,"column":1}},"line":598},"33":{"name":"(anonymous_33)","decl":{"start":{"line":606,"column":55},"end":{"line":606,"column":56}},"loc":{"start":{"line":606,"column":75},"end":{"line":611,"column":1}},"line":606},"34":{"name":"(anonymous_34)","decl":{"start":{"line":614,"column":55},"end":{"line":614,"column":56}},"loc":{"start":{"line":614,"column":75},"end":{"line":619,"column":1}},"line":614},"35":{"name":"(anonymous_35)","decl":{"start":{"line":622,"column":68},"end":{"line":622,"column":69}},"loc":{"start":{"line":622,"column":88},"end":{"line":634,"column":1}},"line":622},"36":{"name":"(anonymous_36)","decl":{"start":{"line":637,"column":74},"end":{"line":637,"column":75}},"loc":{"start":{"line":637,"column":94},"end":{"line":649,"column":1}},"line":637},"37":{"name":"(anonymous_37)","decl":{"start":{"line":652,"column":61},"end":{"line":652,"column":62}},"loc":{"start":{"line":652,"column":81},"end":{"line":669,"column":1}},"line":652},"38":{"name":"(anonymous_38)","decl":{"start":{"line":676,"column":36},"end":{"line":676,"column":37}},"loc":{"start":{"line":676,"column":56},"end":{"line":681,"column":1}},"line":676},"39":{"name":"(anonymous_39)","decl":{"start":{"line":679,"column":14},"end":{"line":679,"column":15}},"loc":{"start":{"line":679,"column":20},"end":{"line":679,"column":47}},"line":679},"40":{"name":"(anonymous_40)","decl":{"start":{"line":680,"column":15},"end":{"line":680,"column":16}},"loc":{"start":{"line":680,"column":22},"end":{"line":680,"column":79}},"line":680},"41":{"name":"(anonymous_41)","decl":{"start":{"line":684,"column":42},"end":{"line":684,"column":43}},"loc":{"start":{"line":684,"column":62},"end":{"line":692,"column":1}},"line":684},"42":{"name":"(anonymous_42)","decl":{"start":{"line":695,"column":42},"end":{"line":695,"column":43}},"loc":{"start":{"line":695,"column":62},"end":{"line":705,"column":1}},"line":695},"43":{"name":"(anonymous_43)","decl":{"start":{"line":712,"column":53},"end":{"line":712,"column":54}},"loc":{"start":{"line":712,"column":73},"end":{"line":737,"column":1}},"line":712},"44":{"name":"(anonymous_44)","decl":{"start":{"line":744,"column":69},"end":{"line":744,"column":70}},"loc":{"start":{"line":744,"column":89},"end":{"line":760,"column":1}},"line":744},"45":{"name":"(anonymous_45)","decl":{"start":{"line":763,"column":65},"end":{"line":763,"column":66}},"loc":{"start":{"line":763,"column":85},"end":{"line":779,"column":1}},"line":763},"46":{"name":"(anonymous_46)","decl":{"start":{"line":785,"column":51},"end":{"line":785,"column":52}},"loc":{"start":{"line":785,"column":71},"end":{"line":800,"column":1}},"line":785},"47":{"name":"(anonymous_47)","decl":{"start":{"line":802,"column":51},"end":{"line":802,"column":52}},"loc":{"start":{"line":802,"column":71},"end":{"line":819,"column":1}},"line":802},"48":{"name":"(anonymous_48)","decl":{"start":{"line":821,"column":42},"end":{"line":821,"column":43}},"loc":{"start":{"line":821,"column":63},"end":{"line":829,"column":1}},"line":821},"49":{"name":"(anonymous_49)","decl":{"start":{"line":831,"column":50},"end":{"line":831,"column":51}},"loc":{"start":{"line":831,"column":70},"end":{"line":853,"column":1}},"line":831},"50":{"name":"(anonymous_50)","decl":{"start":{"line":856,"column":51},"end":{"line":856,"column":52}},"loc":{"start":{"line":856,"column":72},"end":{"line":874,"column":1}},"line":856},"51":{"name":"(anonymous_51)","decl":{"start":{"line":877,"column":56},"end":{"line":877,"column":57}},"loc":{"start":{"line":877,"column":76},"end":{"line":889,"column":1}},"line":877},"52":{"name":"(anonymous_52)","decl":{"start":{"line":891,"column":50},"end":{"line":891,"column":51}},"loc":{"start":{"line":891,"column":71},"end":{"line":899,"column":1}},"line":891},"53":{"name":"(anonymous_53)","decl":{"start":{"line":901,"column":57},"end":{"line":901,"column":58}},"loc":{"start":{"line":901,"column":77},"end":{"line":923,"column":1}},"line":901},"54":{"name":"(anonymous_54)","decl":{"start":{"line":925,"column":58},"end":{"line":925,"column":59}},"loc":{"start":{"line":925,"column":78},"end":{"line":940,"column":1}},"line":925},"55":{"name":"(anonymous_55)","decl":{"start":{"line":942,"column":58},"end":{"line":942,"column":59}},"loc":{"start":{"line":942,"column":78},"end":{"line":956,"column":1}},"line":942},"56":{"name":"(anonymous_56)","decl":{"start":{"line":958,"column":55},"end":{"line":958,"column":56}},"loc":{"start":{"line":958,"column":75},"end":{"line":969,"column":1}},"line":958}},"branchMap":{"0":{"loc":{"start":{"line":55,"column":12},"end":{"line":55,"column":40}},"type":"if","locations":[{"start":{"line":55,"column":12},"end":{"line":55,"column":40}},{"start":{},"end":{}}],"line":55},"1":{"loc":{"start":{"line":64,"column":12},"end":{"line":64,"column":40}},"type":"if","locations":[{"start":{"line":64,"column":12},"end":{"line":64,"column":40}},{"start":{},"end":{}}],"line":64},"2":{"loc":{"start":{"line":74,"column":4},"end":{"line":76,"column":5}},"type":"if","locations":[{"start":{"line":74,"column":4},"end":{"line":76,"column":5}},{"start":{},"end":{}}],"line":74},"3":{"loc":{"start":{"line":100,"column":26},"end":{"line":100,"column":50}},"type":"binary-expr","locations":[{"start":{"line":100,"column":26},"end":{"line":100,"column":44}},{"start":{"line":100,"column":48},"end":{"line":100,"column":50}}],"line":100},"4":{"loc":{"start":{"line":101,"column":33},"end":{"line":101,"column":128}},"type":"cond-expr","locations":[{"start":{"line":101,"column":91},"end":{"line":101,"column":123}},{"start":{"line":101,"column":126},"end":{"line":101,"column":128}}],"line":101},"5":{"loc":{"start":{"line":101,"column":34},"end":{"line":101,"column":87}},"type":"binary-expr","locations":[{"start":{"line":101,"column":34},"end":{"line":101,"column":51}},{"start":{"line":101,"column":55},"end":{"line":101,"column":87}}],"line":101},"6":{"loc":{"start":{"line":102,"column":35},"end":{"line":104,"column":16}},"type":"cond-expr","locations":[{"start":{"line":103,"column":14},"end":{"line":103,"column":49}},{"start":{"line":104,"column":14},"end":{"line":104,"column":16}}],"line":102},"7":{"loc":{"start":{"line":102,"column":36},"end":{"line":102,"column":124}},"type":"binary-expr","locations":[{"start":{"line":102,"column":36},"end":{"line":102,"column":71}},{"start":{"line":102,"column":75},"end":{"line":102,"column":124}}],"line":102},"8":{"loc":{"start":{"line":108,"column":26},"end":{"line":108,"column":73}},"type":"cond-expr","locations":[{"start":{"line":108,"column":56},"end":{"line":108,"column":68}},{"start":{"line":108,"column":71},"end":{"line":108,"column":73}}],"line":108},"9":{"loc":{"start":{"line":109,"column":27},"end":{"line":109,"column":76}},"type":"cond-expr","locations":[{"start":{"line":109,"column":58},"end":{"line":109,"column":71}},{"start":{"line":109,"column":74},"end":{"line":109,"column":76}}],"line":109},"10":{"loc":{"start":{"line":123,"column":44},"end":{"line":123,"column":75}},"type":"binary-expr","locations":[{"start":{"line":123,"column":44},"end":{"line":123,"column":69}},{"start":{"line":123,"column":73},"end":{"line":123,"column":75}}],"line":123},"11":{"loc":{"start":{"line":126,"column":21},"end":{"line":126,"column":40}},"type":"binary-expr","locations":[{"start":{"line":126,"column":21},"end":{"line":126,"column":34}},{"start":{"line":126,"column":38},"end":{"line":126,"column":40}}],"line":126},"12":{"loc":{"start":{"line":127,"column":24},"end":{"line":127,"column":39}},"type":"binary-expr","locations":[{"start":{"line":127,"column":24},"end":{"line":127,"column":33}},{"start":{"line":127,"column":37},"end":{"line":127,"column":39}}],"line":127},"13":{"loc":{"start":{"line":128,"column":28},"end":{"line":130,"column":69}},"type":"cond-expr","locations":[{"start":{"line":129,"column":14},"end":{"line":129,"column":32}},{"start":{"line":130,"column":14},"end":{"line":130,"column":69}}],"line":128},"14":{"loc":{"start":{"line":130,"column":17},"end":{"line":130,"column":68}},"type":"binary-expr","locations":[{"start":{"line":130,"column":17},"end":{"line":130,"column":33}},{"start":{"line":130,"column":37},"end":{"line":130,"column":68}}],"line":130},"15":{"loc":{"start":{"line":134,"column":22},"end":{"line":134,"column":62}},"type":"binary-expr","locations":[{"start":{"line":134,"column":22},"end":{"line":134,"column":34}},{"start":{"line":134,"column":38},"end":{"line":134,"column":56}},{"start":{"line":134,"column":60},"end":{"line":134,"column":62}}],"line":134},"16":{"loc":{"start":{"line":135,"column":22},"end":{"line":135,"column":40}},"type":"binary-expr","locations":[{"start":{"line":135,"column":22},"end":{"line":135,"column":34}},{"start":{"line":135,"column":38},"end":{"line":135,"column":40}}],"line":135},"17":{"loc":{"start":{"line":144,"column":23},"end":{"line":144,"column":43}},"type":"binary-expr","locations":[{"start":{"line":144,"column":23},"end":{"line":144,"column":37}},{"start":{"line":144,"column":41},"end":{"line":144,"column":43}}],"line":144},"18":{"loc":{"start":{"line":146,"column":26},"end":{"line":146,"column":50}},"type":"binary-expr","locations":[{"start":{"line":146,"column":26},"end":{"line":146,"column":44}},{"start":{"line":146,"column":48},"end":{"line":146,"column":50}}],"line":146},"19":{"loc":{"start":{"line":148,"column":34},"end":{"line":148,"column":69}},"type":"binary-expr","locations":[{"start":{"line":148,"column":34},"end":{"line":148,"column":63}},{"start":{"line":148,"column":67},"end":{"line":148,"column":69}}],"line":148},"20":{"loc":{"start":{"line":149,"column":33},"end":{"line":149,"column":67}},"type":"binary-expr","locations":[{"start":{"line":149,"column":33},"end":{"line":149,"column":61}},{"start":{"line":149,"column":65},"end":{"line":149,"column":67}}],"line":149},"21":{"loc":{"start":{"line":152,"column":27},"end":{"line":152,"column":57}},"type":"binary-expr","locations":[{"start":{"line":152,"column":27},"end":{"line":152,"column":49}},{"start":{"line":152,"column":53},"end":{"line":152,"column":57}}],"line":152},"22":{"loc":{"start":{"line":153,"column":27},"end":{"line":153,"column":55}},"type":"binary-expr","locations":[{"start":{"line":153,"column":27},"end":{"line":153,"column":49}},{"start":{"line":153,"column":53},"end":{"line":153,"column":55}}],"line":153},"23":{"loc":{"start":{"line":155,"column":25},"end":{"line":155,"column":48}},"type":"binary-expr","locations":[{"start":{"line":155,"column":25},"end":{"line":155,"column":42}},{"start":{"line":155,"column":46},"end":{"line":155,"column":48}}],"line":155},"24":{"loc":{"start":{"line":156,"column":33},"end":{"line":156,"column":90}},"type":"binary-expr","locations":[{"start":{"line":156,"column":33},"end":{"line":156,"column":52}},{"start":{"line":156,"column":56},"end":{"line":156,"column":90}}],"line":156},"25":{"loc":{"start":{"line":158,"column":23},"end":{"line":158,"column":122}},"type":"cond-expr","locations":[{"start":{"line":158,"column":52},"end":{"line":158,"column":117}},{"start":{"line":158,"column":120},"end":{"line":158,"column":122}}],"line":158},"26":{"loc":{"start":{"line":158,"column":77},"end":{"line":158,"column":115}},"type":"binary-expr","locations":[{"start":{"line":158,"column":77},"end":{"line":158,"column":109}},{"start":{"line":158,"column":113},"end":{"line":158,"column":115}}],"line":158},"27":{"loc":{"start":{"line":159,"column":23},"end":{"line":159,"column":47}},"type":"binary-expr","locations":[{"start":{"line":159,"column":23},"end":{"line":159,"column":41}},{"start":{"line":159,"column":45},"end":{"line":159,"column":47}}],"line":159},"28":{"loc":{"start":{"line":160,"column":27},"end":{"line":160,"column":55}},"type":"binary-expr","locations":[{"start":{"line":160,"column":27},"end":{"line":160,"column":49}},{"start":{"line":160,"column":53},"end":{"line":160,"column":55}}],"line":160},"29":{"loc":{"start":{"line":161,"column":32},"end":{"line":161,"column":65}},"type":"binary-expr","locations":[{"start":{"line":161,"column":32},"end":{"line":161,"column":59}},{"start":{"line":161,"column":63},"end":{"line":161,"column":65}}],"line":161},"30":{"loc":{"start":{"line":162,"column":25},"end":{"line":162,"column":51}},"type":"binary-expr","locations":[{"start":{"line":162,"column":25},"end":{"line":162,"column":45}},{"start":{"line":162,"column":49},"end":{"line":162,"column":51}}],"line":162},"31":{"loc":{"start":{"line":175,"column":8},"end":{"line":175,"column":83}},"type":"if","locations":[{"start":{"line":175,"column":8},"end":{"line":175,"column":83}},{"start":{},"end":{}}],"line":175},"32":{"loc":{"start":{"line":178,"column":40},"end":{"line":178,"column":67}},"type":"binary-expr","locations":[{"start":{"line":178,"column":40},"end":{"line":178,"column":49}},{"start":{"line":178,"column":53},"end":{"line":178,"column":67}}],"line":178},"33":{"loc":{"start":{"line":189,"column":8},"end":{"line":191,"column":9}},"type":"if","locations":[{"start":{"line":189,"column":8},"end":{"line":191,"column":9}},{"start":{},"end":{}}],"line":189},"34":{"loc":{"start":{"line":189,"column":12},"end":{"line":189,"column":53}},"type":"binary-expr","locations":[{"start":{"line":189,"column":12},"end":{"line":189,"column":32}},{"start":{"line":189,"column":36},"end":{"line":189,"column":53}}],"line":189},"35":{"loc":{"start":{"line":194,"column":21},"end":{"line":194,"column":40}},"type":"binary-expr","locations":[{"start":{"line":194,"column":21},"end":{"line":194,"column":34}},{"start":{"line":194,"column":38},"end":{"line":194,"column":40}}],"line":194},"36":{"loc":{"start":{"line":195,"column":18},"end":{"line":195,"column":34}},"type":"binary-expr","locations":[{"start":{"line":195,"column":18},"end":{"line":195,"column":28}},{"start":{"line":195,"column":32},"end":{"line":195,"column":34}}],"line":195},"37":{"loc":{"start":{"line":196,"column":28},"end":{"line":196,"column":75}},"type":"binary-expr","locations":[{"start":{"line":196,"column":28},"end":{"line":196,"column":42}},{"start":{"line":196,"column":46},"end":{"line":196,"column":75}}],"line":196},"38":{"loc":{"start":{"line":197,"column":19},"end":{"line":197,"column":68}},"type":"binary-expr","locations":[{"start":{"line":197,"column":20},"end":{"line":197,"column":31}},{"start":{"line":197,"column":35},"end":{"line":197,"column":61}},{"start":{"line":197,"column":66},"end":{"line":197,"column":68}}],"line":197},"39":{"loc":{"start":{"line":200,"column":8},"end":{"line":202,"column":9}},"type":"if","locations":[{"start":{"line":200,"column":8},"end":{"line":202,"column":9}},{"start":{},"end":{}}],"line":200},"40":{"loc":{"start":{"line":215,"column":12},"end":{"line":215,"column":45}},"type":"if","locations":[{"start":{"line":215,"column":12},"end":{"line":215,"column":45}},{"start":{},"end":{}}],"line":215},"41":{"loc":{"start":{"line":217,"column":8},"end":{"line":217,"column":44}},"type":"if","locations":[{"start":{"line":217,"column":8},"end":{"line":217,"column":44}},{"start":{},"end":{}}],"line":217},"42":{"loc":{"start":{"line":219,"column":20},"end":{"line":219,"column":35}},"type":"binary-expr","locations":[{"start":{"line":219,"column":20},"end":{"line":219,"column":27}},{"start":{"line":219,"column":31},"end":{"line":219,"column":35}}],"line":219},"43":{"loc":{"start":{"line":220,"column":8},"end":{"line":226,"column":9}},"type":"if","locations":[{"start":{"line":220,"column":8},"end":{"line":226,"column":9}},{"start":{},"end":{}}],"line":220},"44":{"loc":{"start":{"line":221,"column":12},"end":{"line":223,"column":13}},"type":"if","locations":[{"start":{"line":221,"column":12},"end":{"line":223,"column":13}},{"start":{},"end":{}}],"line":221},"45":{"loc":{"start":{"line":221,"column":16},"end":{"line":221,"column":48}},"type":"binary-expr","locations":[{"start":{"line":221,"column":16},"end":{"line":221,"column":25}},{"start":{"line":221,"column":29},"end":{"line":221,"column":48}}],"line":221},"46":{"loc":{"start":{"line":229,"column":8},"end":{"line":229,"column":50}},"type":"if","locations":[{"start":{"line":229,"column":8},"end":{"line":229,"column":50}},{"start":{},"end":{}}],"line":229},"47":{"loc":{"start":{"line":230,"column":8},"end":{"line":230,"column":80}},"type":"if","locations":[{"start":{"line":230,"column":8},"end":{"line":230,"column":80}},{"start":{},"end":{}}],"line":230},"48":{"loc":{"start":{"line":230,"column":47},"end":{"line":230,"column":79}},"type":"cond-expr","locations":[{"start":{"line":230,"column":62},"end":{"line":230,"column":71}},{"start":{"line":230,"column":74},"end":{"line":230,"column":79}}],"line":230},"49":{"loc":{"start":{"line":231,"column":8},"end":{"line":233,"column":9}},"type":"if","locations":[{"start":{"line":231,"column":8},"end":{"line":233,"column":9}},{"start":{},"end":{}}],"line":231},"50":{"loc":{"start":{"line":231,"column":12},"end":{"line":231,"column":59}},"type":"binary-expr","locations":[{"start":{"line":231,"column":12},"end":{"line":231,"column":20}},{"start":{"line":231,"column":24},"end":{"line":231,"column":59}}],"line":231},"51":{"loc":{"start":{"line":238,"column":40},"end":{"line":238,"column":73}},"type":"binary-expr","locations":[{"start":{"line":238,"column":40},"end":{"line":238,"column":49}},{"start":{"line":238,"column":53},"end":{"line":238,"column":73}}],"line":238},"52":{"loc":{"start":{"line":316,"column":24},"end":{"line":316,"column":47}},"type":"binary-expr","locations":[{"start":{"line":316,"column":24},"end":{"line":316,"column":41}},{"start":{"line":316,"column":45},"end":{"line":316,"column":47}}],"line":316},"53":{"loc":{"start":{"line":317,"column":21},"end":{"line":317,"column":50}},"type":"binary-expr","locations":[{"start":{"line":317,"column":21},"end":{"line":317,"column":45}},{"start":{"line":317,"column":49},"end":{"line":317,"column":50}}],"line":317},"54":{"loc":{"start":{"line":346,"column":4},"end":{"line":348,"column":5}},"type":"if","locations":[{"start":{"line":346,"column":4},"end":{"line":348,"column":5}},{"start":{},"end":{}}],"line":346},"55":{"loc":{"start":{"line":352,"column":8},"end":{"line":354,"column":9}},"type":"if","locations":[{"start":{"line":352,"column":8},"end":{"line":354,"column":9}},{"start":{},"end":{}}],"line":352},"56":{"loc":{"start":{"line":355,"column":8},"end":{"line":357,"column":9}},"type":"if","locations":[{"start":{"line":355,"column":8},"end":{"line":357,"column":9}},{"start":{},"end":{}}],"line":355},"57":{"loc":{"start":{"line":355,"column":12},"end":{"line":355,"column":53}},"type":"binary-expr","locations":[{"start":{"line":355,"column":12},"end":{"line":355,"column":27}},{"start":{"line":355,"column":31},"end":{"line":355,"column":53}}],"line":355},"58":{"loc":{"start":{"line":361,"column":8},"end":{"line":363,"column":9}},"type":"if","locations":[{"start":{"line":361,"column":8},"end":{"line":363,"column":9}},{"start":{},"end":{}}],"line":361},"59":{"loc":{"start":{"line":378,"column":8},"end":{"line":382,"column":9}},"type":"if","locations":[{"start":{"line":378,"column":8},"end":{"line":382,"column":9}},{"start":{"line":380,"column":15},"end":{"line":382,"column":9}}],"line":378},"60":{"loc":{"start":{"line":381,"column":48},"end":{"line":381,"column":84}},"type":"binary-expr","locations":[{"start":{"line":381,"column":48},"end":{"line":381,"column":66}},{"start":{"line":381,"column":70},"end":{"line":381,"column":84}}],"line":381},"61":{"loc":{"start":{"line":385,"column":56},"end":{"line":385,"column":85}},"type":"binary-expr","locations":[{"start":{"line":385,"column":56},"end":{"line":385,"column":65}},{"start":{"line":385,"column":69},"end":{"line":385,"column":85}}],"line":385},"62":{"loc":{"start":{"line":392,"column":4},"end":{"line":394,"column":5}},"type":"if","locations":[{"start":{"line":392,"column":4},"end":{"line":394,"column":5}},{"start":{},"end":{}}],"line":392},"63":{"loc":{"start":{"line":397,"column":8},"end":{"line":399,"column":9}},"type":"if","locations":[{"start":{"line":397,"column":8},"end":{"line":399,"column":9}},{"start":{},"end":{}}],"line":397},"64":{"loc":{"start":{"line":403,"column":23},"end":{"line":403,"column":55}},"type":"binary-expr","locations":[{"start":{"line":403,"column":23},"end":{"line":403,"column":44}},{"start":{"line":403,"column":48},"end":{"line":403,"column":55}}],"line":403},"65":{"loc":{"start":{"line":414,"column":56},"end":{"line":414,"column":80}},"type":"binary-expr","locations":[{"start":{"line":414,"column":56},"end":{"line":414,"column":65}},{"start":{"line":414,"column":69},"end":{"line":414,"column":80}}],"line":414},"66":{"loc":{"start":{"line":421,"column":4},"end":{"line":423,"column":5}},"type":"if","locations":[{"start":{"line":421,"column":4},"end":{"line":423,"column":5}},{"start":{},"end":{}}],"line":421},"67":{"loc":{"start":{"line":427,"column":8},"end":{"line":427,"column":52}},"type":"if","locations":[{"start":{"line":427,"column":8},"end":{"line":427,"column":52}},{"start":{},"end":{}}],"line":427},"68":{"loc":{"start":{"line":428,"column":8},"end":{"line":432,"column":9}},"type":"if","locations":[{"start":{"line":428,"column":8},"end":{"line":432,"column":9}},{"start":{},"end":{}}],"line":428},"69":{"loc":{"start":{"line":433,"column":8},"end":{"line":435,"column":9}},"type":"if","locations":[{"start":{"line":433,"column":8},"end":{"line":435,"column":9}},{"start":{},"end":{}}],"line":433},"70":{"loc":{"start":{"line":445,"column":4},"end":{"line":447,"column":5}},"type":"if","locations":[{"start":{"line":445,"column":4},"end":{"line":447,"column":5}},{"start":{},"end":{}}],"line":445},"71":{"loc":{"start":{"line":451,"column":8},"end":{"line":456,"column":9}},"type":"if","locations":[{"start":{"line":451,"column":8},"end":{"line":456,"column":9}},{"start":{},"end":{}}],"line":451},"72":{"loc":{"start":{"line":451,"column":12},"end":{"line":451,"column":37}},"type":"binary-expr","locations":[{"start":{"line":451,"column":12},"end":{"line":451,"column":14}},{"start":{"line":451,"column":18},"end":{"line":451,"column":37}}],"line":451},"73":{"loc":{"start":{"line":457,"column":8},"end":{"line":461,"column":9}},"type":"if","locations":[{"start":{"line":457,"column":8},"end":{"line":461,"column":9}},{"start":{},"end":{}}],"line":457},"74":{"loc":{"start":{"line":463,"column":8},"end":{"line":467,"column":9}},"type":"if","locations":[{"start":{"line":463,"column":8},"end":{"line":467,"column":9}},{"start":{},"end":{}}],"line":463},"75":{"loc":{"start":{"line":470,"column":33},"end":{"line":476,"column":18}},"type":"cond-expr","locations":[{"start":{"line":471,"column":14},"end":{"line":475,"column":13}},{"start":{"line":476,"column":14},"end":{"line":476,"column":18}}],"line":470},"76":{"loc":{"start":{"line":473,"column":30},"end":{"line":473,"column":80}},"type":"binary-expr","locations":[{"start":{"line":473,"column":30},"end":{"line":473,"column":54}},{"start":{"line":473,"column":58},"end":{"line":473,"column":80}}],"line":473},"77":{"loc":{"start":{"line":474,"column":27},"end":{"line":474,"column":54}},"type":"binary-expr","locations":[{"start":{"line":474,"column":27},"end":{"line":474,"column":48}},{"start":{"line":474,"column":52},"end":{"line":474,"column":54}}],"line":474},"78":{"loc":{"start":{"line":479,"column":23},"end":{"line":479,"column":55}},"type":"binary-expr","locations":[{"start":{"line":479,"column":23},"end":{"line":479,"column":44}},{"start":{"line":479,"column":48},"end":{"line":479,"column":55}}],"line":479},"79":{"loc":{"start":{"line":487,"column":8},"end":{"line":495,"column":9}},"type":"if","locations":[{"start":{"line":487,"column":8},"end":{"line":495,"column":9}},{"start":{"line":491,"column":15},"end":{"line":495,"column":9}}],"line":487},"80":{"loc":{"start":{"line":496,"column":48},"end":{"line":496,"column":79}},"type":"binary-expr","locations":[{"start":{"line":496,"column":48},"end":{"line":496,"column":68}},{"start":{"line":496,"column":72},"end":{"line":496,"column":79}}],"line":496},"81":{"loc":{"start":{"line":498,"column":35},"end":{"line":498,"column":79}},"type":"binary-expr","locations":[{"start":{"line":498,"column":35},"end":{"line":498,"column":56}},{"start":{"line":498,"column":60},"end":{"line":498,"column":79}}],"line":498},"82":{"loc":{"start":{"line":499,"column":32},"end":{"line":499,"column":56}},"type":"binary-expr","locations":[{"start":{"line":499,"column":32},"end":{"line":499,"column":50}},{"start":{"line":499,"column":54},"end":{"line":499,"column":56}}],"line":499},"83":{"loc":{"start":{"line":511,"column":56},"end":{"line":511,"column":80}},"type":"binary-expr","locations":[{"start":{"line":511,"column":56},"end":{"line":511,"column":65}},{"start":{"line":511,"column":69},"end":{"line":511,"column":80}}],"line":511},"84":{"loc":{"start":{"line":517,"column":4},"end":{"line":519,"column":5}},"type":"if","locations":[{"start":{"line":517,"column":4},"end":{"line":519,"column":5}},{"start":{},"end":{}}],"line":517},"85":{"loc":{"start":{"line":521,"column":4},"end":{"line":532,"column":5}},"type":"if","locations":[{"start":{"line":521,"column":4},"end":{"line":532,"column":5}},{"start":{"line":528,"column":11},"end":{"line":532,"column":5}}],"line":521},"86":{"loc":{"start":{"line":523,"column":35},"end":{"line":523,"column":105}},"type":"binary-expr","locations":[{"start":{"line":523,"column":35},"end":{"line":523,"column":69}},{"start":{"line":523,"column":73},"end":{"line":523,"column":105}}],"line":523},"87":{"loc":{"start":{"line":524,"column":32},"end":{"line":524,"column":69}},"type":"binary-expr","locations":[{"start":{"line":524,"column":32},"end":{"line":524,"column":63}},{"start":{"line":524,"column":67},"end":{"line":524,"column":69}}],"line":524},"88":{"loc":{"start":{"line":537,"column":8},"end":{"line":540,"column":9}},"type":"if","locations":[{"start":{"line":537,"column":8},"end":{"line":540,"column":9}},{"start":{},"end":{}}],"line":537},"89":{"loc":{"start":{"line":548,"column":4},"end":{"line":550,"column":5}},"type":"if","locations":[{"start":{"line":548,"column":4},"end":{"line":550,"column":5}},{"start":{},"end":{}}],"line":548},"90":{"loc":{"start":{"line":548,"column":8},"end":{"line":548,"column":36}},"type":"binary-expr","locations":[{"start":{"line":548,"column":8},"end":{"line":548,"column":19}},{"start":{"line":548,"column":23},"end":{"line":548,"column":36}}],"line":548},"91":{"loc":{"start":{"line":554,"column":8},"end":{"line":556,"column":9}},"type":"if","locations":[{"start":{"line":554,"column":8},"end":{"line":556,"column":9}},{"start":{},"end":{}}],"line":554},"92":{"loc":{"start":{"line":557,"column":8},"end":{"line":559,"column":9}},"type":"if","locations":[{"start":{"line":557,"column":8},"end":{"line":559,"column":9}},{"start":{},"end":{}}],"line":557},"93":{"loc":{"start":{"line":557,"column":12},"end":{"line":557,"column":53}},"type":"binary-expr","locations":[{"start":{"line":557,"column":12},"end":{"line":557,"column":27}},{"start":{"line":557,"column":31},"end":{"line":557,"column":53}}],"line":557},"94":{"loc":{"start":{"line":565,"column":8},"end":{"line":569,"column":9}},"type":"if","locations":[{"start":{"line":565,"column":8},"end":{"line":569,"column":9}},{"start":{"line":567,"column":15},"end":{"line":569,"column":9}}],"line":565},"95":{"loc":{"start":{"line":568,"column":48},"end":{"line":568,"column":84}},"type":"binary-expr","locations":[{"start":{"line":568,"column":48},"end":{"line":568,"column":66}},{"start":{"line":568,"column":70},"end":{"line":568,"column":84}}],"line":568},"96":{"loc":{"start":{"line":572,"column":56},"end":{"line":572,"column":85}},"type":"binary-expr","locations":[{"start":{"line":572,"column":56},"end":{"line":572,"column":65}},{"start":{"line":572,"column":69},"end":{"line":572,"column":85}}],"line":572},"97":{"loc":{"start":{"line":624,"column":21},"end":{"line":624,"column":94}},"type":"binary-expr","locations":[{"start":{"line":624,"column":21},"end":{"line":624,"column":87}},{"start":{"line":624,"column":91},"end":{"line":624,"column":94}}],"line":624},"98":{"loc":{"start":{"line":624,"column":28},"end":{"line":624,"column":49}},"type":"binary-expr","locations":[{"start":{"line":624,"column":28},"end":{"line":624,"column":43}},{"start":{"line":624,"column":47},"end":{"line":624,"column":49}}],"line":624},"99":{"loc":{"start":{"line":639,"column":21},"end":{"line":639,"column":94}},"type":"binary-expr","locations":[{"start":{"line":639,"column":21},"end":{"line":639,"column":87}},{"start":{"line":639,"column":91},"end":{"line":639,"column":94}}],"line":639},"100":{"loc":{"start":{"line":639,"column":28},"end":{"line":639,"column":49}},"type":"binary-expr","locations":[{"start":{"line":639,"column":28},"end":{"line":639,"column":43}},{"start":{"line":639,"column":47},"end":{"line":639,"column":49}}],"line":639},"101":{"loc":{"start":{"line":653,"column":21},"end":{"line":653,"column":77}},"type":"binary-expr","locations":[{"start":{"line":653,"column":21},"end":{"line":653,"column":30}},{"start":{"line":653,"column":35},"end":{"line":653,"column":58}},{"start":{"line":653,"column":62},"end":{"line":653,"column":76}}],"line":653},"102":{"loc":{"start":{"line":654,"column":4},"end":{"line":656,"column":5}},"type":"if","locations":[{"start":{"l
[...]
\Users\\user\\Desktop\\program\\web-order\\services\\stockAdapters\\restAdapter.js","statementMap":{"0":{"start":{"line":1,"column":20},"end":{"line":1,"column":44}},"1":{"start":{"line":5,"column":25},"end":{"line":5,"column":77}},"2":{"start":{"line":6,"column":8},"end":{"line":8,"column":9}},"3":{"start":{"line":7,"column":12},"end":{"line":7,"column":53}},"4":{"start":{"line":10,"column":23},"end":{"line":10,"column":96}},"5":{"start":{"line":11,"column":24},"end":{"line":15,"column":9}},"6":{"start":{"line":16,"column":28},"end":{"line":16,"column":72}},"7":{"start":{"line":18,"column":25},"end":{"line":22,"column":10}},"8":{"start":{"line":24,"column":8},"end":{"line":26,"column":9}},"9":{"start":{"line":25,"column":12},"end":{"line":25,"column":79}},"10":{"start":{"line":28,"column":8},"end":{"line":28,"column":37}},"11":{"start":{"line":32,"column":8},"end":{"line":32,"column":47}},"12":{"start":{"line":32,"column":37},"end":{"line":32,"column":47}},"13":{"start":{"line":33,"column":8},"end":{"line":45,"column":46}},"14":{"start":{"line":34,"column":25},"end":{"line":44,"column":13}},"15":{"start":{"line":45,"column":27},"end":{"line":45,"column":44}},"16":{"start":{"line":49,"column":8},"end":{"line":51,"column":9}},"17":{"start":{"line":50,"column":12},"end":{"line":50,"column":45}},"18":{"start":{"line":52,"column":8},"end":{"line":52,"column":85}},"19":{"start":{"line":56,"column":0},"end":{"line":56,"column":29}}},"fnMap":{"0":{"name":"(anonymous_0)","decl":{"start":{"line":4,"column":4},"end":{"line":4,"column":5}},"loc":{"start":{"line":4,"column":32},"end":{"line":29,"column":5}},"line":4},"1":{"name":"(anonymous_1)","decl":{"start":{"line":31,"column":4},"end":{"line":31,"column":5}},"loc":{"start":{"line":31,"column":34},"end":{"line":46,"column":5}},"line":31},"2":{"name":"(anonymous_2)","decl":{"start":{"line":34,"column":17},"end":{"line":34,"column":18}},"loc":{"start":{"line":34,"column":25},"end":{"line":44,"column":13}},"line":34},"3":{"name":"(anonymous_3)","decl":{"start":{"line":45,"column":20},"end":{"line":45,"column":21}},"loc":{"start":{"line":45,"column":27},"end":{"line":45,"column":44}},"line":45},"4":{"name":"(anonymous_4)","decl":{"start":{"line":48,"column":4},"end":{"line":48,"column":5}},"loc":{"start":{"line":48,"column":31},"end":{"line":53,"column":5}},"line":48}},"branchMap":{"0":{"loc":{"start":{"line":4,"column":15},"end":{"line":4,"column":30}},"type":"default-arg","locations":[{"start":{"line":4,"column":28},"end":{"line":4,"column":30}}],"line":4},"1":{"loc":{"start":{"line":5,"column":25},"end":{"line":5,"column":77}},"type":"binary-expr","locations":[{"start":{"line":5,"column":25},"end":{"line":5,"column":44}},{"start":{"line":5,"column":48},"end":{"line":5,"column":77}}],"line":5},"2":{"loc":{"start":{"line":6,"column":8},"end":{"line":8,"column":9}},"type":"if","locations":[{"start":{"line":6,"column":8},"end":{"line":8,"column":9}},{"start":{},"end":{}}],"line":6},"3":{"loc":{"start":{"line":10,"column":24},"end":{"line":10,"column":81}},"type":"binary-expr","locations":[{"start":{"line":10,"column":24},"end":{"line":10,"column":41}},{"start":{"line":10,"column":45},"end":{"line":10,"column":72}},{"start":{"line":10,"column":76},"end":{"line":10,"column":81}}],"line":10},"4":{"loc":{"start":{"line":13,"column":16},"end":{"line":13,"column":50}},"type":"binary-expr","locations":[{"start":{"line":13,"column":16},"end":{"line":13,"column":44}},{"start":{"line":13,"column":48},"end":{"line":13,"column":50}}],"line":13},"5":{"loc":{"start":{"line":14,"column":16},"end":{"line":14,"column":40}},"type":"binary-expr","locations":[{"start":{"line":14,"column":16},"end":{"line":14,"column":34}},{"start":{"line":14,"column":38},"end":{"line":14,"column":40}}],"line":14},"6":{"loc":{"start":{"line":16,"column":28},"end":{"line":16,"column":72}},"type":"binary-expr","locations":[{"start":{"line":16,"column":28},"end":{"line":16,"column":43}},{"start":{"line":16,"column":47},"end":{"line":16,"column":72}}],"line":16},"7":{"loc":{"start":{"line":21,"column":18},"end":{"line":21,"column":71}},"type":"cond-expr","locations":[{"start":{"line":21,"column":32},"end":{"line":21,"column":59}},{"start":{"line":21,"column":62},"end":{"line":21,"column":71}}],"line":21},"8":{"loc":{"start":{"line":24,"column":8},"end":{"line":26,"column":9}},"type":"if","locations":[{"start":{"line":24,"column":8},"end":{"line":26,"column":9}},{"start":{},"end":{}}],"line":24},"9":{"loc":{"start":{"line":31,"column":20},"end":{"line":31,"column":32}},"type":"default-arg","locations":[{"start":{"line":31,"column":30},"end":{"line":31,"column":32}}],"line":31},"10":{"loc":{"start":{"line":32,"column":8},"end":{"line":32,"column":47}},"type":"if","locations":[{"start":{"line":32,"column":8},"end":{"line":32,"column":47}},{"start":{},"end":{}}],"line":32},"11":{"loc":{"start":{"line":35,"column":29},"end":{"line":35,"column":56}},"type":"binary-expr","locations":[{"start":{"line":35,"column":29},"end":{"line":35,"column":44}},{"start":{"line":35,"column":48},"end":{"line":35,"column":56}}],"line":35},"12":{"loc":{"start":{"line":36,"column":26},"end":{"line":36,"column":98}},"type":"cond-expr","locations":[{"start":{"line":36,"column":58},"end":{"line":36,"column":70}},{"start":{"line":36,"column":73},"end":{"line":36,"column":98}}],"line":36},"13":{"loc":{"start":{"line":36,"column":73},"end":{"line":36,"column":98}},"type":"binary-expr","locations":[{"start":{"line":36,"column":73},"end":{"line":36,"column":93}},{"start":{"line":36,"column":97},"end":{"line":36,"column":98}}],"line":36},"14":{"loc":{"start":{"line":36,"column":80},"end":{"line":36,"column":92}},"type":"binary-expr","locations":[{"start":{"line":36,"column":80},"end":{"line":36,"column":87}},{"start":{"line":36,"column":91},"end":{"line":36,"column":92}}],"line":36},"15":{"loc":{"start":{"line":37,"column":29},"end":{"line":37,"column":83}},"type":"cond-expr","locations":[{"start":{"line":37,"column":64},"end":{"line":37,"column":79}},{"start":{"line":37,"column":82},"end":{"line":37,"column":83}}],"line":37},"16":{"loc":{"start":{"line":38,"column":28},"end":{"line":38,"column":79}},"type":"cond-expr","locations":[{"start":{"line":38,"column":60},"end":{"line":38,"column":74}},{"start":{"line":38,"column":77},"end":{"line":38,"column":79}}],"line":38},"17":{"loc":{"start":{"line":39,"column":25},"end":{"line":39,"column":73}},"type":"cond-expr","locations":[{"start":{"line":39,"column":53},"end":{"line":39,"column":66}},{"start":{"line":39,"column":69},"end":{"line":39,"column":73}}],"line":39},"18":{"loc":{"start":{"line":40,"column":31},"end":{"line":40,"column":54}},"type":"binary-expr","locations":[{"start":{"line":40,"column":31},"end":{"line":40,"column":48}},{"start":{"line":40,"column":52},"end":{"line":40,"column":54}}],"line":40},"19":{"loc":{"start":{"line":43,"column":27},"end":{"line":43,"column":88}},"type":"binary-expr","locations":[{"start":{"line":43,"column":27},"end":{"line":43,"column":40}},{"start":{"line":43,"column":44},"end":{"line":43,"column":60}},{"start":{"line":43,"column":64},"end":{"line":43,"column":88}}],"line":43},"20":{"loc":{"start":{"line":49,"column":8},"end":{"line":51,"column":9}},"type":"if","locations":[{"start":{"line":49,"column":8},"end":{"line":51,"column":9}},{"start":{},"end":{}}],"line":49}},"s":{"0":63,"1":0,"2":0,"3":0,"4":0,"5":0,"6":0,"7":0,"8":0,"9":0,"10":0,"11":0,"12":0,"13":0,"14":0,"15":0,"16":0,"17":0,"18":0,"19":63},"f":{"0":0,"1":0,"2":0,"3":0,"4":0},"b":{"0":[0],"1":[0,0],"2":[0,0],"3":[0,0,0],"4":[0,0],"5":[0,0],"6":[0,0],"7":[0,0],"8":[0,0],"9":[0],"10":[0,0],"11":[0,0],"12":[0,0],"13":[0,0],"14":[0,0],"15":[0,0],"16":[0,0],"17":[0,0],"18":[0,0],"19":[0,0,0],"20":[0,0]},"_coverageSchema":"1a1c01bbd47fc00a2c39e90264f33305004495a9","hash":"a0118901918dd6d65202e15d2838413d68cc0415"}
,"C:\\Users\\user\\Desktop\\program\\web-order\\utils\\excelReader.js": {"path":"C:\\Users\\user\\Desktop\\program\\web-order\\utils\\excelReader.js","statementMap":{"0":{"start":{"line":3,"column":16},"end":{"line":3,"column":34}},"1":{"start":{"line":12,"column":21},"end":{"line":12,"column":43}},"2":{"start":{"line":13,"column":4},"end":{"line":13,"column":37}},"3":{"start":{"line":14,"column":18},"end":{"line":16,"column":54}},"4":{"start":{"line":17,"column":4},"end":{"line":17,"column":26}},"5":{"start":{"line":17,"column":16},"end":{"line":17,"column":26}},"6":{"start":{"line":18,"column":17},"end":{"line":18,"column":19}},"7":{"start":{"line":19,"column":4},"end":{"line":23,"column":7}},"8":{"start":{"line":20,"column":23},"end":{"line":20,"column":33}},"9":{"start":{"line":21,"column":20},"end":{"line":21,"column":80}},"10":{"start":{"line":21,"column":55},"end":{"line":21,"column":73}},"11":{"start":{"line":22,"column":8},"end":{"line":22,"column":23}},"12":{"start":{"line":24,"column":4},"end":{"line":24,"column":16}},"13":{"start":{"line":34,"column":17},"end":{"line":37,"column":6}},"14":{"start":{"line":38,"column":4},"end":{"line":38,"column":35}},"15":{"start":{"line":38,"column":25},"end":{"line":38,"column":35}},"16":{"start":{"line":39,"column":19},"end":{"line":39,"column":69}},"17":{"start":{"line":40,"column":20},"end":{"line":40,"column":64}},"18":{"start":{"line":40,"column":37},"end":{"line":40,"column":63}},"19":{"start":{"line":41,"column":19},"end":{"line":41,"column":21}},"20":{"start":{"line":42,"column":4},"end":{"line":52,"column":5}},"21":{"start":{"line":42,"column":17},"end":{"line":42,"column":18}},"22":{"start":{"line":43,"column":20},"end":{"line":43,"column":27}},"23":{"start":{"line":44,"column":20},"end":{"line":44,"column":22}},"24":{"start":{"line":45,"column":8},"end":{"line":50,"column":11}},"25":{"start":{"line":46,"column":22},"end":{"line":46,"column":28}},"26":{"start":{"line":47,"column":12},"end":{"line":48,"column":47}},"27":{"start":{"line":47,"column":37},"end":{"line":47,"column":75}},"28":{"start":{"line":48,"column":17},"end":{"line":48,"column":47}},"29":{"start":{"line":48,"column":34},"end":{"line":48,"column":47}},"30":{"start":{"line":49,"column":12},"end":{"line":49,"column":27}},"31":{"start":{"line":51,"column":8},"end":{"line":51,"column":25}},"32":{"start":{"line":53,"column":4},"end":{"line":53,"column":18}},"33":{"start":{"line":62,"column":4},"end":{"line":62,"column":76}},"34":{"start":{"line":62,"column":64},"end":{"line":62,"column":76}},"35":{"start":{"line":64,"column":15},"end":{"line":64,"column":46}},"36":{"start":{"line":65,"column":14},"end":{"line":65,"column":26}},"37":{"start":{"line":66,"column":4},"end":{"line":66,"column":40}},"38":{"start":{"line":66,"column":28},"end":{"line":66,"column":40}},"39":{"start":{"line":67,"column":14},"end":{"line":67,"column":29}},"40":{"start":{"line":68,"column":14},"end":{"line":68,"column":55}},"41":{"start":{"line":69,"column":14},"end":{"line":69,"column":50}},"42":{"start":{"line":70,"column":4},"end":{"line":70,"column":28}},"43":{"start":{"line":79,"column":4},"end":{"line":79,"column":80}},"44":{"start":{"line":79,"column":35},"end":{"line":79,"column":80}},"45":{"start":{"line":80,"column":4},"end":{"line":80,"column":81}},"46":{"start":{"line":80,"column":39},"end":{"line":80,"column":81}},"47":{"start":{"line":81,"column":4},"end":{"line":81,"column":16}},"48":{"start":{"line":84,"column":0},"end":{"line":90,"column":2}}},"fnMap":{"0":{"name":"readToRowArrays","decl":{"start":{"line":11,"column":15},"end":{"line":11,"column":30}},"loc":{"start":{"line":11,"column":53},"end":{"line":25,"column":1}},"line":11},"1":{"name":"(anonymous_1)","decl":{"start":{"line":19,"column":18},"end":{"line":19,"column":19}},"loc":{"start":{"line":19,"column":38},"end":{"line":23,"column":5}},"line":19},"2":{"name":"(anonymous_2)","decl":{"start":{"line":21,"column":49},"end":{"line":21,"column":50}},"loc":{"start":{"line":21,"column":55},"end":{"line":21,"column":73}},"line":21},"3":{"name":"readToObjects","decl":{"start":{"line":33,"column":15},"end":{"line":33,"column":28}},"loc":{"start":{"line":33,"column":51},"end":{"line":54,"column":1}},"line":33},"4":{"name":"(anonymous_4)","decl":{"start":{"line":40,"column":32},"end":{"line":40,"column":33}},"loc":{"start":{"line":40,"column":37},"end":{"line":40,"column":63}},"line":40},"5":{"name":"(anonymous_5)","decl":{"start":{"line":45,"column":24},"end":{"line":45,"column":25}},"loc":{"start":{"line":45,"column":36},"end":{"line":50,"column":9}},"line":45},"6":{"name":"excelSerialToDateString","decl":{"start":{"line":61,"column":9},"end":{"line":61,"column":32}},"loc":{"start":{"line":61,"column":41},"end":{"line":71,"column":1}},"line":61},"7":{"name":"cellToDateString","decl":{"start":{"line":78,"column":9},"end":{"line":78,"column":25}},"loc":{"start":{"line":78,"column":37},"end":{"line":82,"column":1}},"line":78}},"branchMap":{"0":{"loc":{"start":{"line":11,"column":39},"end":{"line":11,"column":51}},"type":"default-arg","locations":[{"start":{"line":11,"column":49},"end":{"line":11,"column":51}}],"line":11},"1":{"loc":{"start":{"line":14,"column":18},"end":{"line":16,"column":54}},"type":"cond-expr","locations":[{"start":{"line":15,"column":10},"end":{"line":15,"column":98}},{"start":{"line":16,"column":10},"end":{"line":16,"column":54}}],"line":14},"2":{"loc":{"start":{"line":15,"column":10},"end":{"line":15,"column":98}},"type":"binary-expr","locations":[{"start":{"line":15,"column":10},"end":{"line":15,"column":50}},{"start":{"line":15,"column":54},"end":{"line":15,"column":98}}],"line":15},"3":{"loc":{"start":{"line":15,"column":74},"end":{"line":15,"column":97}},"type":"binary-expr","locations":[{"start":{"line":15,"column":74},"end":{"line":15,"column":92}},{"start":{"line":15,"column":96},"end":{"line":15,"column":97}}],"line":15},"4":{"loc":{"start":{"line":16,"column":30},"end":{"line":16,"column":53}},"type":"binary-expr","locations":[{"start":{"line":16,"column":30},"end":{"line":16,"column":48}},{"start":{"line":16,"column":52},"end":{"line":16,"column":53}}],"line":16},"5":{"loc":{"start":{"line":17,"column":4},"end":{"line":17,"column":26}},"type":"if","locations":[{"start":{"line":17,"column":4},"end":{"line":17,"column":26}},{"start":{},"end":{}}],"line":17},"6":{"loc":{"start":{"line":21,"column":20},"end":{"line":21,"column":80}},"type":"cond-expr","locations":[{"start":{"line":21,"column":29},"end":{"line":21,"column":75}},{"start":{"line":21,"column":78},"end":{"line":21,"column":80}}],"line":21},"7":{"loc":{"start":{"line":21,"column":55},"end":{"line":21,"column":73}},"type":"cond-expr","locations":[{"start":{"line":21,"column":67},"end":{"line":21,"column":69}},{"start":{"line":21,"column":72},"end":{"line":21,"column":73}}],"line":21},"8":{"loc":{"start":{"line":33,"column":37},"end":{"line":33,"column":49}},"type":"default-arg","locations":[{"start":{"line":33,"column":47},"end":{"line":33,"column":49}}],"line":33},"9":{"loc":{"start":{"line":35,"column":20},"end":{"line":35,"column":43}},"type":"binary-expr","locations":[{"start":{"line":35,"column":20},"end":{"line":35,"column":38}},{"start":{"line":35,"column":42},"end":{"line":35,"column":43}}],"line":35},"10":{"loc":{"start":{"line":38,"column":4},"end":{"line":38,"column":35}},"type":"if","locations":[{"start":{"line":38,"column":4},"end":{"line":38,"column":35}},{"start":{},"end":{}}],"line":38},"11":{"loc":{"start":{"line":39,"column":19},"end":{"line":39,"column":69}},"type":"cond-expr","locations":[{"start":{"line":39,"column":50},"end":{"line":39,"column":64}},{"start":{"line":39,"column":67},"end":{"line":39,"column":69}}],"line":39},"12":{"loc":{"start":{"line":40,"column":44},"end":{"line":40,"column":55}},"type":"binary-expr","locations":[{"start":{"line":40,"column":44},"end":{"line":40,"column":45}},{"start":{"line":40,"column":49},"end":{"line":40,"column":55}}],"line":40},"13":{"loc":{"start":{"line":47,"column":12},"end":{"line":48,"column":47}},"type":"if","locations":[{"start":{"line":47,"column":12},"end":{"line":48,"column":47}},{"start":{"line":48,"column":17},"end":{"line":48,"column":47}}],"line":47},"14":{"loc":{"start":{"line":48,"column":17},"end":{"line":48,"column":47}},"type":"if","locations":[{"start":{"line":48,"column":17},"end":{"line":48,"column":47}},{"start":{},"end":{}}],"line":48},"15":{"loc":{"start":{"line":62,"column":4},"end":{"line":62,"column":76}},"type":"if","locations":[{"start":{"line":62,"column":4},"end":{"line":62,"column":76}},{"start":{},"end":{}}],"line":62},"16":{"loc":{"start":{"line":62,"column":8},"end":{"line":62,"column":62}},"type":"binary-expr","locations":[{"start":{"line":62,"column":8},"end":{"line":62,"column":34}},{"start":{"line":62,"column":38},"end":{"line":62,"column":62}}],"line":62},"17":{"loc":{"start":{"line":66,"column":4},"end":{"line":66,"column":40}},"type":"if","locations":[{"start":{"line":66,"column":4},"end":{"line":66,"column":40}},{"start":{},"end":{}}],"line":66},"18":{"loc":{"start":{"line":79,"column":4},"end":{"line":79,"column":80}},"type":"if","locations":[{"start":{"line":79,"column":4},"end":{"line":79,"column":80}},{"start":{},"end":{}}],"line":79},"19":{"loc":{"start":{"line":80,"column":4},"end":{"line":80,"column":81}},"type":"if","locations":[{"start":{"line":80,"column":4},"end":{"line":80,"column":81}},{"start":{},"end":{}}],"line":80}},"s":{"0":64,"1":9,"2":9,"3":7,"4":7,"5":0,"6":7,"7":7,"8":10,"9":10,"10":34,"11":10,"12":7,"13":4,"14":3,"15":1,"16":2,"17":2,"18":5,"19":2,"20":2,"21":2,"22":2,"23":2,"24":2,"25":5,"26":5,"27":0,"28":5,"29":0,"30":5,"31":2,"32":2,"33":4,"34":2,"35":2,"36":2,"37":2,"38":0,"39":2,"40":2,"41":2,"42":2,"43":6,"44":1,"45":5,"46":1,"47":4,"48":64},"f":{"0":9,"1":10,"2":34,"3":4,"4":5,"5":5,"6":4,"7":6},"b":{"0":[3],"1":[2,5],"2":[2,0],"3":[0,0],"4":[5,2],"5":[0,7],"6":[10,0],"7":[0,34],"8":[2],"9":[4,4],"10":[1,2],"11":[1,1],"12":[5,0],"13":[0,5],"14":[0,5],"15":[2,2],"16":[4,3],"17":[0,2],"18":[1,5],"19":[1,4]},"_coverageSchema":"1a1c01bbd47fc00a2c39e90264f33305004495a9","hash":"b1addc696a456ccf55750d9f2690a8afd1bef3f9"}
,"C:\\Users\\user\\Desktop\\program\\web-order\\utils\\priceCalc.js": {"path":"C:\\Users\\user\\Desktop\\program\\web-order\\utils\\priceCalc.js","statementMap":{"0":{"start":{"line":10,"column":4},"end":{"line":12,"column":5}},"1":{"start":{"line":11,"column":8},"end":{"line":11,"column":46}},"2":{"start":{"line":15,"column":4},"end":{"line":17,"column":5}},"3":{"start":{"line":16,"column":8},"end":{"line":16,"column":40}},"4":{"start":{"line":20,"column":4},"end":{"line":20,"column":34}},"5":{"start":{"line":24,"column":0},"end":{"line":24,"column":41}}},"fnMap":{"0":{"name":"calculateFinalPrice","decl":{"start":{"line":8,"column":9},"end":{"line":8,"column":28}},"loc":{"start":{"line":8,"column":63},"end":{"line":21,"column":1}},"line":8}},"branchMap":{"0":{"loc":{"start":{"line":10,"column":4},"end":{"line":12,"column":5}},"type":"if","locations":[{"start":{"line":10,"column":4},"end":{"line":12,"column":5}},{"start":{},"end":{}}],"line":10},"1":{"loc":{"start":{"line":15,"column":4},"end":{"line":17,"column":5}},"type":"if","locations":[{"start":{"line":15,"column":4},"end":{"line":17,"column":5}},{"start":{},"end":{}}],"line":15},"2":{"loc":{"start":{"line":15,"column":8},"end":{"line":15,"column":62}},"type":"binary-expr","locations":[{"start":{"line":15,"column":8},"end":{"line":15,"column":12}},{"start":{"line":15,"column":16},"end":{"line":15,"column":34}},{"start":{"line":15,"column":38},"end":{"line":15,"column":62}}],"line":15},"3":{"loc":{"start":{"line":20,"column":11},"end":{"line":20,"column":33}},"type":"binary-expr","locations":[{"start":{"line":20,"column":11},"end":{"line":20,"column":28}},{"start":{"line":20,"column":32},"end":{"line":20,"column":33}}],"line":20}},"s":{"0":58,"1":36,"2":22,"3":17,"4":5,"5":63},"f":{"0":58},"b":{"0":[36,22],"1":[17,5],"2":[22,20,20],"3":[5,2]},"_coverageSchema":"1a1c01bbd47fc00a2c39e90264f33305004495a9","hash":"13f074f0a8a925502010a56d677d16b83c500436"}
}
