TN:
SF:middlewares\validate.js
FN:7,formatZodErrors
FN:9,(anonymous_1)
FN:12,(anonymous_2)
FN:28,validateBody
FN:29,(anonymous_4)
FN:51,validateQuery
FN:52,(anonymous_6)
FN:74,validateParams
FN:75,(anonymous_8)
FNF:9
FNH:9
FNDA:11,formatZodErrors
FNDA:11,(anonymous_1)
FNDA:7,(anonymous_2)
FNDA:434,validateBody
FNDA:1742,(anonymous_4)
FNDA:1,validateQuery
FNDA:4,(anonymous_6)
FNDA:2,validateParams
FNDA:2,(anonymous_8)
DA:3,63
DA:5,63
DA:8,11
DA:9,11
DA:10,11
DA:11,11
DA:12,7
DA:13,7
DA:18,7
DA:20,4
DA:25,11
DA:29,434
DA:30,1742
DA:31,1742
DA:32,1734
DA:33,1734
DA:35,8
DA:36,8
DA:42,0
DA:52,1
DA:53,4
DA:54,4
DA:55,2
DA:56,2
DA:58,2
DA:59,2
DA:65,0
DA:75,2
DA:76,2
DA:77,2
DA:78,1
DA:79,1
DA:81,1
DA:82,1
DA:88,0
DA:97,63
LF:36
LH:33
BRDA:7,0,0,0
BRDA:10,1,0,6
BRDA:10,1,1,5
BRDA:10,2,0,11
BRDA:10,2,1,11
BRDA:11,3,0,7
BRDA:11,3,1,4
BRDA:11,4,0,11
BRDA:11,4,1,7
BRDA:11,4,2,7
BRDA:14,5,0,5
BRDA:14,5,1,2
BRDA:31,6,0,1742
BRDA:31,6,1,0
BRDA:35,7,0,8
BRDA:35,7,1,0
BRDA:54,8,0,4
BRDA:54,8,1,0
BRDA:58,9,0,2
BRDA:58,9,1,0
BRDA:77,10,0,2
BRDA:77,10,1,0
BRDA:81,11,0,1
BRDA:81,11,1,0
BRF:24
BRH:17
end_of_record
TN:
SF:routes\admin-api.js
FN:39,loadProxyRequests
FN:48,saveProxyRequests
FN:52,regenerateSession
FN:53,(anonymous_3)
FN:54,(anonymous_4)
FN:61,saveSession
FN:62,(anonymous_6)
FN:63,(anonymous_7)
FN:73,requireAdmin
FN:85,(anonymous_9)
FN:120,(anonymous_10)
FN:170,(anonymous_11)
FN:185,(anonymous_12)
FN:207,(anonymous_13)
FN:247,(anonymous_14)
FN:255,(anonymous_15)
FN:263,(anonymous_16)
FN:271,(anonymous_17)
FN:282,(anonymous_18)
FN:295,(anonymous_19)
FN:314,(anonymous_20)
FN:329,(anonymous_21)
FN:336,(anonymous_22)
FN:344,(anonymous_23)
FN:390,(anonymous_24)
FN:419,(anonymous_25)
FN:443,(anonymous_26)
FN:516,(anonymous_27)
FN:536,(anonymous_28)
FN:546,(anonymous_29)
FN:582,(anonymous_30)
FN:590,(anonymous_31)
FN:598,(anonymous_32)
FN:606,(anonymous_33)
FN:614,(anonymous_34)
FN:622,(anonymous_35)
FN:637,(anonymous_36)
FN:652,(anonymous_37)
FN:676,(anonymous_38)
FN:679,(anonymous_39)
FN:680,(anonymous_40)
FN:684,(anonymous_41)
FN:695,(anonymous_42)
FN:712,(anonymous_43)
FN:744,(anonymous_44)
FN:763,(anonymous_45)
FN:785,(anonymous_46)
FN:802,(anonymous_47)
FN:821,(anonymous_48)
FN:831,(anonymous_49)
FN:856,(anonymous_50)
FN:877,(anonymous_51)
FN:891,(anonymous_52)
FN:901,(anonymous_53)
FN:925,(anonymous_54)
FN:942,(anonymous_55)
FN:958,(anonymous_56)
FNF:57
FNH:50
FNDA:39,loadProxyRequests
FNDA:29,saveProxyRequests
FNDA:4,regenerateSession
FNDA:4,(anonymous_3)
FNDA:4,(anonymous_4)
FNDA:4,saveSession
FNDA:4,(anonymous_6)
FNDA:4,(anonymous_7)
FNDA:170,requireAdmin
FNDA:1711,(anonymous_9)
FNDA:3,(anonymous_10)
FNDA:17,(anonymous_11)
FNDA:1,(anonymous_12)
FNDA:3,(anonymous_13)
FNDA:3,(anonymous_14)
FNDA:2,(anonymous_15)
FNDA:2,(anonymous_16)
FNDA:1,(anonymous_17)
FNDA:0,(anonymous_18)
FNDA:0,(anonymous_19)
FNDA:6,(anonymous_20)
FNDA:4,(anonymous_21)
FNDA:4,(anonymous_22)
FNDA:10,(anonymous_23)
FNDA:21,(anonymous_24)
FNDA:13,(anonymous_25)
FNDA:10,(anonymous_26)
FNDA:5,(anonymous_27)
FNDA:3,(anonymous_28)
FNDA:4,(anonymous_29)
FNDA:4,(anonymous_30)
FNDA:3,(anonymous_31)
FNDA:0,(anonymous_32)
FNDA:4,(anonymous_33)
FNDA:3,(anonymous_34)
FNDA:3,(anonymous_35)
FNDA:0,(anonymous_36)
FNDA:0,(anonymous_37)
FNDA:5,(anonymous_38)
FNDA:3,(anonymous_39)
FNDA:2,(anonymous_40)
FNDA:0,(anonymous_41)
FNDA:0,(anonymous_42)
FNDA:2,(anonymous_43)
FNDA:2,(anonymous_44)
FNDA:1,(anonymous_45)
FNDA:2,(anonymous_46)
FNDA:2,(anonymous_47)
FNDA:3,(anonymous_48)
FNDA:1,(anonymous_49)
FNDA:2,(anonymous_50)
FNDA:3,(anonymous_51)
FNDA:1,(anonymous_52)
FNDA:4,(anonymous_53)
FNDA:5,(anonymous_54)
FNDA:2,(anonymous_55)
FNDA:3,(anonymous_56)
DA:3,62
DA:4,62
DA:7,62
DA:8,62
DA:9,62
DA:10,62
DA:13,62
DA:14,62
DA:15,62
DA:16,62
DA:17,62
DA:18,62
DA:19,62
DA:20,62
DA:21,62
DA:22,62
DA:23,62
DA:24,62
DA:25,62
DA:31,62
DA:33,62
DA:34,62
DA:35,62
DA:36,62
DA:37,62
DA:40,39
DA:41,39
DA:42,38
DA:44,3
DA:49,29
DA:53,4
DA:54,4
DA:55,4
DA:56,4
DA:62,4
DA:63,4
DA:64,4
DA:65,4
DA:74,170
DA:75,12
DA:77,158
DA:85,62
DA:86,1711
DA:87,1711
DA:88,1709
DA:89,1709
DA:98,1709
DA:99,1709
DA:100,1709
DA:101,1709
DA:102,1709
DA:105,1709
DA:106,1709
DA:115,2
DA:120,62
DA:121,3
DA:122,3
DA:123,3
DA:124,3
DA:125,2
DA:126,2
DA:127,2
DA:128,2
DA:131,2
DA:146,2
DA:147,2
DA:165,1
DA:170,62
DA:171,17
DA:172,17
DA:173,17
DA:175,16
DA:176,16
DA:178,1
DA:185,62
DA:186,1
DA:187,1
DA:188,1
DA:189,1
DA:190,0
DA:192,1
DA:193,1
DA:200,0
DA:201,0
DA:203,0
DA:207,62
DA:208,3
DA:209,3
DA:210,3
DA:211,3
DA:212,3
DA:213,3
DA:215,0
DA:217,3
DA:219,3
DA:220,3
DA:221,1
DA:222,1
DA:224,0
DA:225,0
DA:228,2
DA:229,2
DA:230,2
DA:231,2
DA:232,1
DA:235,2
DA:236,2
DA:238,0
DA:247,62
DA:248,3
DA:249,3
DA:250,2
DA:251,1
DA:255,62
DA:256,2
DA:257,2
DA:258,1
DA:259,1
DA:263,62
DA:264,2
DA:265,2
DA:266,2
DA:267,0
DA:271,62
DA:272,1
DA:273,1
DA:274,0
DA:276,1
DA:277,1
DA:282,62
DA:283,0
DA:284,0
DA:285,0
DA:286,0
DA:287,0
DA:289,0
DA:290,0
DA:295,62
DA:296,0
DA:297,0
DA:298,0
DA:299,0
DA:300,0
DA:301,0
DA:303,0
DA:304,0
DA:314,62
DA:315,6
DA:316,6
DA:317,6
DA:320,6
DA:321,5
DA:323,1
DA:324,1
DA:329,62
DA:330,4
DA:331,4
DA:332,3
DA:333,1
DA:336,62
DA:337,4
DA:338,4
DA:339,3
DA:340,1
DA:344,62
DA:345,10
DA:346,10
DA:347,2
DA:350,8
DA:351,8
DA:352,8
DA:353,2
DA:355,6
DA:356,2
DA:359,4
DA:360,4
DA:361,4
DA:362,0
DA:366,4
DA:367,4
DA:368,4
DA:369,4
DA:370,0
DA:371,4
DA:372,4
DA:374,4
DA:375,4
DA:376,4
DA:378,4
DA:379,2
DA:381,2
DA:384,0
DA:385,0
DA:390,62
DA:391,21
DA:392,21
DA:393,1
DA:395,20
DA:396,20
DA:397,20
DA:398,1
DA:400,19
DA:401,19
DA:406,19
DA:407,18
DA:408,18
DA:413,1
DA:414,1
DA:419,62
DA:420,13
DA:421,13
DA:422,2
DA:424,11
DA:425,11
DA:426,11
DA:427,11
DA:428,6
DA:429,3
DA:430,3
DA:431,3
DA:433,3
DA:434,2
DA:436,1
DA:438,0
DA:443,62
DA:444,10
DA:445,10
DA:446,1
DA:448,9
DA:449,9
DA:450,9
DA:451,9
DA:452,2
DA:457,7
DA:458,2
DA:459,2
DA:460,2
DA:462,5
DA:463,5
DA:464,1
DA:465,1
DA:466,1
DA:468,4
DA:469,4
DA:470,4
DA:477,4
DA:482,4
DA:484,4
DA:485,4
DA:487,4
DA:488,1
DA:489,1
DA:490,1
DA:492,3
DA:493,3
DA:494,3
DA:496,4
DA:497,4
DA:498,4
DA:499,4
DA:500,4
DA:501,4
DA:502,4
DA:503,4
DA:504,4
DA:506,0
DA:507,0
DA:510,0
DA:511,0
DA:516,62
DA:517,5
DA:518,2
DA:521,3
DA:522,1
DA:523,1
DA:524,1
DA:525,1
DA:526,1
DA:527,1
DA:529,2
DA:530,2
DA:531,2
DA:533,3
DA:534,3
DA:535,3
DA:536,3
DA:537,3
DA:538,0
DA:539,0
DA:541,3
DA:546,62
DA:547,4
DA:548,4
DA:549,1
DA:552,3
DA:553,3
DA:554,3
DA:555,1
DA:557,2
DA:558,1
DA:561,1
DA:562,1
DA:563,1
DA:565,1
DA:566,0
DA:568,1
DA:571,0
DA:572,0
DA:582,62
DA:583,4
DA:584,4
DA:585,3
DA:586,1
DA:590,62
DA:591,3
DA:592,3
DA:593,2
DA:594,1
DA:598,62
DA:599,0
DA:600,0
DA:601,0
DA:602,0
DA:606,62
DA:607,4
DA:608,4
DA:609,3
DA:610,1
DA:614,62
DA:615,3
DA:616,3
DA:617,2
DA:618,1
DA:622,62
DA:623,3
DA:624,3
DA:625,3
DA:626,2
DA:627,2
DA:628,2
DA:629,2
DA:631,1
DA:632,1
DA:637,62
DA:638,0
DA:639,0
DA:640,0
DA:641,0
DA:642,0
DA:643,0
DA:644,0
DA:646,0
DA:647,0
DA:652,62
DA:653,0
DA:654,0
DA:655,0
DA:657,0
DA:658,0
DA:659,0
DA:660,0
DA:661,0
DA:662,0
DA:664,0
DA:666,0
DA:667,0
DA:676,62
DA:677,5
DA:678,5
DA:679,3
DA:680,2
DA:684,62
DA:685,0
DA:686,0
DA:687,0
DA:689,0
DA:690,0
DA:695,62
DA:696,0
DA:697,0
DA:699,0
DA:700,0
DA:701,0
DA:703,0
DA:712,62
DA:713,2
DA:714,1
DA:716,1
DA:717,1
DA:718,1
DA:719,1
DA:721,1
DA:724,1
DA:725,1
DA:726,1
DA:728,0
DA:729,0
DA:735,0
DA:744,62
DA:745,2
DA:746,2
DA:747,2
DA:748,0
DA:750,2
DA:751,2
DA:757,0
DA:758,0
DA:763,62
DA:764,1
DA:765,1
DA:766,1
DA:767,0
DA:769,1
DA:770,1
DA:776,0
DA:777,0
DA:785,62
DA:786,2
DA:787,2
DA:791,1
DA:797,1
DA:798,1
DA:802,62
DA:803,2
DA:804,2
DA:805,2
DA:813,2
DA:814,1
DA:816,1
DA:817,1
DA:821,62
DA:822,3
DA:823,3
DA:824,2
DA:826,1
DA:827,1
DA:831,62
DA:832,1
DA:833,1
DA:835,0
DA:836,0
DA:837,0
DA:838,0
DA:843,0
DA:848,0
DA:850,0
DA:851,0
DA:856,62
DA:857,2
DA:858,2
DA:859,2
DA:860,2
DA:861,2
DA:862,2
DA:863,2
DA:864,2
DA:865,2
DA:866,2
DA:867,2
DA:868,2
DA:869,2
DA:871,0
DA:872,0
DA:877,62
DA:878,3
DA:879,1
DA:881,2
DA:882,2
DA:883,2
DA:884,1
DA:886,1
DA:887,1
DA:891,62
DA:892,1
DA:893,1
DA:894,1
DA:896,0
DA:897,0
DA:901,62
DA:902,4
DA:903,4
DA:904,0
DA:906,4
DA:907,4
DA:918,4
DA:920,0
DA:921,0
DA:925,62
DA:926,5
DA:927,5
DA:928,1
DA:930,4
DA:931,4
DA:935,2
DA:937,2
DA:938,2
DA:942,62
DA:943,2
DA:944,2
DA:945,1
DA:947,1
DA:948,1
DA:951,1
DA:953,0
DA:954,0
DA:958,62
DA:959,3
DA:960,3
DA:961,2
DA:962,2
DA:964,0
DA:966,1
DA:967,1
DA:971,62
LF:514
LH:412
BRDA:55,0,0,0
BRDA:55,0,1,4
BRDA:64,1,0,0
BRDA:64,1,1,4
BRDA:74,2,0,12
BRDA:74,2,1,158
BRDA:100,3,0,1709
BRDA:100,3,1,0
BRDA:101,4,0,2
BRDA:101,4,1,1707
BRDA:101,5,0,1709
BRDA:101,5,1,2
BRDA:102,6,0,0
BRDA:102,6,1,1709
BRDA:102,7,0,1709
BRDA:102,7,1,1709
BRDA:108,8,0,1708
BRDA:108,8,1,1
BRDA:109,9,0,1708
BRDA:109,9,1,1
BRDA:123,10,0,3
BRDA:123,10,1,3
BRDA:126,11,0,2
BRDA:126,11,1,0
BRDA:127,12,0,2
BRDA:127,12,1,0
BRDA:128,13,0,0
BRDA:128,13,1,2
BRDA:130,14,0,2
BRDA:130,14,1,0
BRDA:134,15,0,2
BRDA:134,15,1,2
BRDA:134,15,2,2
BRDA:135,16,0,2
BRDA:135,16,1,2
BRDA:144,17,0,2
BRDA:144,17,1,0
BRDA:146,18,0,2
BRDA:146,18,1,0
BRDA:148,19,0,2
BRDA:148,19,1,0
BRDA:149,20,0,2
BRDA:149,20,1,0
BRDA:152,21,0,2
BRDA:152,21,1,2
BRDA:153,22,0,2
BRDA:153,22,1,0
BRDA:155,23,0,2
BRDA:155,23,1,2
BRDA:156,24,0,2
BRDA:156,24,1,0
BRDA:158,25,0,2
BRDA:158,25,1,0
BRDA:158,26,0,2
BRDA:158,26,1,0
BRDA:159,27,0,2
BRDA:159,27,1,0
BRDA:160,28,0,2
BRDA:160,28,1,0
BRDA:161,29,0,2
BRDA:161,29,1,2
BRDA:162,30,0,2
BRDA:162,30,1,0
BRDA:175,31,0,1
BRDA:175,31,1,15
BRDA:178,32,0,1
BRDA:178,32,1,0
BRDA:189,33,0,0
BRDA:189,33,1,1
BRDA:189,34,0,1
BRDA:189,34,1,1
BRDA:194,35,0,1
BRDA:194,35,1,0
BRDA:195,36,0,1
BRDA:195,36,1,0
BRDA:196,37,0,1
BRDA:196,37,1,1
BRDA:197,38,0,1
BRDA:197,38,1,0
BRDA:197,38,2,1
BRDA:200,39,0,0
BRDA:200,39,1,0
BRDA:215,40,0,0
BRDA:215,40,1,0
BRDA:217,41,0,0
BRDA:217,41,1,3
BRDA:219,42,0,3
BRDA:219,42,1,1
BRDA:220,43,0,1
BRDA:220,43,1,2
BRDA:221,44,0,1
BRDA:221,44,1,0
BRDA:221,45,0,1
BRDA:221,45,1,0
BRDA:229,46,0,1
BRDA:229,46,1,1
BRDA:230,47,0,2
BRDA:230,47,1,0
BRDA:230,48,0,1
BRDA:230,48,1,1
BRDA:231,49,0,1
BRDA:231,49,1,1
BRDA:231,50,0,2
BRDA:231,50,1,1
BRDA:238,51,0,0
BRDA:238,51,1,0
BRDA:316,52,0,6
BRDA:316,52,1,3
BRDA:317,53,0,6
BRDA:317,53,1,3
BRDA:346,54,0,2
BRDA:346,54,1,8
BRDA:352,55,0,2
BRDA:352,55,1,6
BRDA:355,56,0,2
BRDA:355,56,1,4
BRDA:355,57,0,6
BRDA:355,57,1,4
BRDA:361,58,0,0
BRDA:361,58,1,4
BRDA:378,59,0,2
BRDA:378,59,1,2
BRDA:381,60,0,2
BRDA:381,60,1,0
BRDA:385,61,0,0
BRDA:385,61,1,0
BRDA:392,62,0,1
BRDA:392,62,1,20
BRDA:397,63,0,1
BRDA:397,63,1,19
BRDA:403,64,0,19
BRDA:403,64,1,0
BRDA:414,65,0,1
BRDA:414,65,1,0
BRDA:421,66,0,2
BRDA:421,66,1,11
BRDA:427,67,0,5
BRDA:427,67,1,6
BRDA:428,68,0,3
BRDA:428,68,1,3
BRDA:433,69,0,2
BRDA:433,69,1,1
BRDA:445,70,0,1
BRDA:445,70,1,9
BRDA:451,71,0,2
BRDA:451,71,1,7
BRDA:451,72,0,9
BRDA:451,72,1,7
BRDA:457,73,0,2
BRDA:457,73,1,5
BRDA:463,74,0,1
BRDA:463,74,1,4
BRDA:470,75,0,1
BRDA:470,75,1,3
BRDA:473,76,0,1
BRDA:473,76,1,0
BRDA:474,77,0,1
BRDA:474,77,1,0
BRDA:479,78,0,4
BRDA:479,78,1,0
BRDA:487,79,0,1
BRDA:487,79,1,3
BRDA:496,80,0,4
BRDA:496,80,1,0
BRDA:498,81,0,4
BRDA:498,81,1,0
BRDA:499,82,0,4
BRDA:499,82,1,0
BRDA:511,83,0,0
BRDA:511,83,1,0
BRDA:517,84,0,2
BRDA:517,84,1,3
BRDA:521,85,0,1
BRDA:521,85,1,2
BRDA:523,86,0,1
BRDA:523,86,1,0
BRDA:524,87,0,1
BRDA:524,87,1,0
BRDA:537,88,0,0
BRDA:537,88,1,3
BRDA:548,89,0,1
BRDA:548,89,1,3
BRDA:548,90,0,4
BRDA:548,90,1,3
BRDA:554,91,0,1
BRDA:554,91,1,2
BRDA:557,92,0,1
BRDA:557,92,1,1
BRDA:557,93,0,2
BRDA:557,93,1,1
BRDA:565,94,0,0
BRDA:565,94,1,1
BRDA:568,95,0,1
BRDA:568,95,1,0
BRDA:572,96,0,0
BRDA:572,96,1,0
BRDA:624,97,0,3
BRDA:624,97,1,1
BRDA:624,98,0,3
BRDA:624,98,1,0
BRDA:639,99,0,0
BRDA:639,99,1,0
BRDA:639,100,0,0
BRDA:639,100,1,0
BRDA:653,101,0,0
BRDA:653,101,1,0
BRDA:653,101,2,0
BRDA:654,102,0,0
BRDA:654,102,1,0
BRDA:658,103,0,0
BRDA:658,103,1,0
BRDA:658,104,0,0
BRDA:658,104,1,0
BRDA:659,105,0,0
BRDA:659,105,1,0
BRDA:659,106,0,0
BRDA:659,106,1,0
BRDA:661,107,0,0
BRDA:661,107,1,0
BRDA:667,108,0,0
BRDA:667,108,1,0
BRDA:677,109,0,0
BRDA:677,109,1,5
BRDA:677,110,0,5
BRDA:677,110,1,0
BRDA:696,111,0,0
BRDA:696,111,1,0
BRDA:696,112,0,0
BRDA:696,112,1,0
BRDA:713,113,0,1
BRDA:713,113,1,1
BRDA:713,114,0,2
BRDA:713,114,1,1
BRDA:718,115,0,1
BRDA:718,115,1,0
BRDA:721,116,0,1
BRDA:721,116,1,0
BRDA:721,117,0,1
BRDA:721,117,1,1
BRDA:725,118,0,1
BRDA:725,118,1,0
BRDA:747,119,0,0
BRDA:747,119,1,2
BRDA:747,120,0,2
BRDA:747,120,1,2
BRDA:766,121,0,0
BRDA:766,121,1,1
BRDA:766,122,0,1
BRDA:766,122,1,1
BRDA:794,123,0,1
BRDA:794,123,1,0
BRDA:809,124,0,2
BRDA:809,124,1,0
BRDA:811,125,0,0
BRDA:811,125,1,2
BRDA:811,126,0,2
BRDA:811,126,1,0
BRDA:832,127,0,1
BRDA:832,127,1,0
BRDA:832,128,0,1
BRDA:832,128,1,0
BRDA:837,129,0,0
BRDA:837,129,1,0
BRDA:837,130,0,0
BRDA:837,130,1,0
BRDA:845,131,0,0
BRDA:845,131,1,0
BRDA:846,132,0,0
BRDA:846,132,1,0
BRDA:846,132,2,0
BRDA:878,133,0,1
BRDA:878,133,1,2
BRDA:878,134,0,3
BRDA:878,134,1,2
BRDA:882,135,0,2
BRDA:882,135,1,0
BRDA:882,136,0,0
BRDA:882,136,1,0
BRDA:887,137,0,1
BRDA:887,137,1,0
BRDA:902,138,0,4
BRDA:902,138,1,0
BRDA:903,139,0,0
BRDA:903,139,1,4
BRDA:909,140,0,4
BRDA:909,140,1,0
BRDA:910,141,0,4
BRDA:910,141,1,4
BRDA:911,142,0,0
BRDA:911,142,1,4
BRDA:912,143,0,0
BRDA:912,143,1,4
BRDA:913,144,0,4
BRDA:913,144,1,4
BRDA:916,145,0,4
BRDA:916,145,1,4
BRDA:927,146,0,1
BRDA:927,146,1,4
BRDA:927,147,0,5
BRDA:927,147,1,4
BRDA:932,148,0,4
BRDA:932,148,1,0
BRDA:932,148,2,0
BRDA:944,149,0,1
BRDA:944,149,1,1
BRDA:944,150,0,2
BRDA:944,150,1,1
BRDA:949,151,0,1
BRDA:949,151,1,0
BRDA:949,151,2,0
BRDA:961,152,0,2
BRDA:961,152,1,0
BRF:312
BRH:195
end_of_record
TN:
SF:routes\auth-api.js
FN:46,sanitizeAdminName
FN:53,appendAdminAuthLog
FN:78,appendCustomerAuthLog
FN:105,loadLoginRateLimit
FN:114,saveLoginRateLimit
FN:119,isLoginLocked
FN:134,recordLoginFailure
FN:140,(anonymous_7)
FN:157,clearLoginFailures
FN:167,getLoginFailureCount
FN:174,(anonymous_10)
FN:183,verifyRecaptcha
FN:185,(anonymous_12)
FN:197,(anonymous_13)
FN:199,(anonymous_14)
FN:200,(anonymous_15)
FN:210,(anonymous_16)
FN:211,(anonymous_17)
FN:217,regenerateSession
FN:218,(anonymous_19)
FN:219,(anonymous_20)
FN:226,saveSession
FN:227,(anonymous_22)
FN:228,(anonymous_23)
FN:238,(anonymous_24)
FN:262,(anonymous_25)
FN:266,(anonymous_26)
FN:299,(anonymous_27)
FN:314,(anonymous_28)
FN:321,(anonymous_29)
FN:334,(anonymous_30)
FN:365,(anonymous_31)
FN:368,(anonymous_32)
FN:413,(anonymous_33)
FN:441,(anonymous_34)
FN:443,(anonymous_35)
FN:455,(anonymous_36)
FN:460,(anonymous_37)
FN:473,loadProxyRequestsAuth
FN:481,saveProxyRequestsAuth
FN:485,(anonymous_40)
FN:505,(anonymous_41)
FN:528,(anonymous_42)
FN:546,(anonymous_43)
FN:551,(anonymous_44)
FN:559,(anonymous_45)
FN:565,(anonymous_46)
FN:571,(anonymous_47)
FN:575,(anonymous_48)
FN:584,(anonymous_49)
FN:592,(anonymous_50)
FN:599,(anonymous_51)
FN:606,(anonymous_52)
FN:614,(anonymous_53)
FN:621,(anonymous_54)
FN:627,(anonymous_55)
FN:634,(anonymous_56)
FN:643,(anonymous_57)
FN:685,(anonymous_58)
FN:713,(anonymous_59)
FN:748,(anonymous_60)
FN:785,(anonymous_61)
FN:810,(anonymous_62)
FN:820,(anonymous_63)
FN:829,(anonymous_64)
FN:830,(anonymous_65)
FN:873,(anonymous_66)
FN:874,(anonymous_67)
FN:923,(anonymous_68)
FNF:69
FNH:57
FNDA:200,sanitizeAdminName
FNDA:210,appendAdminAuthLog
FNDA:253,appendCustomerAuthLog
FNDA:2608,loadLoginRateLimit
FNDA:152,saveLoginRateLimit
FNDA:1683,isLoginLocked
FNDA:148,recordLoginFailure
FNDA:179,(anonymous_7)
FNDA:311,clearLoginFailures
FNDA:466,getLoginFailureCount
FNDA:220,(anonymous_10)
FNDA:2,verifyRecaptcha
FNDA:2,(anonymous_12)
FNDA:1,(anonymous_13)
FNDA:1,(anonymous_14)
FNDA:1,(anonymous_15)
FNDA:1,(anonymous_16)
FNDA:0,(anonymous_17)
FNDA:311,regenerateSession
FNDA:311,(anonymous_19)
FNDA:311,(anonymous_20)
FNDA:311,saveSession
FNDA:311,(anonymous_22)
FNDA:311,(anonymous_23)
FNDA:1472,(anonymous_24)
FNDA:361,(anonymous_25)
FNDA:0,(anonymous_26)
FNDA:0,(anonymous_27)
FNDA:1,(anonymous_28)
FNDA:0,(anonymous_29)
FNDA:211,(anonymous_30)
FNDA:209,(anonymous_31)
FNDA:0,(anonymous_32)
FNDA:0,(anonymous_33)
FNDA:0,(anonymous_34)
FNDA:0,(anonymous_35)
FNDA:5,(anonymous_36)
FNDA:13,(anonymous_37)
FNDA:13,loadProxyRequestsAuth
FNDA:9,saveProxyRequestsAuth
FNDA:4,(anonymous_40)
FNDA:7,(anonymous_41)
FNDA:2,(anonymous_42)
FNDA:5,(anonymous_43)
FNDA:3,(anonymous_44)
FNDA:1,(anonymous_45)
FNDA:3,(anonymous_46)
FNDA:1,(anonymous_47)
FNDA:1,(anonymous_48)
FNDA:3,(anonymous_49)
FNDA:0,(anonymous_50)
FNDA:2,(anonymous_51)
FNDA:1,(anonymous_52)
FNDA:3,(anonymous_53)
FNDA:0,(anonymous_54)
FNDA:2,(anonymous_55)
FNDA:1,(anonymous_56)
FNDA:16,(anonymous_57)
FNDA:1,(anonymous_58)
FNDA:2,(anonymous_59)
FNDA:5,(anonymous_60)
FNDA:20,(anonymous_61)
FNDA:35,(anonymous_62)
FNDA:35,(anonymous_63)
FNDA:0,(anonymous_64)
FNDA:17,(anonymous_65)
FNDA:0,(anonymous_66)
FNDA:2,(anonymous_67)
FNDA:2,(anonymous_68)
DA:3,62
DA:4,62
DA:5,62
DA:6,62
DA:7,62
DA:8,62
DA:10,62
DA:13,62
DA:14,62
DA:15,62
DA:16,62
DA:17,62
DA:18,62
DA:21,62
DA:22,62
DA:23,62
DA:24,62
DA:25,62
DA:26,62
DA:27,62
DA:28,62
DA:29,62
DA:30,62
DA:31,62
DA:32,62
DA:33,62
DA:34,62
DA:35,62
DA:37,62
DA:38,62
DA:39,62
DA:40,62
DA:41,62
DA:42,62
DA:43,62
DA:47,200
DA:48,200
DA:49,200
DA:54,210
DA:59,210
DA:60,210
DA:61,210
DA:62,210
DA:63,210
DA:65,2
DA:67,210
DA:68,210
DA:69,210
DA:70,210
DA:71,210
DA:73,0
DA:79,253
DA:84,253
DA:85,253
DA:86,253
DA:87,253
DA:88,253
DA:90,36
DA:92,253
DA:93,253
DA:94,253
DA:95,253
DA:96,253
DA:98,0
DA:106,2608
DA:107,2608
DA:108,2606
DA:110,83
DA:115,152
DA:120,1683
DA:121,1683
DA:122,1683
DA:123,1683
DA:124,1218
DA:125,1
DA:126,1
DA:127,1
DA:135,148
DA:136,148
DA:137,148
DA:138,148
DA:139,148
DA:140,179
DA:141,148
DA:142,148
DA:143,148
DA:144,148
DA:145,15
DA:146,15
DA:148,148
DA:149,148
DA:158,311
DA:159,311
DA:160,311
DA:161,3
DA:162,3
DA:168,466
DA:169,466
DA:170,466
DA:171,466
DA:172,108
DA:173,108
DA:174,220
DA:184,2
DA:185,2
DA:186,2
DA:187,2
DA:198,1
DA:199,1
DA:200,1
DA:201,1
DA:202,1
DA:203,1
DA:205,0
DA:210,2
DA:211,2
DA:212,2
DA:213,2
DA:218,311
DA:219,311
DA:220,311
DA:221,311
DA:227,311
DA:228,311
DA:229,311
DA:230,311
DA:238,62
DA:239,1472
DA:240,1472
DA:242,1472
DA:243,1472
DA:244,1216
DA:247,256
DA:248,256
DA:249,256
DA:250,256
DA:251,4
DA:252,2
DA:254,2
DA:255,2
DA:256,2
DA:260,252
DA:261,251
DA:262,361
DA:264,251
DA:265,100
DA:266,100
DA:267,100
DA:270,151
DA:272,151
DA:273,114
DA:274,114
DA:279,114
DA:282,114
DA:283,114
DA:284,114
DA:285,114
DA:286,114
DA:287,114
DA:288,114
DA:289,114
DA:290,114
DA:293,114
DA:294,114
DA:301,114
DA:303,114
DA:304,114
DA:306,114
DA:308,0
DA:309,0
DA:312,37
DA:313,37
DA:314,4
DA:316,37
DA:322,37
DA:323,37
DA:326,1
DA:327,1
DA:334,62
DA:335,211
DA:336,211
DA:338,211
DA:339,211
DA:340,1
DA:343,210
DA:344,210
DA:345,210
DA:346,210
DA:347,0
DA:348,0
DA:350,0
DA:351,0
DA:352,0
DA:356,210
DA:357,210
DA:358,210
DA:359,210
DA:361,2
DA:362,2
DA:365,209
DA:366,208
DA:367,0
DA:368,0
DA:369,0
DA:372,208
DA:373,208
DA:375,208
DA:376,207
DA:378,1
DA:379,1
DA:380,1
DA:384,208
DA:385,197
DA:386,197
DA:392,197
DA:395,197
DA:396,197
DA:397,197
DA:398,197
DA:399,197
DA:400,197
DA:401,197
DA:402,197
DA:403,197
DA:406,197
DA:408,197
DA:415,197
DA:417,197
DA:418,1
DA:419,1
DA:420,1
DA:421,1
DA:424,197
DA:425,197
DA:427,197
DA:429,0
DA:430,0
DA:434,11
DA:435,11
DA:436,2
DA:443,11
DA:444,11
DA:445,11
DA:449,0
DA:450,0
DA:455,62
DA:456,5
DA:460,62
DA:461,13
DA:462,13
DA:474,13
DA:475,13
DA:476,12
DA:478,1
DA:482,9
DA:485,62
DA:486,4
DA:487,0
DA:489,4
DA:490,4
DA:491,4
DA:492,4
DA:493,3
DA:494,0
DA:495,0
DA:496,0
DA:498,3
DA:499,3
DA:501,0
DA:505,62
DA:506,7
DA:507,0
DA:509,7
DA:510,7
DA:511,7
DA:512,7
DA:513,7
DA:514,1
DA:515,1
DA:516,1
DA:518,6
DA:519,6
DA:520,6
DA:521,5
DA:523,1
DA:524,1
DA:528,62
DA:529,2
DA:530,0
DA:532,2
DA:533,2
DA:534,2
DA:535,2
DA:536,1
DA:538,1
DA:539,1
DA:546,62
DA:547,5
DA:548,1
DA:550,4
DA:552,3
DA:554,1
DA:555,1
DA:556,1
DA:557,1
DA:560,1
DA:561,1
DA:565,62
DA:566,3
DA:567,1
DA:569,2
DA:570,2
DA:572,1
DA:573,0
DA:576,1
DA:577,1
DA:584,62
DA:586,3
DA:587,2
DA:593,2
DA:594,2
DA:595,2
DA:598,2
DA:599,2
DA:600,2
DA:601,2
DA:606,1
DA:607,1
DA:614,62
DA:616,3
DA:617,2
DA:622,2
DA:623,2
DA:626,2
DA:627,2
DA:628,2
DA:629,2
DA:634,1
DA:635,1
DA:643,62
DA:644,16
DA:645,16
DA:647,16
DA:648,0
DA:650,16
DA:651,0
DA:653,16
DA:654,0
DA:657,16
DA:659,16
DA:660,16
DA:661,16
DA:662,16
DA:663,0
DA:665,16
DA:666,5
DA:667,5
DA:668,2
DA:669,2
DA:670,2
DA:675,3
DA:676,3
DA:677,0
DA:679,3
DA:680,3
DA:681,3
DA:683,3
DA:684,3
DA:685,3
DA:687,3
DA:691,11
DA:692,11
DA:693,11
DA:694,11
DA:695,0
DA:696,11
DA:697,3
DA:698,3
DA:699,1
DA:700,1
DA:701,1
DA:706,2
DA:707,2
DA:708,2
DA:709,2
DA:711,0
DA:713,2
DA:714,2
DA:715,1
DA:716,1
DA:717,1
DA:719,1
DA:720,1
DA:721,1
DA:722,1
DA:723,1
DA:724,1
DA:725,1
DA:729,8
DA:730,8
DA:731,8
DA:732,8
DA:733,0
DA:735,8
DA:736,4
DA:737,4
DA:738,3
DA:746,5
DA:747,5
DA:748,5
DA:750,5
DA:751,0
DA:754,5
DA:756,5
DA:757,4
DA:761,1
DA:763,1
DA:764,1
DA:765,1
DA:766,1
DA:768,1
DA:769,1
DA:771,0
DA:775,0
DA:776,0
DA:785,62
DA:786,20
DA:787,20
DA:789,20
DA:790,1
DA:793,19
DA:794,19
DA:795,2
DA:798,17
DA:800,17
DA:801,17
DA:802,17
DA:803,17
DA:804,17
DA:805,0
DA:807,17
DA:808,17
DA:809,17
DA:810,35
DA:812,17
DA:813,2
DA:816,15
DA:818,15
DA:819,15
DA:820,35
DA:821,15
DA:823,15
DA:825,15
DA:826,15
DA:827,15
DA:828,15
DA:829,0
DA:830,17
DA:832,15
DA:833,13
DA:834,13
DA:835,13
DA:837,13
DA:838,13
DA:839,13
DA:840,13
DA:841,1
DA:842,13
DA:843,13
DA:845,13
DA:846,13
DA:848,13
DA:853,13
DA:855,13
DA:856,1
DA:857,1
DA:858,1
DA:860,12
DA:862,13
DA:866,2
DA:867,2
DA:868,2
DA:869,2
DA:870,0
DA:871,2
DA:872,2
DA:873,0
DA:874,2
DA:876,2
DA:877,1
DA:878,1
DA:879,1
DA:884,1
DA:885,1
DA:886,1
DA:887,1
DA:888,1
DA:889,1
DA:890,1
DA:891,0
DA:892,1
DA:893,1
DA:895,1
DA:896,1
DA:897,1
DA:902,1
DA:903,1
DA:904,0
DA:905,0
DA:906,0
DA:908,1
DA:913,2
DA:915,0
DA:916,0
DA:923,62
DA:925,2
DA:926,0
DA:929,2
DA:930,2
DA:931,0
DA:934,2
DA:936,2
DA:938,2
DA:939,1
DA:940,0
DA:944,1
DA:945,1
DA:946,1
DA:947,1
DA:948,1
DA:949,1
DA:950,1
DA:952,1
DA:953,1
DA:956,1
DA:957,1
DA:961,62
LF:537
LH:487
BRDA:47,0,0,0
BRDA:47,0,1,200
BRDA:47,1,0,200
BRDA:47,1,1,200
BRDA:57,2,0,210
BRDA:57,2,1,0
BRDA:65,3,0,2
BRDA:65,3,1,0
BRDA:67,4,0,0
BRDA:67,4,1,210
BRDA:82,5,0,253
BRDA:82,5,1,0
BRDA:90,6,0,36
BRDA:90,6,1,0
BRDA:92,7,0,0
BRDA:92,7,1,253
BRDA:120,8,0,0
BRDA:120,8,1,1683
BRDA:123,9,0,465
BRDA:123,9,1,1218
BRDA:123,10,0,1683
BRDA:123,10,1,1325
BRDA:124,11,0,1217
BRDA:124,11,1,1
BRDA:138,12,0,64
BRDA:138,12,1,84
BRDA:140,13,0,148
BRDA:140,13,1,0
BRDA:144,14,0,15
BRDA:144,14,1,133
BRDA:146,15,0,15
BRDA:146,15,1,0
BRDA:152,16,0,148
BRDA:152,16,1,133
BRDA:158,17,0,0
BRDA:158,17,1,311
BRDA:160,18,0,3
BRDA:160,18,1,308
BRDA:168,19,0,0
BRDA:168,19,1,466
BRDA:171,20,0,358
BRDA:171,20,1,108
BRDA:171,21,0,466
BRDA:171,21,1,108
BRDA:184,22,0,0
BRDA:184,22,1,2
BRDA:184,23,0,2
BRDA:184,23,1,2
BRDA:220,24,0,0
BRDA:220,24,1,311
BRDA:229,25,0,0
BRDA:229,25,1,311
BRDA:240,26,0,1472
BRDA:240,26,1,0
BRDA:243,27,0,1216
BRDA:243,27,1,256
BRDA:249,28,0,12
BRDA:249,28,1,244
BRDA:249,29,0,256
BRDA:249,29,1,256
BRDA:250,30,0,4
BRDA:250,30,1,252
BRDA:250,31,0,256
BRDA:250,31,1,58
BRDA:251,32,0,2
BRDA:251,32,1,2
BRDA:251,33,0,4
BRDA:251,33,1,2
BRDA:251,33,2,2
BRDA:255,34,0,2
BRDA:255,34,1,0
BRDA:264,35,0,100
BRDA:264,35,1,151
BRDA:272,36,0,114
BRDA:272,36,1,37
BRDA:276,37,0,114
BRDA:276,37,1,113
BRDA:286,38,0,114
BRDA:286,38,1,0
BRDA:297,39,0,114
BRDA:297,39,1,0
BRDA:313,40,0,4
BRDA:313,40,1,33
BRDA:313,41,0,37
BRDA:313,41,1,4
BRDA:313,42,0,4
BRDA:313,42,1,0
BRDA:319,43,0,37
BRDA:319,43,1,0
BRDA:336,44,0,211
BRDA:336,44,1,0
BRDA:339,45,0,1
BRDA:339,45,1,210
BRDA:345,46,0,1
BRDA:345,46,1,209
BRDA:345,47,0,210
BRDA:345,47,1,210
BRDA:346,48,0,0
BRDA:346,48,1,210
BRDA:346,49,0,210
BRDA:346,49,1,6
BRDA:347,50,0,0
BRDA:347,50,1,0
BRDA:347,51,0,0
BRDA:347,51,1,0
BRDA:347,51,2,0
BRDA:351,52,0,0
BRDA:351,52,1,0
BRDA:366,53,0,0
BRDA:366,53,1,208
BRDA:375,54,0,207
BRDA:375,54,1,1
BRDA:378,55,0,1
BRDA:378,55,1,0
BRDA:384,56,0,197
BRDA:384,56,1,11
BRDA:387,57,0,197
BRDA:387,57,1,194
BRDA:388,58,0,197
BRDA:388,58,1,194
BRDA:389,59,0,197
BRDA:389,59,1,194
BRDA:399,60,0,197
BRDA:399,60,1,0
BRDA:411,61,0,197
BRDA:411,61,1,0
BRDA:417,62,0,1
BRDA:417,62,1,196
BRDA:435,63,0,2
BRDA:435,63,1,9
BRDA:439,64,0,2
BRDA:439,64,1,0
BRDA:464,65,0,13
BRDA:464,65,1,3
BRDA:465,66,0,13
BRDA:465,66,1,3
BRDA:466,67,0,13
BRDA:466,67,1,10
BRDA:486,68,0,0
BRDA:486,68,1,4
BRDA:492,69,0,1
BRDA:492,69,1,3
BRDA:493,70,0,0
BRDA:493,70,1,3
BRDA:498,71,0,0
BRDA:498,71,1,3
BRDA:499,72,0,3
BRDA:499,72,1,1
BRDA:506,73,0,0
BRDA:506,73,1,7
BRDA:512,74,0,0
BRDA:512,74,1,7
BRDA:513,75,0,1
BRDA:513,75,1,6
BRDA:529,76,0,0
BRDA:529,76,1,2
BRDA:547,77,0,1
BRDA:547,77,1,4
BRDA:552,78,0,2
BRDA:552,78,1,1
BRDA:566,79,0,1
BRDA:566,79,1,2
BRDA:569,80,0,2
BRDA:569,80,1,2
BRDA:572,81,0,1
BRDA:572,81,1,0
BRDA:586,82,0,2
BRDA:586,82,1,1
BRDA:590,83,0,2
BRDA:590,83,1,0
BRDA:598,84,0,2
BRDA:598,84,1,0
BRDA:616,85,0,2
BRDA:616,85,1,1
BRDA:619,86,0,2
BRDA:619,86,1,0
BRDA:626,87,0,2
BRDA:626,87,1,0
BRDA:645,88,0,15
BRDA:645,88,1,1
BRDA:647,89,0,0
BRDA:647,89,1,16
BRDA:647,90,0,16
BRDA:647,90,1,16
BRDA:650,91,0,0
BRDA:650,91,1,16
BRDA:650,92,0,16
BRDA:650,92,1,0
BRDA:653,93,0,0
BRDA:653,93,1,16
BRDA:665,94,0,5
BRDA:665,94,1,11
BRDA:665,95,0,16
BRDA:665,95,1,5
BRDA:667,96,0,2
BRDA:667,96,1,3
BRDA:676,97,0,0
BRDA:676,97,1,3
BRDA:684,98,0,3
BRDA:684,98,1,0
BRDA:684,99,0,3
BRDA:684,99,1,3
BRDA:696,100,0,3
BRDA:696,100,1,8
BRDA:696,101,0,11
BRDA:696,101,1,3
BRDA:698,102,0,1
BRDA:698,102,1,2
BRDA:714,103,0,1
BRDA:714,103,1,1
BRDA:735,104,0,4
BRDA:735,104,1,4
BRDA:737,105,0,3
BRDA:737,105,1,1
BRDA:750,106,0,0
BRDA:750,106,1,5
BRDA:756,107,0,4
BRDA:756,107,1,1
BRDA:763,108,0,1
BRDA:763,108,1,0
BRDA:764,109,0,1
BRDA:764,109,1,0
BRDA:789,110,0,1
BRDA:789,110,1,19
BRDA:789,111,0,20
BRDA:789,111,1,19
BRDA:794,112,0,2
BRDA:794,112,1,17
BRDA:800,113,0,17
BRDA:800,113,1,0
BRDA:800,113,2,0
BRDA:809,114,0,6
BRDA:809,114,1,11
BRDA:812,115,0,2
BRDA:812,115,1,15
BRDA:821,116,0,15
BRDA:821,116,1,0
BRDA:828,117,0,0
BRDA:828,117,1,15
BRDA:829,118,0,0
BRDA:829,118,1,0
BRDA:832,119,0,13
BRDA:832,119,1,2
BRDA:832,120,0,15
BRDA:832,120,1,13
BRDA:832,121,0,13
BRDA:832,121,1,0
BRDA:845,122,0,13
BRDA:845,122,1,0
BRDA:845,123,0,13
BRDA:845,123,1,0
BRDA:850,124,0,13
BRDA:850,124,1,0
BRDA:855,125,0,1
BRDA:855,125,1,12
BRDA:871,126,0,0
BRDA:871,126,1,2
BRDA:872,127,0,0
BRDA:872,127,1,2
BRDA:873,128,0,0
BRDA:873,128,1,0
BRDA:876,129,0,1
BRDA:876,129,1,1
BRDA:878,130,0,1
BRDA:878,130,1,0
BRDA:879,131,0,1
BRDA:879,131,1,0
BRDA:879,132,0,1
BRDA:879,132,1,1
BRDA:881,133,0,0
BRDA:881,133,1,0
BRDA:881,134,0,0
BRDA:881,134,1,0
BRDA:884,135,0,1
BRDA:884,135,1,0
BRDA:895,136,0,1
BRDA:895,136,1,0
BRDA:895,137,0,1
BRDA:895,137,1,0
BRDA:899,138,0,1
BRDA:899,138,1,0
BRDA:903,139,0,0
BRDA:903,139,1,1
BRDA:925,140,0,0
BRDA:925,140,1,2
BRDA:930,141,0,0
BRDA:930,141,1,2
BRDA:939,142,0,0
BRDA:939,142,1,1
BRF:289
BRH:206
end_of_record
TN:
SF:routes\kaitori-api.js
FN:18,(anonymous_0)
FN:56,(anonymous_1)
FN:70,(anonymous_2)
FN:80,(anonymous_3)
FN:111,(anonymous_4)
FN:129,(anonymous_5)
FN:136,(anonymous_6)
FN:154,(anonymous_7)
FN:184,(anonymous_8)
FN:192,(anonymous_9)
FN:207,(anonymous_10)
FN:217,(anonymous_11)
FN:229,(anonymous_12)
FN:239,(anonymous_13)
FNF:14
FNH:14
FNDA:2,(anonymous_0)
FNDA:3,(anonymous_1)
FNDA:3,(anonymous_2)
FNDA:1,(anonymous_3)
FNDA:4,(anonymous_4)
FNDA:3,(anonymous_5)
FNDA:2,(anonymous_6)
FNDA:2,(anonymous_7)
FNDA:3,(anonymous_8)
FNDA:1,(anonymous_9)
FNDA:3,(anonymous_10)
FNDA:3,(anonymous_11)
FNDA:3,(anonymous_12)
FNDA:2,(anonymous_13)
DA:3,62
DA:4,62
DA:5,62
DA:6,62
DA:7,62
DA:10,62
DA:11,62
DA:18,62
DA:19,2
DA:21,1
DA:22,1
DA:23,1
DA:25,1
DA:26,1
DA:27,1
DA:28,1
DA:29,1
DA:30,0
DA:32,1
DA:45,1
DA:46,1
DA:48,1
DA:50,0
DA:51,0
DA:56,62
DA:58,3
DA:60,2
DA:61,2
DA:62,2
DA:63,2
DA:65,1
DA:70,62
DA:72,3
DA:74,2
DA:76,2
DA:77,2
DA:78,2
DA:80,2
DA:81,2
DA:82,1
DA:85,1
DA:86,1
DA:87,1
DA:88,1
DA:90,1
DA:91,0
DA:94,1
DA:96,1
DA:97,1
DA:100,0
DA:101,0
DA:111,62
DA:113,4
DA:114,4
DA:116,4
DA:117,1
DA:120,3
DA:121,3
DA:122,3
DA:124,1
DA:129,62
DA:130,3
DA:132,2
DA:133,2
DA:135,1
DA:136,2
DA:145,1
DA:146,1
DA:148,0
DA:149,0
DA:154,62
DA:155,2
DA:157,1
DA:159,1
DA:160,1
DA:161,1
DA:162,1
DA:163,1
DA:166,1
DA:175,1
DA:176,1
DA:177,1
DA:179,0
DA:184,62
DA:185,3
DA:187,2
DA:189,2
DA:190,2
DA:191,2
DA:192,2
DA:194,2
DA:196,1
DA:197,1
DA:199,1
DA:200,1
DA:202,0
DA:207,62
DA:208,3
DA:210,2
DA:212,2
DA:213,2
DA:214,2
DA:216,2
DA:217,3
DA:219,2
DA:221,1
DA:222,1
DA:224,0
DA:229,62
DA:230,3
DA:231,1
DA:234,2
DA:236,2
DA:237,2
DA:238,2
DA:239,2
DA:240,1
DA:243,1
DA:244,1
DA:248,62
LF:120
LH:109
BRDA:19,0,0,1
BRDA:19,0,1,1
BRDA:39,1,0,1
BRDA:39,1,1,1
BRDA:40,2,0,1
BRDA:40,2,1,0
BRDA:58,3,0,1
BRDA:58,3,1,2
BRDA:72,4,0,1
BRDA:72,4,1,2
BRDA:81,5,0,1
BRDA:81,5,1,1
BRDA:85,6,0,1
BRDA:85,6,1,0
BRDA:86,7,0,1
BRDA:86,7,1,0
BRDA:87,8,0,1
BRDA:87,8,1,0
BRDA:88,9,0,1
BRDA:88,9,1,0
BRDA:90,10,0,0
BRDA:90,10,1,1
BRDA:90,11,0,1
BRDA:90,11,1,0
BRDA:116,12,0,1
BRDA:116,12,1,3
BRDA:116,13,0,4
BRDA:116,13,1,2
BRDA:130,14,0,1
BRDA:130,14,1,2
BRDA:133,15,0,1
BRDA:133,15,1,1
BRDA:137,16,0,2
BRDA:137,16,1,2
BRDA:138,17,0,2
BRDA:138,17,1,0
BRDA:139,18,0,2
BRDA:139,18,1,0
BRDA:140,19,0,2
BRDA:140,19,1,1
BRDA:141,20,0,2
BRDA:141,20,1,0
BRDA:142,21,0,2
BRDA:142,21,1,2
BRDA:155,22,0,1
BRDA:155,22,1,1
BRDA:167,23,0,1
BRDA:167,23,1,1
BRDA:168,24,0,1
BRDA:168,24,1,0
BRDA:169,25,0,1
BRDA:169,25,1,0
BRDA:170,26,0,1
BRDA:170,26,1,0
BRDA:171,27,0,1
BRDA:171,27,1,0
BRDA:172,28,0,1
BRDA:172,28,1,1
BRDA:185,29,0,1
BRDA:185,29,1,2
BRDA:194,30,0,1
BRDA:194,30,1,1
BRDA:197,31,0,1
BRDA:197,31,1,0
BRDA:197,32,0,1
BRDA:197,32,1,0
BRDA:208,33,0,1
BRDA:208,33,1,2
BRDA:219,34,0,1
BRDA:219,34,1,1
BRDA:230,35,0,1
BRDA:230,35,1,2
BRF:72
BRH:56
end_of_record
TN:
SF:routes\orders-api.js
FN:24,(anonymous_0)
FN:32,(anonymous_1)
FN:46,(anonymous_2)
FN:66,(anonymous_3)
FN:81,(anonymous_4)
FN:91,(anonymous_5)
FN:118,(anonymous_6)
FN:128,(anonymous_7)
FN:160,(anonymous_8)
FN:168,(anonymous_9)
FN:206,(anonymous_10)
FN:221,(anonymous_11)
FN:259,(anonymous_12)
FN:289,(anonymous_13)
FN:300,(anonymous_14)
FN:311,(anonymous_15)
FN:330,(anonymous_16)
FN:341,(anonymous_17)
FNF:18
FNH:16
FNDA:23,(anonymous_0)
FNDA:0,(anonymous_1)
FNDA:4,(anonymous_2)
FNDA:7,(anonymous_3)
FNDA:6,(anonymous_4)
FNDA:6,(anonymous_5)
FNDA:6,(anonymous_6)
FNDA:6,(anonymous_7)
FNDA:9,(anonymous_8)
FNDA:10,(anonymous_9)
FNDA:1,(anonymous_10)
FNDA:4,(anonymous_11)
FNDA:4,(anonymous_12)
FNDA:2,(anonymous_13)
FNDA:0,(anonymous_14)
FNDA:5,(anonymous_15)
FNDA:2,(anonymous_16)
FNDA:2,(anonymous_17)
DA:4,62
DA:5,62
DA:6,62
DA:9,62
DA:10,62
DA:11,62
DA:12,62
DA:13,62
DA:14,62
DA:16,62
DA:24,62
DA:25,23
DA:27,22
DA:28,22
DA:30,22
DA:31,22
DA:32,19
DA:33,19
DA:35,3
DA:36,3
DA:37,1
DA:39,2
DA:46,62
DA:47,4
DA:48,4
DA:50,3
DA:56,3
DA:57,3
DA:58,2
DA:60,1
DA:61,1
DA:66,62
DA:67,7
DA:68,5
DA:69,5
DA:73,4
DA:75,1
DA:76,1
DA:81,62
DA:82,6
DA:83,5
DA:84,5
DA:85,5
DA:89,4
DA:90,4
DA:91,4
DA:92,6
DA:93,6
DA:94,6
DA:95,6
DA:96,6
DA:97,5
DA:98,5
DA:100,3
DA:101,3
DA:110,4
DA:112,1
DA:113,1
DA:118,62
DA:119,6
DA:120,5
DA:121,5
DA:122,5
DA:126,4
DA:127,4
DA:128,4
DA:129,6
DA:130,6
DA:131,6
DA:132,3
DA:133,3
DA:134,3
DA:135,2
DA:136,2
DA:138,3
DA:139,3
DA:147,4
DA:149,1
DA:150,1
DA:160,62
DA:161,9
DA:163,9
DA:164,9
DA:166,9
DA:167,9
DA:168,9
DA:169,10
DA:171,9
DA:172,9
DA:173,9
DA:174,9
DA:175,9
DA:176,9
DA:178,9
DA:179,9
DA:180,9
DA:181,9
DA:182,8
DA:183,8
DA:187,9
DA:188,9
DA:189,9
DA:191,9
DA:194,9
DA:195,9
DA:205,8
DA:206,1
DA:209,8
DA:210,8
DA:211,8
DA:212,8
DA:215,1
DA:216,1
DA:221,62
DA:222,4
DA:223,4
DA:224,4
DA:226,4
DA:227,4
DA:228,4
DA:229,4
DA:231,3
DA:232,3
DA:233,3
DA:234,3
DA:236,3
DA:237,3
DA:239,3
DA:240,3
DA:241,3
DA:247,3
DA:251,3
DA:253,0
DA:254,0
DA:259,62
DA:260,4
DA:261,4
DA:262,4
DA:264,4
DA:265,4
DA:266,4
DA:267,4
DA:273,4
DA:275,4
DA:283,0
DA:284,0
DA:289,62
DA:290,2
DA:291,2
DA:292,2
DA:293,0
DA:295,2
DA:300,62
DA:301,0
DA:302,0
DA:303,0
DA:304,0
DA:306,0
DA:311,62
DA:312,5
DA:313,5
DA:314,5
DA:315,5
DA:322,3
DA:324,2
DA:330,62
DA:331,2
DA:332,2
DA:333,2
DA:334,0
DA:336,2
DA:341,62
DA:342,2
DA:343,2
DA:344,2
DA:345,0
DA:347,2
DA:351,62
LF:178
LH:166
BRDA:25,0,0,1
BRDA:25,0,1,22
BRDA:31,1,0,22
BRDA:31,1,1,0
BRDA:36,2,0,1
BRDA:36,2,1,2
BRDA:37,3,0,1
BRDA:37,3,1,0
BRDA:48,4,0,1
BRDA:48,4,1,3
BRDA:48,5,0,4
BRDA:48,5,1,2
BRDA:67,6,0,2
BRDA:67,6,1,5
BRDA:82,7,0,1
BRDA:82,7,1,5
BRDA:83,8,0,5
BRDA:83,8,1,2
BRDA:92,9,0,6
BRDA:92,9,1,0
BRDA:93,10,0,0
BRDA:93,10,1,6
BRDA:94,11,0,6
BRDA:94,11,1,0
BRDA:94,12,0,6
BRDA:94,12,1,0
BRDA:95,13,0,6
BRDA:95,13,1,0
BRDA:96,14,0,5
BRDA:96,14,1,1
BRDA:97,15,0,5
BRDA:97,15,1,0
BRDA:97,16,0,5
BRDA:97,16,1,0
BRDA:98,17,0,3
BRDA:98,17,1,2
BRDA:102,18,0,3
BRDA:102,18,1,2
BRDA:104,19,0,3
BRDA:104,19,1,0
BRDA:105,20,0,3
BRDA:105,20,1,0
BRDA:106,21,0,3
BRDA:106,21,1,2
BRDA:119,22,0,1
BRDA:119,22,1,5
BRDA:120,23,0,5
BRDA:120,23,1,2
BRDA:129,24,0,6
BRDA:129,24,1,0
BRDA:131,25,0,3
BRDA:131,25,1,3
BRDA:131,26,0,6
BRDA:131,26,1,3
BRDA:132,27,0,3
BRDA:132,27,1,0
BRDA:132,28,0,3
BRDA:132,28,1,0
BRDA:133,29,0,3
BRDA:133,29,1,0
BRDA:134,30,0,2
BRDA:134,30,1,1
BRDA:135,31,0,2
BRDA:135,31,1,0
BRDA:135,32,0,2
BRDA:135,32,1,0
BRDA:136,33,0,0
BRDA:136,33,1,2
BRDA:140,34,0,3
BRDA:140,34,1,2
BRDA:141,35,0,3
BRDA:141,35,1,0
BRDA:143,36,0,3
BRDA:143,36,1,0
BRDA:161,37,0,0
BRDA:161,37,1,9
BRDA:169,38,0,1
BRDA:169,38,1,9
BRDA:169,39,0,10
BRDA:169,39,1,2
BRDA:172,40,0,9
BRDA:172,40,1,0
BRDA:173,41,0,0
BRDA:173,41,1,9
BRDA:174,42,0,9
BRDA:174,42,1,0
BRDA:174,42,2,0
BRDA:175,43,0,9
BRDA:175,43,1,0
BRDA:176,44,0,9
BRDA:176,44,1,9
BRDA:176,44,2,1
BRDA:181,45,0,8
BRDA:181,45,1,1
BRDA:188,46,0,2
BRDA:188,46,1,7
BRDA:188,47,0,9
BRDA:188,47,1,3
BRDA:189,48,0,1
BRDA:189,48,1,8
BRDA:189,49,0,9
BRDA:189,49,1,3
BRDA:191,50,0,9
BRDA:191,50,1,9
BRDA:191,50,2,8
BRDA:205,51,0,1
BRDA:205,51,1,7
BRDA:205,52,0,8
BRDA:205,52,1,3
BRDA:209,53,0,3
BRDA:209,53,1,5
BRDA:222,54,0,0
BRDA:222,54,1,4
BRDA:223,55,0,4
BRDA:223,55,1,4
BRDA:223,55,2,4
BRDA:224,56,0,0
BRDA:224,56,1,4
BRDA:227,57,0,4
BRDA:227,57,1,4
BRDA:229,58,0,1
BRDA:229,58,1,3
BRDA:234,59,0,0
BRDA:234,59,1,3
BRDA:236,60,0,3
BRDA:236,60,1,1
BRDA:236,60,2,0
BRDA:237,61,0,3
BRDA:237,61,1,1
BRDA:237,61,2,0
BRDA:239,62,0,3
BRDA:239,62,1,0
BRDA:260,63,0,0
BRDA:260,63,1,4
BRDA:261,64,0,4
BRDA:261,64,1,4
BRDA:261,64,2,4
BRDA:262,65,0,0
BRDA:262,65,1,4
BRDA:265,66,0,4
BRDA:265,66,1,4
BRDA:266,67,0,4
BRDA:266,67,1,4
BRDA:266,67,2,0
BRDA:290,68,0,0
BRDA:290,68,1,2
BRDA:293,69,0,0
BRDA:293,69,1,0
BRDA:301,70,0,0
BRDA:301,70,1,0
BRDA:301,71,0,0
BRDA:301,71,1,0
BRDA:312,72,0,0
BRDA:312,72,1,5
BRDA:312,73,0,5
BRDA:312,73,1,0
BRDA:331,74,0,0
BRDA:331,74,1,2
BRDA:331,75,0,2
BRDA:331,75,1,0
BRDA:342,76,0,0
BRDA:342,76,1,2
BRDA:342,77,0,2
BRDA:342,77,1,0
BRF:164
BRH:116
end_of_record
TN:
SF:routes\products-api.js
FN:21,normalizeProductCode
FN:25,buildStockUiConfig
FN:37,buildStockInfo
FN:83,(anonymous_3)
FN:84,(anonymous_4)
FN:103,getStockContext
FN:109,(anonymous_6)
FN:120,(anonymous_7)
FN:135,(anonymous_8)
FN:143,(anonymous_9)
FN:165,(anonymous_10)
FN:166,(anonymous_11)
FN:197,(anonymous_12)
FN:226,(anonymous_13)
FN:227,(anonymous_14)
FN:266,(anonymous_15)
FN:280,(anonymous_16)
FN:288,(anonymous_17)
FN:289,(anonymous_18)
FN:293,(anonymous_19)
FN:305,(anonymous_20)
FN:318,(anonymous_21)
FN:331,(anonymous_22)
FN:332,(anonymous_23)
FN:344,(anonymous_24)
FN:345,(anonymous_25)
FN:347,(anonymous_26)
FN:366,(anonymous_27)
FN:367,(anonymous_28)
FN:369,(anonymous_29)
FN:381,(anonymous_30)
FN:382,(anonymous_31)
FN:385,(anonymous_32)
FN:399,(anonymous_33)
FN:417,(anonymous_34)
FN:427,(anonymous_35)
FN:437,(anonymous_36)
FN:439,(anonymous_37)
FNF:38
FNH:30
FNDA:39,normalizeProductCode
FNDA:17,buildStockUiConfig
FNDA:30,buildStockInfo
FNDA:4,(anonymous_3)
FNDA:5,(anonymous_4)
FNDA:20,getStockContext
FNDA:10,(anonymous_6)
FNDA:21,(anonymous_7)
FNDA:1,(anonymous_8)
FNDA:38,(anonymous_9)
FNDA:28,(anonymous_10)
FNDA:28,(anonymous_11)
FNDA:3,(anonymous_12)
FNDA:0,(anonymous_13)
FNDA:0,(anonymous_14)
FNDA:5,(anonymous_15)
FNDA:0,(anonymous_16)
FNDA:3,(anonymous_17)
FNDA:4,(anonymous_18)
FNDA:2,(anonymous_19)
FNDA:3,(anonymous_20)
FNDA:6,(anonymous_21)
FNDA:0,(anonymous_22)
FNDA:0,(anonymous_23)
FNDA:4,(anonymous_24)
FNDA:4,(anonymous_25)
FNDA:4,(anonymous_26)
FNDA:3,(anonymous_27)
FNDA:1,(anonymous_28)
FNDA:3,(anonymous_29)
FNDA:2,(anonymous_30)
FNDA:3,(anonymous_31)
FNDA:2,(anonymous_32)
FNDA:2,(anonymous_33)
FNDA:2,(anonymous_34)
FNDA:0,(anonymous_35)
FNDA:0,(anonymous_36)
FNDA:0,(anonymous_37)
DA:3,62
DA:4,62
DA:5,62
DA:6,62
DA:9,62
DA:10,62
DA:13,62
DA:16,62
DA:17,62
DA:18,62
DA:19,62
DA:22,39
DA:26,17
DA:38,30
DA:39,1
DA:46,29
DA:48,29
DA:49,15
DA:58,14
DA:59,6
DA:69,8
DA:70,8
DA:71,8
DA:72,8
DA:73,8
DA:74,8
DA:75,5
DA:76,5
DA:77,2
DA:78,2
DA:82,8
DA:83,8
DA:84,5
DA:85,4
DA:86,4
DA:89,8
DA:104,20
DA:108,17
DA:109,17
DA:110,10
DA:111,10
DA:113,17
DA:114,17
DA:120,62
DA:122,21
DA:124,20
DA:125,20
DA:126,20
DA:127,20
DA:128,20
DA:130,20
DA:132,20
DA:135,1
DA:138,20
DA:139,19
DA:140,19
DA:143,18
DA:144,38
DA:145,37
DA:147,35
DA:148,4
DA:149,4
DA:157,18
DA:158,18
DA:159,18
DA:160,18
DA:163,18
DA:165,16
DA:166,28
DA:167,28
DA:168,28
DA:170,28
DA:178,16
DA:189,4
DA:190,4
DA:197,62
DA:198,3
DA:200,3
DA:201,3
DA:203,3
DA:204,1
DA:207,2
DA:208,2
DA:210,2
DA:211,1
DA:217,1
DA:218,1
DA:221,0
DA:222,0
DA:224,0
DA:226,0
DA:227,0
DA:228,0
DA:236,0
DA:247,0
DA:258,1
DA:259,1
DA:266,62
DA:267,5
DA:269,5
DA:270,5
DA:272,4
DA:273,4
DA:275,4
DA:277,4
DA:280,0
DA:283,4
DA:284,3
DA:285,3
DA:288,3
DA:289,4
DA:290,3
DA:293,2
DA:294,2
DA:295,2
DA:297,2
DA:305,3
DA:307,3
DA:310,1
DA:311,1
DA:318,62
DA:319,6
DA:321,5
DA:322,5
DA:323,5
DA:325,5
DA:327,5
DA:328,5
DA:331,0
DA:332,0
DA:335,5
DA:336,5
DA:337,5
DA:338,5
DA:341,5
DA:343,5
DA:344,4
DA:346,4
DA:347,4
DA:348,4
DA:349,4
DA:351,4
DA:352,3
DA:354,4
DA:355,4
DA:358,4
DA:359,4
DA:365,5
DA:366,3
DA:367,1
DA:369,3
DA:371,5
DA:372,3
DA:378,2
DA:381,1
DA:382,3
DA:383,2
DA:385,2
DA:386,2
DA:387,2
DA:389,2
DA:390,2
DA:399,2
DA:401,1
DA:408,1
DA:409,1
DA:417,62
DA:418,2
DA:420,1
DA:421,1
DA:423,1
DA:424,1
DA:427,0
DA:430,1
DA:431,0
DA:432,0
DA:434,0
DA:435,0
DA:437,0
DA:438,0
DA:439,0
DA:440,0
DA:441,0
DA:443,0
DA:445,0
DA:446,0
DA:449,0
DA:450,0
DA:452,0
DA:453,0
DA:454,0
DA:457,1
DA:458,1
DA:462,62
LF:194
LH:165
BRDA:22,0,0,39
BRDA:22,0,1,0
BRDA:25,1,0,0
BRDA:28,2,0,17
BRDA:28,2,1,0
BRDA:29,3,0,17
BRDA:29,3,1,0
BRDA:32,4,0,17
BRDA:32,4,1,0
BRDA:33,5,0,17
BRDA:33,5,1,0
BRDA:38,6,0,1
BRDA:38,6,1,29
BRDA:48,7,0,15
BRDA:48,7,1,14
BRDA:52,8,0,1
BRDA:52,8,1,14
BRDA:52,9,0,1
BRDA:52,9,1,1
BRDA:53,10,0,1
BRDA:53,10,1,14
BRDA:54,11,0,1
BRDA:54,11,1,14
BRDA:58,12,0,6
BRDA:58,12,1,8
BRDA:58,13,0,14
BRDA:58,13,1,9
BRDA:62,14,0,6
BRDA:62,14,1,1
BRDA:62,14,2,5
BRDA:63,15,0,1
BRDA:63,15,1,5
BRDA:64,16,0,1
BRDA:64,16,1,5
BRDA:65,17,0,1
BRDA:65,17,1,5
BRDA:69,18,0,8
BRDA:69,18,1,0
BRDA:70,19,0,8
BRDA:70,19,1,5
BRDA:72,20,0,8
BRDA:72,20,1,3
BRDA:74,21,0,5
BRDA:74,21,1,3
BRDA:76,22,0,2
BRDA:76,22,1,3
BRDA:82,23,0,8
BRDA:82,23,1,0
BRDA:83,24,0,5
BRDA:83,24,1,3
BRDA:84,25,0,5
BRDA:84,25,1,0
BRDA:84,26,0,5
BRDA:84,26,1,0
BRDA:85,27,0,3
BRDA:85,27,1,1
BRDA:85,28,0,4
BRDA:85,28,1,3
BRDA:85,29,0,3
BRDA:85,29,1,0
BRDA:85,30,0,1
BRDA:85,30,1,1
BRDA:85,30,2,0
BRDA:99,31,0,8
BRDA:99,31,1,5
BRDA:113,32,0,17
BRDA:113,32,1,0
BRDA:122,33,0,1
BRDA:122,33,1,20
BRDA:124,34,0,20
BRDA:124,34,1,3
BRDA:125,35,0,20
BRDA:125,35,1,3
BRDA:126,36,0,20
BRDA:126,36,1,18
BRDA:128,37,0,20
BRDA:128,37,1,0
BRDA:144,38,0,1
BRDA:144,38,1,37
BRDA:145,39,0,2
BRDA:145,39,1,35
BRDA:147,40,0,31
BRDA:147,40,1,4
BRDA:150,41,0,4
BRDA:150,41,1,4
BRDA:150,41,2,2
BRDA:150,41,3,2
BRDA:150,41,4,2
BRDA:150,41,5,2
BRDA:166,42,0,28
BRDA:166,42,1,28
BRDA:167,43,0,28
BRDA:167,43,1,0
BRDA:198,44,0,0
BRDA:198,44,1,3
BRDA:203,45,0,1
BRDA:203,45,1,2
BRDA:210,46,0,1
BRDA:210,46,1,1
BRDA:221,47,0,0
BRDA:221,47,1,0
BRDA:221,48,0,0
BRDA:221,48,1,0
BRDA:222,49,0,0
BRDA:222,49,1,0
BRDA:222,50,0,0
BRDA:222,50,1,0
BRDA:228,51,0,0
BRDA:228,51,1,0
BRDA:231,52,0,0
BRDA:231,52,1,0
BRDA:242,53,0,0
BRDA:242,53,1,0
BRDA:267,54,0,0
BRDA:267,54,1,5
BRDA:270,55,0,1
BRDA:270,55,1,4
BRDA:273,56,0,4
BRDA:273,56,1,0
BRDA:290,57,0,1
BRDA:290,57,1,2
BRDA:293,58,0,2
BRDA:293,58,1,2
BRDA:294,59,0,2
BRDA:294,59,1,0
BRDA:302,60,0,2
BRDA:302,60,1,0
BRDA:319,61,0,1
BRDA:319,61,1,5
BRDA:322,62,0,5
BRDA:322,62,1,0
BRDA:323,63,0,5
BRDA:323,63,1,3
BRDA:347,64,0,4
BRDA:347,64,1,0
BRDA:348,65,0,4
BRDA:348,65,1,0
BRDA:349,66,0,0
BRDA:349,66,1,4
BRDA:351,67,0,3
BRDA:351,67,1,1
BRDA:355,68,0,4
BRDA:355,68,1,0
BRDA:358,69,0,4
BRDA:358,69,1,0
BRDA:358,70,0,4
BRDA:358,70,1,1
BRDA:371,71,0,3
BRDA:371,71,1,2
BRDA:383,72,0,0
BRDA:383,72,1,2
BRDA:383,73,0,2
BRDA:383,73,1,2
BRDA:385,74,0,2
BRDA:385,74,1,2
BRDA:386,75,0,2
BRDA:386,75,1,0
BRDA:396,76,0,2
BRDA:396,76,1,0
BRDA:418,77,0,1
BRDA:418,77,1,1
BRDA:421,78,0,1
BRDA:421,78,1,0
BRDA:438,79,0,0
BRDA:438,79,1,0
BRDA:439,80,0,0
BRDA:439,80,1,0
BRDA:440,81,0,0
BRDA:440,81,1,0
BRDA:443,82,0,0
BRDA:443,82,1,0
BRDA:445,83,0,0
BRDA:445,83,1,0
BRDA:445,84,0,0
BRDA:445,84,1,0
BRF:175
BRH:119
end_of_record
TN:
SF:routes\support-api.js
FN:23,normalizeUploadFiles
FN:28,ticketIdParamOk
FN:32,storedNameOk
FN:41,saveTicketAttachments
FN:42,(anonymous_4)
FN:81,(anonymous_5)
FN:98,(anonymous_6)
FN:105,(anonymous_7)
FN:125,(anonymous_8)
FN:174,(anonymous_9)
FN:186,(anonymous_10)
FN:199,(anonymous_11)
FN:200,(anonymous_12)
FN:201,(anonymous_13)
FN:213,(anonymous_14)
FN:220,(anonymous_15)
FN:236,(anonymous_16)
FN:249,(anonymous_17)
FN:267,(anonymous_18)
FNF:19
FNH:10
FNDA:0,normalizeUploadFiles
FNDA:0,ticketIdParamOk
FNDA:0,storedNameOk
FNDA:0,saveTicketAttachments
FNDA:0,(anonymous_4)
FNDA:0,(anonymous_5)
FNDA:0,(anonymous_6)
FNDA:0,(anonymous_7)
FNDA:10,(anonymous_8)
FNDA:1,(anonymous_9)
FNDA:10,(anonymous_10)
FNDA:7,(anonymous_11)
FNDA:1,(anonymous_12)
FNDA:6,(anonymous_13)
FNDA:0,(anonymous_14)
FNDA:2,(anonymous_15)
FNDA:3,(anonymous_16)
FNDA:5,(anonymous_17)
FNDA:3,(anonymous_18)
DA:4,62
DA:5,62
DA:6,62
DA:7,62
DA:8,62
DA:9,62
DA:10,62
DA:12,62
DA:13,62
DA:14,62
DA:15,62
DA:16,62
DA:24,0
DA:25,0
DA:29,0
DA:33,0
DA:42,0
DA:43,0
DA:45,0
DA:46,0
DA:47,0
DA:49,0
DA:50,0
DA:51,0
DA:52,0
DA:53,0
DA:55,0
DA:56,0
DA:57,0
DA:58,0
DA:60,0
DA:61,0
DA:62,0
DA:63,0
DA:64,0
DA:65,0
DA:66,0
DA:68,0
DA:70,0
DA:77,0
DA:81,62
DA:82,0
DA:83,0
DA:84,0
DA:86,0
DA:87,0
DA:88,0
DA:89,0
DA:92,0
DA:93,0
DA:94,0
DA:95,0
DA:96,0
DA:98,0
DA:99,0
DA:100,0
DA:102,0
DA:103,0
DA:105,0
DA:106,0
DA:107,0
DA:110,0
DA:111,0
DA:112,0
DA:113,0
DA:114,0
DA:117,0
DA:119,0
DA:120,0
DA:125,62
DA:126,10
DA:128,9
DA:129,9
DA:130,9
DA:131,9
DA:132,9
DA:133,9
DA:134,0
DA:136,9
DA:138,9
DA:139,9
DA:140,9
DA:141,0
DA:144,0
DA:145,0
DA:150,0
DA:153,9
DA:171,9
DA:172,9
DA:174,8
DA:175,1
DA:178,8
DA:180,1
DA:181,1
DA:186,62
DA:187,10
DA:189,8
DA:190,8
DA:191,8
DA:192,8
DA:193,8
DA:194,1
DA:196,8
DA:198,8
DA:199,7
DA:200,1
DA:201,6
DA:213,0
DA:220,2
DA:228,8
DA:230,0
DA:231,0
DA:236,62
DA:237,3
DA:239,2
DA:240,2
DA:241,2
DA:242,0
DA:244,2
DA:249,62
DA:250,5
DA:260,5
DA:262,5
DA:263,5
DA:264,5
DA:265,4
DA:267,4
DA:268,3
DA:269,3
DA:271,3
DA:272,3
DA:274,3
DA:275,3
DA:277,3
DA:278,1
DA:279,1
DA:285,3
DA:287,3
DA:290,4
DA:291,3
DA:292,3
DA:294,1
DA:297,1
DA:298,1
DA:302,62
LF:145
LH:80
BRDA:24,0,0,0
BRDA:24,0,1,0
BRDA:25,1,0,0
BRDA:25,1,1,0
BRDA:29,2,0,0
BRDA:29,2,1,0
BRDA:33,3,0,0
BRDA:33,3,1,0
BRDA:42,4,0,0
BRDA:42,4,1,0
BRDA:42,4,2,0
BRDA:43,5,0,0
BRDA:43,5,1,0
BRDA:49,6,0,0
BRDA:49,6,1,0
BRDA:51,7,0,0
BRDA:51,7,1,0
BRDA:52,8,0,0
BRDA:52,8,1,0
BRDA:55,9,0,0
BRDA:55,9,1,0
BRDA:63,10,0,0
BRDA:63,10,1,0
BRDA:65,11,0,0
BRDA:65,11,1,0
BRDA:72,12,0,0
BRDA:72,12,1,0
BRDA:74,13,0,0
BRDA:74,13,1,0
BRDA:83,14,0,0
BRDA:83,14,1,0
BRDA:83,15,0,0
BRDA:83,15,1,0
BRDA:88,16,0,0
BRDA:88,16,1,0
BRDA:88,17,0,0
BRDA:88,17,1,0
BRDA:95,18,0,0
BRDA:95,18,1,0
BRDA:98,19,0,0
BRDA:98,19,1,0
BRDA:99,20,0,0
BRDA:99,20,1,0
BRDA:102,21,0,0
BRDA:102,21,1,0
BRDA:102,22,0,0
BRDA:102,22,1,0
BRDA:105,23,0,0
BRDA:105,23,1,0
BRDA:105,24,0,0
BRDA:105,24,1,0
BRDA:106,25,0,0
BRDA:106,25,1,0
BRDA:113,26,0,0
BRDA:113,26,1,0
BRDA:117,27,0,0
BRDA:117,27,1,0
BRDA:126,28,0,1
BRDA:126,28,1,9
BRDA:128,29,0,9
BRDA:128,29,1,0
BRDA:128,30,0,9
BRDA:128,30,1,9
BRDA:140,31,0,0
BRDA:140,31,1,9
BRDA:140,32,0,9
BRDA:140,32,1,0
BRDA:144,33,0,0
BRDA:144,33,1,0
BRDA:144,34,0,0
BRDA:144,34,1,0
BRDA:156,35,0,9
BRDA:156,35,1,0
BRDA:157,36,0,9
BRDA:157,36,1,8
BRDA:161,37,0,9
BRDA:161,37,1,9
BRDA:187,38,0,2
BRDA:187,38,1,8
BRDA:196,39,0,1
BRDA:196,39,1,7
BRDA:199,40,0,7
BRDA:199,40,1,7
BRDA:200,41,0,1
BRDA:200,41,1,0
BRDA:200,42,0,1
BRDA:200,42,1,0
BRDA:202,43,0,6
BRDA:202,43,1,0
BRDA:203,44,0,6
BRDA:203,44,1,0
BRDA:204,45,0,6
BRDA:204,45,1,0
BRDA:205,46,0,6
BRDA:205,46,1,6
BRDA:206,47,0,6
BRDA:206,47,1,2
BRDA:207,48,0,6
BRDA:207,48,1,5
BRDA:208,49,0,6
BRDA:208,49,1,6
BRDA:209,50,0,6
BRDA:209,50,1,6
BRDA:210,51,0,6
BRDA:210,51,1,6
BRDA:211,52,0,6
BRDA:211,52,1,0
BRDA:212,53,0,4
BRDA:212,53,1,2
BRDA:214,54,0,0
BRDA:214,54,1,0
BRDA:215,55,0,0
BRDA:215,55,1,0
BRDA:216,56,0,0
BRDA:216,56,1,0
BRDA:219,57,0,4
BRDA:219,57,1,2
BRDA:221,58,0,0
BRDA:221,58,1,2
BRDA:221,59,0,2
BRDA:221,59,1,2
BRDA:222,60,0,1
BRDA:222,60,1,1
BRDA:222,61,0,2
BRDA:222,61,1,2
BRDA:223,62,0,0
BRDA:223,62,1,2
BRDA:223,63,0,2
BRDA:223,63,1,2
BRDA:237,64,0,1
BRDA:237,64,1,2
BRDA:250,65,0,0
BRDA:250,65,1,5
BRDA:268,66,0,3
BRDA:268,66,1,0
BRDA:271,67,0,1
BRDA:271,67,1,2
BRDA:272,68,0,1
BRDA:272,68,1,2
BRDA:274,69,0,1
BRDA:274,69,1,2
BRDA:275,70,0,1
BRDA:275,70,1,2
BRDA:277,71,0,1
BRDA:277,71,1,2
BRDA:278,72,0,0
BRDA:278,72,1,1
BRDA:282,73,0,1
BRDA:282,73,1,0
BRDA:290,74,0,3
BRDA:290,74,1,1
BRF:151
BRH:68
end_of_record
TN:
SF:services\csvService.js
FN:10,getDefaultOrderCsvColumnKeys
FN:12,(anonymous_1)
FN:37,getDefaultOrderCsvSpec
FN:48,resolveOrderCsvSpec
FN:60,(anonymous_4)
FN:62,(anonymous_5)
FN:72,formatDate
FN:84,resolveOrderCsvCell
FN:117,generateOrdersCsv
FN:122,(anonymous_9)
FN:127,(anonymous_10)
FN:128,(anonymous_11)
FN:129,(anonymous_12)
FN:147,mergeAliasGroups
FN:152,(anonymous_14)
FN:176,importFlamData
FN:250,parseEstimatesData
FN:267,(anonymous_17)
FN:279,(anonymous_18)
FN:284,(anonymous_19)
FN:285,(anonymous_20)
FN:285,(anonymous_21)
FN:300,(anonymous_22)
FN:366,parseExternalOrdersCsv
FN:374,(anonymous_24)
FN:375,(anonymous_25)
FN:378,(anonymous_26)
FN:379,(anonymous_27)
FN:379,(anonymous_28)
FN:381,(anonymous_29)
FN:383,(anonymous_30)
FN:441,(anonymous_31)
FN:444,parseShippingCsv
FN:452,(anonymous_33)
FN:453,(anonymous_34)
FN:456,(anonymous_35)
FN:456,(anonymous_36)
FN:463,(anonymous_37)
FNF:38
FNH:35
FNDA:9,getDefaultOrderCsvColumnKeys
FNDA:171,(anonymous_1)
FNDA:9,getDefaultOrderCsvSpec
FNDA:9,resolveOrderCsvSpec
FNDA:0,(anonymous_4)
FNDA:0,(anonymous_5)
FNDA:5,formatDate
FNDA:420,resolveOrderCsvCell
FNDA:8,generateOrdersCsv
FNDA:5,(anonymous_9)
FNDA:5,(anonymous_10)
FNDA:420,(anonymous_11)
FNDA:420,(anonymous_12)
FNDA:4,mergeAliasGroups
FNDA:164,(anonymous_14)
FNDA:0,importFlamData
FNDA:5,parseEstimatesData
FNDA:5,(anonymous_17)
FNDA:8,(anonymous_18)
FNDA:13,(anonymous_19)
FNDA:4,(anonymous_20)
FNDA:17,(anonymous_21)
FNDA:18,(anonymous_22)
FNDA:7,parseExternalOrdersCsv
FNDA:13,(anonymous_24)
FNDA:13,(anonymous_25)
FNDA:43,(anonymous_26)
FNDA:6,(anonymous_27)
FNDA:43,(anonymous_28)
FNDA:48,(anonymous_29)
FNDA:293,(anonymous_30)
FNDA:6,(anonymous_31)
FNDA:5,parseShippingCsv
FNDA:9,(anonymous_33)
FNDA:9,(anonymous_34)
FNDA:8,(anonymous_35)
FNDA:24,(anonymous_36)
FNDA:12,(anonymous_37)
DA:3,62
DA:4,62
DA:7,62
DA:11,9
DA:12,9
DA:13,756
DA:15,9
DA:16,9
DA:17,9
DA:18,9
DA:19,9
DA:20,9
DA:21,9
DA:22,9
DA:23,9
DA:24,9
DA:25,9
DA:26,9
DA:27,9
DA:28,9
DA:29,9
DA:30,9
DA:31,9
DA:32,9
DA:33,9
DA:34,9
DA:38,9
DA:49,9
DA:50,9
DA:53,9
DA:56,9
DA:58,9
DA:59,9
DA:60,0
DA:61,9
DA:62,0
DA:65,9
DA:66,0
DA:69,9
DA:73,5
DA:74,5
DA:75,5
DA:85,420
DA:86,55
DA:87,50
DA:89,5
DA:91,5
DA:93,5
DA:95,5
DA:97,5
DA:99,5
DA:101,5
DA:103,5
DA:105,5
DA:107,5
DA:109,0
DA:118,8
DA:119,8
DA:120,8
DA:122,8
DA:123,5
DA:124,0
DA:127,5
DA:128,420
DA:129,420
DA:133,8
DA:136,62
DA:148,4
DA:149,4
DA:150,32
DA:151,32
DA:152,164
DA:154,32
DA:156,4
DA:162,62
DA:177,0
DA:178,0
DA:180,0
DA:181,0
DA:182,0
DA:183,0
DA:184,0
DA:185,0
DA:186,0
DA:187,0
DA:188,0
DA:190,0
DA:191,0
DA:192,0
DA:194,0
DA:195,0
DA:197,0
DA:198,0
DA:199,0
DA:200,0
DA:201,0
DA:202,0
DA:205,0
DA:206,0
DA:207,0
DA:208,0
DA:209,0
DA:210,0
DA:212,0
DA:213,0
DA:228,0
DA:229,0
DA:231,0
DA:238,0
DA:241,0
DA:251,5
DA:253,5
DA:254,5
DA:257,5
DA:261,5
DA:262,2
DA:263,2
DA:264,2
DA:265,1
DA:267,5
DA:268,1
DA:270,0
DA:271,0
DA:274,3
DA:275,3
DA:276,1
DA:279,8
DA:280,3
DA:281,0
DA:284,13
DA:285,17
DA:288,4
DA:289,4
DA:300,4
DA:301,18
DA:302,18
DA:303,144
DA:304,144
DA:305,11
DA:310,4
DA:311,2
DA:312,2
DA:315,2
DA:316,2
DA:318,2
DA:319,3
DA:321,3
DA:322,3
DA:323,3
DA:325,3
DA:326,1
DA:327,1
DA:330,2
DA:332,2
DA:333,2
DA:335,2
DA:336,2
DA:337,1
DA:338,1
DA:339,1
DA:340,1
DA:341,1
DA:345,2
DA:360,2
DA:361,1
DA:363,2
DA:367,7
DA:368,7
DA:369,6
DA:372,7
DA:374,13
DA:375,13
DA:376,7
DA:378,43
DA:379,43
DA:381,6
DA:382,48
DA:383,293
DA:384,61
DA:386,7
DA:389,6
DA:390,6
DA:391,6
DA:392,6
DA:393,6
DA:394,6
DA:395,6
DA:396,6
DA:398,6
DA:399,6
DA:400,6
DA:401,6
DA:402,6
DA:403,6
DA:404,6
DA:405,6
DA:406,6
DA:407,6
DA:408,6
DA:409,6
DA:411,6
DA:412,6
DA:429,6
DA:430,6
DA:431,6
DA:437,6
DA:441,6
DA:445,5
DA:446,5
DA:447,2
DA:450,5
DA:452,9
DA:453,9
DA:454,5
DA:456,24
DA:457,4
DA:458,4
DA:460,4
DA:461,4
DA:462,4
DA:463,4
DA:464,12
DA:466,4
DA:468,4
DA:471,62
LF:225
LH:182
BRDA:50,0,0,0
BRDA:50,0,1,9
BRDA:50,1,0,9
BRDA:50,1,1,9
BRDA:53,2,0,0
BRDA:53,2,1,9
BRDA:53,3,0,9
BRDA:53,3,1,0
BRDA:59,4,0,0
BRDA:59,4,1,9
BRDA:59,5,0,9
BRDA:59,5,1,0
BRDA:60,6,0,0
BRDA:60,6,1,0
BRDA:60,7,0,0
BRDA:60,7,1,0
BRDA:61,8,0,0
BRDA:61,8,1,9
BRDA:61,9,0,9
BRDA:61,9,1,0
BRDA:62,10,0,0
BRDA:62,10,1,0
BRDA:62,11,0,0
BRDA:62,11,1,0
BRDA:65,12,0,0
BRDA:65,12,1,9
BRDA:73,13,0,0
BRDA:73,13,1,5
BRDA:85,14,0,365
BRDA:85,14,1,55
BRDA:85,15,0,420
BRDA:85,15,1,420
BRDA:86,16,0,5
BRDA:86,16,1,50
BRDA:87,17,0,5
BRDA:87,17,1,5
BRDA:87,17,2,5
BRDA:87,17,3,5
BRDA:87,17,4,5
BRDA:87,17,5,5
BRDA:87,17,6,5
BRDA:87,17,7,5
BRDA:87,17,8,5
BRDA:87,17,9,5
BRDA:87,17,10,0
BRDA:89,18,0,5
BRDA:89,18,1,0
BRDA:93,19,0,5
BRDA:93,19,1,0
BRDA:95,20,0,5
BRDA:95,20,1,5
BRDA:97,21,0,4
BRDA:97,21,1,1
BRDA:97,22,0,4
BRDA:97,22,1,0
BRDA:99,23,0,0
BRDA:99,23,1,5
BRDA:101,24,0,5
BRDA:101,24,1,0
BRDA:103,25,0,4
BRDA:103,25,1,1
BRDA:105,26,0,4
BRDA:105,26,1,1
BRDA:107,27,0,5
BRDA:107,27,1,0
BRDA:118,28,0,8
BRDA:118,28,1,0
BRDA:123,29,0,0
BRDA:123,29,1,5
BRDA:123,30,0,5
BRDA:123,30,1,1
BRDA:150,31,0,0
BRDA:150,31,1,32
BRDA:150,32,0,32
BRDA:150,32,1,32
BRDA:152,33,0,164
BRDA:152,33,1,0
BRDA:178,34,0,0
BRDA:178,34,1,0
BRDA:192,35,0,0
BRDA:192,35,1,0
BRDA:192,36,0,0
BRDA:192,36,1,0
BRDA:195,37,0,0
BRDA:195,37,1,0
BRDA:199,38,0,0
BRDA:199,38,1,0
BRDA:201,39,0,0
BRDA:201,39,1,0
BRDA:205,40,0,0
BRDA:205,40,1,0
BRDA:206,41,0,0
BRDA:206,41,1,0
BRDA:207,42,0,0
BRDA:207,42,1,0
BRDA:208,43,0,0
BRDA:208,43,1,0
BRDA:209,44,0,0
BRDA:209,44,1,0
BRDA:210,45,0,0
BRDA:210,45,1,0
BRDA:212,46,0,0
BRDA:212,46,1,0
BRDA:216,47,0,0
BRDA:216,47,1,0
BRDA:229,48,0,0
BRDA:229,48,1,0
BRDA:250,49,0,0
BRDA:257,50,0,5
BRDA:257,50,1,3
BRDA:257,50,2,0
BRDA:257,50,3,3
BRDA:257,50,4,0
BRDA:261,51,0,2
BRDA:261,51,1,3
BRDA:264,52,0,1
BRDA:264,52,1,1
BRDA:267,53,0,5
BRDA:267,53,1,0
BRDA:275,54,0,1
BRDA:275,54,1,2
BRDA:275,55,0,3
BRDA:275,55,1,2
BRDA:275,55,2,0
BRDA:280,56,0,0
BRDA:280,56,1,3
BRDA:288,57,0,4
BRDA:288,57,1,3
BRDA:303,58,0,144
BRDA:303,58,1,0
BRDA:304,59,0,11
BRDA:304,59,1,133
BRDA:310,60,0,2
BRDA:310,60,1,2
BRDA:310,61,0,4
BRDA:310,61,1,2
BRDA:310,61,2,2
BRDA:319,62,0,0
BRDA:319,62,1,3
BRDA:319,63,0,3
BRDA:319,63,1,3
BRDA:321,64,0,3
BRDA:321,64,1,0
BRDA:322,65,0,3
BRDA:322,65,1,0
BRDA:323,66,0,3
BRDA:323,66,1,0
BRDA:325,67,0,1
BRDA:325,67,1,2
BRDA:330,68,0,0
BRDA:330,68,1,2
BRDA:330,69,0,2
BRDA:330,69,1,2
BRDA:330,69,2,2
BRDA:333,70,0,0
BRDA:333,70,1,2
BRDA:336,71,0,1
BRDA:336,71,1,1
BRDA:336,72,0,2
BRDA:336,72,1,1
BRDA:336,72,2,1
BRDA:339,73,0,1
BRDA:339,73,1,0
BRDA:339,74,0,1
BRDA:339,74,1,1
BRDA:341,75,0,1
BRDA:341,75,1,0
BRDA:346,76,0,2
BRDA:346,76,1,0
BRDA:346,77,0,2
BRDA:346,77,1,0
BRDA:349,78,0,2
BRDA:349,78,1,0
BRDA:349,79,0,2
BRDA:349,79,1,0
BRDA:353,80,0,0
BRDA:353,80,1,2
BRDA:353,81,0,0
BRDA:353,81,1,0
BRDA:354,82,0,0
BRDA:354,82,1,2
BRDA:354,83,0,0
BRDA:354,83,1,0
BRDA:360,84,0,1
BRDA:360,84,1,1
BRDA:368,85,0,6
BRDA:368,85,1,1
BRDA:368,86,0,7
BRDA:368,86,1,1
BRDA:368,86,2,0
BRDA:376,87,0,1
BRDA:376,87,1,6
BRDA:378,88,0,43
BRDA:378,88,1,0
BRDA:379,89,0,43
BRDA:379,89,1,0
BRDA:384,90,0,41
BRDA:384,90,1,20
BRDA:400,91,0,6
BRDA:400,91,1,0
BRDA:401,92,0,0
BRDA:401,92,1,6
BRDA:402,93,0,6
BRDA:402,93,1,0
BRDA:403,94,0,6
BRDA:403,94,1,0
BRDA:404,95,0,6
BRDA:404,95,1,0
BRDA:405,96,0,6
BRDA:405,96,1,1
BRDA:406,97,0,6
BRDA:406,97,1,1
BRDA:406,98,0,6
BRDA:406,98,1,1
BRDA:407,99,0,6
BRDA:407,99,1,0
BRDA:407,100,0,6
BRDA:407,100,1,0
BRDA:408,101,0,6
BRDA:408,101,1,1
BRDA:409,102,0,6
BRDA:409,102,1,1
BRDA:411,103,0,6
BRDA:411,103,1,0
BRDA:415,104,0,6
BRDA:415,104,1,0
BRDA:415,104,2,0
BRDA:417,105,0,6
BRDA:417,105,1,0
BRDA:417,105,2,0
BRDA:430,106,0,6
BRDA:430,106,1,0
BRDA:430,107,0,6
BRDA:430,107,1,6
BRDA:433,108,0,6
BRDA:433,108,1,1
BRDA:441,109,0,6
BRDA:441,109,1,6
BRDA:446,110,0,2
BRDA:446,110,1,3
BRDA:446,111,0,5
BRDA:446,111,1,3
BRDA:446,111,2,0
BRDA:454,112,0,1
BRDA:454,112,1,4
BRDA:456,113,0,24
BRDA:456,113,1,0
BRDA:464,114,0,12
BRDA:464,114,1,0
BRF:249
BRH:147
end_of_record
TN:
SF:services\customerService.js
FN:15,(anonymous_0)
FN:26,(anonymous_1)
FN:32,(anonymous_2)
FN:37,(anonymous_3)
FN:42,(anonymous_4)
FN:53,(anonymous_5)
FN:70,(anonymous_6)
FN:73,(anonymous_7)
FN:93,(anonymous_8)
FN:95,(anonymous_9)
FN:115,(anonymous_10)
FN:138,(anonymous_11)
FN:171,(anonymous_12)
FN:173,(anonymous_13)
FN:187,(anonymous_14)
FN:189,(anonymous_15)
FN:201,(anonymous_16)
FN:203,(anonymous_17)
FNF:18
FNH:18
FNDA:74,(anonymous_0)
FNDA:20,(anonymous_1)
FNDA:5,(anonymous_2)
FNDA:6,(anonymous_3)
FNDA:13,(anonymous_4)
FNDA:11,(anonymous_5)
FNDA:6,(anonymous_6)
FNDA:11,(anonymous_7)
FNDA:5,(anonymous_8)
FNDA:14,(anonymous_9)
FNDA:2,(anonymous_10)
FNDA:3,(anonymous_11)
FNDA:10,(anonymous_12)
FNDA:11,(anonymous_13)
FNDA:44,(anonymous_14)
FNDA:59,(anonymous_15)
FNDA:2,(anonymous_16)
FNDA:5,(anonymous_17)
DA:3,62
DA:4,62
DA:5,62
DA:6,62
DA:7,62
DA:10,62
DA:16,74
DA:17,74
DA:18,74
DA:20,0
DA:21,0
DA:27,20
DA:33,5
DA:38,6
DA:40,6
DA:42,6
DA:43,13
DA:44,13
DA:45,13
DA:48,6
DA:49,6
DA:50,6
DA:53,11
DA:61,6
DA:71,6
DA:73,11
DA:74,1
DA:77,5
DA:80,5
DA:88,5
DA:89,5
DA:94,5
DA:95,14
DA:97,5
DA:98,1
DA:101,4
DA:102,4
DA:103,4
DA:106,4
DA:107,1
DA:110,4
DA:111,4
DA:116,2
DA:117,2
DA:119,1
DA:120,1
DA:121,1
DA:125,1
DA:126,1
DA:127,1
DA:129,1
DA:130,1
DA:131,1
DA:132,1
DA:133,1
DA:135,1
DA:137,1
DA:138,3
DA:140,1
DA:142,1
DA:143,1
DA:144,1
DA:145,1
DA:146,1
DA:149,0
DA:156,0
DA:160,1
DA:161,1
DA:164,1
DA:166,1
DA:172,10
DA:173,11
DA:175,10
DA:176,1
DA:179,9
DA:180,9
DA:182,9
DA:183,9
DA:188,44
DA:189,59
DA:190,44
DA:191,38
DA:202,2
DA:203,5
DA:204,2
DA:205,1
DA:207,1
DA:208,1
DA:209,1
DA:213,62
LF:90
LH:86
BRDA:32,0,0,1
BRDA:32,1,0,1
BRDA:37,2,0,0
BRDA:37,3,0,0
BRDA:37,4,0,0
BRDA:40,5,0,6
BRDA:40,5,1,3
BRDA:43,6,0,13
BRDA:43,6,1,0
BRDA:44,7,0,13
BRDA:44,7,1,0
BRDA:45,8,0,13
BRDA:45,8,1,2
BRDA:56,9,0,11
BRDA:56,9,1,0
BRDA:57,10,0,11
BRDA:57,10,1,0
BRDA:73,11,0,1
BRDA:73,11,1,5
BRDA:84,12,0,5
BRDA:84,12,1,0
BRDA:85,13,0,4
BRDA:85,13,1,1
BRDA:97,14,0,1
BRDA:97,14,1,4
BRDA:102,15,0,4
BRDA:102,15,1,0
BRDA:103,16,0,4
BRDA:103,16,1,0
BRDA:103,17,0,4
BRDA:103,17,1,2
BRDA:103,18,0,0
BRDA:103,18,1,0
BRDA:106,19,0,1
BRDA:106,19,1,3
BRDA:106,20,0,4
BRDA:106,20,1,1
BRDA:127,21,0,0
BRDA:127,21,1,1
BRDA:127,22,0,1
BRDA:127,22,1,1
BRDA:131,23,0,1
BRDA:131,23,1,0
BRDA:132,24,0,1
BRDA:132,24,1,0
BRDA:133,25,0,0
BRDA:133,25,1,1
BRDA:135,26,0,0
BRDA:135,26,1,1
BRDA:135,27,0,1
BRDA:135,27,1,1
BRDA:140,28,0,1
BRDA:140,28,1,0
BRDA:145,29,0,0
BRDA:145,29,1,1
BRDA:175,30,0,1
BRDA:175,30,1,9
BRDA:190,31,0,6
BRDA:190,31,1,38
BRDA:194,32,0,38
BRDA:194,32,1,0
BRDA:195,33,0,38
BRDA:195,33,1,3
BRDA:204,34,0,1
BRDA:204,34,1,1
BRF:65
BRH:45
end_of_record
TN:
SF:services\mailService.js
FN:13,clearTransporterCache
FN:17,getTransporter
FN:29,sendOrderConfirmation
FN:82,sendSupportNotification
FN:89,(anonymous_4)
FN:154,sendInviteEmail
FN:209,sendPasswordChangedNotification
FN:250,sendLoginFailureAlert
FNF:8
FNH:7
FNDA:1,clearTransporterCache
FNDA:10,getTransporter
FNDA:2,sendOrderConfirmation
FNDA:2,sendSupportNotification
FNDA:0,(anonymous_4)
FNDA:3,sendInviteEmail
FNDA:2,sendPasswordChangedNotification
FNDA:4,sendLoginFailureAlert
DA:4,15
DA:5,15
DA:6,15
DA:7,15
DA:8,15
DA:10,15
DA:14,1
DA:18,10
DA:19,9
DA:20,9
DA:21,9
DA:30,2
DA:31,2
DA:32,2
DA:35,2
DA:36,2
DA:37,1
DA:46,2
DA:47,2
DA:56,2
DA:60,2
DA:61,2
DA:68,2
DA:69,1
DA:70,1
DA:72,1
DA:73,1
DA:83,2
DA:84,2
DA:85,2
DA:87,2
DA:88,2
DA:89,0
DA:92,2
DA:93,2
DA:94,2
DA:95,2
DA:96,0
DA:97,0
DA:98,0
DA:99,0
DA:100,0
DA:101,0
DA:110,2
DA:122,2
DA:127,2
DA:128,2
DA:134,2
DA:135,0
DA:137,2
DA:138,1
DA:139,1
DA:141,1
DA:142,1
DA:155,3
DA:156,3
DA:157,1
DA:160,2
DA:161,2
DA:163,2
DA:164,2
DA:165,2
DA:167,2
DA:173,2
DA:180,2
DA:181,2
DA:187,1
DA:188,1
DA:190,1
DA:191,1
DA:192,1
DA:193,1
DA:200,0
DA:210,2
DA:211,2
DA:212,1
DA:215,1
DA:216,1
DA:217,1
DA:219,1
DA:224,1
DA:230,1
DA:231,1
DA:237,0
DA:238,0
DA:240,1
DA:241,1
DA:251,4
DA:252,4
DA:253,4
DA:254,4
DA:256,4
DA:257,2
DA:258,1
DA:263,1
DA:268,1
DA:269,1
DA:275,1
DA:276,1
DA:279,2
DA:280,2
DA:286,2
DA:292,2
DA:293,2
DA:299,1
DA:300,1
DA:302,0
DA:304,1
DA:305,1
DA:309,15
LF:110
LH:98
BRDA:18,0,0,1
BRDA:18,0,1,9
BRDA:32,1,0,2
BRDA:32,1,1,0
BRDA:36,2,0,1
BRDA:36,2,1,1
BRDA:36,3,0,2
BRDA:36,3,1,1
BRDA:41,4,0,1
BRDA:41,4,1,0
BRDA:42,5,0,1
BRDA:42,5,1,0
BRDA:51,6,0,2
BRDA:51,6,1,2
BRDA:52,7,0,2
BRDA:52,7,1,2
BRDA:85,8,0,2
BRDA:85,8,1,0
BRDA:87,9,0,0
BRDA:87,9,1,2
BRDA:88,10,0,0
BRDA:88,10,1,2
BRDA:89,11,0,0
BRDA:89,11,1,0
BRDA:89,11,2,0
BRDA:89,11,3,0
BRDA:89,11,4,0
BRDA:94,12,0,2
BRDA:94,12,1,0
BRDA:96,13,0,0
BRDA:96,13,1,0
BRDA:96,14,0,0
BRDA:96,14,1,0
BRDA:97,15,0,0
BRDA:97,15,1,0
BRDA:97,16,0,0
BRDA:97,16,1,0
BRDA:102,17,0,0
BRDA:102,17,1,0
BRDA:113,18,0,2
BRDA:113,18,1,0
BRDA:114,19,0,2
BRDA:114,19,1,0
BRDA:116,20,0,2
BRDA:116,20,1,2
BRDA:117,21,0,2
BRDA:117,21,1,2
BRDA:118,22,0,2
BRDA:118,22,1,0
BRDA:124,23,0,2
BRDA:124,23,1,0
BRDA:134,24,0,0
BRDA:134,24,1,2
BRDA:154,25,0,0
BRDA:156,26,0,1
BRDA:156,26,1,2
BRDA:156,27,0,3
BRDA:156,27,1,2
BRDA:163,28,0,1
BRDA:163,28,1,1
BRDA:167,29,0,2
BRDA:167,29,1,0
BRDA:173,30,0,2
BRDA:173,30,1,0
BRDA:191,31,0,1
BRDA:191,31,1,0
BRDA:191,32,0,1
BRDA:191,32,1,0
BRDA:191,32,2,0
BRDA:195,33,0,0
BRDA:195,33,1,1
BRDA:200,34,0,0
BRDA:200,34,1,0
BRDA:211,35,0,1
BRDA:211,35,1,1
BRDA:211,36,0,2
BRDA:211,36,1,2
BRDA:211,37,0,2
BRDA:211,37,1,1
BRDA:219,38,0,1
BRDA:219,38,1,0
BRDA:224,39,0,1
BRDA:224,39,1,0
BRDA:241,40,0,1
BRDA:241,40,1,0
BRDA:256,41,0,2
BRDA:256,41,1,2
BRDA:256,42,0,4
BRDA:256,42,1,2
BRDA:257,43,0,1
BRDA:257,43,1,1
BRDA:257,44,0,2
BRDA:257,44,1,1
BRDA:258,45,0,1
BRDA:258,45,1,0
BRDA:259,46,0,1
BRDA:259,46,1,0
BRDA:261,47,0,1
BRDA:261,47,1,0
BRDA:263,48,0,1
BRDA:263,48,1,0
BRDA:264,49,0,1
BRDA:264,49,1,0
BRDA:266,50,0,1
BRDA:266,50,1,0
BRDA:279,51,0,2
BRDA:279,51,1,0
BRDA:279,52,0,2
BRDA:279,52,1,2
BRDA:280,53,0,2
BRDA:280,53,1,0
BRDA:281,54,0,2
BRDA:281,54,1,0
BRDA:282,55,0,2
BRDA:282,55,1,0
BRDA:284,56,0,2
BRDA:284,56,1,0
BRDA:286,57,0,2
BRDA:286,57,1,0
BRDA:287,58,0,2
BRDA:287,58,1,0
BRDA:288,59,0,2
BRDA:288,59,1,0
BRDA:290,60,0,2
BRDA:290,60,1,0
BRF:125
BRH:71
end_of_record
TN:
SF:services\orderService.js
FN:14,firstCsvRowValue
FN:33,(anonymous_1)
FN:40,(anonymous_2)
FN:45,(anonymous_3)
FN:55,(anonymous_4)
FN:59,(anonymous_5)
FN:60,(anonymous_6)
FN:61,(anonymous_7)
FN:72,(anonymous_8)
FN:73,(anonymous_9)
FN:75,(anonymous_10)
FN:79,(anonymous_11)
FN:81,(anonymous_12)
FN:93,(anonymous_13)
FN:94,(anonymous_14)
FN:103,(anonymous_15)
FN:108,(anonymous_16)
FN:116,(anonymous_17)
FN:156,(anonymous_18)
FN:161,(anonymous_19)
FN:173,(anonymous_20)
FN:201,(anonymous_21)
FN:202,(anonymous_22)
FN:218,(anonymous_23)
FN:223,(anonymous_24)
FN:227,(anonymous_25)
FN:249,(anonymous_26)
FN:262,(anonymous_27)
FN:269,(anonymous_28)
FN:273,(anonymous_29)
FN:274,(anonymous_30)
FN:276,(anonymous_31)
FN:312,(anonymous_32)
FN:313,(anonymous_33)
FN:315,(anonymous_34)
FN:322,(anonymous_35)
FN:343,(anonymous_36)
FN:344,(anonymous_37)
FN:346,(anonymous_38)
FN:352,(anonymous_39)
FN:371,(anonymous_40)
FN:385,(anonymous_41)
FN:386,(anonymous_42)
FN:390,(anonymous_43)
FN:391,(anonymous_44)
FN:399,(anonymous_45)
FN:400,(anonymous_46)
FN:402,(anonymous_47)
FN:416,(anonymous_48)
FN:439,(anonymous_49)
FN:444,(anonymous_50)
FN:451,(anonymous_51)
FN:466,(anonymous_52)
FN:499,(anonymous_53)
FN:503,(anonymous_54)
FN:517,(anonymous_55)
FNF:56
FNH:55
FNDA:13,firstCsvRowValue
FNDA:1,(anonymous_1)
FNDA:62,(anonymous_2)
FNDA:230,(anonymous_3)
FNDA:5,(anonymous_4)
FNDA:5,(anonymous_5)
FNDA:7,(anonymous_6)
FNDA:4,(anonymous_7)
FNDA:43,(anonymous_8)
FNDA:43,(anonymous_9)
FNDA:1,(anonymous_10)
FNDA:19,(anonymous_11)
FNDA:7,(anonymous_12)
FNDA:19,(anonymous_13)
FNDA:19,(anonymous_14)
FNDA:19,(anonymous_15)
FNDA:23,(anonymous_16)
FNDA:19,(anonymous_17)
FNDA:4,(anonymous_18)
FNDA:22,(anonymous_19)
FNDA:22,(anonymous_20)
FNDA:22,(anonymous_21)
FNDA:24,(anonymous_22)
FNDA:22,(anonymous_23)
FNDA:26,(anonymous_24)
FNDA:2,(anonymous_25)
FNDA:6,(anonymous_26)
FNDA:22,(anonymous_27)
FNDA:6,(anonymous_28)
FNDA:5,(anonymous_29)
FNDA:5,(anonymous_30)
FNDA:5,(anonymous_31)
FNDA:5,(anonymous_32)
FNDA:5,(anonymous_33)
FNDA:5,(anonymous_34)
FNDA:5,(anonymous_35)
FNDA:2,(anonymous_36)
FNDA:2,(anonymous_37)
FNDA:2,(anonymous_38)
FNDA:2,(anonymous_39)
FNDA:4,(anonymous_40)
FNDA:1,(anonymous_41)
FNDA:1,(anonymous_42)
FNDA:1,(anonymous_43)
FNDA:1,(anonymous_44)
FNDA:2,(anonymous_45)
FNDA:2,(anonymous_46)
FNDA:1,(anonymous_47)
FNDA:3,(anonymous_48)
FNDA:3,(anonymous_49)
FNDA:3,(anonymous_50)
FNDA:1,(anonymous_51)
FNDA:0,(anonymous_52)
FNDA:6,(anonymous_53)
FNDA:6,(anonymous_54)
FNDA:3,(anonymous_55)
DA:5,62
DA:6,62
DA:7,62
DA:8,62
DA:9,62
DA:10,62
DA:11,62
DA:15,13
DA:16,13
DA:17,17
DA:18,8
DA:21,5
DA:25,62
DA:26,62
DA:27,62
DA:28,62
DA:29,62
DA:30,62
DA:33,62
DA:34,1
DA:35,1
DA:36,1
DA:41,62
DA:46,230
DA:47,230
DA:48,230
DA:50,1
DA:56,5
DA:57,5
DA:58,5
DA:59,5
DA:60,5
DA:61,7
DA:62,7
DA:64,5
DA:65,5
DA:67,5
DA:68,3
DA:69,2
DA:73,43
DA:75,43
DA:76,43
DA:80,19
DA:81,19
DA:82,7
DA:83,7
DA:85,19
DA:94,19
DA:95,19
DA:103,19
DA:106,19
DA:108,23
DA:112,19
DA:113,19
DA:116,19
DA:118,19
DA:120,19
DA:123,19
DA:124,16
DA:125,16
DA:128,19
DA:137,19
DA:149,19
DA:150,19
DA:151,19
DA:157,4
DA:162,22
DA:164,22
DA:173,22
DA:174,22
DA:176,22
DA:177,22
DA:178,22
DA:179,22
DA:181,22
DA:182,22
DA:184,22
DA:185,22
DA:186,22
DA:187,22
DA:188,19
DA:189,19
DA:193,22
DA:194,22
DA:195,22
DA:197,22
DA:201,22
DA:202,24
DA:203,22
DA:205,22
DA:206,22
DA:207,20
DA:208,2
DA:209,1
DA:211,1
DA:212,1
DA:218,22
DA:220,22
DA:223,26
DA:226,22
DA:227,2
DA:228,1
DA:232,22
DA:233,22
DA:234,20
DA:237,2
DA:238,1
DA:243,22
DA:244,22
DA:247,22
DA:248,6
DA:249,6
DA:250,6
DA:253,22
DA:262,22
DA:263,22
DA:266,22
DA:269,22
DA:274,5
DA:275,5
DA:276,5
DA:278,5
DA:280,5
DA:281,5
DA:282,4
DA:283,4
DA:284,4
DA:285,3
DA:286,3
DA:287,3
DA:290,2
DA:291,2
DA:293,1
DA:298,5
DA:299,5
DA:301,5
DA:302,5
DA:303,5
DA:304,5
DA:306,5
DA:307,5
DA:313,5
DA:314,5
DA:315,5
DA:317,5
DA:319,5
DA:320,5
DA:322,5
DA:323,5
DA:330,5
DA:331,5
DA:333,5
DA:334,5
DA:335,5
DA:337,5
DA:338,5
DA:344,2
DA:345,2
DA:346,2
DA:348,2
DA:349,2
DA:351,2
DA:352,2
DA:353,2
DA:355,2
DA:357,2
DA:358,2
DA:359,2
DA:362,2
DA:363,2
DA:372,4
DA:380,4
DA:386,1
DA:387,1
DA:388,1
DA:390,1
DA:391,1
DA:392,1
DA:395,1
DA:400,2
DA:401,2
DA:402,2
DA:403,2
DA:404,1
DA:405,1
DA:406,1
DA:408,1
DA:417,3
DA:418,3
DA:419,3
DA:420,3
DA:427,3
DA:428,3
DA:430,0
DA:433,3
DA:435,3
DA:439,3
DA:440,3
DA:441,3
DA:442,3
DA:444,3
DA:445,3
DA:446,3
DA:448,3
DA:449,1
DA:450,1
DA:451,1
DA:453,1
DA:454,1
DA:455,1
DA:456,1
DA:460,1
DA:461,1
DA:463,0
DA:466,2
DA:467,2
DA:479,2
DA:480,2
DA:484,3
DA:486,2
DA:494,1
DA:495,1
DA:500,6
DA:501,0
DA:503,6
DA:504,6
DA:506,6
DA:507,6
DA:508,6
DA:509,6
DA:511,6
DA:512,6
DA:513,8
DA:514,2
DA:515,2
DA:517,6
DA:518,6
DA:519,2
DA:520,2
DA:521,2
DA:523,4
DA:524,4
DA:525,4
DA:528,6
DA:529,6
DA:539,62
LF:246
LH:243
BRDA:15,0,0,0
BRDA:15,0,1,13
BRDA:15,1,0,13
BRDA:15,1,1,13
BRDA:17,2,0,8
BRDA:17,2,1,9
BRDA:17,3,0,17
BRDA:17,3,1,17
BRDA:17,3,2,8
BRDA:34,4,0,0
BRDA:34,4,1,1
BRDA:36,5,0,0
BRDA:36,5,1,1
BRDA:50,6,0,0
BRDA:50,6,1,1
BRDA:50,7,0,1
BRDA:50,7,1,1
BRDA:56,8,0,0
BRDA:56,8,1,5
BRDA:56,9,0,5
BRDA:56,9,1,5
BRDA:62,10,0,4
BRDA:62,10,1,3
BRDA:64,11,0,3
BRDA:64,11,1,2
BRDA:65,12,0,3
BRDA:65,12,1,2
BRDA:67,13,0,2
BRDA:67,13,1,3
BRDA:68,14,0,1
BRDA:68,14,1,2
BRDA:82,15,0,7
BRDA:82,15,1,7
BRDA:83,16,0,7
BRDA:83,16,1,0
BRDA:106,17,0,19
BRDA:106,17,1,0
BRDA:106,17,2,0
BRDA:106,17,3,0
BRDA:112,18,0,17
BRDA:112,18,1,2
BRDA:112,19,0,2
BRDA:112,19,1,0
BRDA:113,20,0,0
BRDA:113,20,1,19
BRDA:116,21,0,19
BRDA:116,21,1,19
BRDA:120,22,0,16
BRDA:120,22,1,3
BRDA:120,23,0,16
BRDA:120,23,1,16
BRDA:123,24,0,16
BRDA:123,24,1,3
BRDA:123,25,0,19
BRDA:123,25,1,17
BRDA:124,26,0,16
BRDA:124,26,1,1
BRDA:174,27,0,0
BRDA:174,27,1,22
BRDA:174,28,0,22
BRDA:174,28,1,15
BRDA:177,29,0,22
BRDA:177,29,1,1
BRDA:178,30,0,0
BRDA:178,30,1,22
BRDA:179,31,0,22
BRDA:179,31,1,0
BRDA:179,31,2,0
BRDA:181,32,0,22
BRDA:181,32,1,7
BRDA:182,33,0,22
BRDA:182,33,1,22
BRDA:182,33,2,0
BRDA:187,34,0,19
BRDA:187,34,1,3
BRDA:194,35,0,0
BRDA:194,35,1,22
BRDA:194,36,0,22
BRDA:194,36,1,0
BRDA:195,37,0,0
BRDA:195,37,1,22
BRDA:195,38,0,22
BRDA:195,38,1,0
BRDA:197,39,0,22
BRDA:197,39,1,22
BRDA:197,39,2,22
BRDA:203,40,0,20
BRDA:203,40,1,2
BRDA:203,41,0,20
BRDA:203,41,1,0
BRDA:206,42,0,20
BRDA:206,42,1,2
BRDA:207,43,0,20
BRDA:207,43,1,0
BRDA:208,44,0,1
BRDA:208,44,1,1
BRDA:211,45,0,1
BRDA:211,45,1,0
BRDA:212,46,0,1
BRDA:212,46,1,0
BRDA:220,47,0,22
BRDA:220,47,1,0
BRDA:220,47,2,0
BRDA:226,48,0,1
BRDA:226,48,1,21
BRDA:226,49,0,22
BRDA:226,49,1,2
BRDA:226,49,2,2
BRDA:226,49,3,1
BRDA:228,50,0,0
BRDA:228,50,1,1
BRDA:233,51,0,20
BRDA:233,51,1,2
BRDA:237,52,0,1
BRDA:237,52,1,1
BRDA:237,53,0,2
BRDA:237,53,1,2
BRDA:237,53,2,1
BRDA:244,54,0,6
BRDA:244,54,1,16
BRDA:244,55,0,6
BRDA:244,55,1,6
BRDA:247,56,0,6
BRDA:247,56,1,16
BRDA:247,57,0,22
BRDA:247,57,1,7
BRDA:248,58,0,6
BRDA:248,58,1,0
BRDA:249,59,0,6
BRDA:249,59,1,4
BRDA:278,60,0,0
BRDA:278,60,1,5
BRDA:281,61,0,4
BRDA:281,61,1,1
BRDA:283,62,0,4
BRDA:283,62,1,0
BRDA:284,63,0,3
BRDA:284,63,1,1
BRDA:284,64,0,4
BRDA:284,64,1,1
BRDA:285,65,0,3
BRDA:285,65,1,0
BRDA:285,66,0,3
BRDA:285,66,1,3
BRDA:285,66,2,3
BRDA:288,67,0,3
BRDA:288,67,1,3
BRDA:298,68,0,0
BRDA:298,68,1,5
BRDA:299,69,0,0
BRDA:299,69,1,5
BRDA:301,70,0,3
BRDA:301,70,1,2
BRDA:302,71,0,0
BRDA:302,71,1,5
BRDA:303,72,0,0
BRDA:303,72,1,5
BRDA:304,73,0,1
BRDA:304,73,1,4
BRDA:317,74,0,0
BRDA:317,74,1,5
BRDA:320,75,0,0
BRDA:320,75,1,5
BRDA:348,76,0,0
BRDA:348,76,1,2
BRDA:351,77,0,0
BRDA:351,77,1,2
BRDA:353,78,0,0
BRDA:353,78,1,2
BRDA:357,79,0,2
BRDA:357,79,1,0
BRDA:358,80,0,1
BRDA:358,80,1,1
BRDA:359,81,0,1
BRDA:359,81,1,1
BRDA:392,82,0,1
BRDA:392,82,1,0
BRDA:403,83,0,1
BRDA:403,83,1,1
BRDA:428,84,0,3
BRDA:428,84,1,0
BRDA:433,85,0,3
BRDA:433,85,1,0
BRDA:433,86,0,3
BRDA:433,86,1,3
BRDA:435,87,0,3
BRDA:435,87,1,0
BRDA:435,88,0,3
BRDA:435,88,1,3
BRDA:448,89,0,1
BRDA:448,89,1,2
BRDA:453,90,0,1
BRDA:453,90,1,0
BRDA:455,91,0,1
BRDA:455,91,1,0
BRDA:466,92,0,0
BRDA:466,92,1,2
BRDA:470,93,0,2
BRDA:470,93,1,0
BRDA:471,94,0,2
BRDA:471,94,1,0
BRDA:471,95,0,2
BRDA:471,95,1,0
BRDA:473,96,0,2
BRDA:473,96,1,0
BRDA:476,97,0,2
BRDA:476,97,1,2
BRDA:500,98,0,0
BRDA:500,98,1,6
BRDA:511,99,0,6
BRDA:511,99,1,0
BRDA:513,100,0,2
BRDA:513,100,1,6
BRDA:513,101,0,8
BRDA:513,101,1,8
BRDA:513,101,2,7
BRDA:518,102,0,2
BRDA:518,102,1,4
BRF:218
BRH:164
end_of_record
TN:
SF:services\priceService.js
FN:18,parsePriceCell
FN:40,normalizeManufacturerKey
FN:52,(anonymous_2)
FN:53,(anonymous_3)
FN:60,(anonymous_4)
FN:71,(anonymous_5)
FN:78,(anonymous_6)
FN:81,(anonymous_7)
FN:85,(anonymous_8)
FN:90,(anonymous_9)
FN:94,(anonymous_10)
FN:131,(anonymous_11)
FN:136,(anonymous_12)
FN:151,(anonymous_13)
FN:166,(anonymous_14)
FN:186,(anonymous_15)
FN:188,(anonymous_16)
FN:205,(anonymous_17)
FN:209,(anonymous_18)
FN:220,(anonymous_19)
FN:226,(anonymous_20)
FN:227,(anonymous_21)
FN:238,(anonymous_22)
FN:244,(anonymous_23)
FN:246,(anonymous_24)
FN:247,(anonymous_25)
FN:258,(anonymous_26)
FN:265,(anonymous_27)
FN:266,(anonymous_28)
FN:267,(anonymous_29)
FN:279,(anonymous_30)
FN:284,(anonymous_31)
FN:290,(anonymous_32)
FN:307,(anonymous_33)
FN:313,(anonymous_34)
FN:323,(anonymous_35)
FN:334,(anonymous_36)
FN:337,(anonymous_37)
FN:337,(anonymous_38)
FN:341,(anonymous_39)
FN:349,(anonymous_40)
FN:386,(anonymous_41)
FN:392,(anonymous_42)
FN:393,(anonymous_43)
FN:409,(anonymous_44)
FN:412,(anonymous_45)
FN:412,(anonymous_46)
FN:417,(anonymous_47)
FN:429,(anonymous_48)
FN:473,(anonymous_49)
FN:481,(anonymous_50)
FN:493,(anonymous_51)
FN:508,(anonymous_52)
FN:527,(anonymous_53)
FN:541,(anonymous_54)
FN:544,(anonymous_55)
FN:549,(anonymous_56)
FNF:57
FNH:41
FNDA:3,parsePriceCell
FNDA:6,normalizeManufacturerKey
FNDA:0,(anonymous_2)
FNDA:0,(anonymous_3)
FNDA:21,(anonymous_4)
FNDA:2,(anonymous_5)
FNDA:10,(anonymous_6)
FNDA:2,(anonymous_7)
FNDA:2,(anonymous_8)
FNDA:9,(anonymous_9)
FNDA:66,(anonymous_10)
FNDA:1,(anonymous_11)
FNDA:3,(anonymous_12)
FNDA:1,(anonymous_13)
FNDA:1,(anonymous_14)
FNDA:2,(anonymous_15)
FNDA:2,(anonymous_16)
FNDA:1,(anonymous_17)
FNDA:1,(anonymous_18)
FNDA:1,(anonymous_19)
FNDA:1,(anonymous_20)
FNDA:2,(anonymous_21)
FNDA:3,(anonymous_22)
FNDA:2,(anonymous_23)
FNDA:2,(anonymous_24)
FNDA:3,(anonymous_25)
FNDA:2,(anonymous_26)
FNDA:2,(anonymous_27)
FNDA:3,(anonymous_28)
FNDA:3,(anonymous_29)
FNDA:3,(anonymous_30)
FNDA:2,(anonymous_31)
FNDA:3,(anonymous_32)
FNDA:4,(anonymous_33)
FNDA:0,(anonymous_34)
FNDA:3,(anonymous_35)
FNDA:4,(anonymous_36)
FNDA:4,(anonymous_37)
FNDA:1,(anonymous_38)
FNDA:8,(anonymous_39)
FNDA:6,(anonymous_40)
FNDA:3,(anonymous_41)
FNDA:6,(anonymous_42)
FNDA:12,(anonymous_43)
FNDA:0,(anonymous_44)
FNDA:0,(anonymous_45)
FNDA:0,(anonymous_46)
FNDA:0,(anonymous_47)
FNDA:0,(anonymous_48)
FNDA:0,(anonymous_49)
FNDA:0,(anonymous_50)
FNDA:0,(anonymous_51)
FNDA:0,(anonymous_52)
FNDA:0,(anonymous_53)
FNDA:0,(anonymous_54)
FNDA:0,(anonymous_55)
FNDA:0,(anonymous_56)
DA:3,62
DA:4,62
DA:5,62
DA:6,62
DA:7,62
DA:8,62
DA:11,62
DA:12,62
DA:13,62
DA:14,62
DA:15,62
DA:19,3
DA:20,3
DA:21,3
DA:22,3
DA:23,3
DA:30,62
DA:31,62
DA:41,6
DA:42,6
DA:43,6
DA:45,6
DA:46,6
DA:47,54
DA:48,54
DA:50,6
DA:52,6
DA:53,6
DA:54,6
DA:61,21
DA:62,21
DA:63,21
DA:65,1
DA:66,1
DA:72,2
DA:73,2
DA:74,2
DA:75,0
DA:78,10
DA:81,2
DA:82,2
DA:83,1
DA:85,2
DA:88,1
DA:89,1
DA:90,1
DA:91,9
DA:92,9
DA:93,9
DA:94,66
DA:95,9
DA:96,3
DA:98,6
DA:99,6
DA:100,6
DA:101,0
DA:102,0
DA:103,6
DA:104,0
DA:105,0
DA:108,9
DA:110,1
DA:111,0
DA:115,1
DA:116,1
DA:117,1
DA:118,1
DA:119,1
DA:121,1
DA:122,1
DA:123,1
DA:124,1
DA:125,0
DA:127,1
DA:128,1
DA:131,1
DA:132,1
DA:133,1
DA:135,1
DA:136,1
DA:137,3
DA:138,3
DA:141,1
DA:142,1
DA:145,1
DA:146,1
DA:147,1
DA:148,1
DA:151,1
DA:152,1
DA:153,1
DA:154,1
DA:159,1
DA:160,1
DA:161,1
DA:162,1
DA:163,1
DA:164,1
DA:165,0
DA:166,1
DA:167,1
DA:168,1
DA:170,1
DA:171,1
DA:172,1
DA:174,1
DA:177,1
DA:180,0
DA:181,0
DA:187,2
DA:188,2
DA:190,2
DA:191,1
DA:193,1
DA:200,2
DA:201,2
DA:206,1
DA:207,1
DA:209,1
DA:211,1
DA:212,1
DA:215,0
DA:216,0
DA:221,1
DA:226,1
DA:227,2
DA:228,1
DA:230,1
DA:239,3
DA:244,3
DA:246,3
DA:247,3
DA:248,2
DA:259,2
DA:265,2
DA:266,3
DA:267,3
DA:268,2
DA:280,3
DA:281,3
DA:282,3
DA:283,3
DA:284,2
DA:285,2
DA:286,2
DA:287,2
DA:288,2
DA:289,2
DA:290,2
DA:291,3
DA:292,3
DA:294,2
DA:297,1
DA:298,1
DA:300,3
DA:301,3
DA:302,3
DA:303,3
DA:304,3
DA:305,3
DA:306,0
DA:307,4
DA:308,3
DA:309,3
DA:314,0
DA:315,0
DA:316,0
DA:318,0
DA:324,3
DA:325,3
DA:326,3
DA:328,2
DA:335,4
DA:337,4
DA:341,8
DA:343,4
DA:344,4
DA:345,4
DA:346,4
DA:347,4
DA:349,4
DA:350,6
DA:351,6
DA:352,6
DA:353,0
DA:355,6
DA:357,6
DA:359,6
DA:360,6
DA:361,6
DA:362,6
DA:363,6
DA:365,0
DA:367,6
DA:368,6
DA:369,6
DA:370,6
DA:371,6
DA:372,6
DA:373,6
DA:374,6
DA:386,4
DA:387,3
DA:388,3
DA:389,0
DA:392,4
DA:393,12
DA:394,6
DA:395,6
DA:398,6
DA:400,4
DA:401,4
DA:402,4
DA:410,0
DA:412,0
DA:416,0
DA:417,0
DA:418,0
DA:419,0
DA:420,0
DA:421,0
DA:422,0
DA:424,0
DA:427,0
DA:429,0
DA:430,0
DA:431,0
DA:432,0
DA:433,0
DA:435,0
DA:437,0
DA:439,0
DA:440,0
DA:441,0
DA:442,0
DA:443,0
DA:445,0
DA:447,0
DA:448,0
DA:449,0
DA:450,0
DA:451,0
DA:452,0
DA:453,0
DA:456,0
DA:457,0
DA:458,0
DA:459,0
DA:473,0
DA:474,0
DA:475,0
DA:476,0
DA:479,0
DA:480,0
DA:481,0
DA:482,0
DA:483,0
DA:486,0
DA:487,0
DA:488,0
DA:491,0
DA:492,0
DA:493,0
DA:494,0
DA:495,0
DA:496,0
DA:497,0
DA:498,0
DA:499,0
DA:500,0
DA:501,0
DA:503,0
DA:504,0
DA:508,0
DA:509,0
DA:510,0
DA:511,0
DA:512,0
DA:515,0
DA:517,0
DA:518,0
DA:519,0
DA:520,0
DA:521,0
DA:522,0
DA:524,0
DA:525,0
DA:526,0
DA:527,0
DA:528,0
DA:529,0
DA:531,0
DA:533,0
DA:536,0
DA:537,0
DA:538,0
DA:540,0
DA:541,0
DA:543,0
DA:544,0
DA:545,0
DA:546,0
DA:547,0
DA:549,0
DA:550,0
DA:551,0
DA:553,0
DA:555,0
DA:556,0
DA:557,0
DA:561,0
DA:564,0
DA:565,0
DA:566,0
DA:571,0
DA:572,0
DA:573,0
DA:574,0
DA:575,0
DA:576,0
DA:580,0
DA:581,0
DA:582,0
DA:583,0
DA:584,0
DA:585,0
DA:586,0
DA:587,0
DA:588,0
DA:589,0
DA:590,0
DA:591,0
DA:593,0
DA:595,0
DA:596,0
DA:598,0
DA:604,0
DA:605,0
DA:606,0
DA:610,62
LF:340
LH:194
BRDA:19,0,0,0
BRDA:19,0,1,3
BRDA:19,1,0,3
BRDA:19,1,1,3
BRDA:19,1,2,3
BRDA:21,2,0,0
BRDA:21,2,1,3
BRDA:21,3,0,3
BRDA:21,3,1,3
BRDA:23,4,0,3
BRDA:23,4,1,0
BRDA:41,5,0,0
BRDA:41,5,1,6
BRDA:43,6,0,0
BRDA:43,6,1,6
BRDA:48,7,0,0
BRDA:48,7,1,54
BRDA:74,8,0,0
BRDA:74,8,1,2
BRDA:78,9,0,10
BRDA:78,9,1,0
BRDA:81,10,0,2
BRDA:81,10,1,1
BRDA:82,11,0,1
BRDA:82,11,1,1
BRDA:85,12,0,2
BRDA:85,12,1,1
BRDA:85,12,2,1
BRDA:85,13,0,1
BRDA:85,13,1,0
BRDA:91,14,0,9
BRDA:91,14,1,0
BRDA:92,15,0,0
BRDA:92,15,1,9
BRDA:94,16,0,9
BRDA:94,16,1,0
BRDA:94,17,0,66
BRDA:94,17,1,66
BRDA:95,18,0,3
BRDA:95,18,1,6
BRDA:95,19,0,9
BRDA:95,19,1,3
BRDA:95,19,2,3
BRDA:100,20,0,0
BRDA:100,20,1,6
BRDA:102,21,0,0
BRDA:102,21,1,0
BRDA:103,22,0,0
BRDA:103,22,1,6
BRDA:105,23,0,0
BRDA:105,23,1,0
BRDA:108,24,0,3
BRDA:108,24,1,6
BRDA:110,25,0,0
BRDA:110,25,1,1
BRDA:132,26,0,1
BRDA:132,26,1,0
BRDA:133,27,0,0
BRDA:133,27,1,1
BRDA:138,28,0,3
BRDA:138,28,1,0
BRDA:145,29,0,1
BRDA:145,29,1,0
BRDA:145,30,0,1
BRDA:145,30,1,1
BRDA:147,31,0,1
BRDA:147,31,1,0
BRDA:148,32,0,0
BRDA:148,32,1,1
BRDA:148,33,0,1
BRDA:148,33,1,0
BRDA:152,34,0,1
BRDA:152,34,1,0
BRDA:167,35,0,1
BRDA:167,35,1,0
BRDA:168,36,0,1
BRDA:168,36,1,0
BRDA:171,37,0,1
BRDA:171,37,1,0
BRDA:174,38,0,1
BRDA:174,38,1,0
BRDA:188,39,0,2
BRDA:188,39,1,2
BRDA:190,40,0,1
BRDA:190,40,1,1
BRDA:209,41,0,1
BRDA:209,41,1,1
BRDA:211,42,0,1
BRDA:211,42,1,0
BRDA:226,43,0,1
BRDA:226,43,1,1
BRDA:228,44,0,0
BRDA:228,44,1,1
BRDA:232,45,0,0
BRDA:232,45,1,1
BRDA:250,46,0,1
BRDA:250,46,1,1
BRDA:251,47,0,1
BRDA:251,47,1,1
BRDA:270,48,0,1
BRDA:270,48,1,1
BRDA:272,49,0,1
BRDA:272,49,1,1
BRDA:280,50,0,3
BRDA:280,50,1,0
BRDA:280,51,0,3
BRDA:280,51,1,3
BRDA:281,52,0,2
BRDA:281,52,1,1
BRDA:281,53,0,3
BRDA:281,53,1,2
BRDA:283,54,0,2
BRDA:283,54,1,1
BRDA:285,55,0,2
BRDA:285,55,1,0
BRDA:285,55,2,0
BRDA:285,55,3,0
BRDA:286,56,0,0
BRDA:286,56,1,2
BRDA:287,57,0,2
BRDA:287,57,1,1
BRDA:287,57,2,0
BRDA:288,58,0,2
BRDA:288,58,1,0
BRDA:288,59,0,2
BRDA:288,59,1,2
BRDA:292,60,0,3
BRDA:292,60,1,0
BRDA:292,61,0,3
BRDA:292,61,1,0
BRDA:292,61,2,0
BRDA:294,62,0,2
BRDA:294,62,1,0
BRDA:297,63,0,1
BRDA:297,63,1,0
BRDA:341,64,0,4
BRDA:341,64,1,0
BRDA:343,65,0,4
BRDA:343,65,1,0
BRDA:345,66,0,4
BRDA:345,66,1,0
BRDA:349,67,0,4
BRDA:349,67,1,0
BRDA:350,68,0,6
BRDA:350,68,1,0
BRDA:351,69,0,6
BRDA:351,69,1,0
BRDA:352,70,0,0
BRDA:352,70,1,6
BRDA:352,71,0,6
BRDA:352,71,1,6
BRDA:352,71,2,6
BRDA:352,71,3,6
BRDA:357,72,0,0
BRDA:357,72,1,6
BRDA:359,73,0,6
BRDA:359,73,1,0
BRDA:360,74,0,6
BRDA:360,74,1,0
BRDA:360,74,2,0
BRDA:362,75,0,6
BRDA:362,75,1,0
BRDA:367,76,0,0
BRDA:367,76,1,6
BRDA:369,77,0,6
BRDA:369,77,1,0
BRDA:370,78,0,6
BRDA:370,78,1,0
BRDA:371,79,0,6
BRDA:371,79,1,0
BRDA:371,80,0,6
BRDA:371,80,1,6
BRDA:372,81,0,0
BRDA:372,81,1,6
BRDA:372,82,0,6
BRDA:372,82,1,6
BRDA:373,83,0,6
BRDA:373,83,1,0
BRDA:382,84,0,6
BRDA:382,84,1,0
BRDA:387,85,0,0
BRDA:387,85,1,3
BRDA:388,86,0,3
BRDA:388,86,1,0
BRDA:388,87,0,3
BRDA:388,87,1,0
BRDA:388,88,0,3
BRDA:388,88,1,0
BRDA:394,89,0,0
BRDA:394,89,1,6
BRDA:395,90,0,6
BRDA:395,90,1,0
BRDA:395,91,0,6
BRDA:395,91,1,6
BRDA:416,92,0,0
BRDA:416,92,1,0
BRDA:416,93,0,0
BRDA:416,93,1,0
BRDA:417,94,0,0
BRDA:417,94,1,0
BRDA:419,95,0,0
BRDA:419,95,1,0
BRDA:421,96,0,0
BRDA:421,96,1,0
BRDA:424,97,0,0
BRDA:424,97,1,0
BRDA:429,98,0,0
BRDA:429,98,1,0
BRDA:430,99,0,0
BRDA:430,99,1,0
BRDA:431,100,0,0
BRDA:431,100,1,0
BRDA:432,101,0,0
BRDA:432,101,1,0
BRDA:432,102,0,0
BRDA:432,102,1,0
BRDA:432,102,2,0
BRDA:432,102,3,0
BRDA:437,103,0,0
BRDA:437,103,1,0
BRDA:439,104,0,0
BRDA:439,104,1,0
BRDA:440,105,0,0
BRDA:440,105,1,0
BRDA:440,105,2,0
BRDA:442,106,0,0
BRDA:442,106,1,0
BRDA:447,107,0,0
BRDA:447,107,1,0
BRDA:448,108,0,0
BRDA:448,108,1,0
BRDA:449,109,0,0
BRDA:449,109,1,0
BRDA:450,110,0,0
BRDA:450,110,1,0
BRDA:450,111,0,0
BRDA:450,111,1,0
BRDA:451,112,0,0
BRDA:451,112,1,0
BRDA:451,113,0,0
BRDA:451,113,1,0
BRDA:452,114,0,0
BRDA:452,114,1,0
BRDA:453,115,0,0
BRDA:453,115,1,0
BRDA:453,116,0,0
BRDA:453,116,1,0
BRDA:456,117,0,0
BRDA:456,117,1,0
BRDA:457,118,0,0
BRDA:457,118,1,0
BRDA:458,119,0,0
BRDA:458,119,1,0
BRDA:463,120,0,0
BRDA:463,120,1,0
BRDA:469,121,0,0
BRDA:469,121,1,0
BRDA:474,122,0,0
BRDA:474,122,1,0
BRDA:475,123,0,0
BRDA:475,123,1,0
BRDA:475,124,0,0
BRDA:475,124,1,0
BRDA:475,125,0,0
BRDA:475,125,1,0
BRDA:479,126,0,0
BRDA:479,126,1,0
BRDA:479,127,0,0
BRDA:479,127,1,0
BRDA:483,128,0,0
BRDA:483,128,1,0
BRDA:484,129,0,0
BRDA:484,129,1,0
BRDA:485,130,0,0
BRDA:485,130,1,0
BRDA:486,131,0,0
BRDA:486,131,1,0
BRDA:486,132,0,0
BRDA:486,132,1,0
BRDA:487,133,0,0
BRDA:487,133,1,0
BRDA:495,134,0,0
BRDA:495,134,1,0
BRDA:496,135,0,0
BRDA:496,135,1,0
BRDA:511,136,0,0
BRDA:511,136,1,0
BRDA:512,137,0,0
BRDA:512,137,1,0
BRDA:512,138,0,0
BRDA:512,138,1,0
BRDA:520,139,0,0
BRDA:520,139,1,0
BRDA:524,140,0,0
BRDA:524,140,1,0
BRDA:524,140,2,0
BRDA:524,140,3,0
BRDA:526,141,0,0
BRDA:526,141,1,0
BRDA:533,142,0,0
BRDA:533,142,1,0
BRDA:540,143,0,0
BRDA:540,143,1,0
BRDA:541,144,0,0
BRDA:541,144,1,0
BRDA:541,145,0,0
BRDA:541,145,1,0
BRDA:557,146,0,0
BRDA:557,146,1,0
BRDA:564,147,0,0
BRDA:564,147,1,0
BRDA:584,148,0,0
BRDA:584,148,1,0
BRDA:584,149,0,0
BRDA:584,149,1,0
BRDA:587,150,0,0
BRDA:587,150,1,0
BRDA:587,151,0,0
BRDA:587,151,1,0
BRDA:589,152,0,0
BRDA:589,152,1,0
BRDA:589,153,0,0
BRDA:589,153,1,0
BRDA:589,153,2,0
BRDA:595,154,0,0
BRDA:595,154,1,0
BRDA:595,155,0,0
BRDA:595,155,1,0
BRF:328
BRH:123
end_of_record
TN:
SF:services\productService.js
FN:16,isExcelBuffer
FN:23,parseCsvToRowArrays
FN:36,(anonymous_2)
FN:36,(anonymous_3)
FN:40,parsePriceCell
FN:49,sanitizeProductName
FN:60,(anonymous_6)
FN:71,(anonymous_7)
FN:77,(anonymous_8)
FN:101,(anonymous_9)
FN:103,(anonymous_10)
FN:115,(anonymous_11)
FN:117,(anonymous_12)
FN:128,(anonymous_13)
FN:136,(anonymous_14)
FN:145,(anonymous_15)
FN:146,(anonymous_16)
FN:146,(anonymous_17)
FN:153,(anonymous_18)
FN:168,(anonymous_19)
FN:180,(anonymous_20)
FN:189,(anonymous_21)
FN:208,(anonymous_22)
FN:220,(anonymous_23)
FN:223,(anonymous_24)
FN:226,(anonymous_25)
FN:264,(anonymous_26)
FN:266,(anonymous_27)
FN:274,(anonymous_28)
FN:283,(anonymous_29)
FN:296,(anonymous_30)
FN:319,(anonymous_31)
FNF:32
FNH:24
FNDA:2,isExcelBuffer
FNDA:2,parseCsvToRowArrays
FNDA:3,(anonymous_2)
FNDA:15,(anonymous_3)
FNDA:1,parsePriceCell
FNDA:1,sanitizeProductName
FNDA:8,(anonymous_6)
FNDA:2,(anonymous_7)
FNDA:3,(anonymous_8)
FNDA:2,(anonymous_9)
FNDA:3,(anonymous_10)
FNDA:1,(anonymous_11)
FNDA:2,(anonymous_12)
FNDA:0,(anonymous_13)
FNDA:2,(anonymous_14)
FNDA:8,(anonymous_15)
FNDA:6,(anonymous_16)
FNDA:17,(anonymous_17)
FNDA:5,(anonymous_18)
FNDA:0,(anonymous_19)
FNDA:0,(anonymous_20)
FNDA:1,(anonymous_21)
FNDA:1,(anonymous_22)
FNDA:1,(anonymous_23)
FNDA:1,(anonymous_24)
FNDA:2,(anonymous_25)
FNDA:0,(anonymous_26)
FNDA:0,(anonymous_27)
FNDA:0,(anonymous_28)
[...]
BRDA:289,94,1,0
BRDA:290,95,0,0
BRDA:290,95,1,0
BRDA:290,95,2,0
BRDA:291,96,0,0
BRDA:291,96,1,0
BRDA:292,97,0,0
BRDA:292,97,1,0
BRDA:293,98,0,0
BRDA:293,98,1,0
BRDA:298,99,0,0
BRDA:298,99,1,0
BRDA:298,100,0,0
BRDA:298,100,1,0
BRDA:300,101,0,0
BRDA:300,101,1,0
BRDA:300,102,0,0
BRDA:300,102,1,0
BRDA:302,103,0,0
BRDA:302,103,1,0
BRDA:305,104,0,0
BRDA:305,104,1,0
BRDA:306,105,0,0
BRDA:306,105,1,0
BRDA:307,106,0,0
BRDA:307,106,1,0
BRDA:309,107,0,0
BRDA:309,107,1,0
BRF:221
BRH:89
end_of_record
TN:
SF:services\settingsService.js
FN:202,loadRaw
FN:211,deepMerge
FN:227,getSettings
FN:242,getMailConfig
FN:286,getFeatures
FN:295,getProductSchema
FN:304,getRankIds
FN:315,getRankList
FN:320,(anonymous_8)
FN:332,getAnnouncements
FN:337,(anonymous_10)
FN:363,(anonymous_11)
FN:379,updateSettings
FN:422,applyTemplate
FN:434,getOrderCsvExportSpec
FN:443,getPriceListFormatConfig
FN:450,(anonymous_16)
FN:490,getLogisticsCsvImportConfig
FN:510,getLogisticsFixedColumnImportConfig
FN:517,getPublicBranding
FNF:20
FNH:18
FNDA:139,loadRaw
FNDA:4219,deepMerge
FNDA:9054,getSettings
FNDA:16,getMailConfig
FNDA:1711,getFeatures
FNDA:0,getProductSchema
FNDA:2,getRankIds
FNDA:2,getRankList
FNDA:20,(anonymous_8)
FNDA:3419,getAnnouncements
FNDA:34,(anonymous_10)
FNDA:11,(anonymous_11)
FNDA:17,updateSettings
FNDA:29,applyTemplate
FNDA:9,getOrderCsvExportSpec
FNDA:4,getPriceListFormatConfig
FNDA:16,(anonymous_16)
FNDA:3,getLogisticsCsvImportConfig
FNDA:0,getLogisticsFixedColumnImportConfig
FNDA:1709,getPublicBranding
DA:4,76
DA:5,76
DA:6,76
DA:8,76
DA:9,76
DA:12,76
DA:193,76
DA:194,76
DA:195,76
DA:196,76
DA:198,76
DA:199,76
DA:200,76
DA:203,139
DA:204,139
DA:205,139
DA:207,0
DA:212,4219
DA:213,4219
DA:214,45153
DA:215,630
DA:216,44523
DA:217,44523
DA:220,4219
DA:228,9054
DA:229,9054
DA:230,8932
DA:232,122
DA:233,122
DA:234,122
DA:235,122
DA:243,16
DA:244,16
DA:245,16
DA:246,16
DA:250,16
DA:251,16
DA:252,16
DA:253,16
DA:254,1
DA:257,15
DA:259,0
DA:267,15
DA:273,15
DA:287,1711
DA:288,1711
DA:296,0
DA:297,0
DA:305,2
DA:306,2
DA:307,2
DA:316,2
DA:317,2
DA:318,2
DA:319,2
DA:320,2
DA:321,20
DA:322,20
DA:333,3419
DA:334,3419
DA:335,3419
DA:337,3419
DA:339,34
DA:342,34
DA:343,18
DA:344,18
DA:348,22
DA:351,22
DA:352,6
DA:353,6
DA:357,21
DA:358,5
DA:359,5
DA:362,20
DA:365,11
DA:366,11
DA:367,11
DA:380,17
DA:383,17
DA:384,0
DA:387,17
DA:388,2
DA:391,17
DA:392,17
DA:395,17
DA:396,0
DA:398,17
DA:399,0
DA:402,17
DA:403,4
DA:405,17
DA:406,0
DA:408,17
DA:409,0
DA:411,17
DA:412,17
DA:413,17
DA:423,29
DA:424,26
DA:425,26
DA:426,86
DA:428,26
DA:435,9
DA:436,9
DA:437,9
DA:444,4
DA:445,4
DA:446,4
DA:447,4
DA:448,4
DA:449,4
DA:450,4
DA:451,16
DA:454,4
DA:457,4
DA:462,4
DA:465,4
DA:466,4
DA:468,4
DA:472,4
DA:475,4
DA:476,4
DA:491,3
DA:492,3
DA:493,3
DA:494,3
DA:495,3
DA:496,3
DA:497,18
DA:498,0
DA:501,3
DA:502,0
DA:504,3
DA:511,0
DA:512,0
DA:513,0
DA:518,1709
DA:519,1709
DA:520,1709
DA:523,76
LF:140
LH:126
BRDA:214,0,0,630
BRDA:214,0,1,44523
BRDA:214,1,0,45153
BRDA:214,1,1,44035
BRDA:214,1,2,1026
BRDA:215,2,0,630
BRDA:215,2,1,0
BRDA:216,3,0,44523
BRDA:216,3,1,0
BRDA:229,4,0,8932
BRDA:229,4,1,122
BRDA:229,5,0,9054
BRDA:229,5,1,8954
BRDA:244,6,0,16
BRDA:244,6,1,0
BRDA:245,7,0,16
BRDA:245,7,1,0
BRDA:246,8,0,16
BRDA:246,8,1,16
BRDA:246,8,2,16
BRDA:250,9,0,16
BRDA:250,9,1,16
BRDA:251,10,0,0
BRDA:251,10,1,16
BRDA:251,11,0,16
BRDA:251,11,1,0
BRDA:252,12,0,1
BRDA:252,12,1,15
BRDA:252,13,0,15
BRDA:252,13,1,15
BRDA:253,14,0,1
BRDA:253,14,1,15
BRDA:253,15,0,16
BRDA:253,15,1,1
BRDA:257,16,0,0
BRDA:257,16,1,15
BRDA:257,17,0,15
BRDA:257,17,1,0
BRDA:261,18,0,0
BRDA:261,18,1,0
BRDA:268,19,0,15
BRDA:268,19,1,0
BRDA:275,20,0,15
BRDA:275,20,1,15
BRDA:276,21,0,15
BRDA:276,21,1,15
BRDA:277,22,0,15
BRDA:277,22,1,15
BRDA:278,23,0,15
BRDA:278,23,1,0
BRDA:288,24,0,1711
BRDA:288,24,1,0
BRDA:297,25,0,0
BRDA:297,25,1,0
BRDA:306,26,0,2
BRDA:306,26,1,0
BRDA:317,27,0,2
BRDA:317,27,1,0
BRDA:318,28,0,2
BRDA:318,28,1,0
BRDA:321,29,0,20
BRDA:321,29,1,0
BRDA:322,30,0,20
BRDA:322,30,1,20
BRDA:332,31,0,0
BRDA:334,32,0,3419
BRDA:334,32,1,0
BRDA:339,33,0,0
BRDA:339,33,1,34
BRDA:342,34,0,18
BRDA:342,34,1,16
BRDA:343,35,0,18
BRDA:343,35,1,0
BRDA:344,36,0,12
BRDA:344,36,1,6
BRDA:348,37,0,0
BRDA:348,37,1,22
BRDA:348,38,0,22
BRDA:348,38,1,22
BRDA:348,38,2,22
BRDA:351,39,0,6
BRDA:351,39,1,16
BRDA:353,40,0,1
BRDA:353,40,1,5
BRDA:357,41,0,5
BRDA:357,41,1,16
BRDA:359,42,0,1
BRDA:359,42,1,4
BRDA:365,43,0,4
BRDA:365,43,1,7
BRDA:366,44,0,4
BRDA:366,44,1,7
BRDA:383,45,0,0
BRDA:383,45,1,17
BRDA:383,46,0,17
BRDA:383,46,1,0
BRDA:383,46,2,0
BRDA:387,47,0,2
BRDA:387,47,1,15
BRDA:387,48,0,17
BRDA:387,48,1,9
BRDA:387,48,2,7
BRDA:395,49,0,0
BRDA:395,49,1,17
BRDA:395,50,0,17
BRDA:395,50,1,0
BRDA:395,50,2,0
BRDA:398,51,0,0
BRDA:398,51,1,17
BRDA:398,52,0,17
BRDA:398,52,1,9
BRDA:398,52,2,1
BRDA:398,52,3,1
BRDA:402,53,0,4
BRDA:402,53,1,13
BRDA:405,54,0,0
BRDA:405,54,1,17
BRDA:405,55,0,17
BRDA:405,55,1,0
BRDA:408,56,0,0
BRDA:408,56,1,17
BRDA:409,57,0,0
BRDA:409,57,1,0
BRDA:423,58,0,3
BRDA:423,58,1,26
BRDA:423,59,0,29
BRDA:423,59,1,26
BRDA:426,60,0,86
BRDA:426,60,1,2
BRDA:437,61,0,9
BRDA:437,61,1,9
BRDA:445,62,0,4
BRDA:445,62,1,0
BRDA:447,63,0,4
BRDA:447,63,1,0
BRDA:448,64,0,4
BRDA:448,64,1,0
BRDA:448,65,0,4
BRDA:448,65,1,4
BRDA:451,66,0,16
BRDA:451,66,1,0
BRDA:451,67,0,16
BRDA:451,67,1,16
BRDA:454,68,0,4
BRDA:454,68,1,0
BRDA:454,69,0,4
BRDA:454,69,1,4
BRDA:456,70,0,0
BRDA:456,70,1,0
BRDA:458,71,0,4
BRDA:458,71,1,0
BRDA:459,72,0,4
BRDA:459,72,1,0
BRDA:459,73,0,4
BRDA:459,73,1,4
BRDA:462,74,0,4
BRDA:462,74,1,0
BRDA:462,75,0,4
BRDA:462,75,1,4
BRDA:465,76,0,4
BRDA:465,76,1,0
BRDA:466,77,0,4
BRDA:466,77,1,0
BRDA:468,78,0,4
BRDA:468,78,1,0
BRDA:468,79,0,4
BRDA:468,79,1,4
BRDA:472,80,0,4
BRDA:472,80,1,0
BRDA:472,81,0,4
BRDA:472,81,1,4
BRDA:475,82,0,4
BRDA:475,82,1,0
BRDA:475,83,0,4
BRDA:475,83,1,4
BRDA:481,84,0,0
BRDA:481,84,1,4
BRDA:492,85,0,3
BRDA:492,85,1,0
BRDA:494,86,0,3
BRDA:494,86,1,0
BRDA:497,87,0,0
BRDA:497,87,1,18
BRDA:497,88,0,18
BRDA:497,88,1,18
BRDA:498,89,0,0
BRDA:498,89,1,0
BRDA:501,90,0,0
BRDA:501,90,1,3
BRDA:501,91,0,3
BRDA:501,91,1,3
BRDA:512,92,0,0
BRDA:512,92,1,0
BRDA:513,93,0,0
BRDA:513,93,1,0
BRDA:519,94,0,1709
BRDA:519,94,1,0
BRDA:520,95,0,1709
BRDA:520,95,1,0
BRF:199
BRH:135
end_of_record
TN:
SF:services\specialPriceService.js
FN:15,loadEstimates
FN:30,(anonymous_1)
FN:45,(anonymous_2)
FN:55,(anonymous_3)
FN:68,(anonymous_4)
FN:77,(anonymous_5)
FN:99,(anonymous_6)
FN:107,(anonymous_7)
FN:125,(anonymous_8)
FN:131,(anonymous_9)
FN:144,(anonymous_10)
FNF:11
FNH:11
FNDA:9,loadEstimates
FNDA:1,(anonymous_1)
FNDA:4,(anonymous_2)
FNDA:4,(anonymous_3)
FNDA:3,(anonymous_4)
FNDA:3,(anonymous_5)
FNDA:3,(anonymous_6)
FNDA:2,(anonymous_7)
FNDA:2,(anonymous_8)
FNDA:2,(anonymous_9)
FNDA:1,(anonymous_10)
DA:3,62
DA:4,62
DA:5,62
DA:6,62
DA:9,62
DA:16,9
DA:17,9
DA:18,9
DA:21,1
DA:25,62
DA:34,1
DA:35,1
DA:36,1
DA:46,4
DA:48,4
DA:49,4
DA:52,4
DA:55,4
DA:56,4
DA:57,4
DA:64,4
DA:68,3
DA:70,3
DA:71,1
DA:73,1
DA:77,2
DA:79,3
DA:82,3
DA:83,3
DA:84,3
DA:87,2
DA:90,2
DA:100,3
DA:101,3
DA:104,3
DA:107,3
DA:108,2
DA:109,2
DA:111,3
DA:114,3
DA:115,3
DA:117,3
DA:126,2
DA:127,2
DA:130,2
DA:131,2
DA:132,2
DA:135,2
DA:136,2
DA:138,2
DA:145,1
LF:51
LH:51
BRDA:57,0,0,4
BRDA:57,0,1,0
BRDA:57,0,2,0
BRDA:57,0,3,0
BRDA:64,1,0,1
BRDA:64,1,1,3
BRDA:70,2,0,1
BRDA:70,2,1,2
BRDA:79,3,0,0
BRDA:79,3,1,3
BRDA:82,4,0,3
BRDA:82,4,1,0
BRDA:84,5,0,1
BRDA:84,5,1,2
BRDA:108,6,0,2
BRDA:108,6,1,0
BRF:16
BRH:10
end_of_record
TN:
SF:services\stockService.js
FN:11,(anonymous_0)
FN:16,(anonymous_1)
FN:40,(anonymous_2)
FN:48,(anonymous_3)
FN:59,(anonymous_4)
FN:64,(anonymous_5)
FN:69,(anonymous_6)
FN:73,(anonymous_7)
FN:83,(anonymous_8)
FN:98,(anonymous_9)
FN:102,(anonymous_10)
FN:105,(anonymous_11)
FN:108,(anonymous_12)
FN:114,(anonymous_13)
FN:127,(anonymous_14)
FN:142,(anonymous_15)
FN:148,(anonymous_16)
FN:169,(anonymous_17)
FN:197,(anonymous_18)
FN:205,(anonymous_19)
FN:210,(anonymous_20)
FN:230,(anonymous_21)
FN:233,(anonymous_22)
FN:254,(anonymous_23)
FN:258,(anonymous_24)
FN:262,(anonymous_25)
FN:284,(anonymous_26)
FN:287,(anonymous_27)
FN:294,(anonymous_28)
FN:299,(anonymous_29)
FN:310,(anonymous_30)
FN:314,(anonymous_31)
FN:321,(anonymous_32)
FN:331,(anonymous_33)
FN:336,(anonymous_34)
FNF:35
FNH:35
FNDA:64,(anonymous_0)
FNDA:64,(anonymous_1)
FNDA:189,(anonymous_2)
FNDA:82,(anonymous_3)
FNDA:29,(anonymous_4)
FNDA:46,(anonymous_5)
FNDA:16,(anonymous_6)
FNDA:11,(anonymous_7)
FNDA:2,(anonymous_8)
FNDA:22,(anonymous_9)
FNDA:4,(anonymous_10)
FNDA:1,(anonymous_11)
FNDA:6,(anonymous_12)
FNDA:1,(anonymous_13)
FNDA:7,(anonymous_14)
FNDA:1,(anonymous_15)
FNDA:8,(anonymous_16)
FNDA:2,(anonymous_17)
FNDA:5,(anonymous_18)
FNDA:4,(anonymous_19)
FNDA:3,(anonymous_20)
FNDA:2,(anonymous_21)
FNDA:2,(anonymous_22)
FNDA:3,(anonymous_23)
FNDA:3,(anonymous_24)
FNDA:2,(anonymous_25)
FNDA:2,(anonymous_26)
FNDA:1,(anonymous_27)
FNDA:17,(anonymous_28)
FNDA:2,(anonymous_29)
FNDA:5,(anonymous_30)
FNDA:1,(anonymous_31)
FNDA:10,(anonymous_32)
FNDA:2,(anonymous_33)
FNDA:1,(anonymous_34)
DA:1,64
DA:2,64
DA:3,64
DA:4,64
DA:6,64
DA:7,64
DA:8,64
DA:12,64
DA:13,64
DA:17,64
DA:19,64
DA:20,63
DA:22,63
DA:23,63
DA:36,63
DA:37,63
DA:41,189
DA:42,189
DA:44,0
DA:49,82
DA:50,82
DA:51,82
DA:52,82
DA:54,1
DA:55,1
DA:60,29
DA:61,29
DA:65,46
DA:66,46
DA:70,16
DA:74,11
DA:75,11
DA:76,11
DA:77,11
DA:79,11
DA:83,2
DA:99,22
DA:103,4
DA:104,4
DA:105,4
DA:109,6
DA:110,0
DA:112,6
DA:113,6
DA:114,6
DA:115,6
DA:116,5
DA:118,1
DA:123,6
DA:124,6
DA:128,7
DA:129,2
DA:139,5
DA:141,5
DA:142,5
DA:144,5
DA:145,5
DA:146,5
DA:148,5
DA:149,8
DA:150,2
DA:151,2
DA:154,6
DA:155,6
DA:156,1
DA:157,1
DA:160,5
DA:168,5
DA:169,2
DA:172,5
DA:173,5
DA:176,5
DA:177,1
DA:180,4
DA:181,4
DA:194,4
DA:198,5
DA:199,1
DA:202,4
DA:203,4
DA:205,4
DA:206,4
DA:207,4
DA:208,4
DA:210,4
DA:211,4
DA:212,1
DA:213,1
DA:216,3
DA:217,3
DA:218,1
DA:222,4
DA:223,2
DA:224,2
DA:225,2
DA:226,2
DA:227,2
DA:230,2
DA:231,2
DA:232,2
DA:233,2
DA:234,2
DA:235,2
DA:236,2
DA:239,2
DA:240,2
DA:251,2
DA:255,3
DA:256,3
DA:258,3
DA:259,3
DA:260,3
DA:261,3
DA:262,3
DA:263,3
DA:264,2
DA:265,2
DA:266,2
DA:269,3
DA:270,3
DA:281,3
DA:285,2
DA:286,2
DA:287,2
DA:288,2
DA:289,1
DA:290,1
DA:291,1
DA:295,17
DA:296,17
DA:300,2
DA:301,2
DA:305,2
DA:306,2
DA:307,2
DA:311,5
DA:315,1
DA:316,1
DA:317,1
DA:318,1
DA:322,10
DA:323,10
DA:327,10
DA:328,10
DA:332,2
DA:333,2
DA:337,1
DA:344,64
LF:148
LH:146
BRDA:17,0,0,0
BRDA:17,0,1,64
BRDA:66,1,0,46
BRDA:66,1,1,0
BRDA:73,2,0,0
BRDA:74,3,0,9
BRDA:74,3,1,2
BRDA:75,4,0,6
BRDA:75,4,1,5
BRDA:76,5,0,4
BRDA:76,5,1,7
BRDA:77,6,0,5
BRDA:77,6,1,6
BRDA:84,7,0,2
BRDA:84,7,1,0
BRDA:85,8,0,2
BRDA:85,8,1,0
BRDA:86,9,0,2
BRDA:86,9,1,0
BRDA:88,10,0,11
BRDA:88,10,1,6
BRDA:89,11,0,11
BRDA:89,11,1,2
BRDA:91,12,0,11
BRDA:91,12,1,11
BRDA:93,13,0,11
BRDA:93,13,1,11
BRDA:94,14,0,11
BRDA:94,14,1,11
BRDA:103,15,0,0
BRDA:103,15,1,4
BRDA:105,16,0,4
BRDA:105,16,1,3
BRDA:109,17,0,0
BRDA:109,17,1,6
BRDA:109,18,0,6
BRDA:109,18,1,6
BRDA:115,19,0,5
BRDA:115,19,1,1
BRDA:127,20,0,5
BRDA:128,21,0,2
BRDA:128,21,1,5
BRDA:133,22,0,5
BRDA:134,23,0,5
BRDA:135,24,0,4
BRDA:136,25,0,5
BRDA:137,26,0,5
BRDA:138,27,0,4
BRDA:149,28,0,2
BRDA:149,28,1,6
BRDA:149,29,0,8
BRDA:149,29,1,8
BRDA:155,30,0,1
BRDA:155,30,1,5
BRDA:155,31,0,6
BRDA:155,31,1,6
BRDA:155,31,2,1
BRDA:164,32,0,5
BRDA:164,32,1,5
BRDA:168,33,0,1
BRDA:168,33,1,4
BRDA:168,34,0,5
BRDA:168,34,1,2
BRDA:169,35,0,2
BRDA:169,35,1,0
BRDA:176,36,0,1
BRDA:176,36,1,4
BRDA:176,37,0,5
BRDA:176,37,1,1
BRDA:197,38,0,1
BRDA:198,39,0,1
BRDA:198,39,1,4
BRDA:198,40,0,5
BRDA:198,40,1,5
BRDA:206,41,0,4
BRDA:206,41,1,0
BRDA:207,42,0,4
BRDA:207,42,1,0
BRDA:208,43,0,0
BRDA:208,43,1,4
BRDA:208,44,0,4
BRDA:208,44,1,4
BRDA:211,45,0,1
BRDA:211,45,1,3
BRDA:217,46,0,1
BRDA:217,46,1,2
BRDA:222,47,0,2
BRDA:222,47,1,2
BRDA:223,48,0,2
BRDA:223,48,1,0
BRDA:231,49,0,2
BRDA:231,49,1,0
BRDA:232,50,0,2
BRDA:232,50,1,0
BRDA:234,51,0,0
BRDA:234,51,1,2
BRDA:235,52,0,2
BRDA:235,52,1,2
BRDA:244,53,0,2
BRDA:244,53,1,0
BRDA:254,54,0,0
BRDA:255,55,0,0
BRDA:255,55,1,3
BRDA:255,56,0,3
BRDA:255,56,1,3
BRDA:259,57,0,3
BRDA:259,57,1,0
BRDA:260,58,0,3
BRDA:260,58,1,0
BRDA:261,59,0,0
BRDA:261,59,1,3
BRDA:261,60,0,3
BRDA:261,60,1,3
BRDA:263,61,0,1
BRDA:263,61,1,2
BRDA:264,62,0,2
BRDA:264,62,1,0
BRDA:265,63,0,0
BRDA:265,63,1,2
BRDA:274,64,0,3
BRDA:274,64,1,0
BRDA:285,65,0,0
BRDA:285,65,1,2
BRDA:288,66,0,1
BRDA:288,66,1,1
BRDA:296,67,0,17
BRDA:296,67,1,0
BRDA:299,68,0,0
BRDA:315,69,0,0
BRDA:315,69,1,1
BRDA:331,70,0,0
BRDA:336,71,0,0
BRDA:338,72,0,1
BRDA:338,72,1,0
BRF:134
BRH:102
end_of_record
TN:
SF:services\stockAdapters\baseAdapter.js
FN:2,(anonymous_0)
FN:10,(anonymous_1)
FN:29,(anonymous_2)
FN:30,(anonymous_3)
FN:31,(anonymous_4)
FNF:5
FNH:3
FNDA:22,(anonymous_0)
FNDA:4,(anonymous_1)
FNDA:4,(anonymous_2)
FNDA:0,(anonymous_3)
FNDA:0,(anonymous_4)
DA:3,22
DA:4,2
DA:6,20
DA:7,20
DA:11,4
DA:12,4
DA:13,4
DA:14,4
DA:15,1
DA:17,3
DA:18,3
DA:26,3
DA:30,0
DA:31,0
DA:34,63
LF:15
LH:13
BRDA:2,0,0,0
BRDA:3,1,0,2
BRDA:3,1,1,20
BRDA:10,2,0,2
BRDA:14,3,0,1
BRDA:14,3,1,3
BRDA:17,4,0,3
BRDA:17,4,1,2
BRDA:17,4,2,0
BRDA:20,5,0,3
BRDA:20,5,1,0
BRDA:23,6,0,3
BRDA:23,6,1,2
BRDA:24,7,0,3
BRDA:24,7,1,2
BRDA:31,8,0,0
BRDA:31,8,1,0
BRF:17
BRH:12
end_of_record
TN:
SF:services\stockAdapters\csvAdapter.js
FN:9,(anonymous_0)
FN:11,(anonymous_1)
FN:16,toBuffer
FN:21,parseExcelToRecords
FN:25,decodeCsvBuffer
FN:39,parseCsvToRecords
FN:50,(anonymous_6)
FN:65,(anonymous_7)
FN:81,(anonymous_8)
FN:95,(anonymous_9)
FN:136,(anonymous_10)
FNF:11
FNH:11
FNDA:10,(anonymous_0)
FNDA:9,(anonymous_1)
FNDA:11,toBuffer
FNDA:2,parseExcelToRecords
FNDA:8,decodeCsvBuffer
FNDA:8,parseCsvToRecords
FNDA:2,(anonymous_6)
FNDA:12,(anonymous_7)
FNDA:20,(anonymous_8)
FNDA:76,(anonymous_9)
FNDA:1,(anonymous_10)
DA:1,63
DA:2,63
DA:3,63
DA:4,63
DA:5,63
DA:6,63
DA:8,63
DA:9,63
DA:11,63
DA:12,9
DA:13,9
DA:14,9
DA:17,11
DA:18,11
DA:22,2
DA:26,8
DA:27,8
DA:28,8
DA:29,8
DA:32,0
DA:33,0
DA:34,0
DA:36,0
DA:40,8
DA:41,8
DA:51,2
DA:52,2
DA:54,1
DA:55,1
DA:56,1
DA:58,0
DA:62,0
DA:66,12
DA:67,11
DA:68,11
DA:69,10
DA:70,10
DA:73,10
DA:74,2
DA:76,8
DA:79,10
DA:81,10
DA:82,20
DA:83,20
DA:85,19
DA:90,19
DA:95,76
DA:97,19
DA:98,69
DA:99,6
DA:100,6
DA:101,5
DA:102,5
DA:106,19
DA:107,1
DA:108,1
DA:109,1
DA:110,1
DA:114,19
DA:115,19
DA:116,4
DA:117,4
DA:120,19
DA:121,0
DA:124,19
DA:125,4
DA:126,4
DA:129,19
DA:130,19
DA:131,19
DA:132,19
DA:134,19
DA:135,6
DA:136,6
DA:137,6
DA:138,6
DA:139,1
DA:141,5
DA:149,19
DA:150,19
DA:151,19
DA:154,10
DA:158,63
LF:83
LH:76
BRDA:9,0,0,10
BRDA:9,0,1,10
BRDA:12,1,0,0
BRDA:12,1,1,9
BRDA:12,2,0,9
BRDA:12,2,1,9
BRDA:12,2,2,9
BRDA:13,3,0,9
BRDA:13,3,1,0
BRDA:14,4,0,9
BRDA:14,4,1,1
BRDA:17,5,0,0
BRDA:17,5,1,11
BRDA:18,6,0,11
BRDA:18,6,1,0
BRDA:26,7,0,8
BRDA:26,7,1,0
BRDA:27,8,0,8
BRDA:27,8,1,0
BRDA:28,9,0,8
BRDA:28,9,1,0
BRDA:28,10,0,8
BRDA:28,10,1,0
BRDA:33,11,0,0
BRDA:33,11,1,0
BRDA:33,12,0,0
BRDA:33,12,1,0
BRDA:33,12,2,0
BRDA:33,12,3,0
BRDA:50,13,0,0
BRDA:51,14,0,0
BRDA:51,14,1,2
BRDA:52,15,0,1
BRDA:52,15,1,1
BRDA:54,16,0,1
BRDA:54,16,1,1
BRDA:55,17,0,1
BRDA:55,17,1,0
BRDA:58,18,0,0
BRDA:58,18,1,0
BRDA:65,19,0,0
BRDA:66,20,0,1
BRDA:66,20,1,11
BRDA:68,21,0,1
BRDA:68,21,1,10
BRDA:69,22,0,10
BRDA:69,22,1,0
BRDA:70,23,0,10
BRDA:70,23,1,10
BRDA:70,23,2,10
BRDA:73,24,0,2
BRDA:73,24,1,8
BRDA:73,25,0,10
BRDA:73,25,1,9
BRDA:82,26,0,20
BRDA:82,26,1,20
BRDA:82,26,2,2
BRDA:82,26,3,1
BRDA:83,27,0,1
BRDA:83,27,1,19
BRDA:85,28,0,19
BRDA:85,28,1,18
BRDA:95,29,0,69
BRDA:95,29,1,7
BRDA:95,30,0,76
BRDA:95,30,1,7
BRDA:98,31,0,63
BRDA:98,31,1,6
BRDA:98,32,0,69
BRDA:98,32,1,7
BRDA:100,33,0,5
BRDA:100,33,1,1
BRDA:106,34,0,1
BRDA:106,34,1,18
BRDA:106,35,0,19
BRDA:106,35,1,19
BRDA:107,36,0,1
BRDA:107,36,1,1
BRDA:109,37,0,1
BRDA:109,37,1,0
BRDA:114,38,0,19
BRDA:114,38,1,15
BRDA:115,39,0,4
BRDA:115,39,1,15
BRDA:115,40,0,19
BRDA:115,40,1,4
BRDA:120,41,0,0
BRDA:120,41,1,19
BRDA:120,42,0,19
BRDA:120,42,1,19
BRDA:121,43,0,0
BRDA:121,43,1,0
BRDA:124,44,0,4
BRDA:124,44,1,15
BRDA:124,45,0,19
BRDA:124,45,1,19
BRDA:125,46,0,4
BRDA:125,46,1,4
BRDA:129,47,0,19
BRDA:129,47,1,15
BRDA:129,47,2,15
BRDA:130,48,0,19
BRDA:130,48,1,19
BRDA:130,48,2,18
BRDA:131,49,0,19
BRDA:131,49,1,15
BRDA:131,49,2,15
BRDA:134,50,0,6
BRDA:134,50,1,13
BRDA:134,51,0,19
BRDA:134,51,1,15
BRDA:134,51,2,15
BRDA:135,52,0,6
BRDA:135,52,1,2
BRDA:137,53,0,6
BRDA:137,53,1,0
BRDA:138,54,0,1
BRDA:138,54,1,5
BRDA:143,55,0,5
BRDA:143,55,1,4
BRDA:143,56,0,2
BRDA:143,56,1,2
BRDA:149,57,0,19
BRDA:149,57,1,19
BRDA:149,57,2,19
BRDA:149,57,3,19
BRF:126
BRH:100
end_of_record
TN:
SF:services\stockAdapters\index.js
FN:13,createAdapter
FNF:1
FNH:1
FNDA:5,createAdapter
DA:1,63
DA:2,63
DA:3,63
DA:4,63
DA:5,63
DA:7,63
DA:14,5
DA:15,5
DA:16,5
DA:17,2
DA:19,3
DA:22,63
LF:12
LH:12
BRDA:13,0,0,0
BRDA:13,1,0,2
BRDA:14,2,0,5
BRDA:14,2,1,1
BRDA:16,3,0,2
BRDA:16,3,1,3
BRF:6
BRH:5
end_of_record
TN:
SF:services\stockAdapters\manualAdapter.js
FN:4,(anonymous_0)
FN:9,(anonymous_1)
FN:11,(anonymous_2)
FN:12,(anonymous_3)
FNF:4
FNH:4
FNDA:1,(anonymous_0)
FNDA:1,(anonymous_1)
FNDA:1,(anonymous_2)
FNDA:1,(anonymous_3)
DA:1,63
DA:5,1
DA:6,1
DA:10,1
DA:11,1
DA:12,1
DA:27,63
LF:7
LH:7
BRDA:4,0,0,0
BRDA:5,1,0,1
BRDA:5,1,1,0
BRDA:5,1,2,0
BRDA:6,2,0,1
BRDA:6,2,1,0
BRDA:9,3,0,0
BRDA:11,4,0,1
BRDA:11,4,1,1
BRDA:14,5,0,1
BRDA:14,5,1,0
BRDA:15,6,0,1
BRDA:15,6,1,0
BRDA:16,7,0,0
BRDA:16,7,1,1
BRDA:17,8,0,0
BRDA:17,8,1,1
BRDA:18,9,0,1
BRDA:18,9,1,1
BRDA:20,10,0,1
BRDA:20,10,1,1
BRDA:22,11,0,1
BRDA:22,11,1,1
BRF:23
BRH:14
end_of_record
TN:
SF:services\stockAdapters\restAdapter.js
FN:4,(anonymous_0)
FN:31,(anonymous_1)
FN:34,(anonymous_2)
FN:45,(anonymous_3)
FN:48,(anonymous_4)
FNF:5
FNH:0
FNDA:0,(anonymous_0)
FNDA:0,(anonymous_1)
FNDA:0,(anonymous_2)
FNDA:0,(anonymous_3)
FNDA:0,(anonymous_4)
DA:1,63
DA:5,0
DA:6,0
DA:7,0
DA:10,0
DA:11,0
DA:16,0
DA:18,0
DA:24,0
DA:25,0
DA:28,0
DA:32,0
DA:33,0
DA:34,0
DA:45,0
DA:49,0
DA:50,0
DA:52,0
DA:56,63
LF:19
LH:2
BRDA:4,0,0,0
BRDA:5,1,0,0
BRDA:5,1,1,0
BRDA:6,2,0,0
BRDA:6,2,1,0
BRDA:10,3,0,0
BRDA:10,3,1,0
BRDA:10,3,2,0
BRDA:13,4,0,0
BRDA:13,4,1,0
BRDA:14,5,0,0
BRDA:14,5,1,0
BRDA:16,6,0,0
BRDA:16,6,1,0
BRDA:21,7,0,0
BRDA:21,7,1,0
BRDA:24,8,0,0
BRDA:24,8,1,0
BRDA:31,9,0,0
BRDA:32,10,0,0
BRDA:32,10,1,0
BRDA:35,11,0,0
BRDA:35,11,1,0
BRDA:36,12,0,0
BRDA:36,12,1,0
BRDA:36,13,0,0
BRDA:36,13,1,0
BRDA:36,14,0,0
BRDA:36,14,1,0
BRDA:37,15,0,0
BRDA:37,15,1,0
BRDA:38,16,0,0
BRDA:38,16,1,0
BRDA:39,17,0,0
BRDA:39,17,1,0
BRDA:40,18,0,0
BRDA:40,18,1,0
BRDA:43,19,0,0
BRDA:43,19,1,0
BRDA:43,19,2,0
BRDA:49,20,0,0
BRDA:49,20,1,0
BRF:42
BRH:0
end_of_record
TN:
SF:utils\excelReader.js
FN:11,readToRowArrays
FN:19,(anonymous_1)
FN:21,(anonymous_2)
FN:33,readToObjects
FN:40,(anonymous_4)
FN:45,(anonymous_5)
FN:61,excelSerialToDateString
FN:78,cellToDateString
FNF:8
FNH:8
FNDA:9,readToRowArrays
FNDA:10,(anonymous_1)
FNDA:34,(anonymous_2)
FNDA:4,readToObjects
FNDA:5,(anonymous_4)
FNDA:5,(anonymous_5)
FNDA:4,excelSerialToDateString
FNDA:6,cellToDateString
DA:3,64
DA:12,9
DA:13,9
DA:14,7
DA:17,7
DA:18,7
DA:19,7
DA:20,10
DA:21,34
DA:22,10
DA:24,7
DA:34,4
DA:38,3
DA:39,2
DA:40,5
DA:41,2
DA:42,2
DA:43,2
DA:44,2
DA:45,2
DA:46,5
DA:47,5
DA:48,5
DA:49,5
DA:51,2
DA:53,2
DA:62,4
DA:64,2
DA:65,2
DA:66,2
DA:67,2
DA:68,2
DA:69,2
DA:70,2
DA:79,6
DA:80,5
DA:81,4
DA:84,64
LF:38
LH:38
BRDA:11,0,0,3
BRDA:14,1,0,2
BRDA:14,1,1,5
BRDA:15,2,0,2
BRDA:15,2,1,0
BRDA:15,3,0,0
BRDA:15,3,1,0
BRDA:16,4,0,5
BRDA:16,4,1,2
BRDA:17,5,0,0
BRDA:17,5,1,7
BRDA:21,6,0,10
BRDA:21,6,1,0
BRDA:21,7,0,0
BRDA:21,7,1,34
BRDA:33,8,0,2
BRDA:35,9,0,4
BRDA:35,9,1,4
BRDA:38,10,0,1
BRDA:38,10,1,2
BRDA:39,11,0,1
BRDA:39,11,1,1
BRDA:40,12,0,5
BRDA:40,12,1,0
BRDA:47,13,0,0
BRDA:47,13,1,5
BRDA:48,14,0,0
BRDA:48,14,1,5
BRDA:62,15,0,2
BRDA:62,15,1,2
BRDA:62,16,0,4
BRDA:62,16,1,3
BRDA:66,17,0,0
BRDA:66,17,1,2
BRDA:79,18,0,1
BRDA:79,18,1,5
BRDA:80,19,0,1
BRDA:80,19,1,4
BRF:38
BRH:28
end_of_record
TN:
SF:utils\priceCalc.js
FN:8,calculateFinalPrice
FNF:1
FNH:1
FNDA:58,calculateFinalPrice
DA:10,58
DA:11,36
DA:15,22
DA:16,17
DA:20,5
DA:24,63
LF:6
LH:6
BRDA:10,0,0,36
BRDA:10,0,1,22
BRDA:15,1,0,17
BRDA:15,1,1,5
BRDA:15,2,0,22
BRDA:15,2,1,20
BRDA:15,2,2,20
BRDA:20,3,0,5
BRDA:20,3,1,2
BRF:9
BRH:9
end_of_record
