TN:
SF:middlewares\validate.js
FN:7,formatZodErrors
FN:9,(anonymous_1)
FN:12,(anonymous_2)
FN:28,validateBody
FN:29,(anonymous_4)
FN:51,validateQuery
FN:52,(anonymous_6)
FN:74,validateParams
FN:75,(anonymous_8)
FNF:9
FNH:7
FNDA:3,formatZodErrors
FNDA:3,(anonymous_1)
FNDA:1,(anonymous_2)
FNDA:0,validateBody
FNDA:0,(anonymous_4)
FNDA:1,validateQuery
FNDA:4,(anonymous_6)
FNDA:2,validateParams
FNDA:2,(anonymous_8)
DA:3,1
DA:5,1
DA:8,3
DA:9,3
DA:10,3
DA:11,3
DA:12,1
DA:13,1
DA:18,1
DA:20,2
DA:25,3
DA:29,0
DA:30,0
DA:31,0
DA:32,0
DA:33,0
DA:35,0
DA:36,0
DA:42,0
DA:52,1
DA:53,4
DA:54,4
DA:55,2
DA:56,2
DA:58,2
DA:59,2
DA:65,0
DA:75,2
DA:76,2
DA:77,2
DA:78,1
DA:79,1
DA:81,1
DA:82,1
DA:88,0
DA:97,1
LF:36
LH:26
BRDA:7,0,0,0
BRDA:10,1,0,2
BRDA:10,1,1,1
BRDA:10,2,0,3
BRDA:10,2,1,3
BRDA:11,3,0,1
BRDA:11,3,1,2
BRDA:11,4,0,3
BRDA:11,4,1,1
BRDA:11,4,2,1
BRDA:14,5,0,1
BRDA:14,5,1,0
BRDA:31,6,0,0
BRDA:31,6,1,0
BRDA:35,7,0,0
BRDA:35,7,1,0
BRDA:54,8,0,4
BRDA:54,8,1,0
BRDA:58,9,0,2
BRDA:58,9,1,0
BRDA:77,10,0,2
BRDA:77,10,1,0
BRDA:81,11,0,1
BRDA:81,11,1,0
BRF:24
BRH:14
end_of_record
TN:
SF:routes\admin-api.js
FN:35,loadProxyRequests
FN:44,saveProxyRequests
FN:48,regenerateSession
FN:49,(anonymous_3)
FN:50,(anonymous_4)
FN:57,saveSession
FN:58,(anonymous_6)
FN:59,(anonymous_7)
FN:69,requireAdmin
FN:81,(anonymous_9)
FN:110,(anonymous_10)
FN:157,(anonymous_11)
FN:172,(anonymous_12)
FN:180,(anonymous_13)
FN:188,(anonymous_14)
FN:196,(anonymous_15)
FN:207,(anonymous_16)
FN:220,(anonymous_17)
FN:239,(anonymous_18)
FN:254,(anonymous_19)
FN:261,(anonymous_20)
FN:269,(anonymous_21)
FN:315,(anonymous_22)
FN:344,(anonymous_23)
FN:368,(anonymous_24)
FN:441,(anonymous_25)
FN:461,(anonymous_26)
FN:471,(anonymous_27)
FN:507,(anonymous_28)
FN:515,(anonymous_29)
FN:523,(anonymous_30)
FN:531,(anonymous_31)
FN:539,(anonymous_32)
FN:547,(anonymous_33)
FN:562,(anonymous_34)
FN:586,(anonymous_35)
FN:589,(anonymous_36)
FN:590,(anonymous_37)
FN:594,(anonymous_38)
FN:605,(anonymous_39)
FN:622,(anonymous_40)
FN:649,(anonymous_41)
FN:668,(anonymous_42)
FN:690,(anonymous_43)
FN:707,(anonymous_44)
FN:726,(anonymous_45)
FN:736,(anonymous_46)
FN:761,(anonymous_47)
FN:782,(anonymous_48)
FN:796,(anonymous_49)
FN:806,(anonymous_50)
FN:830,(anonymous_51)
FN:847,(anonymous_52)
FN:863,(anonymous_53)
FNF:54
FNH:0
FNDA:0,loadProxyRequests
FNDA:0,saveProxyRequests
FNDA:0,regenerateSession
FNDA:0,(anonymous_3)
FNDA:0,(anonymous_4)
FNDA:0,saveSession
FNDA:0,(anonymous_6)
FNDA:0,(anonymous_7)
FNDA:0,requireAdmin
FNDA:0,(anonymous_9)
FNDA:0,(anonymous_10)
FNDA:0,(anonymous_11)
FNDA:0,(anonymous_12)
FNDA:0,(anonymous_13)
FNDA:0,(anonymous_14)
FNDA:0,(anonymous_15)
FNDA:0,(anonymous_16)
FNDA:0,(anonymous_17)
FNDA:0,(anonymous_18)
FNDA:0,(anonymous_19)
FNDA:0,(anonymous_20)
FNDA:0,(anonymous_21)
FNDA:0,(anonymous_22)
FNDA:0,(anonymous_23)
FNDA:0,(anonymous_24)
FNDA:0,(anonymous_25)
FNDA:0,(anonymous_26)
FNDA:0,(anonymous_27)
FNDA:0,(anonymous_28)
FNDA:0,(anonymous_29)
FNDA:0,(anonymous_30)
FNDA:0,(anonymous_31)
FNDA:0,(anonymous_32)
FNDA:0,(anonymous_33)
FNDA:0,(anonymous_34)
FNDA:0,(anonymous_35)
FNDA:0,(anonymous_36)
FNDA:0,(anonymous_37)
FNDA:0,(anonymous_38)
FNDA:0,(anonymous_39)
FNDA:0,(anonymous_40)
FNDA:0,(anonymous_41)
FNDA:0,(anonymous_42)
FNDA:0,(anonymous_43)
FNDA:0,(anonymous_44)
FNDA:0,(anonymous_45)
FNDA:0,(anonymous_46)
FNDA:0,(anonymous_47)
FNDA:0,(anonymous_48)
FNDA:0,(anonymous_49)
FNDA:0,(anonymous_50)
FNDA:0,(anonymous_51)
FNDA:0,(anonymous_52)
FNDA:0,(anonymous_53)
DA:3,0
DA:4,0
DA:7,0
DA:8,0
DA:9,0
DA:10,0
DA:13,0
DA:14,0
DA:15,0
DA:16,0
DA:17,0
DA:18,0
DA:19,0
DA:20,0
DA:21,0
DA:22,0
DA:23,0
DA:28,0
DA:30,0
DA:31,0
DA:32,0
DA:33,0
DA:36,0
DA:37,0
DA:38,0
DA:40,0
DA:45,0
DA:49,0
DA:50,0
DA:51,0
DA:52,0
DA:58,0
DA:59,0
DA:60,0
DA:61,0
DA:70,0
DA:71,0
DA:73,0
DA:81,0
DA:82,0
DA:83,0
DA:84,0
DA:85,0
DA:94,0
DA:95,0
DA:96,0
DA:97,0
DA:98,0
DA:105,0
DA:110,0
DA:111,0
DA:112,0
DA:113,0
DA:114,0
DA:115,0
DA:116,0
DA:117,0
DA:118,0
DA:121,0
DA:136,0
DA:137,0
DA:152,0
DA:157,0
DA:158,0
DA:159,0
DA:160,0
DA:161,0
DA:163,0
DA:172,0
DA:173,0
DA:174,0
DA:175,0
DA:176,0
DA:180,0
DA:181,0
DA:182,0
DA:183,0
DA:184,0
DA:188,0
DA:189,0
DA:190,0
DA:191,0
DA:192,0
DA:196,0
DA:197,0
DA:198,0
DA:199,0
DA:201,0
DA:202,0
DA:207,0
DA:208,0
DA:209,0
DA:210,0
DA:211,0
DA:212,0
DA:214,0
DA:215,0
DA:220,0
DA:221,0
DA:222,0
DA:223,0
DA:224,0
DA:225,0
DA:226,0
DA:228,0
DA:229,0
DA:239,0
DA:240,0
DA:241,0
DA:242,0
DA:245,0
DA:246,0
DA:248,0
DA:249,0
DA:254,0
DA:255,0
DA:256,0
DA:257,0
DA:258,0
DA:261,0
DA:262,0
DA:263,0
DA:264,0
DA:265,0
DA:269,0
DA:270,0
DA:271,0
DA:272,0
DA:275,0
DA:276,0
DA:277,0
DA:278,0
DA:280,0
DA:281,0
DA:284,0
DA:285,0
DA:286,0
DA:287,0
DA:291,0
DA:292,0
DA:293,0
DA:294,0
DA:295,0
DA:296,0
DA:297,0
DA:299,0
DA:300,0
DA:301,0
DA:303,0
DA:304,0
DA:306,0
DA:309,0
DA:310,0
DA:315,0
DA:316,0
DA:317,0
DA:318,0
DA:320,0
DA:321,0
DA:322,0
DA:323,0
DA:325,0
DA:326,0
DA:331,0
DA:332,0
DA:333,0
DA:338,0
DA:339,0
DA:344,0
DA:345,0
DA:346,0
DA:347,0
DA:349,0
DA:350,0
DA:351,0
DA:352,0
DA:353,0
DA:354,0
DA:355,0
DA:356,0
DA:358,0
DA:359,0
DA:361,0
DA:363,0
DA:368,0
DA:369,0
DA:370,0
DA:371,0
DA:373,0
DA:374,0
DA:375,0
DA:376,0
DA:377,0
DA:382,0
DA:383,0
DA:384,0
DA:385,0
DA:387,0
DA:388,0
DA:389,0
DA:390,0
DA:391,0
DA:393,0
DA:394,0
DA:395,0
DA:402,0
DA:407,0
DA:409,0
DA:410,0
DA:412,0
DA:413,0
DA:414,0
DA:415,0
DA:417,0
DA:418,0
DA:419,0
DA:421,0
DA:422,0
DA:423,0
DA:424,0
DA:425,0
DA:426,0
DA:427,0
DA:428,0
DA:429,0
DA:431,0
DA:432,0
DA:435,0
DA:436,0
DA:441,0
DA:442,0
DA:443,0
DA:446,0
DA:447,0
DA:448,0
DA:449,0
DA:450,0
DA:451,0
DA:452,0
DA:454,0
DA:455,0
DA:456,0
DA:458,0
DA:459,0
DA:460,0
DA:461,0
DA:462,0
DA:463,0
DA:464,0
DA:466,0
DA:471,0
DA:472,0
DA:473,0
DA:474,0
DA:477,0
DA:478,0
DA:479,0
DA:480,0
DA:482,0
DA:483,0
DA:486,0
DA:487,0
DA:488,0
DA:490,0
DA:491,0
DA:493,0
DA:496,0
DA:497,0
DA:507,0
DA:508,0
DA:509,0
DA:510,0
DA:511,0
DA:515,0
DA:516,0
DA:517,0
DA:518,0
DA:519,0
DA:523,0
DA:524,0
DA:525,0
DA:526,0
DA:527,0
DA:531,0
DA:532,0
DA:533,0
DA:534,0
DA:535,0
DA:539,0
DA:540,0
DA:541,0
DA:542,0
DA:543,0
DA:547,0
DA:548,0
DA:549,0
DA:550,0
DA:551,0
DA:552,0
DA:553,0
DA:554,0
DA:556,0
DA:557,0
DA:562,0
DA:563,0
DA:564,0
DA:565,0
DA:567,0
DA:568,0
DA:569,0
DA:570,0
DA:571,0
DA:572,0
DA:574,0
DA:576,0
DA:577,0
DA:586,0
DA:587,0
DA:588,0
DA:589,0
DA:590,0
DA:594,0
DA:595,0
DA:596,0
DA:597,0
DA:599,0
DA:600,0
DA:605,0
DA:606,0
DA:607,0
DA:609,0
DA:610,0
DA:611,0
DA:613,0
DA:622,0
DA:623,0
DA:624,0
DA:626,0
DA:627,0
DA:628,0
DA:629,0
DA:630,0
DA:631,0
DA:633,0
DA:634,0
DA:640,0
DA:649,0
DA:650,0
DA:651,0
DA:652,0
DA:653,0
DA:655,0
DA:656,0
DA:662,0
DA:663,0
DA:668,0
DA:669,0
DA:670,0
DA:671,0
DA:672,0
DA:674,0
DA:675,0
DA:681,0
DA:682,0
DA:690,0
DA:691,0
DA:692,0
DA:696,0
DA:702,0
DA:703,0
DA:707,0
DA:708,0
DA:709,0
DA:710,0
DA:718,0
DA:719,0
DA:721,0
DA:722,0
DA:726,0
DA:727,0
DA:728,0
DA:729,0
DA:731,0
DA:732,0
DA:736,0
DA:737,0
DA:738,0
DA:740,0
DA:741,0
DA:742,0
DA:743,0
DA:748,0
DA:753,0
DA:755,0
DA:756,0
DA:761,0
DA:762,0
DA:763,0
DA:764,0
DA:765,0
DA:766,0
DA:767,0
DA:768,0
DA:769,0
DA:770,0
DA:771,0
DA:772,0
DA:773,0
DA:774,0
DA:776,0
DA:777,0
DA:782,0
DA:783,0
DA:784,0
DA:786,0
DA:787,0
DA:788,0
DA:789,0
DA:791,0
DA:792,0
DA:796,0
DA:797,0
DA:798,0
DA:799,0
DA:801,0
DA:802,0
DA:806,0
DA:807,0
DA:808,0
DA:809,0
DA:811,0
DA:812,0
DA:823,0
DA:825,0
DA:826,0
DA:830,0
DA:831,0
DA:832,0
DA:833,0
DA:835,0
DA:836,0
DA:840,0
DA:842,0
DA:843,0
DA:847,0
DA:848,0
DA:849,0
DA:850,0
DA:852,0
DA:853,0
DA:856,0
DA:858,0
DA:859,0
DA:863,0
DA:864,0
DA:865,0
DA:866,0
DA:867,0
DA:869,0
DA:871,0
DA:872,0
DA:876,0
LF:462
LH:0
BRDA:51,0,0,0
BRDA:51,0,1,0
BRDA:60,1,0,0
BRDA:60,1,1,0
BRDA:70,2,0,0
BRDA:70,2,1,0
BRDA:96,3,0,0
BRDA:96,3,1,0
BRDA:97,4,0,0
BRDA:97,4,1,0
BRDA:97,5,0,0
BRDA:97,5,1,0
BRDA:100,6,0,0
BRDA:100,6,1,0
BRDA:101,7,0,0
BRDA:101,7,1,0
BRDA:113,8,0,0
BRDA:113,8,1,0
BRDA:116,9,0,0
BRDA:116,9,1,0
BRDA:117,10,0,0
BRDA:117,10,1,0
BRDA:118,11,0,0
BRDA:118,11,1,0
BRDA:120,12,0,0
BRDA:120,12,1,0
BRDA:124,13,0,0
BRDA:124,13,1,0
BRDA:124,13,2,0
BRDA:125,14,0,0
BRDA:125,14,1,0
BRDA:134,15,0,0
BRDA:134,15,1,0
BRDA:136,16,0,0
BRDA:136,16,1,0
BRDA:138,17,0,0
BRDA:138,17,1,0
BRDA:139,18,0,0
BRDA:139,18,1,0
BRDA:142,19,0,0
BRDA:142,19,1,0
BRDA:143,20,0,0
BRDA:143,20,1,0
BRDA:145,21,0,0
BRDA:145,21,1,0
BRDA:146,22,0,0
BRDA:146,22,1,0
BRDA:148,23,0,0
BRDA:148,23,1,0
BRDA:148,24,0,0
BRDA:148,24,1,0
BRDA:149,25,0,0
BRDA:149,25,1,0
BRDA:163,26,0,0
BRDA:163,26,1,0
BRDA:241,27,0,0
BRDA:241,27,1,0
BRDA:242,28,0,0
BRDA:242,28,1,0
BRDA:271,29,0,0
BRDA:271,29,1,0
BRDA:277,30,0,0
BRDA:277,30,1,0
BRDA:280,31,0,0
BRDA:280,31,1,0
BRDA:280,32,0,0
BRDA:280,32,1,0
BRDA:286,33,0,0
BRDA:286,33,1,0
BRDA:303,34,0,0
BRDA:303,34,1,0
BRDA:306,35,0,0
BRDA:306,35,1,0
BRDA:310,36,0,0
BRDA:310,36,1,0
BRDA:317,37,0,0
BRDA:317,37,1,0
BRDA:322,38,0,0
BRDA:322,38,1,0
BRDA:328,39,0,0
BRDA:328,39,1,0
BRDA:339,40,0,0
BRDA:339,40,1,0
BRDA:346,41,0,0
BRDA:346,41,1,0
BRDA:352,42,0,0
BRDA:352,42,1,0
BRDA:353,43,0,0
BRDA:353,43,1,0
BRDA:358,44,0,0
BRDA:358,44,1,0
BRDA:370,45,0,0
BRDA:370,45,1,0
BRDA:376,46,0,0
BRDA:376,46,1,0
BRDA:376,47,0,0
BRDA:376,47,1,0
BRDA:382,48,0,0
BRDA:382,48,1,0
BRDA:388,49,0,0
BRDA:388,49,1,0
BRDA:395,50,0,0
BRDA:395,50,1,0
BRDA:398,51,0,0
BRDA:398,51,1,0
BRDA:399,52,0,0
BRDA:399,52,1,0
BRDA:404,53,0,0
BRDA:404,53,1,0
BRDA:412,54,0,0
BRDA:412,54,1,0
BRDA:421,55,0,0
BRDA:421,55,1,0
BRDA:423,56,0,0
BRDA:423,56,1,0
BRDA:424,57,0,0
BRDA:424,57,1,0
BRDA:436,58,0,0
BRDA:436,58,1,0
BRDA:442,59,0,0
BRDA:442,59,1,0
BRDA:446,60,0,0
BRDA:446,60,1,0
BRDA:448,61,0,0
BRDA:448,61,1,0
BRDA:449,62,0,0
BRDA:449,62,1,0
BRDA:462,63,0,0
BRDA:462,63,1,0
BRDA:473,64,0,0
BRDA:473,64,1,0
BRDA:473,65,0,0
BRDA:473,65,1,0
BRDA:479,66,0,0
BRDA:479,66,1,0
BRDA:482,67,0,0
BRDA:482,67,1,0
BRDA:482,68,0,0
BRDA:482,68,1,0
BRDA:490,69,0,0
BRDA:490,69,1,0
BRDA:493,70,0,0
BRDA:493,70,1,0
BRDA:497,71,0,0
BRDA:497,71,1,0
BRDA:549,72,0,0
BRDA:549,72,1,0
BRDA:549,73,0,0
BRDA:549,73,1,0
BRDA:563,74,0,0
BRDA:563,74,1,0
BRDA:563,74,2,0
BRDA:564,75,0,0
BRDA:564,75,1,0
BRDA:568,76,0,0
BRDA:568,76,1,0
BRDA:568,77,0,0
BRDA:568,77,1,0
BRDA:569,78,0,0
BRDA:569,78,1,0
BRDA:569,79,0,0
BRDA:569,79,1,0
BRDA:571,80,0,0
BRDA:571,80,1,0
BRDA:577,81,0,0
BRDA:577,81,1,0
BRDA:587,82,0,0
BRDA:587,82,1,0
BRDA:587,83,0,0
BRDA:587,83,1,0
BRDA:606,84,0,0
BRDA:606,84,1,0
BRDA:606,85,0,0
BRDA:606,85,1,0
BRDA:623,86,0,0
BRDA:623,86,1,0
BRDA:623,87,0,0
BRDA:623,87,1,0
BRDA:628,88,0,0
BRDA:628,88,1,0
BRDA:630,89,0,0
BRDA:630,89,1,0
BRDA:652,90,0,0
BRDA:652,90,1,0
BRDA:652,91,0,0
BRDA:652,91,1,0
BRDA:671,92,0,0
BRDA:671,92,1,0
BRDA:671,93,0,0
BRDA:671,93,1,0
BRDA:699,94,0,0
BRDA:699,94,1,0
BRDA:714,95,0,0
BRDA:714,95,1,0
BRDA:716,96,0,0
BRDA:716,96,1,0
BRDA:716,97,0,0
BRDA:716,97,1,0
BRDA:737,98,0,0
BRDA:737,98,1,0
BRDA:737,99,0,0
BRDA:737,99,1,0
BRDA:742,100,0,0
BRDA:742,100,1,0
BRDA:742,101,0,0
BRDA:742,101,1,0
BRDA:750,102,0,0
BRDA:750,102,1,0
BRDA:751,103,0,0
BRDA:751,103,1,0
BRDA:751,103,2,0
BRDA:783,104,0,0
BRDA:783,104,1,0
BRDA:783,105,0,0
BRDA:783,105,1,0
BRDA:787,106,0,0
BRDA:787,106,1,0
BRDA:787,107,0,0
BRDA:787,107,1,0
BRDA:792,108,0,0
BRDA:792,108,1,0
BRDA:807,109,0,0
BRDA:807,109,1,0
BRDA:808,110,0,0
BRDA:808,110,1,0
BRDA:814,111,0,0
BRDA:814,111,1,0
BRDA:815,112,0,0
BRDA:815,112,1,0
BRDA:816,113,0,0
BRDA:816,113,1,0
BRDA:817,114,0,0
BRDA:817,114,1,0
BRDA:818,115,0,0
BRDA:818,115,1,0
BRDA:821,116,0,0
BRDA:821,116,1,0
BRDA:832,117,0,0
BRDA:832,117,1,0
BRDA:832,118,0,0
BRDA:832,118,1,0
BRDA:837,119,0,0
BRDA:837,119,1,0
BRDA:837,119,2,0
BRDA:849,120,0,0
BRDA:849,120,1,0
BRDA:849,121,0,0
BRDA:849,121,1,0
BRDA:854,122,0,0
BRDA:854,122,1,0
BRDA:854,122,2,0
BRDA:866,123,0,0
BRDA:866,123,1,0
BRF:253
BRH:0
end_of_record
TN:
SF:routes\auth-api.js
FN:45,sanitizeAdminName
FN:52,appendAdminAuthLog
FN:77,appendCustomerAuthLog
FN:104,loadLoginRateLimit
FN:113,saveLoginRateLimit
FN:118,isLoginLocked
FN:133,recordLoginFailure
FN:139,(anonymous_7)
FN:156,clearLoginFailures
FN:166,getLoginFailureCount
FN:173,(anonymous_10)
FN:182,verifyRecaptcha
FN:184,(anonymous_12)
FN:196,(anonymous_13)
FN:198,(anonymous_14)
FN:199,(anonymous_15)
FN:209,(anonymous_16)
FN:210,(anonymous_17)
FN:216,regenerateSession
FN:217,(anonymous_19)
FN:218,(anonymous_20)
FN:225,saveSession
FN:226,(anonymous_22)
FN:227,(anonymous_23)
FN:237,(anonymous_24)
FN:261,(anonymous_25)
FN:265,(anonymous_26)
FN:298,(anonymous_27)
FN:313,(anonymous_28)
FN:320,(anonymous_29)
FN:333,(anonymous_30)
FN:364,(anonymous_31)
FN:367,(anonymous_32)
FN:412,(anonymous_33)
FN:440,(anonymous_34)
FN:442,(anonymous_35)
FN:454,(anonymous_36)
FN:459,(anonymous_37)
FN:472,loadProxyRequestsAuth
FN:480,saveProxyRequestsAuth
FN:484,(anonymous_40)
FN:504,(anonymous_41)
FN:527,(anonymous_42)
FN:545,(anonymous_43)
FN:550,(anonymous_44)
FN:558,(anonymous_45)
FN:564,(anonymous_46)
FN:570,(anonymous_47)
FN:574,(anonymous_48)
FN:583,(anonymous_49)
FN:591,(anonymous_50)
FN:598,(anonymous_51)
FN:605,(anonymous_52)
FN:613,(anonymous_53)
FN:620,(anonymous_54)
FN:626,(anonymous_55)
FN:633,(anonymous_56)
FN:642,(anonymous_57)
FN:684,(anonymous_58)
FN:709,(anonymous_59)
FN:746,(anonymous_60)
FN:771,(anonymous_61)
FN:781,(anonymous_62)
FN:790,(anonymous_63)
FN:791,(anonymous_64)
FN:837,(anonymous_65)
FNF:66
FNH:0
FNDA:0,sanitizeAdminName
FNDA:0,appendAdminAuthLog
FNDA:0,appendCustomerAuthLog
FNDA:0,loadLoginRateLimit
FNDA:0,saveLoginRateLimit
FNDA:0,isLoginLocked
FNDA:0,recordLoginFailure
FNDA:0,(anonymous_7)
FNDA:0,clearLoginFailures
FNDA:0,getLoginFailureCount
FNDA:0,(anonymous_10)
FNDA:0,verifyRecaptcha
FNDA:0,(anonymous_12)
FNDA:0,(anonymous_13)
FNDA:0,(anonymous_14)
FNDA:0,(anonymous_15)
FNDA:0,(anonymous_16)
FNDA:0,(anonymous_17)
FNDA:0,regenerateSession
FNDA:0,(anonymous_19)
FNDA:0,(anonymous_20)
FNDA:0,saveSession
FNDA:0,(anonymous_22)
FNDA:0,(anonymous_23)
FNDA:0,(anonymous_24)
FNDA:0,(anonymous_25)
FNDA:0,(anonymous_26)
FNDA:0,(anonymous_27)
FNDA:0,(anonymous_28)
FNDA:0,(anonymous_29)
FNDA:0,(anonymous_30)
FNDA:0,(anonymous_31)
FNDA:0,(anonymous_32)
FNDA:0,(anonymous_33)
FNDA:0,(anonymous_34)
FNDA:0,(anonymous_35)
FNDA:0,(anonymous_36)
FNDA:0,(anonymous_37)
FNDA:0,loadProxyRequestsAuth
FNDA:0,saveProxyRequestsAuth
FNDA:0,(anonymous_40)
FNDA:0,(anonymous_41)
FNDA:0,(anonymous_42)
FNDA:0,(anonymous_43)
FNDA:0,(anonymous_44)
FNDA:0,(anonymous_45)
FNDA:0,(anonymous_46)
FNDA:0,(anonymous_47)
FNDA:0,(anonymous_48)
FNDA:0,(anonymous_49)
FNDA:0,(anonymous_50)
FNDA:0,(anonymous_51)
FNDA:0,(anonymous_52)
FNDA:0,(anonymous_53)
FNDA:0,(anonymous_54)
FNDA:0,(anonymous_55)
FNDA:0,(anonymous_56)
FNDA:0,(anonymous_57)
FNDA:0,(anonymous_58)
FNDA:0,(anonymous_59)
FNDA:0,(anonymous_60)
FNDA:0,(anonymous_61)
FNDA:0,(anonymous_62)
FNDA:0,(anonymous_63)
FNDA:0,(anonymous_64)
FNDA:0,(anonymous_65)
DA:3,0
DA:4,0
DA:5,0
DA:6,0
DA:7,0
DA:8,0
DA:10,0
DA:13,0
DA:14,0
DA:15,0
DA:16,0
DA:17,0
DA:18,0
DA:21,0
DA:22,0
DA:23,0
DA:24,0
DA:25,0
DA:26,0
DA:27,0
DA:28,0
DA:29,0
DA:30,0
DA:31,0
DA:32,0
DA:33,0
DA:34,0
DA:36,0
DA:37,0
DA:38,0
DA:39,0
DA:40,0
DA:41,0
DA:42,0
DA:46,0
DA:47,0
DA:48,0
DA:53,0
DA:58,0
DA:59,0
DA:60,0
DA:61,0
DA:62,0
DA:64,0
DA:66,0
DA:67,0
DA:68,0
DA:69,0
DA:70,0
DA:72,0
DA:78,0
DA:83,0
DA:84,0
DA:85,0
DA:86,0
DA:87,0
DA:89,0
DA:91,0
DA:92,0
DA:93,0
DA:94,0
DA:95,0
DA:97,0
DA:105,0
DA:106,0
DA:107,0
DA:109,0
DA:114,0
DA:119,0
DA:120,0
DA:121,0
DA:122,0
DA:123,0
DA:124,0
DA:125,0
DA:126,0
DA:134,0
DA:135,0
DA:136,0
DA:137,0
DA:138,0
DA:139,0
DA:140,0
DA:141,0
DA:142,0
DA:143,0
DA:144,0
DA:145,0
DA:147,0
DA:148,0
DA:157,0
DA:158,0
DA:159,0
DA:160,0
DA:161,0
DA:167,0
DA:168,0
DA:169,0
DA:170,0
DA:171,0
DA:172,0
DA:173,0
DA:183,0
DA:184,0
DA:185,0
DA:186,0
DA:197,0
DA:198,0
DA:199,0
DA:200,0
DA:201,0
DA:202,0
DA:204,0
DA:209,0
DA:210,0
DA:211,0
DA:212,0
DA:217,0
DA:218,0
DA:219,0
DA:220,0
DA:226,0
DA:227,0
DA:228,0
DA:229,0
DA:237,0
DA:238,0
DA:239,0
DA:241,0
DA:242,0
DA:243,0
DA:246,0
DA:247,0
DA:248,0
DA:249,0
DA:250,0
DA:251,0
DA:253,0
DA:254,0
DA:255,0
DA:259,0
DA:260,0
DA:261,0
DA:263,0
DA:264,0
DA:265,0
DA:266,0
DA:269,0
DA:271,0
DA:272,0
DA:273,0
DA:278,0
DA:281,0
DA:282,0
DA:283,0
DA:284,0
DA:285,0
DA:286,0
DA:287,0
DA:288,0
DA:289,0
DA:292,0
DA:293,0
DA:300,0
DA:302,0
DA:303,0
DA:305,0
DA:307,0
DA:308,0
DA:311,0
DA:312,0
DA:313,0
DA:315,0
DA:321,0
DA:322,0
DA:325,0
DA:326,0
DA:333,0
DA:334,0
DA:335,0
DA:337,0
DA:338,0
DA:339,0
DA:342,0
DA:343,0
DA:344,0
DA:345,0
DA:346,0
DA:347,0
DA:349,0
DA:350,0
DA:351,0
DA:355,0
DA:356,0
DA:357,0
DA:358,0
DA:360,0
DA:361,0
DA:364,0
DA:365,0
DA:366,0
DA:367,0
DA:368,0
DA:371,0
DA:372,0
DA:374,0
DA:375,0
DA:377,0
DA:378,0
DA:379,0
DA:383,0
DA:384,0
DA:385,0
DA:391,0
DA:394,0
DA:395,0
DA:396,0
DA:397,0
DA:398,0
DA:399,0
DA:400,0
DA:401,0
DA:402,0
DA:405,0
DA:407,0
DA:414,0
DA:416,0
DA:417,0
DA:418,0
DA:419,0
DA:420,0
DA:423,0
DA:424,0
DA:426,0
DA:428,0
DA:429,0
DA:433,0
DA:434,0
DA:435,0
DA:442,0
DA:443,0
DA:444,0
DA:448,0
DA:449,0
DA:454,0
DA:455,0
DA:459,0
DA:460,0
DA:461,0
DA:473,0
DA:474,0
DA:475,0
DA:477,0
DA:481,0
DA:484,0
DA:485,0
DA:486,0
DA:488,0
DA:489,0
DA:490,0
DA:491,0
DA:492,0
DA:493,0
DA:494,0
DA:495,0
DA:497,0
DA:498,0
DA:500,0
DA:504,0
DA:505,0
DA:506,0
DA:508,0
DA:509,0
DA:510,0
DA:511,0
DA:512,0
DA:513,0
DA:514,0
DA:515,0
DA:517,0
DA:518,0
DA:519,0
DA:520,0
DA:522,0
DA:523,0
DA:527,0
DA:528,0
DA:529,0
DA:531,0
DA:532,0
DA:533,0
DA:534,0
DA:535,0
DA:537,0
DA:538,0
DA:545,0
DA:546,0
DA:547,0
DA:549,0
DA:551,0
DA:553,0
DA:554,0
DA:555,0
DA:556,0
DA:559,0
DA:560,0
DA:564,0
DA:565,0
DA:566,0
DA:568,0
DA:569,0
DA:571,0
DA:572,0
DA:575,0
DA:576,0
DA:583,0
DA:585,0
DA:586,0
DA:592,0
DA:593,0
DA:594,0
DA:597,0
DA:598,0
DA:599,0
DA:600,0
DA:605,0
DA:606,0
DA:613,0
DA:615,0
DA:616,0
DA:621,0
DA:622,0
DA:625,0
DA:626,0
DA:627,0
DA:628,0
DA:633,0
DA:634,0
DA:642,0
DA:643,0
DA:644,0
DA:646,0
DA:647,0
DA:649,0
DA:650,0
DA:652,0
DA:653,0
DA:656,0
DA:658,0
DA:659,0
DA:660,0
DA:661,0
DA:662,0
DA:664,0
DA:665,0
DA:666,0
DA:667,0
DA:668,0
DA:669,0
DA:674,0
DA:675,0
DA:676,0
DA:678,0
DA:679,0
DA:680,0
DA:682,0
DA:683,0
DA:684,0
DA:686,0
DA:690,0
DA:691,0
DA:692,0
DA:693,0
DA:694,0
DA:696,0
DA:697,0
DA:698,0
DA:699,0
DA:707,0
DA:708,0
DA:709,0
DA:711,0
DA:712,0
DA:715,0
DA:717,0
DA:718,0
DA:722,0
DA:724,0
DA:725,0
DA:726,0
DA:727,0
DA:729,0
DA:730,0
DA:732,0
DA:736,0
DA:737,0
DA:746,0
DA:747,0
DA:748,0
DA:750,0
DA:751,0
DA:754,0
DA:755,0
DA:756,0
DA:759,0
DA:761,0
DA:762,0
DA:763,0
DA:764,0
DA:765,0
DA:766,0
DA:768,0
DA:769,0
DA:770,0
DA:771,0
DA:773,0
DA:774,0
DA:777,0
DA:779,0
DA:780,0
DA:781,0
DA:782,0
DA:784,0
DA:786,0
DA:787,0
DA:788,0
DA:789,0
DA:790,0
DA:791,0
DA:793,0
DA:794,0
DA:797,0
DA:798,0
DA:799,0
DA:801,0
DA:802,0
DA:803,0
DA:804,0
DA:805,0
DA:806,0
DA:807,0
DA:809,0
DA:810,0
DA:812,0
DA:817,0
DA:819,0
DA:820,0
DA:821,0
DA:822,0
DA:824,0
DA:827,0
DA:829,0
DA:830,0
DA:837,0
DA:839,0
DA:840,0
DA:843,0
DA:844,0
DA:845,0
DA:848,0
DA:850,0
DA:852,0
DA:853,0
DA:854,0
DA:858,0
DA:859,0
DA:860,0
DA:861,0
DA:862,0
DA:863,0
DA:864,0
DA:866,0
DA:867,0
DA:870,0
DA:871,0
DA:875,0
LF:476
LH:0
BRDA:46,0,0,0
BRDA:46,0,1,0
BRDA:46,1,0,0
BRDA:46,1,1,0
BRDA:56,2,0,0
BRDA:56,2,1,0
BRDA:64,3,0,0
BRDA:64,3,1,0
BRDA:66,4,0,0
BRDA:66,4,1,0
BRDA:81,5,0,0
BRDA:81,5,1,0
BRDA:89,6,0,0
BRDA:89,6,1,0
BRDA:91,7,0,0
BRDA:91,7,1,0
BRDA:119,8,0,0
BRDA:119,8,1,0
BRDA:122,9,0,0
BRDA:122,9,1,0
BRDA:122,10,0,0
BRDA:122,10,1,0
BRDA:123,11,0,0
BRDA:123,11,1,0
BRDA:137,12,0,0
BRDA:137,12,1,0
BRDA:139,13,0,0
BRDA:139,13,1,0
BRDA:143,14,0,0
BRDA:143,14,1,0
BRDA:145,15,0,0
BRDA:145,15,1,0
BRDA:151,16,0,0
BRDA:151,16,1,0
BRDA:157,17,0,0
BRDA:157,17,1,0
BRDA:159,18,0,0
BRDA:159,18,1,0
BRDA:167,19,0,0
BRDA:167,19,1,0
BRDA:170,20,0,0
BRDA:170,20,1,0
BRDA:170,21,0,0
BRDA:170,21,1,0
BRDA:183,22,0,0
BRDA:183,22,1,0
BRDA:183,23,0,0
BRDA:183,23,1,0
BRDA:219,24,0,0
BRDA:219,24,1,0
BRDA:228,25,0,0
BRDA:228,25,1,0
BRDA:239,26,0,0
BRDA:239,26,1,0
BRDA:242,27,0,0
BRDA:242,27,1,0
BRDA:248,28,0,0
BRDA:248,28,1,0
BRDA:248,29,0,0
BRDA:248,29,1,0
BRDA:249,30,0,0
BRDA:249,30,1,0
BRDA:249,31,0,0
BRDA:249,31,1,0
BRDA:250,32,0,0
BRDA:250,32,1,0
BRDA:250,33,0,0
BRDA:250,33,1,0
BRDA:250,33,2,0
BRDA:254,34,0,0
BRDA:254,34,1,0
BRDA:263,35,0,0
BRDA:263,35,1,0
BRDA:271,36,0,0
BRDA:271,36,1,0
BRDA:275,37,0,0
BRDA:275,37,1,0
BRDA:285,38,0,0
BRDA:285,38,1,0
BRDA:296,39,0,0
BRDA:296,39,1,0
BRDA:312,40,0,0
BRDA:312,40,1,0
BRDA:312,41,0,0
BRDA:312,41,1,0
BRDA:312,42,0,0
BRDA:312,42,1,0
BRDA:318,43,0,0
BRDA:318,43,1,0
BRDA:335,44,0,0
BRDA:335,44,1,0
BRDA:338,45,0,0
BRDA:338,45,1,0
BRDA:344,46,0,0
BRDA:344,46,1,0
BRDA:344,47,0,0
BRDA:344,47,1,0
BRDA:345,48,0,0
BRDA:345,48,1,0
BRDA:345,49,0,0
BRDA:345,49,1,0
BRDA:346,50,0,0
BRDA:346,50,1,0
BRDA:346,51,0,0
BRDA:346,51,1,0
BRDA:346,51,2,0
BRDA:350,52,0,0
BRDA:350,52,1,0
BRDA:365,53,0,0
BRDA:365,53,1,0
BRDA:374,54,0,0
BRDA:374,54,1,0
BRDA:377,55,0,0
BRDA:377,55,1,0
BRDA:383,56,0,0
BRDA:383,56,1,0
BRDA:386,57,0,0
BRDA:386,57,1,0
BRDA:387,58,0,0
BRDA:387,58,1,0
BRDA:388,59,0,0
BRDA:388,59,1,0
BRDA:398,60,0,0
BRDA:398,60,1,0
BRDA:410,61,0,0
BRDA:410,61,1,0
BRDA:416,62,0,0
BRDA:416,62,1,0
BRDA:434,63,0,0
BRDA:434,63,1,0
BRDA:438,64,0,0
BRDA:438,64,1,0
BRDA:463,65,0,0
BRDA:463,65,1,0
BRDA:464,66,0,0
BRDA:464,66,1,0
BRDA:465,67,0,0
BRDA:465,67,1,0
BRDA:485,68,0,0
BRDA:485,68,1,0
BRDA:491,69,0,0
BRDA:491,69,1,0
BRDA:492,70,0,0
BRDA:492,70,1,0
BRDA:497,71,0,0
BRDA:497,71,1,0
BRDA:498,72,0,0
BRDA:498,72,1,0
BRDA:505,73,0,0
BRDA:505,73,1,0
BRDA:511,74,0,0
BRDA:511,74,1,0
BRDA:512,75,0,0
BRDA:512,75,1,0
BRDA:528,76,0,0
BRDA:528,76,1,0
BRDA:546,77,0,0
BRDA:546,77,1,0
BRDA:551,78,0,0
BRDA:551,78,1,0
BRDA:565,79,0,0
BRDA:565,79,1,0
BRDA:568,80,0,0
BRDA:568,80,1,0
BRDA:571,81,0,0
BRDA:571,81,1,0
BRDA:585,82,0,0
BRDA:585,82,1,0
BRDA:589,83,0,0
BRDA:589,83,1,0
BRDA:597,84,0,0
BRDA:597,84,1,0
BRDA:615,85,0,0
BRDA:615,85,1,0
BRDA:618,86,0,0
BRDA:618,86,1,0
BRDA:625,87,0,0
BRDA:625,87,1,0
BRDA:644,88,0,0
BRDA:644,88,1,0
BRDA:646,89,0,0
BRDA:646,89,1,0
BRDA:646,90,0,0
BRDA:646,90,1,0
BRDA:649,91,0,0
BRDA:649,91,1,0
BRDA:649,92,0,0
BRDA:649,92,1,0
BRDA:652,93,0,0
BRDA:652,93,1,0
BRDA:664,94,0,0
BRDA:664,94,1,0
BRDA:664,95,0,0
BRDA:664,95,1,0
BRDA:666,96,0,0
BRDA:666,96,1,0
BRDA:675,97,0,0
BRDA:675,97,1,0
BRDA:683,98,0,0
BRDA:683,98,1,0
BRDA:683,99,0,0
BRDA:683,99,1,0
BRDA:696,100,0,0
BRDA:696,100,1,0
BRDA:698,101,0,0
BRDA:698,101,1,0
BRDA:711,102,0,0
BRDA:711,102,1,0
BRDA:717,103,0,0
BRDA:717,103,1,0
BRDA:724,104,0,0
BRDA:724,104,1,0
BRDA:725,105,0,0
BRDA:725,105,1,0
BRDA:750,106,0,0
BRDA:750,106,1,0
BRDA:750,107,0,0
BRDA:750,107,1,0
BRDA:755,108,0,0
BRDA:755,108,1,0
BRDA:761,109,0,0
BRDA:761,109,1,0
BRDA:761,109,2,0
BRDA:770,110,0,0
BRDA:770,110,1,0
BRDA:773,111,0,0
BRDA:773,111,1,0
BRDA:782,112,0,0
BRDA:782,112,1,0
BRDA:789,113,0,0
BRDA:789,113,1,0
BRDA:790,114,0,0
BRDA:790,114,1,0
BRDA:793,115,0,0
BRDA:793,115,1,0
BRDA:793,116,0,0
BRDA:793,116,1,0
BRDA:793,117,0,0
BRDA:793,117,1,0
BRDA:809,118,0,0
BRDA:809,118,1,0
BRDA:809,119,0,0
BRDA:809,119,1,0
BRDA:814,120,0,0
BRDA:814,120,1,0
BRDA:819,121,0,0
BRDA:819,121,1,0
BRDA:839,122,0,0
BRDA:839,122,1,0
BRDA:844,123,0,0
BRDA:844,123,1,0
BRDA:853,124,0,0
BRDA:853,124,1,0
BRF:253
BRH:0
end_of_record
TN:
SF:routes\kaitori-api.js
FN:18,(anonymous_0)
FN:56,(anonymous_1)
FN:70,(anonymous_2)
FN:80,(anonymous_3)
FN:111,(anonymous_4)
FN:129,(anonymous_5)
FN:136,(anonymous_6)
FN:154,(anonymous_7)
FN:184,(anonymous_8)
FN:192,(anonymous_9)
FN:207,(anonymous_10)
FN:217,(anonymous_11)
FN:229,(anonymous_12)
FN:239,(anonymous_13)
FNF:14
FNH:0
FNDA:0,(anonymous_0)
FNDA:0,(anonymous_1)
FNDA:0,(anonymous_2)
FNDA:0,(anonymous_3)
FNDA:0,(anonymous_4)
FNDA:0,(anonymous_5)
FNDA:0,(anonymous_6)
FNDA:0,(anonymous_7)
FNDA:0,(anonymous_8)
FNDA:0,(anonymous_9)
FNDA:0,(anonymous_10)
FNDA:0,(anonymous_11)
FNDA:0,(anonymous_12)
FNDA:0,(anonymous_13)
DA:3,0
DA:4,0
DA:5,0
DA:6,0
DA:7,0
DA:10,0
DA:11,0
DA:18,0
DA:19,0
DA:21,0
DA:22,0
DA:23,0
DA:25,0
DA:26,0
DA:27,0
DA:28,0
DA:29,0
DA:30,0
DA:32,0
DA:45,0
DA:46,0
DA:48,0
DA:50,0
DA:51,0
DA:56,0
DA:58,0
DA:60,0
DA:61,0
DA:62,0
DA:63,0
DA:65,0
DA:70,0
DA:72,0
DA:74,0
DA:76,0
DA:77,0
DA:78,0
DA:80,0
DA:81,0
DA:82,0
DA:85,0
DA:86,0
DA:87,0
DA:88,0
DA:90,0
DA:91,0
DA:94,0
DA:96,0
DA:97,0
DA:100,0
DA:101,0
DA:111,0
DA:113,0
DA:114,0
DA:116,0
DA:117,0
DA:120,0
DA:121,0
DA:122,0
DA:124,0
DA:129,0
DA:130,0
DA:132,0
DA:133,0
DA:135,0
DA:136,0
DA:145,0
DA:146,0
DA:148,0
DA:149,0
DA:154,0
DA:155,0
DA:157,0
DA:159,0
DA:160,0
DA:161,0
DA:162,0
DA:163,0
DA:166,0
DA:175,0
DA:176,0
DA:177,0
DA:179,0
DA:184,0
DA:185,0
DA:187,0
DA:189,0
DA:190,0
DA:191,0
DA:192,0
DA:194,0
DA:196,0
DA:197,0
DA:199,0
DA:200,0
DA:202,0
DA:207,0
DA:208,0
DA:210,0
DA:212,0
DA:213,0
DA:214,0
DA:216,0
DA:217,0
DA:219,0
DA:221,0
DA:222,0
DA:224,0
DA:229,0
DA:230,0
DA:231,0
DA:234,0
DA:236,0
DA:237,0
DA:238,0
DA:239,0
DA:240,0
DA:243,0
DA:244,0
DA:248,0
LF:120
LH:0
BRDA:19,0,0,0
BRDA:19,0,1,0
BRDA:39,1,0,0
BRDA:39,1,1,0
BRDA:40,2,0,0
BRDA:40,2,1,0
BRDA:58,3,0,0
BRDA:58,3,1,0
BRDA:72,4,0,0
BRDA:72,4,1,0
BRDA:81,5,0,0
BRDA:81,5,1,0
BRDA:85,6,0,0
BRDA:85,6,1,0
BRDA:86,7,0,0
BRDA:86,7,1,0
BRDA:87,8,0,0
BRDA:87,8,1,0
BRDA:88,9,0,0
BRDA:88,9,1,0
BRDA:90,10,0,0
BRDA:90,10,1,0
BRDA:90,11,0,0
BRDA:90,11,1,0
BRDA:116,12,0,0
BRDA:116,12,1,0
BRDA:116,13,0,0
BRDA:116,13,1,0
BRDA:130,14,0,0
BRDA:130,14,1,0
BRDA:133,15,0,0
BRDA:133,15,1,0
BRDA:137,16,0,0
BRDA:137,16,1,0
BRDA:138,17,0,0
BRDA:138,17,1,0
BRDA:139,18,0,0
BRDA:139,18,1,0
BRDA:140,19,0,0
BRDA:140,19,1,0
BRDA:141,20,0,0
BRDA:141,20,1,0
BRDA:142,21,0,0
BRDA:142,21,1,0
BRDA:155,22,0,0
BRDA:155,22,1,0
BRDA:167,23,0,0
BRDA:167,23,1,0
BRDA:168,24,0,0
BRDA:168,24,1,0
BRDA:169,25,0,0
BRDA:169,25,1,0
BRDA:170,26,0,0
BRDA:170,26,1,0
BRDA:171,27,0,0
BRDA:171,27,1,0
BRDA:172,28,0,0
BRDA:172,28,1,0
BRDA:185,29,0,0
BRDA:185,29,1,0
BRDA:194,30,0,0
BRDA:194,30,1,0
BRDA:197,31,0,0
BRDA:197,31,1,0
BRDA:197,32,0,0
BRDA:197,32,1,0
BRDA:208,33,0,0
BRDA:208,33,1,0
BRDA:219,34,0,0
BRDA:219,34,1,0
BRDA:230,35,0,0
BRDA:230,35,1,0
BRF:72
BRH:0
end_of_record
TN:
SF:routes\orders-api.js
FN:23,(anonymous_0)
FN:31,(anonymous_1)
FN:45,(anonymous_2)
FN:65,(anonymous_3)
FN:80,(anonymous_4)
FN:90,(anonymous_5)
FN:117,(anonymous_6)
FN:127,(anonymous_7)
FN:159,(anonymous_8)
FN:167,(anonymous_9)
FN:196,(anonymous_10)
FN:211,(anonymous_11)
FN:249,(anonymous_12)
FN:279,(anonymous_13)
FN:290,(anonymous_14)
FN:301,(anonymous_15)
FN:320,(anonymous_16)
FN:331,(anonymous_17)
FNF:18
FNH:0
FNDA:0,(anonymous_0)
FNDA:0,(anonymous_1)
FNDA:0,(anonymous_2)
FNDA:0,(anonymous_3)
FNDA:0,(anonymous_4)
FNDA:0,(anonymous_5)
FNDA:0,(anonymous_6)
FNDA:0,(anonymous_7)
FNDA:0,(anonymous_8)
FNDA:0,(anonymous_9)
FNDA:0,(anonymous_10)
FNDA:0,(anonymous_11)
FNDA:0,(anonymous_12)
FNDA:0,(anonymous_13)
FNDA:0,(anonymous_14)
FNDA:0,(anonymous_15)
FNDA:0,(anonymous_16)
FNDA:0,(anonymous_17)
DA:4,0
DA:5,0
DA:6,0
DA:9,0
DA:10,0
DA:11,0
DA:12,0
DA:13,0
DA:15,0
DA:23,0
DA:24,0
DA:26,0
DA:27,0
DA:29,0
DA:30,0
DA:31,0
DA:32,0
DA:34,0
DA:35,0
DA:36,0
DA:38,0
DA:45,0
DA:46,0
DA:47,0
DA:49,0
DA:55,0
DA:56,0
DA:57,0
DA:59,0
DA:60,0
DA:65,0
DA:66,0
DA:67,0
DA:68,0
DA:72,0
DA:74,0
DA:75,0
DA:80,0
DA:81,0
DA:82,0
DA:83,0
DA:84,0
DA:88,0
DA:89,0
DA:90,0
DA:91,0
DA:92,0
DA:93,0
DA:94,0
DA:95,0
DA:96,0
DA:97,0
DA:99,0
DA:100,0
DA:109,0
DA:111,0
DA:112,0
DA:117,0
DA:118,0
DA:119,0
DA:120,0
DA:121,0
DA:125,0
DA:126,0
DA:127,0
DA:128,0
DA:129,0
DA:130,0
DA:131,0
DA:132,0
DA:133,0
DA:134,0
DA:135,0
DA:137,0
DA:138,0
DA:146,0
DA:148,0
DA:149,0
DA:159,0
DA:160,0
DA:162,0
DA:163,0
DA:165,0
DA:166,0
DA:167,0
DA:168,0
DA:170,0
DA:171,0
DA:172,0
DA:173,0
DA:174,0
DA:175,0
DA:177,0
DA:178,0
DA:179,0
DA:180,0
DA:181,0
DA:182,0
DA:186,0
DA:187,0
DA:188,0
DA:190,0
DA:193,0
DA:195,0
DA:196,0
DA:199,0
DA:200,0
DA:201,0
DA:202,0
DA:205,0
DA:206,0
DA:211,0
DA:212,0
DA:213,0
DA:214,0
DA:216,0
DA:217,0
DA:218,0
DA:219,0
DA:221,0
DA:222,0
DA:223,0
DA:224,0
DA:226,0
DA:227,0
DA:229,0
DA:230,0
DA:231,0
DA:237,0
DA:241,0
DA:243,0
DA:244,0
DA:249,0
DA:250,0
DA:251,0
DA:252,0
DA:254,0
DA:255,0
DA:256,0
DA:257,0
DA:263,0
DA:265,0
DA:273,0
DA:274,0
DA:279,0
DA:280,0
DA:281,0
DA:282,0
DA:283,0
DA:285,0
DA:290,0
DA:291,0
DA:292,0
DA:293,0
DA:294,0
DA:296,0
DA:301,0
DA:302,0
DA:303,0
DA:304,0
DA:305,0
DA:312,0
DA:314,0
DA:320,0
DA:321,0
DA:322,0
DA:323,0
DA:324,0
DA:326,0
DA:331,0
DA:332,0
DA:333,0
DA:334,0
DA:335,0
DA:337,0
DA:341,0
LF:176
LH:0
BRDA:24,0,0,0
BRDA:24,0,1,0
BRDA:30,1,0,0
BRDA:30,1,1,0
BRDA:35,2,0,0
BRDA:35,2,1,0
BRDA:36,3,0,0
BRDA:36,3,1,0
BRDA:47,4,0,0
BRDA:47,4,1,0
BRDA:47,5,0,0
BRDA:47,5,1,0
BRDA:66,6,0,0
BRDA:66,6,1,0
BRDA:81,7,0,0
BRDA:81,7,1,0
BRDA:82,8,0,0
BRDA:82,8,1,0
BRDA:91,9,0,0
BRDA:91,9,1,0
BRDA:92,10,0,0
BRDA:92,10,1,0
BRDA:93,11,0,0
BRDA:93,11,1,0
BRDA:93,12,0,0
BRDA:93,12,1,0
BRDA:94,13,0,0
BRDA:94,13,1,0
BRDA:95,14,0,0
BRDA:95,14,1,0
BRDA:96,15,0,0
BRDA:96,15,1,0
BRDA:96,16,0,0
BRDA:96,16,1,0
BRDA:97,17,0,0
BRDA:97,17,1,0
BRDA:101,18,0,0
BRDA:101,18,1,0
BRDA:103,19,0,0
BRDA:103,19,1,0
BRDA:104,20,0,0
BRDA:104,20,1,0
BRDA:105,21,0,0
BRDA:105,21,1,0
BRDA:118,22,0,0
BRDA:118,22,1,0
BRDA:119,23,0,0
BRDA:119,23,1,0
BRDA:128,24,0,0
BRDA:128,24,1,0
BRDA:130,25,0,0
BRDA:130,25,1,0
BRDA:130,26,0,0
BRDA:130,26,1,0
BRDA:131,27,0,0
BRDA:131,27,1,0
BRDA:131,28,0,0
BRDA:131,28,1,0
BRDA:132,29,0,0
BRDA:132,29,1,0
BRDA:133,30,0,0
BRDA:133,30,1,0
BRDA:134,31,0,0
BRDA:134,31,1,0
BRDA:134,32,0,0
BRDA:134,32,1,0
BRDA:135,33,0,0
BRDA:135,33,1,0
BRDA:139,34,0,0
BRDA:139,34,1,0
BRDA:140,35,0,0
BRDA:140,35,1,0
BRDA:142,36,0,0
BRDA:142,36,1,0
BRDA:160,37,0,0
BRDA:160,37,1,0
BRDA:168,38,0,0
BRDA:168,38,1,0
BRDA:168,39,0,0
BRDA:168,39,1,0
BRDA:171,40,0,0
BRDA:171,40,1,0
BRDA:172,41,0,0
BRDA:172,41,1,0
BRDA:173,42,0,0
BRDA:173,42,1,0
BRDA:173,42,2,0
BRDA:174,43,0,0
BRDA:174,43,1,0
BRDA:175,44,0,0
BRDA:175,44,1,0
BRDA:175,44,2,0
BRDA:180,45,0,0
BRDA:180,45,1,0
BRDA:187,46,0,0
BRDA:187,46,1,0
BRDA:187,47,0,0
BRDA:187,47,1,0
BRDA:188,48,0,0
BRDA:188,48,1,0
BRDA:188,49,0,0
BRDA:188,49,1,0
BRDA:190,50,0,0
BRDA:190,50,1,0
BRDA:190,50,2,0
BRDA:195,51,0,0
BRDA:195,51,1,0
BRDA:195,52,0,0
BRDA:195,52,1,0
BRDA:199,53,0,0
BRDA:199,53,1,0
BRDA:212,54,0,0
BRDA:212,54,1,0
BRDA:213,55,0,0
BRDA:213,55,1,0
BRDA:213,55,2,0
BRDA:214,56,0,0
BRDA:214,56,1,0
BRDA:217,57,0,0
BRDA:217,57,1,0
BRDA:219,58,0,0
BRDA:219,58,1,0
BRDA:224,59,0,0
BRDA:224,59,1,0
BRDA:226,60,0,0
BRDA:226,60,1,0
BRDA:226,60,2,0
BRDA:227,61,0,0
BRDA:227,61,1,0
BRDA:227,61,2,0
BRDA:229,62,0,0
BRDA:229,62,1,0
BRDA:250,63,0,0
BRDA:250,63,1,0
BRDA:251,64,0,0
BRDA:251,64,1,0
BRDA:251,64,2,0
BRDA:252,65,0,0
BRDA:252,65,1,0
BRDA:255,66,0,0
BRDA:255,66,1,0
BRDA:256,67,0,0
BRDA:256,67,1,0
BRDA:256,67,2,0
BRDA:280,68,0,0
BRDA:280,68,1,0
BRDA:283,69,0,0
BRDA:283,69,1,0
BRDA:291,70,0,0
BRDA:291,70,1,0
BRDA:291,71,0,0
BRDA:291,71,1,0
BRDA:302,72,0,0
BRDA:302,72,1,0
BRDA:302,73,0,0
BRDA:302,73,1,0
BRDA:321,74,0,0
BRDA:321,74,1,0
BRDA:321,75,0,0
BRDA:321,75,1,0
BRDA:332,76,0,0
BRDA:332,76,1,0
BRDA:332,77,0,0
BRDA:332,77,1,0
BRF:164
BRH:0
end_of_record
TN:
SF:routes\products-api.js
FN:20,normalizeProductCode
FN:24,buildStockUiConfig
FN:36,buildStockInfo
FN:82,(anonymous_3)
FN:83,(anonymous_4)
FN:102,getStockContext
FN:108,(anonymous_6)
FN:119,(anonymous_7)
FN:134,(anonymous_8)
FN:142,(anonymous_9)
FN:164,(anonymous_10)
FN:165,(anonymous_11)
FN:196,(anonymous_12)
FN:225,(anonymous_13)
FN:226,(anonymous_14)
FN:265,(anonymous_15)
FN:279,(anonymous_16)
FN:287,(anonymous_17)
FN:288,(anonymous_18)
FN:292,(anonymous_19)
FN:304,(anonymous_20)
FN:317,(anonymous_21)
FN:330,(anonymous_22)
FN:331,(anonymous_23)
FN:343,(anonymous_24)
FN:344,(anonymous_25)
FN:346,(anonymous_26)
FN:365,(anonymous_27)
FN:366,(anonymous_28)
FN:368,(anonymous_29)
FN:380,(anonymous_30)
FN:381,(anonymous_31)
FN:384,(anonymous_32)
FN:398,(anonymous_33)
FN:416,(anonymous_34)
FN:426,(anonymous_35)
FN:436,(anonymous_36)
FN:438,(anonymous_37)
FNF:38
FNH:0
FNDA:0,normalizeProductCode
FNDA:0,buildStockUiConfig
FNDA:0,buildStockInfo
FNDA:0,(anonymous_3)
FNDA:0,(anonymous_4)
FNDA:0,getStockContext
FNDA:0,(anonymous_6)
FNDA:0,(anonymous_7)
FNDA:0,(anonymous_8)
FNDA:0,(anonymous_9)
FNDA:0,(anonymous_10)
FNDA:0,(anonymous_11)
FNDA:0,(anonymous_12)
FNDA:0,(anonymous_13)
FNDA:0,(anonymous_14)
FNDA:0,(anonymous_15)
FNDA:0,(anonymous_16)
FNDA:0,(anonymous_17)
FNDA:0,(anonymous_18)
FNDA:0,(anonymous_19)
FNDA:0,(anonymous_20)
FNDA:0,(anonymous_21)
FNDA:0,(anonymous_22)
FNDA:0,(anonymous_23)
FNDA:0,(anonymous_24)
FNDA:0,(anonymous_25)
FNDA:0,(anonymous_26)
FNDA:0,(anonymous_27)
FNDA:0,(anonymous_28)
FNDA:0,(anonymous_29)
FNDA:0,(anonymous_30)
FNDA:0,(anonymous_31)
FNDA:0,(anonymous_32)
FNDA:0,(anonymous_33)
FNDA:0,(anonymous_34)
FNDA:0,(anonymous_35)
FNDA:0,(anonymous_36)
FNDA:0,(anonymous_37)
DA:3,0
DA:4,0
DA:5,0
DA:6,0
DA:9,0
DA:10,0
DA:13,0
DA:16,0
DA:17,0
DA:18,0
DA:21,0
DA:25,0
DA:37,0
DA:38,0
DA:45,0
DA:47,0
DA:48,0
DA:57,0
DA:58,0
DA:68,0
DA:69,0
DA:70,0
DA:71,0
DA:72,0
DA:73,0
DA:74,0
DA:75,0
DA:76,0
DA:77,0
DA:81,0
DA:82,0
DA:83,0
DA:84,0
DA:85,0
DA:88,0
DA:103,0
DA:107,0
DA:108,0
DA:109,0
DA:110,0
DA:112,0
DA:113,0
DA:119,0
DA:121,0
DA:123,0
DA:124,0
DA:125,0
DA:126,0
DA:127,0
DA:129,0
DA:131,0
DA:134,0
DA:137,0
DA:138,0
DA:139,0
DA:142,0
DA:143,0
DA:144,0
DA:146,0
DA:147,0
DA:148,0
DA:156,0
DA:157,0
DA:158,0
DA:159,0
DA:162,0
DA:164,0
DA:165,0
DA:166,0
DA:167,0
DA:169,0
DA:177,0
DA:188,0
DA:189,0
DA:196,0
DA:197,0
DA:199,0
DA:200,0
DA:202,0
DA:203,0
DA:206,0
DA:207,0
DA:209,0
DA:210,0
DA:216,0
DA:217,0
DA:220,0
DA:221,0
DA:223,0
DA:225,0
DA:226,0
DA:227,0
DA:235,0
DA:246,0
DA:257,0
DA:258,0
DA:265,0
DA:266,0
DA:268,0
DA:269,0
DA:271,0
DA:272,0
DA:274,0
DA:276,0
DA:279,0
DA:282,0
DA:283,0
DA:284,0
DA:287,0
DA:288,0
DA:289,0
DA:292,0
DA:293,0
DA:294,0
DA:296,0
DA:304,0
DA:306,0
DA:309,0
DA:310,0
DA:317,0
DA:318,0
DA:320,0
DA:321,0
DA:322,0
DA:324,0
DA:326,0
DA:327,0
DA:330,0
DA:331,0
DA:334,0
DA:335,0
DA:336,0
DA:337,0
DA:340,0
DA:342,0
DA:343,0
DA:345,0
DA:346,0
DA:347,0
DA:348,0
DA:350,0
DA:351,0
DA:353,0
DA:354,0
DA:357,0
DA:358,0
DA:364,0
DA:365,0
DA:366,0
DA:368,0
DA:370,0
DA:371,0
DA:377,0
DA:380,0
DA:381,0
DA:382,0
DA:384,0
DA:385,0
DA:386,0
DA:388,0
DA:389,0
DA:398,0
DA:400,0
DA:407,0
DA:408,0
DA:416,0
DA:417,0
DA:419,0
DA:420,0
DA:422,0
DA:423,0
DA:426,0
DA:429,0
DA:430,0
DA:431,0
DA:433,0
DA:434,0
DA:436,0
DA:437,0
DA:438,0
DA:439,0
DA:440,0
DA:442,0
DA:444,0
DA:445,0
DA:448,0
DA:449,0
DA:451,0
DA:452,0
DA:453,0
DA:456,0
DA:457,0
DA:461,0
LF:193
LH:0
BRDA:21,0,0,0
BRDA:21,0,1,0
BRDA:24,1,0,0
BRDA:27,2,0,0
BRDA:27,2,1,0
BRDA:28,3,0,0
BRDA:28,3,1,0
BRDA:31,4,0,0
BRDA:31,4,1,0
BRDA:32,5,0,0
BRDA:32,5,1,0
BRDA:37,6,0,0
BRDA:37,6,1,0
BRDA:47,7,0,0
BRDA:47,7,1,0
BRDA:51,8,0,0
BRDA:51,8,1,0
BRDA:51,9,0,0
BRDA:51,9,1,0
BRDA:52,10,0,0
BRDA:52,10,1,0
BRDA:53,11,0,0
BRDA:53,11,1,0
BRDA:57,12,0,0
BRDA:57,12,1,0
BRDA:57,13,0,0
BRDA:57,13,1,0
BRDA:61,14,0,0
BRDA:61,14,1,0
BRDA:61,14,2,0
BRDA:62,15,0,0
BRDA:62,15,1,0
BRDA:63,16,0,0
BRDA:63,16,1,0
BRDA:64,17,0,0
BRDA:64,17,1,0
BRDA:68,18,0,0
BRDA:68,18,1,0
BRDA:69,19,0,0
BRDA:69,19,1,0
BRDA:71,20,0,0
BRDA:71,20,1,0
BRDA:73,21,0,0
BRDA:73,21,1,0
BRDA:75,22,0,0
BRDA:75,22,1,0
BRDA:81,23,0,0
BRDA:81,23,1,0
BRDA:82,24,0,0
BRDA:82,24,1,0
BRDA:83,25,0,0
BRDA:83,25,1,0
BRDA:83,26,0,0
BRDA:83,26,1,0
BRDA:84,27,0,0
BRDA:84,27,1,0
BRDA:84,28,0,0
BRDA:84,28,1,0
BRDA:84,29,0,0
BRDA:84,29,1,0
BRDA:84,30,0,0
BRDA:84,30,1,0
BRDA:84,30,2,0
BRDA:98,31,0,0
BRDA:98,31,1,0
BRDA:112,32,0,0
BRDA:112,32,1,0
BRDA:121,33,0,0
BRDA:121,33,1,0
BRDA:123,34,0,0
BRDA:123,34,1,0
BRDA:124,35,0,0
BRDA:124,35,1,0
BRDA:125,36,0,0
BRDA:125,36,1,0
BRDA:127,37,0,0
BRDA:127,37,1,0
BRDA:143,38,0,0
BRDA:143,38,1,0
BRDA:144,39,0,0
BRDA:144,39,1,0
BRDA:146,40,0,0
BRDA:146,40,1,0
BRDA:149,41,0,0
BRDA:149,41,1,0
BRDA:149,41,2,0
BRDA:149,41,3,0
BRDA:149,41,4,0
BRDA:149,41,5,0
BRDA:165,42,0,0
BRDA:165,42,1,0
BRDA:166,43,0,0
BRDA:166,43,1,0
BRDA:197,44,0,0
BRDA:197,44,1,0
BRDA:202,45,0,0
BRDA:202,45,1,0
BRDA:209,46,0,0
BRDA:209,46,1,0
BRDA:220,47,0,0
BRDA:220,47,1,0
BRDA:220,48,0,0
BRDA:220,48,1,0
BRDA:221,49,0,0
BRDA:221,49,1,0
BRDA:221,50,0,0
BRDA:221,50,1,0
BRDA:227,51,0,0
BRDA:227,51,1,0
BRDA:230,52,0,0
BRDA:230,52,1,0
BRDA:241,53,0,0
BRDA:241,53,1,0
BRDA:266,54,0,0
BRDA:266,54,1,0
BRDA:269,55,0,0
BRDA:269,55,1,0
BRDA:272,56,0,0
BRDA:272,56,1,0
BRDA:289,57,0,0
BRDA:289,57,1,0
BRDA:292,58,0,0
BRDA:292,58,1,0
BRDA:293,59,0,0
BRDA:293,59,1,0
BRDA:301,60,0,0
BRDA:301,60,1,0
BRDA:318,61,0,0
BRDA:318,61,1,0
BRDA:321,62,0,0
BRDA:321,62,1,0
BRDA:322,63,0,0
BRDA:322,63,1,0
BRDA:346,64,0,0
BRDA:346,64,1,0
BRDA:347,65,0,0
BRDA:347,65,1,0
BRDA:348,66,0,0
BRDA:348,66,1,0
BRDA:350,67,0,0
BRDA:350,67,1,0
BRDA:354,68,0,0
BRDA:354,68,1,0
BRDA:357,69,0,0
BRDA:357,69,1,0
BRDA:357,70,0,0
BRDA:357,70,1,0
BRDA:370,71,0,0
BRDA:370,71,1,0
BRDA:382,72,0,0
BRDA:382,72,1,0
BRDA:382,73,0,0
BRDA:382,73,1,0
BRDA:384,74,0,0
BRDA:384,74,1,0
BRDA:385,75,0,0
BRDA:385,75,1,0
BRDA:395,76,0,0
BRDA:395,76,1,0
BRDA:417,77,0,0
BRDA:417,77,1,0
BRDA:420,78,0,0
BRDA:420,78,1,0
BRDA:437,79,0,0
BRDA:437,79,1,0
BRDA:438,80,0,0
BRDA:438,80,1,0
BRDA:439,81,0,0
BRDA:439,81,1,0
BRDA:442,82,0,0
BRDA:442,82,1,0
BRDA:444,83,0,0
BRDA:444,83,1,0
BRDA:444,84,0,0
BRDA:444,84,1,0
BRF:175
BRH:0
end_of_record
TN:
SF:routes\support-api.js
FN:14,(anonymous_0)
FN:59,(anonymous_1)
FN:71,(anonymous_2)
FN:84,(anonymous_3)
FN:85,(anonymous_4)
FN:86,(anonymous_5)
FN:98,(anonymous_6)
FN:114,(anonymous_7)
FN:127,(anonymous_8)
FN:145,(anonymous_9)
FNF:10
FNH:0
FNDA:0,(anonymous_0)
FNDA:0,(anonymous_1)
FNDA:0,(anonymous_2)
FNDA:0,(anonymous_3)
FNDA:0,(anonymous_4)
FNDA:0,(anonymous_5)
FNDA:0,(anonymous_6)
FNDA:0,(anonymous_7)
FNDA:0,(anonymous_8)
FNDA:0,(anonymous_9)
DA:4,0
DA:5,0
DA:6,0
DA:7,0
DA:8,0
DA:9,0
DA:11,0
DA:14,0
DA:15,0
DA:17,0
DA:18,0
DA:19,0
DA:20,0
DA:21,0
DA:22,0
DA:23,0
DA:25,0
DA:27,0
DA:55,0
DA:56,0
DA:59,0
DA:60,0
DA:63,0
DA:65,0
DA:66,0
DA:71,0
DA:72,0
DA:74,0
DA:75,0
DA:76,0
DA:77,0
DA:78,0
DA:79,0
DA:81,0
DA:83,0
DA:84,0
DA:85,0
DA:86,0
DA:98,0
DA:106,0
DA:108,0
DA:109,0
DA:114,0
DA:115,0
DA:117,0
DA:118,0
DA:119,0
DA:120,0
DA:122,0
DA:127,0
DA:128,0
DA:138,0
DA:140,0
DA:141,0
DA:142,0
DA:143,0
DA:145,0
DA:146,0
DA:147,0
DA:150,0
DA:151,0
DA:153,0
DA:154,0
DA:156,0
DA:157,0
DA:158,0
DA:164,0
DA:166,0
DA:169,0
DA:170,0
DA:171,0
DA:173,0
DA:176,0
DA:177,0
DA:181,0
LF:75
LH:0
BRDA:15,0,0,0
BRDA:15,0,1,0
BRDA:30,1,0,0
BRDA:30,1,1,0
BRDA:34,2,0,0
BRDA:34,2,1,0
BRDA:44,3,0,0
BRDA:44,3,1,0
BRDA:72,4,0,0
BRDA:72,4,1,0
BRDA:81,5,0,0
BRDA:81,5,1,0
BRDA:84,6,0,0
BRDA:84,6,1,0
BRDA:85,7,0,0
BRDA:85,7,1,0
BRDA:85,8,0,0
BRDA:85,8,1,0
BRDA:87,9,0,0
BRDA:87,9,1,0
BRDA:88,10,0,0
BRDA:88,10,1,0
BRDA:89,11,0,0
BRDA:89,11,1,0
BRDA:90,12,0,0
BRDA:90,12,1,0
BRDA:91,13,0,0
BRDA:91,13,1,0
BRDA:92,14,0,0
BRDA:92,14,1,0
BRDA:93,15,0,0
BRDA:93,15,1,0
BRDA:94,16,0,0
BRDA:94,16,1,0
BRDA:95,17,0,0
BRDA:95,17,1,0
BRDA:96,18,0,0
BRDA:96,18,1,0
BRDA:97,19,0,0
BRDA:97,19,1,0
BRDA:99,20,0,0
BRDA:99,20,1,0
BRDA:99,21,0,0
BRDA:99,21,1,0
BRDA:100,22,0,0
BRDA:100,22,1,0
BRDA:100,23,0,0
BRDA:100,23,1,0
BRDA:101,24,0,0
BRDA:101,24,1,0
BRDA:101,25,0,0
BRDA:101,25,1,0
BRDA:115,26,0,0
BRDA:115,26,1,0
BRDA:128,27,0,0
BRDA:128,27,1,0
BRDA:146,28,0,0
BRDA:146,28,1,0
BRDA:150,29,0,0
BRDA:150,29,1,0
BRDA:151,30,0,0
BRDA:151,30,1,0
BRDA:153,31,0,0
BRDA:153,31,1,0
BRDA:154,32,0,0
BRDA:154,32,1,0
BRDA:156,33,0,0
BRDA:156,33,1,0
BRDA:157,34,0,0
BRDA:157,34,1,0
BRDA:161,35,0,0
BRDA:161,35,1,0
BRDA:169,36,0,0
BRDA:169,36,1,0
BRF:74
BRH:0
end_of_record
TN:
SF:services\csvService.js
FN:10,generateOrdersCsv
FN:15,(anonymous_1)
FN:21,(anonymous_2)
FN:78,(anonymous_3)
FN:89,importFlamData
FN:164,parseEstimatesData
FN:185,(anonymous_6)
FN:204,(anonymous_7)
FN:210,(anonymous_8)
FN:211,(anonymous_9)
FN:212,(anonymous_10)
FN:230,(anonymous_11)
FN:315,formatDate
FN:321,parseExternalOrdersCsv
FN:329,(anonymous_14)
FN:330,(anonymous_15)
FN:333,(anonymous_16)
FN:334,(anonymous_17)
FN:335,(anonymous_18)
FN:338,(anonymous_19)
FN:340,(anonymous_20)
FN:398,(anonymous_21)
FN:401,parseShippingCsv
FN:409,(anonymous_23)
FN:410,(anonymous_24)
FN:413,(anonymous_25)
FN:413,(anonymous_26)
FN:420,(anonymous_27)
FNF:28
FNH:0
FNDA:0,generateOrdersCsv
FNDA:0,(anonymous_1)
FNDA:0,(anonymous_2)
FNDA:0,(anonymous_3)
FNDA:0,importFlamData
FNDA:0,parseEstimatesData
FNDA:0,(anonymous_6)
FNDA:0,(anonymous_7)
FNDA:0,(anonymous_8)
FNDA:0,(anonymous_9)
FNDA:0,(anonymous_10)
FNDA:0,(anonymous_11)
FNDA:0,formatDate
FNDA:0,parseExternalOrdersCsv
FNDA:0,(anonymous_14)
FNDA:0,(anonymous_15)
FNDA:0,(anonymous_16)
FNDA:0,(anonymous_17)
FNDA:0,(anonymous_18)
FNDA:0,(anonymous_19)
FNDA:0,(anonymous_20)
FNDA:0,(anonymous_21)
FNDA:0,parseShippingCsv
FNDA:0,(anonymous_23)
FNDA:0,(anonymous_24)
FNDA:0,(anonymous_25)
FNDA:0,(anonymous_26)
FNDA:0,(anonymous_27)
DA:3,0
DA:4,0
DA:5,0
DA:12,0
DA:13,0
DA:15,0
DA:17,0
DA:18,0
DA:21,0
DA:32,0
DA:78,0
DA:83,0
DA:90,0
DA:92,0
DA:93,0
DA:94,0
DA:95,0
DA:96,0
DA:97,0
DA:98,0
DA:99,0
DA:100,0
DA:103,0
DA:104,0
DA:105,0
DA:107,0
DA:108,0
DA:110,0
DA:112,0
DA:113,0
DA:114,0
DA:115,0
DA:116,0
DA:119,0
DA:120,0
DA:121,0
DA:122,0
DA:123,0
DA:124,0
DA:126,0
DA:127,0
DA:142,0
DA:143,0
DA:145,0
DA:152,0
DA:155,0
DA:166,0
DA:168,0
DA:169,0
DA:172,0
DA:176,0
DA:178,0
DA:179,0
DA:180,0
DA:181,0
DA:182,0
DA:183,0
DA:185,0
DA:186,0
DA:188,0
DA:189,0
DA:193,0
DA:196,0
DA:199,0
DA:200,0
DA:201,0
DA:204,0
DA:205,0
DA:206,0
DA:207,0
DA:210,0
DA:211,0
DA:212,0
DA:216,0
DA:219,0
DA:230,0
DA:231,0
DA:233,0
DA:235,0
DA:237,0
DA:239,0
DA:241,0
DA:243,0
DA:245,0
DA:247,0
DA:250,0
DA:253,0
DA:254,0
DA:255,0
DA:256,0
DA:260,0
DA:261,0
DA:263,0
DA:264,0
DA:266,0
DA:267,0
DA:268,0
DA:271,0
DA:272,0
DA:273,0
DA:276,0
DA:278,0
DA:279,0
DA:282,0
DA:283,0
DA:284,0
DA:285,0
DA:286,0
DA:287,0
DA:288,0
DA:292,0
DA:307,0
DA:308,0
DA:310,0
DA:311,0
DA:316,0
DA:317,0
DA:318,0
DA:322,0
DA:323,0
DA:324,0
DA:327,0
DA:329,0
DA:330,0
DA:331,0
DA:333,0
DA:334,0
DA:335,0
DA:338,0
DA:339,0
DA:340,0
DA:341,0
DA:343,0
DA:346,0
DA:347,0
DA:348,0
DA:349,0
DA:350,0
DA:351,0
DA:352,0
DA:353,0
DA:355,0
DA:356,0
DA:357,0
DA:358,0
DA:359,0
DA:360,0
DA:361,0
DA:362,0
DA:363,0
DA:364,0
DA:365,0
DA:366,0
DA:368,0
DA:369,0
DA:386,0
DA:387,0
DA:388,0
DA:394,0
DA:398,0
DA:402,0
DA:403,0
DA:404,0
DA:407,0
DA:409,0
DA:410,0
DA:411,0
DA:413,0
DA:414,0
DA:415,0
DA:417,0
DA:418,0
DA:419,0
DA:420,0
DA:421,0
DA:423,0
DA:425,0
DA:428,0
LF:178
LH:0
BRDA:17,0,0,0
BRDA:17,0,1,0
BRDA:17,1,0,0
BRDA:17,1,1,0
BRDA:40,2,0,0
BRDA:40,2,1,0
BRDA:41,3,0,0
BRDA:41,3,1,0
BRDA:55,4,0,0
BRDA:55,4,1,0
BRDA:55,5,0,0
BRDA:55,5,1,0
BRDA:105,6,0,0
BRDA:105,6,1,0
BRDA:105,7,0,0
BRDA:105,7,1,0
BRDA:108,8,0,0
BRDA:108,8,1,0
BRDA:113,9,0,0
BRDA:113,9,1,0
BRDA:115,10,0,0
BRDA:115,10,1,0
BRDA:119,11,0,0
BRDA:119,11,1,0
BRDA:120,12,0,0
BRDA:120,12,1,0
BRDA:121,13,0,0
BRDA:121,13,1,0
BRDA:122,14,0,0
BRDA:122,14,1,0
BRDA:123,15,0,0
BRDA:123,15,1,0
BRDA:124,16,0,0
BRDA:124,16,1,0
BRDA:126,17,0,0
BRDA:126,17,1,0
BRDA:130,18,0,0
BRDA:130,18,1,0
BRDA:143,19,0,0
BRDA:143,19,1,0
BRDA:164,20,0,0
BRDA:172,21,0,0
BRDA:172,21,1,0
BRDA:172,21,2,0
BRDA:172,21,3,0
BRDA:172,21,4,0
BRDA:176,22,0,0
BRDA:176,22,1,0
BRDA:181,23,0,0
BRDA:181,23,1,0
BRDA:185,24,0,0
BRDA:185,24,1,0
BRDA:199,25,0,0
BRDA:199,25,1,0
BRDA:199,26,0,0
BRDA:199,26,1,0
BRDA:199,26,2,0
BRDA:205,27,0,0
BRDA:205,27,1,0
BRDA:233,28,0,0
BRDA:233,28,1,0
BRDA:235,29,0,0
BRDA:235,29,1,0
BRDA:237,30,0,0
BRDA:237,30,1,0
BRDA:239,31,0,0
BRDA:239,31,1,0
BRDA:241,32,0,0
BRDA:241,32,1,0
BRDA:243,33,0,0
BRDA:243,33,1,0
BRDA:245,34,0,0
BRDA:245,34,1,0
BRDA:247,35,0,0
BRDA:247,35,1,0
BRDA:253,36,0,0
BRDA:253,36,1,0
BRDA:253,37,0,0
BRDA:253,37,1,0
BRDA:253,37,2,0
BRDA:264,38,0,0
BRDA:264,38,1,0
BRDA:264,39,0,0
BRDA:264,39,1,0
BRDA:266,40,0,0
BRDA:266,40,1,0
BRDA:267,41,0,0
BRDA:267,41,1,0
BRDA:268,42,0,0
BRDA:268,42,1,0
BRDA:271,43,0,0
BRDA:271,43,1,0
BRDA:276,44,0,0
BRDA:276,44,1,0
BRDA:276,45,0,0
BRDA:276,45,1,0
BRDA:276,45,2,0
BRDA:279,46,0,0
BRDA:279,46,1,0
BRDA:283,47,0,0
BRDA:283,47,1,0
BRDA:283,48,0,0
BRDA:283,48,1,0
BRDA:283,48,2,0
BRDA:286,49,0,0
BRDA:286,49,1,0
BRDA:286,50,0,0
BRDA:286,50,1,0
BRDA:288,51,0,0
BRDA:288,51,1,0
BRDA:293,52,0,0
BRDA:293,52,1,0
BRDA:293,53,0,0
BRDA:293,53,1,0
BRDA:296,54,0,0
BRDA:296,54,1,0
BRDA:296,55,0,0
BRDA:296,55,1,0
BRDA:300,56,0,0
BRDA:300,56,1,0
BRDA:300,57,0,0
BRDA:300,57,1,0
BRDA:301,58,0,0
BRDA:301,58,1,0
BRDA:301,59,0,0
BRDA:301,59,1,0
BRDA:307,60,0,0
BRDA:307,60,1,0
BRDA:316,61,0,0
BRDA:316,61,1,0
BRDA:323,62,0,0
BRDA:323,62,1,0
BRDA:323,63,0,0
BRDA:323,63,1,0
BRDA:323,63,2,0
BRDA:331,64,0,0
BRDA:331,64,1,0
BRDA:333,65,0,0
BRDA:333,65,1,0
BRDA:335,66,0,0
BRDA:335,66,1,0
BRDA:341,67,0,0
BRDA:341,67,1,0
BRDA:357,68,0,0
BRDA:357,68,1,0
BRDA:358,69,0,0
BRDA:358,69,1,0
BRDA:359,70,0,0
BRDA:359,70,1,0
BRDA:360,71,0,0
BRDA:360,71,1,0
BRDA:361,72,0,0
BRDA:361,72,1,0
BRDA:362,73,0,0
BRDA:362,73,1,0
BRDA:363,74,0,0
BRDA:363,74,1,0
BRDA:363,75,0,0
BRDA:363,75,1,0
BRDA:364,76,0,0
BRDA:364,76,1,0
BRDA:364,77,0,0
BRDA:364,77,1,0
BRDA:365,78,0,0
BRDA:365,78,1,0
BRDA:366,79,0,0
BRDA:366,79,1,0
BRDA:368,80,0,0
BRDA:368,80,1,0
BRDA:372,81,0,0
BRDA:372,81,1,0
BRDA:372,81,2,0
BRDA:374,82,0,0
BRDA:374,82,1,0
BRDA:374,82,2,0
BRDA:387,83,0,0
BRDA:387,83,1,0
BRDA:387,84,0,0
BRDA:387,84,1,0
BRDA:390,85,0,0
BRDA:390,85,1,0
BRDA:398,86,0,0
BRDA:398,86,1,0
BRDA:403,87,0,0
BRDA:403,87,1,0
BRDA:403,88,0,0
BRDA:403,88,1,0
BRDA:403,88,2,0
BRDA:411,89,0,0
BRDA:411,89,1,0
BRDA:413,90,0,0
BRDA:413,90,1,0
BRDA:421,91,0,0
BRDA:421,91,1,0
BRF:194
BRH:0
end_of_record
TN:
SF:services\customerService.js
FN:15,(anonymous_0)
FN:26,(anonymous_1)
FN:32,(anonymous_2)
FN:37,(anonymous_3)
FN:42,(anonymous_4)
FN:53,(anonymous_5)
FN:70,(anonymous_6)
FN:73,(anonymous_7)
FN:93,(anonymous_8)
FN:95,(anonymous_9)
FN:115,(anonymous_10)
FN:138,(anonymous_11)
FN:171,(anonymous_12)
FN:173,(anonymous_13)
FN:187,(anonymous_14)
FN:189,(anonymous_15)
FN:201,(anonymous_16)
FN:203,(anonymous_17)
FNF:18
FNH:0
FNDA:0,(anonymous_0)
FNDA:0,(anonymous_1)
FNDA:0,(anonymous_2)
FNDA:0,(anonymous_3)
FNDA:0,(anonymous_4)
FNDA:0,(anonymous_5)
FNDA:0,(anonymous_6)
FNDA:0,(anonymous_7)
FNDA:0,(anonymous_8)
FNDA:0,(anonymous_9)
FNDA:0,(anonymous_10)
FNDA:0,(anonymous_11)
FNDA:0,(anonymous_12)
FNDA:0,(anonymous_13)
FNDA:0,(anonymous_14)
FNDA:0,(anonymous_15)
FNDA:0,(anonymous_16)
FNDA:0,(anonymous_17)
DA:3,0
DA:4,0
DA:5,0
DA:6,0
DA:7,0
DA:10,0
DA:16,0
DA:17,0
DA:18,0
DA:20,0
DA:21,0
DA:27,0
DA:33,0
DA:38,0
DA:40,0
DA:42,0
DA:43,0
DA:44,0
DA:45,0
DA:48,0
DA:49,0
DA:50,0
DA:53,0
DA:61,0
DA:71,0
DA:73,0
DA:74,0
DA:77,0
DA:80,0
DA:88,0
DA:89,0
DA:94,0
DA:95,0
DA:97,0
DA:98,0
DA:101,0
DA:102,0
DA:103,0
DA:106,0
DA:107,0
DA:110,0
DA:111,0
DA:116,0
DA:117,0
DA:119,0
DA:120,0
DA:121,0
DA:125,0
DA:126,0
DA:127,0
DA:129,0
DA:130,0
DA:131,0
DA:132,0
DA:133,0
DA:135,0
DA:137,0
DA:138,0
DA:140,0
DA:142,0
DA:143,0
DA:144,0
DA:145,0
DA:146,0
DA:149,0
DA:156,0
DA:160,0
DA:161,0
DA:164,0
DA:166,0
DA:172,0
DA:173,0
DA:175,0
DA:176,0
DA:179,0
DA:180,0
DA:182,0
DA:183,0
DA:188,0
DA:189,0
DA:190,0
DA:191,0
DA:202,0
DA:203,0
DA:204,0
DA:205,0
DA:207,0
DA:208,0
DA:209,0
DA:213,0
LF:90
LH:0
BRDA:32,0,0,0
BRDA:32,1,0,0
BRDA:37,2,0,0
BRDA:37,3,0,0
BRDA:37,4,0,0
BRDA:40,5,0,0
BRDA:40,5,1,0
BRDA:43,6,0,0
BRDA:43,6,1,0
BRDA:44,7,0,0
BRDA:44,7,1,0
BRDA:45,8,0,0
BRDA:45,8,1,0
BRDA:56,9,0,0
BRDA:56,9,1,0
BRDA:57,10,0,0
BRDA:57,10,1,0
BRDA:73,11,0,0
BRDA:73,11,1,0
BRDA:84,12,0,0
BRDA:84,12,1,0
BRDA:85,13,0,0
BRDA:85,13,1,0
BRDA:97,14,0,0
BRDA:97,14,1,0
BRDA:102,15,0,0
BRDA:102,15,1,0
BRDA:103,16,0,0
BRDA:103,16,1,0
BRDA:103,17,0,0
BRDA:103,17,1,0
BRDA:103,18,0,0
BRDA:103,18,1,0
BRDA:106,19,0,0
BRDA:106,19,1,0
BRDA:106,20,0,0
BRDA:106,20,1,0
BRDA:127,21,0,0
BRDA:127,21,1,0
BRDA:127,22,0,0
BRDA:127,22,1,0
BRDA:131,23,0,0
BRDA:131,23,1,0
BRDA:132,24,0,0
BRDA:132,24,1,0
BRDA:133,25,0,0
BRDA:133,25,1,0
BRDA:135,26,0,0
BRDA:135,26,1,0
BRDA:135,27,0,0
BRDA:135,27,1,0
BRDA:140,28,0,0
BRDA:140,28,1,0
BRDA:145,29,0,0
BRDA:145,29,1,0
BRDA:175,30,0,0
BRDA:175,30,1,0
BRDA:190,31,0,0
BRDA:190,31,1,0
BRDA:194,32,0,0
BRDA:194,32,1,0
BRDA:195,33,0,0
BRDA:195,33,1,0
BRDA:204,34,0,0
BRDA:204,34,1,0
BRF:65
BRH:0
end_of_record
TN:
SF:services\mailService.js
FN:9,getTransporter
FN:21,sendOrderConfirmation
FN:74,sendSupportNotification
FN:118,sendInviteEmail
FN:173,sendPasswordChangedNotification
FN:214,sendLoginFailureAlert
FNF:6
FNH:6
FNDA:10,getTransporter
FNDA:2,sendOrderConfirmation
FNDA:2,sendSupportNotification
FNDA:3,sendInviteEmail
FNDA:2,sendPasswordChangedNotification
FNDA:4,sendLoginFailureAlert
DA:4,12
DA:5,12
DA:7,12
DA:10,10
DA:11,9
DA:12,9
DA:13,9
DA:22,2
DA:23,2
DA:24,2
DA:27,2
DA:28,2
DA:29,1
DA:38,2
DA:39,2
DA:48,2
DA:52,2
DA:53,2
DA:60,2
DA:61,1
DA:62,1
DA:64,1
DA:65,1
DA:75,2
DA:76,2
DA:77,2
DA:79,2
DA:90,2
DA:95,2
DA:96,2
DA:102,1
DA:103,1
DA:105,1
DA:106,1
DA:119,3
DA:120,3
DA:121,1
DA:124,2
DA:125,2
DA:127,2
DA:128,2
DA:129,2
DA:131,2
DA:137,2
DA:144,2
DA:145,2
DA:151,1
DA:152,1
DA:154,1
DA:155,1
DA:156,1
DA:157,1
DA:164,0
DA:174,2
DA:175,2
DA:176,1
DA:179,1
DA:180,1
DA:181,1
DA:183,1
DA:188,1
DA:194,1
DA:195,1
DA:201,0
DA:202,0
DA:204,1
DA:205,1
DA:215,4
DA:216,4
DA:217,4
DA:218,4
DA:220,4
DA:221,2
DA:222,1
DA:227,1
DA:232,1
DA:233,1
DA:239,1
DA:240,1
DA:243,2
DA:244,2
DA:250,2
DA:256,2
DA:257,2
DA:263,1
DA:264,1
DA:266,0
DA:268,1
DA:269,1
DA:273,12
LF:90
LH:86
BRDA:10,0,0,1
BRDA:10,0,1,9
BRDA:24,1,0,2
BRDA:24,1,1,0
BRDA:28,2,0,1
BRDA:28,2,1,1
BRDA:28,3,0,2
BRDA:28,3,1,1
BRDA:33,4,0,1
BRDA:33,4,1,0
BRDA:34,5,0,1
BRDA:34,5,1,0
BRDA:43,6,0,2
BRDA:43,6,1,2
BRDA:44,7,0,2
BRDA:44,7,1,2
BRDA:77,8,0,2
BRDA:77,8,1,0
BRDA:82,9,0,2
BRDA:82,9,1,0
BRDA:83,10,0,2
BRDA:83,10,1,0
BRDA:85,11,0,2
BRDA:85,11,1,2
BRDA:86,12,0,2
BRDA:86,12,1,2
BRDA:87,13,0,2
BRDA:87,13,1,0
BRDA:92,14,0,2
BRDA:92,14,1,0
BRDA:118,15,0,0
BRDA:120,16,0,1
BRDA:120,16,1,2
BRDA:120,17,0,3
BRDA:120,17,1,2
BRDA:127,18,0,1
BRDA:127,18,1,1
BRDA:131,19,0,2
BRDA:131,19,1,0
BRDA:137,20,0,2
BRDA:137,20,1,0
BRDA:155,21,0,1
BRDA:155,21,1,0
BRDA:155,22,0,1
BRDA:155,22,1,0
BRDA:155,22,2,0
BRDA:159,23,0,0
BRDA:159,23,1,1
BRDA:164,24,0,0
BRDA:164,24,1,0
BRDA:175,25,0,1
BRDA:175,25,1,1
BRDA:175,26,0,2
BRDA:175,26,1,2
BRDA:175,27,0,2
BRDA:175,27,1,1
BRDA:183,28,0,1
BRDA:183,28,1,0
BRDA:188,29,0,1
BRDA:188,29,1,0
BRDA:205,30,0,1
BRDA:205,30,1,0
BRDA:220,31,0,2
BRDA:220,31,1,2
BRDA:220,32,0,4
BRDA:220,32,1,2
BRDA:221,33,0,1
BRDA:221,33,1,1
BRDA:221,34,0,2
BRDA:221,34,1,1
BRDA:222,35,0,1
BRDA:222,35,1,0
BRDA:223,36,0,1
BRDA:223,36,1,0
BRDA:225,37,0,1
BRDA:225,37,1,0
BRDA:227,38,0,1
BRDA:227,38,1,0
BRDA:228,39,0,1
BRDA:228,39,1,0
BRDA:230,40,0,1
BRDA:230,40,1,0
BRDA:243,41,0,2
BRDA:243,41,1,0
BRDA:243,42,0,2
BRDA:243,42,1,2
BRDA:244,43,0,2
BRDA:244,43,1,0
BRDA:245,44,0,2
BRDA:245,44,1,0
BRDA:246,45,0,2
BRDA:246,45,1,0
BRDA:248,46,0,2
BRDA:248,46,1,0
BRDA:250,47,0,2
BRDA:250,47,1,0
BRDA:251,48,0,2
BRDA:251,48,1,0
BRDA:252,49,0,2
BRDA:252,49,1,0
BRDA:254,50,0,2
BRDA:254,50,1,0
BRF:102
BRH:67
end_of_record
TN:
SF:services\orderService.js
FN:21,(anonymous_0)
FN:28,(anonymous_1)
FN:33,(anonymous_2)
FN:43,(anonymous_3)
FN:47,(anonymous_4)
FN:48,(anonymous_5)
FN:49,(anonymous_6)
FN:60,(anonymous_7)
FN:61,(anonymous_8)
FN:63,(anonymous_9)
FN:67,(anonymous_10)
FN:69,(anonymous_11)
FN:81,(anonymous_12)
FN:82,(anonymous_13)
FN:91,(anonymous_14)
FN:96,(anonymous_15)
FN:104,(anonymous_16)
FN:144,(anonymous_17)
FN:149,(anonymous_18)
FN:161,(anonymous_19)
FN:189,(anonymous_20)
FN:190,(anonymous_21)
FN:206,(anonymous_22)
FN:211,(anonymous_23)
FN:215,(anonymous_24)
FN:237,(anonymous_25)
FN:250,(anonymous_26)
FN:257,(anonymous_27)
FN:261,(anonymous_28)
FN:262,(anonymous_29)
FN:264,(anonymous_30)
FN:300,(anonymous_31)
FN:301,(anonymous_32)
FN:303,(anonymous_33)
FN:310,(anonymous_34)
FN:331,(anonymous_35)
FN:332,(anonymous_36)
FN:334,(anonymous_37)
FN:340,(anonymous_38)
FN:359,(anonymous_39)
FN:373,(anonymous_40)
FN:374,(anonymous_41)
FN:378,(anonymous_42)
FN:379,(anonymous_43)
FN:387,(anonymous_44)
FN:388,(anonymous_45)
FN:390,(anonymous_46)
FN:404,(anonymous_47)
FN:413,(anonymous_48)
FN:418,(anonymous_49)
FN:425,(anonymous_50)
FN:437,(anonymous_51)
FN:469,(anonymous_52)
FN:473,(anonymous_53)
FN:487,(anonymous_54)
FNF:55
FNH:0
FNDA:0,(anonymous_0)
FNDA:0,(anonymous_1)
FNDA:0,(anonymous_2)
FNDA:0,(anonymous_3)
FNDA:0,(anonymous_4)
FNDA:0,(anonymous_5)
FNDA:0,(anonymous_6)
FNDA:0,(anonymous_7)
FNDA:0,(anonymous_8)
FNDA:0,(anonymous_9)
FNDA:0,(anonymous_10)
FNDA:0,(anonymous_11)
FNDA:0,(anonymous_12)
FNDA:0,(anonymous_13)
FNDA:0,(anonymous_14)
FNDA:0,(anonymous_15)
FNDA:0,(anonymous_16)
FNDA:0,(anonymous_17)
FNDA:0,(anonymous_18)
FNDA:0,(anonymous_19)
FNDA:0,(anonymous_20)
FNDA:0,(anonymous_21)
FNDA:0,(anonymous_22)
FNDA:0,(anonymous_23)
FNDA:0,(anonymous_24)
FNDA:0,(anonymous_25)
FNDA:0,(anonymous_26)
FNDA:0,(anonymous_27)
FNDA:0,(anonymous_28)
FNDA:0,(anonymous_29)
FNDA:0,(anonymous_30)
FNDA:0,(anonymous_31)
FNDA:0,(anonymous_32)
FNDA:0,(anonymous_33)
FNDA:0,(anonymous_34)
FNDA:0,(anonymous_35)
FNDA:0,(anonymous_36)
FNDA:0,(anonymous_37)
FNDA:0,(anonymous_38)
FNDA:0,(anonymous_39)
FNDA:0,(anonymous_40)
FNDA:0,(anonymous_41)
FNDA:0,(anonymous_42)
FNDA:0,(anonymous_43)
FNDA:0,(anonymous_44)
FNDA:0,(anonymous_45)
FNDA:0,(anonymous_46)
FNDA:0,(anonymous_47)
FNDA:0,(anonymous_48)
FNDA:0,(anonymous_49)
FNDA:0,(anonymous_50)
FNDA:0,(anonymous_51)
FNDA:0,(anonymous_52)
FNDA:0,(anonymous_53)
FNDA:0,(anonymous_54)
DA:5,0
DA:6,0
DA:7,0
DA:8,0
DA:9,0
DA:10,0
DA:13,0
DA:14,0
DA:15,0
DA:16,0
DA:17,0
DA:18,0
DA:21,0
DA:22,0
DA:23,0
DA:24,0
DA:29,0
DA:34,0
DA:35,0
DA:36,0
DA:38,0
DA:44,0
DA:45,0
DA:46,0
DA:47,0
DA:48,0
DA:49,0
DA:50,0
DA:52,0
DA:53,0
DA:55,0
DA:56,0
DA:57,0
DA:61,0
DA:63,0
DA:64,0
DA:68,0
DA:69,0
DA:70,0
DA:71,0
DA:73,0
DA:82,0
DA:83,0
DA:91,0
DA:94,0
DA:96,0
DA:100,0
DA:101,0
DA:104,0
DA:106,0
DA:108,0
DA:111,0
DA:112,0
DA:113,0
DA:116,0
DA:125,0
DA:137,0
DA:138,0
DA:139,0
DA:145,0
DA:150,0
DA:152,0
DA:161,0
DA:162,0
DA:164,0
DA:165,0
DA:166,0
DA:167,0
DA:169,0
DA:170,0
DA:172,0
DA:173,0
DA:174,0
DA:175,0
DA:176,0
DA:177,0
DA:181,0
DA:182,0
DA:183,0
DA:185,0
DA:189,0
DA:190,0
DA:191,0
DA:193,0
DA:194,0
DA:195,0
DA:196,0
DA:197,0
DA:199,0
DA:200,0
DA:206,0
DA:208,0
DA:211,0
DA:214,0
DA:215,0
DA:216,0
DA:220,0
DA:221,0
DA:222,0
DA:225,0
DA:226,0
DA:231,0
DA:232,0
DA:235,0
DA:236,0
DA:237,0
DA:238,0
DA:241,0
DA:250,0
DA:251,0
DA:254,0
DA:257,0
DA:262,0
DA:263,0
DA:264,0
DA:266,0
DA:268,0
DA:269,0
DA:270,0
DA:271,0
DA:272,0
DA:273,0
DA:274,0
DA:275,0
DA:278,0
DA:279,0
DA:281,0
DA:286,0
DA:287,0
DA:289,0
DA:290,0
DA:291,0
DA:292,0
DA:294,0
DA:295,0
DA:301,0
DA:302,0
DA:303,0
DA:305,0
DA:307,0
DA:308,0
DA:310,0
DA:311,0
DA:318,0
DA:319,0
DA:321,0
DA:322,0
DA:323,0
DA:325,0
DA:326,0
DA:332,0
DA:333,0
DA:334,0
DA:336,0
DA:337,0
DA:339,0
DA:340,0
DA:341,0
DA:343,0
DA:345,0
DA:346,0
DA:347,0
DA:350,0
DA:351,0
DA:360,0
DA:368,0
DA:374,0
DA:375,0
DA:376,0
DA:378,0
DA:379,0
DA:380,0
DA:383,0
DA:388,0
DA:389,0
DA:390,0
DA:391,0
DA:392,0
DA:393,0
DA:394,0
DA:396,0
DA:405,0
DA:406,0
DA:407,0
DA:413,0
DA:414,0
DA:415,0
DA:416,0
DA:418,0
DA:419,0
DA:420,0
DA:422,0
DA:423,0
DA:424,0
DA:425,0
DA:427,0
DA:428,0
DA:429,0
DA:430,0
DA:431,0
DA:432,0
DA:434,0
DA:437,0
DA:438,0
DA:449,0
DA:450,0
DA:454,0
DA:456,0
DA:464,0
DA:465,0
DA:470,0
DA:471,0
DA:473,0
DA:474,0
DA:476,0
DA:477,0
DA:478,0
DA:479,0
DA:481,0
DA:482,0
DA:483,0
DA:484,0
DA:485,0
DA:487,0
DA:488,0
DA:489,0
DA:490,0
DA:491,0
DA:493,0
DA:494,0
DA:495,0
DA:498,0
DA:499,0
DA:509,0
LF:234
LH:0
BRDA:22,0,0,0
BRDA:22,0,1,0
BRDA:24,1,0,0
BRDA:24,1,1,0
BRDA:38,2,0,0
BRDA:38,2,1,0
BRDA:38,3,0,0
BRDA:38,3,1,0
BRDA:44,4,0,0
BRDA:44,4,1,0
BRDA:44,5,0,0
BRDA:44,5,1,0
BRDA:50,6,0,0
BRDA:50,6,1,0
BRDA:52,7,0,0
BRDA:52,7,1,0
BRDA:53,8,0,0
BRDA:53,8,1,0
BRDA:55,9,0,0
BRDA:55,9,1,0
BRDA:56,10,0,0
BRDA:56,10,1,0
BRDA:70,11,0,0
BRDA:70,11,1,0
BRDA:71,12,0,0
BRDA:71,12,1,0
BRDA:94,13,0,0
BRDA:94,13,1,0
BRDA:94,13,2,0
BRDA:94,13,3,0
BRDA:100,14,0,0
BRDA:100,14,1,0
BRDA:100,15,0,0
BRDA:100,15,1,0
BRDA:101,16,0,0
BRDA:101,16,1,0
BRDA:104,17,0,0
BRDA:104,17,1,0
BRDA:108,18,0,0
BRDA:108,18,1,0
BRDA:108,19,0,0
BRDA:108,19,1,0
BRDA:111,20,0,0
BRDA:111,20,1,0
BRDA:111,21,0,0
BRDA:111,21,1,0
BRDA:112,22,0,0
BRDA:112,22,1,0
BRDA:162,23,0,0
BRDA:162,23,1,0
BRDA:162,24,0,0
BRDA:162,24,1,0
BRDA:165,25,0,0
BRDA:165,25,1,0
BRDA:166,26,0,0
BRDA:166,26,1,0
BRDA:167,27,0,0
BRDA:167,27,1,0
BRDA:167,27,2,0
BRDA:169,28,0,0
BRDA:169,28,1,0
BRDA:170,29,0,0
BRDA:170,29,1,0
BRDA:170,29,2,0
BRDA:175,30,0,0
BRDA:175,30,1,0
BRDA:182,31,0,0
BRDA:182,31,1,0
BRDA:182,32,0,0
BRDA:182,32,1,0
BRDA:183,33,0,0
BRDA:183,33,1,0
BRDA:183,34,0,0
BRDA:183,34,1,0
BRDA:185,35,0,0
BRDA:185,35,1,0
BRDA:185,35,2,0
BRDA:191,36,0,0
BRDA:191,36,1,0
BRDA:191,37,0,0
BRDA:191,37,1,0
BRDA:194,38,0,0
BRDA:194,38,1,0
BRDA:195,39,0,0
BRDA:195,39,1,0
BRDA:196,40,0,0
BRDA:196,40,1,0
BRDA:199,41,0,0
BRDA:199,41,1,0
BRDA:200,42,0,0
BRDA:200,42,1,0
BRDA:208,43,0,0
BRDA:208,43,1,0
BRDA:208,43,2,0
BRDA:214,44,0,0
BRDA:214,44,1,0
BRDA:214,45,0,0
BRDA:214,45,1,0
BRDA:214,45,2,0
BRDA:214,45,3,0
BRDA:216,46,0,0
BRDA:216,46,1,0
BRDA:221,47,0,0
BRDA:221,47,1,0
BRDA:225,48,0,0
BRDA:225,48,1,0
BRDA:225,49,0,0
BRDA:225,49,1,0
BRDA:225,49,2,0
BRDA:232,50,0,0
BRDA:232,50,1,0
BRDA:232,51,0,0
BRDA:232,51,1,0
BRDA:235,52,0,0
BRDA:235,52,1,0
BRDA:235,53,0,0
BRDA:235,53,1,0
BRDA:236,54,0,0
BRDA:236,54,1,0
BRDA:237,55,0,0
BRDA:237,55,1,0
BRDA:266,56,0,0
BRDA:266,56,1,0
BRDA:269,57,0,0
BRDA:269,57,1,0
BRDA:271,58,0,0
BRDA:271,58,1,0
BRDA:272,59,0,0
BRDA:272,59,1,0
BRDA:272,60,0,0
BRDA:272,60,1,0
BRDA:273,61,0,0
BRDA:273,61,1,0
BRDA:273,62,0,0
BRDA:273,62,1,0
BRDA:273,62,2,0
BRDA:276,63,0,0
BRDA:276,63,1,0
BRDA:286,64,0,0
BRDA:286,64,1,0
BRDA:287,65,0,0
BRDA:287,65,1,0
BRDA:289,66,0,0
BRDA:289,66,1,0
BRDA:290,67,0,0
BRDA:290,67,1,0
BRDA:291,68,0,0
BRDA:291,68,1,0
BRDA:292,69,0,0
BRDA:292,69,1,0
BRDA:305,70,0,0
BRDA:305,70,1,0
BRDA:308,71,0,0
BRDA:308,71,1,0
BRDA:336,72,0,0
BRDA:336,72,1,0
BRDA:339,73,0,0
BRDA:339,73,1,0
BRDA:341,74,0,0
BRDA:341,74,1,0
BRDA:345,75,0,0
BRDA:345,75,1,0
BRDA:346,76,0,0
BRDA:346,76,1,0
BRDA:347,77,0,0
BRDA:347,77,1,0
BRDA:380,78,0,0
BRDA:380,78,1,0
BRDA:391,79,0,0
BRDA:391,79,1,0
BRDA:419,80,0,0
BRDA:419,80,1,0
BRDA:419,80,2,0
BRDA:422,81,0,0
BRDA:422,81,1,0
BRDA:427,82,0,0
BRDA:427,82,1,0
BRDA:429,83,0,0
BRDA:429,83,1,0
BRDA:429,83,2,0
BRDA:437,84,0,0
BRDA:437,84,1,0
BRDA:441,85,0,0
BRDA:441,85,1,0
BRDA:442,86,0,0
BRDA:442,86,1,0
BRDA:442,87,0,0
BRDA:442,87,1,0
BRDA:442,87,2,0
BRDA:443,88,0,0
BRDA:443,88,1,0
BRDA:446,89,0,0
BRDA:446,89,1,0
BRDA:470,90,0,0
BRDA:470,90,1,0
BRDA:481,91,0,0
BRDA:481,91,1,0
BRDA:483,92,0,0
BRDA:483,92,1,0
BRDA:483,93,0,0
BRDA:483,93,1,0
BRDA:483,93,2,0
BRDA:488,94,0,0
BRDA:488,94,1,0
BRF:204
BRH:0
end_of_record
TN:
SF:services\priceService.js
FN:17,parsePriceCell
FN:28,(anonymous_1)
FN:39,(anonymous_2)
FN:46,(anonymous_3)
FN:49,(anonymous_4)
FN:53,(anonymous_5)
FN:58,(anonymous_6)
FN:92,(anonymous_7)
FN:97,(anonymous_8)
FN:112,(anonymous_9)
FN:127,(anonymous_10)
FN:147,(anonymous_11)
FN:149,(anonymous_12)
FN:166,(anonymous_13)
FN:170,(anonymous_14)
FN:181,(anonymous_15)
FN:187,(anonymous_16)
FN:188,(anonymous_17)
FN:199,(anonymous_18)
FN:205,(anonymous_19)
FN:207,(anonymous_20)
FN:208,(anonymous_21)
FN:219,(anonymous_22)
FN:226,(anonymous_23)
FN:227,(anonymous_24)
FN:228,(anonymous_25)
FN:240,(anonymous_26)
FN:245,(anonymous_27)
FN:251,(anonymous_28)
FN:268,(anonymous_29)
FN:274,(anonymous_30)
FN:284,(anonymous_31)
FN:295,(anonymous_32)
FN:298,(anonymous_33)
FN:298,(anonymous_34)
FN:301,(anonymous_35)
FN:307,(anonymous_36)
FN:334,(anonymous_37)
FN:340,(anonymous_38)
FNF:39
FNH:0
FNDA:0,parsePriceCell
FNDA:0,(anonymous_1)
FNDA:0,(anonymous_2)
FNDA:0,(anonymous_3)
FNDA:0,(anonymous_4)
FNDA:0,(anonymous_5)
FNDA:0,(anonymous_6)
FNDA:0,(anonymous_7)
FNDA:0,(anonymous_8)
FNDA:0,(anonymous_9)
FNDA:0,(anonymous_10)
FNDA:0,(anonymous_11)
FNDA:0,(anonymous_12)
FNDA:0,(anonymous_13)
FNDA:0,(anonymous_14)
FNDA:0,(anonymous_15)
FNDA:0,(anonymous_16)
FNDA:0,(anonymous_17)
FNDA:0,(anonymous_18)
FNDA:0,(anonymous_19)
FNDA:0,(anonymous_20)
FNDA:0,(anonymous_21)
FNDA:0,(anonymous_22)
FNDA:0,(anonymous_23)
FNDA:0,(anonymous_24)
FNDA:0,(anonymous_25)
FNDA:0,(anonymous_26)
FNDA:0,(anonymous_27)
FNDA:0,(anonymous_28)
FNDA:0,(anonymous_29)
FNDA:0,(anonymous_30)
FNDA:0,(anonymous_31)
FNDA:0,(anonymous_32)
FNDA:0,(anonymous_33)
FNDA:0,(anonymous_34)
FNDA:0,(anonymous_35)
FNDA:0,(anonymous_36)
FNDA:0,(anonymous_37)
FNDA:0,(anonymous_38)
DA:3,0
DA:4,0
DA:5,0
DA:6,0
DA:7,0
DA:10,0
DA:11,0
DA:12,0
DA:13,0
DA:14,0
DA:18,0
DA:19,0
DA:20,0
DA:21,0
DA:22,0
DA:29,0
DA:30,0
DA:31,0
DA:33,0
DA:34,0
DA:40,0
DA:41,0
DA:42,0
DA:43,0
DA:46,0
DA:49,0
DA:50,0
DA:51,0
DA:53,0
DA:56,0
DA:57,0
DA:58,0
DA:59,0
DA:60,0
DA:61,0
DA:62,0
DA:63,0
DA:64,0
DA:65,0
DA:66,0
DA:67,0
DA:68,0
DA:71,0
DA:72,0
DA:76,0
DA:77,0
DA:78,0
DA:79,0
DA:80,0
DA:82,0
DA:83,0
DA:84,0
DA:85,0
DA:86,0
DA:88,0
DA:89,0
DA:92,0
DA:93,0
DA:94,0
DA:96,0
DA:97,0
DA:98,0
DA:99,0
DA:102,0
DA:103,0
DA:106,0
DA:107,0
DA:108,0
DA:109,0
DA:112,0
DA:113,0
DA:114,0
DA:115,0
DA:120,0
DA:121,0
DA:122,0
DA:123,0
DA:124,0
DA:125,0
DA:126,0
DA:127,0
DA:128,0
DA:129,0
DA:131,0
DA:132,0
DA:133,0
DA:135,0
DA:138,0
DA:141,0
DA:142,0
DA:148,0
DA:149,0
DA:151,0
DA:152,0
DA:154,0
DA:161,0
DA:162,0
DA:167,0
DA:168,0
DA:170,0
DA:172,0
DA:173,0
DA:176,0
DA:177,0
DA:182,0
DA:187,0
DA:188,0
DA:189,0
DA:191,0
DA:200,0
DA:205,0
DA:207,0
DA:208,0
DA:209,0
DA:220,0
DA:226,0
DA:227,0
DA:228,0
DA:229,0
DA:241,0
DA:242,0
DA:243,0
DA:244,0
DA:245,0
DA:246,0
DA:247,0
DA:248,0
DA:249,0
DA:250,0
DA:251,0
DA:252,0
DA:253,0
DA:255,0
DA:258,0
DA:259,0
DA:261,0
DA:262,0
DA:263,0
DA:264,0
DA:265,0
DA:266,0
DA:267,0
DA:268,0
DA:269,0
DA:270,0
DA:275,0
DA:276,0
DA:277,0
DA:279,0
DA:285,0
DA:286,0
DA:287,0
DA:289,0
DA:296,0
DA:298,0
DA:301,0
DA:303,0
DA:304,0
DA:305,0
DA:307,0
DA:308,0
DA:309,0
DA:310,0
DA:311,0
DA:313,0
DA:315,0
DA:317,0
DA:318,0
DA:319,0
DA:320,0
DA:321,0
DA:322,0
DA:323,0
DA:334,0
DA:335,0
DA:336,0
DA:337,0
DA:340,0
DA:341,0
DA:343,0
DA:344,0
DA:345,0
DA:349,0
LF:183
LH:0
BRDA:18,0,0,0
BRDA:18,0,1,0
BRDA:18,1,0,0
BRDA:18,1,1,0
BRDA:18,1,2,0
BRDA:20,2,0,0
BRDA:20,2,1,0
BRDA:20,3,0,0
BRDA:20,3,1,0
BRDA:22,4,0,0
BRDA:22,4,1,0
BRDA:42,5,0,0
BRDA:42,5,1,0
BRDA:46,6,0,0
BRDA:46,6,1,0
BRDA:49,7,0,0
BRDA:49,7,1,0
BRDA:50,8,0,0
BRDA:50,8,1,0
BRDA:53,9,0,0
BRDA:53,9,1,0
BRDA:53,9,2,0
BRDA:53,10,0,0
BRDA:53,10,1,0
BRDA:59,11,0,0
BRDA:59,11,1,0
BRDA:62,12,0,0
BRDA:62,12,1,0
BRDA:64,13,0,0
BRDA:64,13,1,0
BRDA:65,14,0,0
BRDA:65,14,1,0
BRDA:66,15,0,0
BRDA:66,15,1,0
BRDA:68,16,0,0
BRDA:68,16,1,0
BRDA:71,17,0,0
BRDA:71,17,1,0
BRDA:93,18,0,0
BRDA:93,18,1,0
BRDA:94,19,0,0
BRDA:94,19,1,0
BRDA:99,20,0,0
BRDA:99,20,1,0
BRDA:106,21,0,0
BRDA:106,21,1,0
BRDA:106,22,0,0
BRDA:106,22,1,0
BRDA:108,23,0,0
BRDA:108,23,1,0
BRDA:109,24,0,0
BRDA:109,24,1,0
BRDA:109,25,0,0
BRDA:109,25,1,0
BRDA:113,26,0,0
BRDA:113,26,1,0
BRDA:128,27,0,0
BRDA:128,27,1,0
BRDA:129,28,0,0
BRDA:129,28,1,0
BRDA:132,29,0,0
BRDA:132,29,1,0
BRDA:135,30,0,0
BRDA:135,30,1,0
BRDA:149,31,0,0
BRDA:149,31,1,0
BRDA:151,32,0,0
BRDA:151,32,1,0
BRDA:170,33,0,0
BRDA:170,33,1,0
BRDA:172,34,0,0
BRDA:172,34,1,0
BRDA:187,35,0,0
BRDA:187,35,1,0
BRDA:189,36,0,0
BRDA:189,36,1,0
BRDA:193,37,0,0
BRDA:193,37,1,0
BRDA:211,38,0,0
BRDA:211,38,1,0
BRDA:212,39,0,0
BRDA:212,39,1,0
BRDA:231,40,0,0
BRDA:231,40,1,0
BRDA:233,41,0,0
BRDA:233,41,1,0
BRDA:241,42,0,0
BRDA:241,42,1,0
BRDA:241,43,0,0
BRDA:241,43,1,0
BRDA:242,44,0,0
BRDA:242,44,1,0
BRDA:242,45,0,0
BRDA:242,45,1,0
BRDA:244,46,0,0
BRDA:244,46,1,0
BRDA:246,47,0,0
BRDA:246,47,1,0
BRDA:246,47,2,0
BRDA:246,47,3,0
BRDA:247,48,0,0
BRDA:247,48,1,0
BRDA:248,49,0,0
BRDA:248,49,1,0
BRDA:248,49,2,0
BRDA:249,50,0,0
BRDA:249,50,1,0
BRDA:249,51,0,0
BRDA:249,51,1,0
BRDA:253,52,0,0
BRDA:253,52,1,0
BRDA:253,53,0,0
BRDA:253,53,1,0
BRDA:253,53,2,0
BRDA:255,54,0,0
BRDA:255,54,1,0
BRDA:258,55,0,0
BRDA:258,55,1,0
BRDA:301,56,0,0
BRDA:301,56,1,0
BRDA:307,57,0,0
BRDA:307,57,1,0
BRDA:308,58,0,0
BRDA:308,58,1,0
BRDA:309,59,0,0
BRDA:309,59,1,0
BRDA:310,60,0,0
BRDA:310,60,1,0
BRDA:310,61,0,0
BRDA:310,61,1,0
BRDA:310,61,2,0
BRDA:310,61,3,0
BRDA:315,62,0,0
BRDA:315,62,1,0
BRDA:317,63,0,0
BRDA:317,63,1,0
BRDA:318,64,0,0
BRDA:318,64,1,0
BRDA:318,64,2,0
BRDA:319,65,0,0
BRDA:319,65,1,0
BRDA:320,66,0,0
BRDA:320,66,1,0
BRDA:321,67,0,0
BRDA:321,67,1,0
BRDA:322,68,0,0
BRDA:322,68,1,0
BRDA:335,69,0,0
BRDA:335,69,1,0
BRDA:336,70,0,0
BRDA:336,70,1,0
BRDA:336,71,0,0
BRDA:336,71,1,0
BRDA:336,72,0,0
BRDA:336,72,1,0
BRF:155
BRH:0
end_of_record
TN:
SF:services\productService.js
FN:16,isExcelBuffer
FN:23,parseCsvToRowArrays
FN:36,(anonymous_2)
FN:36,(anonymous_3)
FN:40,parsePriceCell
FN:49,sanitizeProductName
FN:60,(anonymous_6)
FN:71,(anonymous_7)
FN:74,(anonymous_8)
FN:85,(anonymous_9)
FN:87,(anonymous_10)
FN:99,(anonymous_11)
FN:101,(anonymous_12)
FN:112,(anonymous_13)
FN:120,(anonymous_14)
FN:134,(anonymous_15)
FN:153,(anonymous_16)
FN:163,(anonymous_17)
FN:166,(anonymous_18)
FN:169,(anonymous_19)
FN:207,(anonymous_20)
FN:209,(anonymous_21)
FN:217,(anonymous_22)
FN:226,(anonymous_23)
FN:239,(anonymous_24)
FN:262,(anonymous_25)
FNF:26
FNH:0
FNDA:0,isExcelBuffer
FNDA:0,parseCsvToRowArrays
FNDA:0,(anonymous_2)
FNDA:0,(anonymous_3)
FNDA:0,parsePriceCell
FNDA:0,sanitizeProductName
FNDA:0,(anonymous_6)
FNDA:0,(anonymous_7)
FNDA:0,(anonymous_8)
FNDA:0,(anonymous_9)
FNDA:0,(anonymous_10)
FNDA:0,(anonymous_11)
FNDA:0,(anonymous_12)
FNDA:0,(anonymous_13)
FNDA:0,(anonymous_14)
FNDA:0,(anonymous_15)
FNDA:0,(anonymous_16)
FNDA:0,(anonymous_17)
FNDA:0,(anonymous_18)
FNDA:0,(anonymous_19)
FNDA:0,(anonymous_20)
FNDA:0,(anonymous_21)
FNDA:0,(anonymous_22)
FNDA:0,(anonymous_23)
FNDA:0,(anonymous_24)
FNDA:0,(anonymous_25)
DA:3,0
DA:4,0
DA:5,0
DA:6,0
DA:7,0
DA:8,0
DA:9,0
DA:10,0
DA:13,0
DA:17,0
DA:18,0
DA:19,0
DA:24,0
DA:25,0
DA:26,0
DA:29,0
DA:30,0
DA:36,0
DA:41,0
DA:42,0
DA:43,0
DA:44,0
DA:45,0
DA:50,0
DA:51,0
DA:52,0
DA:53,0
DA:54,0
DA:61,0
DA:62,0
DA:63,0
DA:65,0
DA:66,0
DA:72,0
DA:74,0
DA:75,0
DA:76,0
DA:79,0
DA:80,0
DA:81,0
DA:86,0
DA:87,0
DA:89,0
DA:90,0
DA:93,0
DA:94,0
DA:95,0
DA:100,0
DA:101,0
DA:103,0
DA:104,0
DA:107,0
DA:108,0
DA:113,0
DA:116,0
DA:121,0
DA:122,0
DA:125,0
DA:126,0
DA:128,0
DA:130,0
DA:131,0
DA:134,0
DA:135,0
DA:136,0
DA:139,0
DA:140,0
DA:141,0
DA:142,0
DA:143,0
DA:145,0
DA:146,0
DA:151,0
DA:152,0
DA:153,0
DA:154,0
DA:155,0
DA:156,0
DA:159,0
DA:163,0
DA:165,0
DA:166,0
DA:167,0
DA:168,0
DA:169,0
DA:170,0
DA:172,0
DA:173,0
DA:174,0
DA:175,0
DA:176,0
DA:177,0
DA:178,0
DA:180,0
DA:181,0
DA:184,0
DA:193,0
DA:197,0
DA:198,0
DA:201,0
DA:202,0
DA:208,0
DA:209,0
DA:210,0
DA:211,0
DA:212,0
DA:213,0
DA:218,0
DA:224,0
DA:225,0
DA:226,0
DA:227,0
DA:228,0
DA:229,0
DA:230,0
DA:231,0
DA:232,0
DA:233,0
DA:234,0
DA:235,0
DA:236,0
DA:239,0
DA:240,0
DA:241,0
DA:242,0
DA:243,0
DA:244,0
DA:245,0
DA:247,0
DA:256,0
DA:258,0
DA:263,0
DA:267,0
LF:133
LH:0
BRDA:17,0,0,0
BRDA:17,0,1,0
BRDA:17,1,0,0
BRDA:17,1,1,0
BRDA:17,1,2,0
BRDA:18,2,0,0
BRDA:18,2,1,0
BRDA:19,3,0,0
BRDA:19,3,1,0
BRDA:24,4,0,0
BRDA:24,4,1,0
BRDA:25,5,0,0
BRDA:25,5,1,0
BRDA:26,6,0,0
BRDA:26,6,1,0
BRDA:26,7,0,0
BRDA:26,7,1,0
BRDA:26,7,2,0
BRDA:29,8,0,0
BRDA:29,8,1,0
BRDA:36,9,0,0
BRDA:36,9,1,0
BRDA:36,10,0,0
BRDA:36,10,1,0
BRDA:41,11,0,0
BRDA:41,11,1,0
BRDA:41,12,0,0
BRDA:41,12,1,0
BRDA:41,12,2,0
BRDA:43,13,0,0
BRDA:43,13,1,0
BRDA:43,14,0,0
BRDA:43,14,1,0
BRDA:45,15,0,0
BRDA:45,15,1,0
BRDA:50,16,0,0
BRDA:50,16,1,0
BRDA:52,17,0,0
BRDA:52,17,1,0
BRDA:53,18,0,0
BRDA:53,18,1,0
BRDA:75,19,0,0
BRDA:75,19,1,0
BRDA:89,20,0,0
BRDA:89,20,1,0
BRDA:103,21,0,0
BRDA:103,21,1,0
BRDA:113,22,0,0
BRDA:113,22,1,0
BRDA:115,23,0,0
BRDA:115,23,1,0
BRDA:122,24,0,0
BRDA:122,24,1,0
BRDA:125,25,0,0
BRDA:125,25,1,0
BRDA:135,26,0,0
BRDA:135,26,1,0
BRDA:136,27,0,0
BRDA:136,27,1,0
BRDA:140,28,0,0
BRDA:140,28,1,0
BRDA:141,29,0,0
BRDA:141,29,1,0
BRDA:142,30,0,0
BRDA:142,30,1,0
BRDA:146,31,0,0
BRDA:146,31,1,0
BRDA:151,32,0,0
BRDA:151,32,1,0
BRDA:151,33,0,0
BRDA:151,33,1,0
BRDA:151,34,0,0
BRDA:151,34,1,0
BRDA:156,35,0,0
BRDA:156,35,1,0
BRDA:168,36,0,0
BRDA:168,36,1,0
BRDA:170,37,0,0
BRDA:170,37,1,0
BRDA:176,38,0,0
BRDA:176,38,1,0
BRDA:180,39,0,0
BRDA:180,39,1,0
BRDA:186,40,0,0
BRDA:186,40,1,0
BRDA:190,41,0,0
BRDA:190,41,1,0
BRDA:191,42,0,0
BRDA:191,42,1,0
BRDA:228,43,0,0
BRDA:228,43,1,0
BRDA:228,44,0,0
BRDA:228,44,1,0
BRDA:229,45,0,0
BRDA:229,45,1,0
BRDA:229,46,0,0
BRDA:229,46,1,0
BRDA:230,47,0,0
BRDA:230,47,1,0
BRDA:230,48,0,0
BRDA:230,48,1,0
BRDA:231,49,0,0
BRDA:231,49,1,0
BRDA:232,50,0,0
BRDA:232,50,1,0
BRDA:233,51,0,0
BRDA:233,51,1,0
BRDA:233,51,2,0
BRDA:234,52,0,0
BRDA:234,52,1,0
BRDA:235,53,0,0
BRDA:235,53,1,0
BRDA:236,54,0,0
BRDA:236,54,1,0
BRDA:241,55,0,0
BRDA:241,55,1,0
BRDA:241,56,0,0
BRDA:241,56,1,0
BRDA:243,57,0,0
BRDA:243,57,1,0
BRDA:243,58,0,0
BRDA:243,58,1,0
BRDA:245,59,0,0
BRDA:245,59,1,0
BRDA:248,60,0,0
BRDA:248,60,1,0
BRDA:249,61,0,0
BRDA:249,61,1,0
BRDA:250,62,0,0
BRDA:250,62,1,0
BRF:130
BRH:0
end_of_record
TN:
SF:services\settingsService.js
FN:138,loadRaw
FN:147,deepMerge
FN:163,getSettings
FN:178,getMailConfig
FN:222,getFeatures
FN:231,getProductSchema
FN:240,getRankIds
FN:251,getRankList
FN:256,(anonymous_8)
FN:268,getAnnouncements
FN:273,(anonymous_10)
FN:299,(anonymous_11)
FN:315,updateSettings
FN:352,applyTemplate
FNF:14
FNH:5
FNDA:8,loadRaw
FNDA:71,deepMerge
FNDA:15,getSettings
FNDA:15,getMailConfig
FNDA:0,getFeatures
FNDA:0,getProductSchema
FNDA:0,getRankIds
FNDA:0,getRankList
FNDA:0,(anonymous_8)
FNDA:0,getAnnouncements
FNDA:0,(anonymous_10)
FNDA:0,(anonymous_11)
FNDA:0,updateSettings
FNDA:29,applyTemplate
DA:4,13
DA:5,13
DA:7,13
DA:8,13
DA:11,13
DA:129,13
DA:130,13
DA:131,13
DA:132,13
DA:134,13
DA:135,13
DA:136,13
DA:139,8
DA:140,8
DA:141,8
DA:143,0
DA:148,71
DA:149,71
DA:150,594
DA:151,48
DA:152,546
DA:153,546
DA:156,71
DA:164,15
DA:165,15
DA:166,7
DA:168,8
DA:169,8
DA:170,8
DA:171,8
DA:179,15
DA:180,15
DA:181,15
DA:182,15
DA:186,15
DA:187,15
DA:188,15
DA:189,15
DA:190,0
DA:193,15
DA:195,0
DA:203,15
DA:209,15
DA:223,0
DA:224,0
DA:232,0
DA:233,0
DA:241,0
DA:242,0
DA:243,0
DA:252,0
DA:253,0
DA:254,0
DA:255,0
DA:256,0
DA:257,0
DA:258,0
DA:269,0
DA:270,0
DA:271,0
DA:273,0
DA:275,0
DA:278,0
DA:279,0
DA:280,0
DA:284,0
DA:287,0
DA:288,0
DA:289,0
DA:293,0
DA:294,0
DA:295,0
DA:298,0
DA:301,0
DA:302,0
DA:303,0
DA:316,0
DA:319,0
DA:320,0
DA:323,0
DA:324,0
DA:327,0
DA:328,0
DA:331,0
DA:332,0
DA:334,0
DA:335,0
DA:338,0
DA:339,0
DA:341,0
DA:342,0
DA:343,0
DA:353,29
DA:354,26
DA:355,26
DA:356,84
DA:358,26
DA:361,13
LF:98
LH:46
BRDA:150,0,0,48
BRDA:150,0,1,546
BRDA:150,1,0,594
BRDA:150,1,1,522
BRDA:150,1,2,72
BRDA:151,2,0,48
BRDA:151,2,1,0
BRDA:152,3,0,546
BRDA:152,3,1,0
BRDA:165,4,0,7
BRDA:165,4,1,8
BRDA:165,5,0,15
BRDA:165,5,1,7
BRDA:180,6,0,15
BRDA:180,6,1,0
BRDA:181,7,0,15
BRDA:181,7,1,0
BRDA:182,8,0,15
BRDA:182,8,1,15
BRDA:182,8,2,15
BRDA:186,9,0,15
BRDA:186,9,1,15
BRDA:187,10,0,0
BRDA:187,10,1,15
BRDA:187,11,0,15
BRDA:187,11,1,0
BRDA:188,12,0,0
BRDA:188,12,1,15
BRDA:188,13,0,15
BRDA:188,13,1,15
BRDA:189,14,0,0
BRDA:189,14,1,15
BRDA:189,15,0,15
BRDA:189,15,1,0
BRDA:193,16,0,0
BRDA:193,16,1,15
BRDA:193,17,0,15
BRDA:193,17,1,0
BRDA:197,18,0,0
BRDA:197,18,1,0
BRDA:204,19,0,15
BRDA:204,19,1,0
BRDA:211,20,0,15
BRDA:211,20,1,15
BRDA:212,21,0,15
BRDA:212,21,1,15
BRDA:213,22,0,15
BRDA:213,22,1,15
BRDA:214,23,0,15
BRDA:214,23,1,0
BRDA:224,24,0,0
BRDA:224,24,1,0
BRDA:233,25,0,0
BRDA:233,25,1,0
BRDA:242,26,0,0
BRDA:242,26,1,0
BRDA:253,27,0,0
BRDA:253,27,1,0
BRDA:254,28,0,0
BRDA:254,28,1,0
BRDA:257,29,0,0
BRDA:257,29,1,0
BRDA:258,30,0,0
BRDA:258,30,1,0
BRDA:268,31,0,0
BRDA:270,32,0,0
BRDA:270,32,1,0
BRDA:275,33,0,0
BRDA:275,33,1,0
BRDA:278,34,0,0
BRDA:278,34,1,0
BRDA:279,35,0,0
BRDA:279,35,1,0
BRDA:280,36,0,0
BRDA:280,36,1,0
BRDA:284,37,0,0
BRDA:284,37,1,0
BRDA:284,38,0,0
BRDA:284,38,1,0
BRDA:284,38,2,0
BRDA:287,39,0,0
BRDA:287,39,1,0
BRDA:289,40,0,0
BRDA:289,40,1,0
BRDA:293,41,0,0
BRDA:293,41,1,0
BRDA:295,42,0,0
BRDA:295,42,1,0
BRDA:301,43,0,0
BRDA:301,43,1,0
BRDA:302,44,0,0
BRDA:302,44,1,0
BRDA:319,45,0,0
BRDA:319,45,1,0
BRDA:319,46,0,0
BRDA:319,46,1,0
BRDA:319,46,2,0
BRDA:323,47,0,0
BRDA:323,47,1,0
BRDA:323,48,0,0
BRDA:323,48,1,0
BRDA:323,48,2,0
BRDA:331,49,0,0
BRDA:331,49,1,0
BRDA:331,50,0,0
BRDA:331,50,1,0
BRDA:331,50,2,0
BRDA:334,51,0,0
BRDA:334,51,1,0
BRDA:334,52,0,0
BRDA:334,52,1,0
BRDA:334,52,2,0
BRDA:334,52,3,0
BRDA:338,53,0,0
BRDA:338,53,1,0
BRDA:353,54,0,3
BRDA:353,54,1,26
BRDA:353,55,0,29
BRDA:353,55,1,26
BRDA:356,56,0,84
BRDA:356,56,1,2
BRF:121
BRH:41
end_of_record
TN:
SF:services\specialPriceService.js
FN:15,loadEstimates
FN:30,(anonymous_1)
FN:45,(anonymous_2)
FN:55,(anonymous_3)
FN:68,(anonymous_4)
FN:77,(anonymous_5)
FN:99,(anonymous_6)
FN:107,(anonymous_7)
FN:125,(anonymous_8)
FN:131,(anonymous_9)
FN:144,(anonymous_10)
FNF:11
FNH:0
FNDA:0,loadEstimates
FNDA:0,(anonymous_1)
FNDA:0,(anonymous_2)
FNDA:0,(anonymous_3)
FNDA:0,(anonymous_4)
FNDA:0,(anonymous_5)
FNDA:0,(anonymous_6)
FNDA:0,(anonymous_7)
FNDA:0,(anonymous_8)
FNDA:0,(anonymous_9)
FNDA:0,(anonymous_10)
DA:3,0
DA:4,0
DA:5,0
DA:6,0
DA:9,0
DA:16,0
DA:17,0
DA:18,0
DA:21,0
DA:25,0
DA:34,0
DA:35,0
DA:36,0
DA:46,0
DA:48,0
DA:49,0
DA:52,0
DA:55,0
DA:56,0
DA:57,0
DA:64,0
DA:68,0
DA:70,0
DA:71,0
DA:73,0
DA:77,0
DA:79,0
DA:82,0
DA:83,0
DA:84,0
DA:87,0
DA:90,0
DA:100,0
DA:101,0
DA:104,0
DA:107,0
DA:108,0
DA:109,0
DA:111,0
DA:114,0
DA:115,0
DA:117,0
DA:126,0
DA:127,0
DA:130,0
DA:131,0
DA:132,0
DA:135,0
DA:136,0
DA:138,0
DA:145,0
LF:51
LH:0
BRDA:57,0,0,0
BRDA:57,0,1,0
BRDA:57,0,2,0
BRDA:57,0,3,0
BRDA:64,1,0,0
BRDA:64,1,1,0
BRDA:70,2,0,0
BRDA:70,2,1,0
BRDA:79,3,0,0
BRDA:79,3,1,0
BRDA:82,4,0,0
BRDA:82,4,1,0
BRDA:84,5,0,0
BRDA:84,5,1,0
BRDA:108,6,0,0
BRDA:108,6,1,0
BRF:16
BRH:0
end_of_record
TN:
SF:services\stockService.js
FN:11,(anonymous_0)
FN:16,(anonymous_1)
FN:40,(anonymous_2)
FN:48,(anonymous_3)
FN:59,(anonymous_4)
FN:64,(anonymous_5)
FN:69,(anonymous_6)
FN:73,(anonymous_7)
FN:83,(anonymous_8)
FN:98,(anonymous_9)
FN:102,(anonymous_10)
FN:105,(anonymous_11)
FN:108,(anonymous_12)
FN:114,(anonymous_13)
FN:127,(anonymous_14)
FN:142,(anonymous_15)
FN:148,(anonymous_16)
FN:169,(anonymous_17)
FN:197,(anonymous_18)
FN:205,(anonymous_19)
FN:210,(anonymous_20)
FN:230,(anonymous_21)
FN:233,(anonymous_22)
FN:254,(anonymous_23)
FN:258,(anonymous_24)
FN:262,(anonymous_25)
FN:284,(anonymous_26)
FN:287,(anonymous_27)
FN:294,(anonymous_28)
FN:299,(anonymous_29)
FN:310,(anonymous_30)
FN:314,(anonymous_31)
FN:321,(anonymous_32)
FN:331,(anonymous_33)
FN:336,(anonymous_34)
FNF:35
FNH:2
FNDA:1,(anonymous_0)
FNDA:1,(anonymous_1)
FNDA:0,(anonymous_2)
FNDA:0,(anonymous_3)
FNDA:0,(anonymous_4)
FNDA:0,(anonymous_5)
FNDA:0,(anonymous_6)
FNDA:0,(anonymous_7)
FNDA:0,(anonymous_8)
FNDA:0,(anonymous_9)
FNDA:0,(anonymous_10)
FNDA:0,(anonymous_11)
FNDA:0,(anonymous_12)
FNDA:0,(anonymous_13)
FNDA:0,(anonymous_14)
FNDA:0,(anonymous_15)
FNDA:0,(anonymous_16)
FNDA:0,(anonymous_17)
FNDA:0,(anonymous_18)
FNDA:0,(anonymous_19)
FNDA:0,(anonymous_20)
FNDA:0,(anonymous_21)
FNDA:0,(anonymous_22)
FNDA:0,(anonymous_23)
FNDA:0,(anonymous_24)
FNDA:0,(anonymous_25)
FNDA:0,(anonymous_26)
FNDA:0,(anonymous_27)
FNDA:0,(anonymous_28)
FNDA:0,(anonymous_29)
FNDA:0,(anonymous_30)
FNDA:0,(anonymous_31)
FNDA:0,(anonymous_32)
FNDA:0,(anonymous_33)
FNDA:0,(anonymous_34)
DA:1,1
DA:2,1
DA:3,1
DA:5,1
DA:6,1
DA:7,1
DA:8,1
DA:12,1
DA:13,1
DA:17,1
DA:19,1
DA:20,0
DA:22,0
DA:23,0
DA:36,0
DA:37,0
DA:41,0
DA:42,0
DA:44,0
DA:49,0
DA:50,0
DA:51,0
DA:52,0
DA:54,0
DA:55,0
DA:60,0
DA:61,0
DA:65,0
DA:66,0
DA:70,0
DA:74,0
DA:75,0
DA:76,0
DA:77,0
DA:79,0
DA:83,0
DA:99,0
DA:103,0
DA:104,0
DA:105,0
DA:109,0
DA:110,0
DA:112,0
DA:113,0
DA:114,0
DA:115,0
DA:116,0
DA:118,0
DA:123,0
DA:124,0
DA:128,0
DA:129,0
DA:139,0
DA:141,0
DA:142,0
DA:144,0
DA:145,0
DA:146,0
DA:148,0
DA:149,0
DA:150,0
DA:151,0
DA:154,0
DA:155,0
DA:156,0
DA:157,0
DA:160,0
DA:168,0
DA:169,0
DA:172,0
DA:173,0
DA:176,0
DA:177,0
DA:180,0
DA:181,0
DA:194,0
DA:198,0
DA:199,0
DA:202,0
DA:203,0
DA:205,0
DA:206,0
DA:207,0
DA:208,0
DA:210,0
DA:211,0
DA:212,0
DA:213,0
DA:216,0
DA:217,0
DA:218,0
DA:222,0
DA:223,0
DA:224,0
DA:225,0
DA:226,0
DA:227,0
DA:230,0
DA:231,0
DA:232,0
DA:233,0
DA:234,0
DA:235,0
DA:236,0
DA:239,0
DA:240,0
DA:251,0
DA:255,0
DA:256,0
DA:258,0
DA:259,0
DA:260,0
DA:261,0
DA:262,0
DA:263,0
DA:264,0
DA:265,0
DA:266,0
DA:269,0
DA:270,0
DA:281,0
DA:285,0
DA:286,0
DA:287,0
DA:288,0
DA:289,0
DA:290,0
DA:291,0
DA:295,0
DA:296,0
DA:300,0
DA:301,0
DA:305,0
DA:306,0
DA:307,0
DA:311,0
DA:315,0
DA:316,0
DA:317,0
DA:318,0
DA:322,0
DA:323,0
DA:327,0
DA:328,0
DA:332,0
DA:333,0
DA:337,0
DA:344,1
LF:148
LH:12
BRDA:17,0,0,0
BRDA:17,0,1,1
BRDA:66,1,0,0
BRDA:66,1,1,0
BRDA:73,2,0,0
BRDA:74,3,0,0
BRDA:74,3,1,0
BRDA:75,4,0,0
BRDA:75,4,1,0
BRDA:76,5,0,0
BRDA:76,5,1,0
BRDA:77,6,0,0
BRDA:77,6,1,0
BRDA:84,7,0,0
BRDA:84,7,1,0
BRDA:85,8,0,0
BRDA:85,8,1,0
BRDA:86,9,0,0
BRDA:86,9,1,0
BRDA:88,10,0,0
BRDA:88,10,1,0
BRDA:89,11,0,0
BRDA:89,11,1,0
BRDA:91,12,0,0
BRDA:91,12,1,0
BRDA:93,13,0,0
BRDA:93,13,1,0
BRDA:94,14,0,0
BRDA:94,14,1,0
BRDA:103,15,0,0
BRDA:103,15,1,0
BRDA:105,16,0,0
BRDA:105,16,1,0
BRDA:109,17,0,0
BRDA:109,17,1,0
BRDA:109,18,0,0
BRDA:109,18,1,0
BRDA:115,19,0,0
BRDA:115,19,1,0
BRDA:127,20,0,0
BRDA:128,21,0,0
BRDA:128,21,1,0
BRDA:133,22,0,0
BRDA:134,23,0,0
BRDA:135,24,0,0
BRDA:136,25,0,0
BRDA:137,26,0,0
BRDA:138,27,0,0
BRDA:149,28,0,0
BRDA:149,28,1,0
BRDA:149,29,0,0
BRDA:149,29,1,0
BRDA:155,30,0,0
BRDA:155,30,1,0
BRDA:155,31,0,0
BRDA:155,31,1,0
BRDA:155,31,2,0
BRDA:164,32,0,0
BRDA:164,32,1,0
BRDA:168,33,0,0
BRDA:168,33,1,0
BRDA:168,34,0,0
BRDA:168,34,1,0
BRDA:169,35,0,0
BRDA:169,35,1,0
BRDA:176,36,0,0
BRDA:176,36,1,0
BRDA:176,37,0,0
BRDA:176,37,1,0
BRDA:197,38,0,0
BRDA:198,39,0,0
BRDA:198,39,1,0
BRDA:198,40,0,0
BRDA:198,40,1,0
BRDA:206,41,0,0
BRDA:206,41,1,0
BRDA:207,42,0,0
BRDA:207,42,1,0
BRDA:208,43,0,0
BRDA:208,43,1,0
BRDA:208,44,0,0
BRDA:208,44,1,0
BRDA:211,45,0,0
BRDA:211,45,1,0
BRDA:217,46,0,0
BRDA:217,46,1,0
BRDA:222,47,0,0
BRDA:222,47,1,0
BRDA:223,48,0,0
BRDA:223,48,1,0
BRDA:231,49,0,0
BRDA:231,49,1,0
BRDA:232,50,0,0
BRDA:232,50,1,0
BRDA:234,51,0,0
BRDA:234,51,1,0
BRDA:235,52,0,0
BRDA:235,52,1,0
BRDA:244,53,0,0
BRDA:244,53,1,0
BRDA:254,54,0,0
BRDA:255,55,0,0
BRDA:255,55,1,0
BRDA:255,56,0,0
BRDA:255,56,1,0
BRDA:259,57,0,0
BRDA:259,57,1,0
BRDA:260,58,0,0
BRDA:260,58,1,0
BRDA:261,59,0,0
BRDA:261,59,1,0
BRDA:261,60,0,0
BRDA:261,60,1,0
BRDA:263,61,0,0
BRDA:263,61,1,0
BRDA:264,62,0,0
BRDA:264,62,1,0
BRDA:265,63,0,0
BRDA:265,63,1,0
BRDA:274,64,0,0
BRDA:274,64,1,0
BRDA:285,65,0,0
BRDA:285,65,1,0
BRDA:288,66,0,0
BRDA:288,66,1,0
BRDA:296,67,0,0
BRDA:296,67,1,0
BRDA:299,68,0,0
BRDA:315,69,0,0
BRDA:315,69,1,0
BRDA:331,70,0,0
BRDA:336,71,0,0
BRDA:338,72,0,0
BRDA:338,72,1,0
BRF:134
BRH:1
end_of_record
TN:
SF:services\stockAdapters\baseAdapter.js
FN:2,(anonymous_0)
FN:10,(anonymous_1)
FN:29,(anonymous_2)
FN:30,(anonymous_3)
FN:31,(anonymous_4)
FNF:5
FNH:3
FNDA:22,(anonymous_0)
FNDA:4,(anonymous_1)
FNDA:4,(anonymous_2)
FNDA:0,(anonymous_3)
FNDA:0,(anonymous_4)
DA:3,22
DA:4,2
DA:6,20
DA:7,20
DA:11,4
DA:12,4
DA:13,4
DA:14,4
DA:15,1
DA:17,3
DA:18,3
DA:26,3
DA:30,0
DA:31,0
DA:34,1
LF:15
LH:13
BRDA:2,0,0,0
BRDA:3,1,0,2
BRDA:3,1,1,20
BRDA:10,2,0,2
BRDA:14,3,0,1
BRDA:14,3,1,3
BRDA:17,4,0,3
BRDA:17,4,1,2
BRDA:17,4,2,0
BRDA:20,5,0,3
BRDA:20,5,1,0
BRDA:23,6,0,3
BRDA:23,6,1,2
BRDA:24,7,0,3
BRDA:24,7,1,2
BRDA:31,8,0,0
BRDA:31,8,1,0
BRF:17
BRH:12
end_of_record
TN:
SF:services\stockAdapters\csvAdapter.js
FN:9,(anonymous_0)
FN:11,(anonymous_1)
FN:16,toBuffer
FN:21,parseExcelToRecords
FN:25,decodeCsvBuffer
FN:39,parseCsvToRecords
FN:50,(anonymous_6)
FN:65,(anonymous_7)
FN:81,(anonymous_8)
FN:95,(anonymous_9)
FN:136,(anonymous_10)
FNF:11
FNH:11
FNDA:10,(anonymous_0)
FNDA:9,(anonymous_1)
FNDA:11,toBuffer
FNDA:2,parseExcelToRecords
FNDA:8,decodeCsvBuffer
FNDA:8,parseCsvToRecords
FNDA:2,(anonymous_6)
FNDA:12,(anonymous_7)
FNDA:20,(anonymous_8)
FNDA:76,(anonymous_9)
FNDA:1,(anonymous_10)
DA:1,1
DA:2,1
DA:3,1
DA:4,1
DA:5,1
DA:6,1
DA:8,1
DA:9,10
DA:11,1
DA:12,9
DA:13,9
DA:14,9
DA:17,11
DA:18,11
DA:22,2
DA:26,8
DA:27,8
DA:28,8
DA:29,8
DA:32,0
DA:33,0
DA:34,0
DA:36,0
DA:40,8
DA:41,8
DA:51,2
DA:52,2
DA:54,1
DA:55,1
DA:56,1
DA:58,0
DA:62,0
DA:66,12
DA:67,11
DA:68,11
DA:69,10
DA:70,10
DA:73,10
DA:74,2
DA:76,8
DA:79,10
DA:81,10
DA:82,20
DA:83,20
DA:85,19
DA:90,19
DA:95,76
DA:97,19
DA:98,69
DA:99,6
DA:100,6
DA:101,5
DA:102,5
DA:106,19
DA:107,1
DA:108,1
DA:109,1
DA:110,1
DA:114,19
DA:115,19
DA:116,4
DA:117,4
DA:120,19
DA:121,0
DA:124,19
DA:125,4
DA:126,4
DA:129,19
DA:130,19
DA:131,19
DA:132,19
DA:134,19
DA:135,6
DA:136,6
DA:137,6
DA:138,6
DA:139,1
DA:141,5
DA:149,19
DA:150,19
DA:151,19
DA:154,10
DA:158,1
LF:83
LH:76
BRDA:9,0,0,10
BRDA:9,0,1,10
BRDA:12,1,0,0
BRDA:12,1,1,9
BRDA:12,2,0,9
BRDA:12,2,1,9
BRDA:12,2,2,9
BRDA:13,3,0,9
BRDA:13,3,1,0
BRDA:14,4,0,9
BRDA:14,4,1,1
BRDA:17,5,0,0
BRDA:17,5,1,11
BRDA:18,6,0,11
BRDA:18,6,1,0
BRDA:26,7,0,8
BRDA:26,7,1,0
BRDA:27,8,0,8
BRDA:27,8,1,0
BRDA:28,9,0,8
BRDA:28,9,1,0
BRDA:28,10,0,8
BRDA:28,10,1,0
BRDA:33,11,0,0
BRDA:33,11,1,0
BRDA:33,12,0,0
BRDA:33,12,1,0
BRDA:33,12,2,0
BRDA:33,12,3,0
BRDA:50,13,0,0
BRDA:51,14,0,0
BRDA:51,14,1,2
BRDA:52,15,0,1
BRDA:52,15,1,1
BRDA:54,16,0,1
BRDA:54,16,1,1
BRDA:55,17,0,1
BRDA:55,17,1,0
BRDA:58,18,0,0
BRDA:58,18,1,0
BRDA:65,19,0,0
BRDA:66,20,0,1
BRDA:66,20,1,11
BRDA:68,21,0,1
BRDA:68,21,1,10
BRDA:69,22,0,10
BRDA:69,22,1,0
BRDA:70,23,0,10
BRDA:70,23,1,10
BRDA:70,23,2,10
BRDA:73,24,0,2
BRDA:73,24,1,8
BRDA:73,25,0,10
BRDA:73,25,1,9
BRDA:82,26,0,20
BRDA:82,26,1,20
BRDA:82,26,2,2
BRDA:82,26,3,1
BRDA:83,27,0,1
BRDA:83,27,1,19
BRDA:85,28,0,19
BRDA:85,28,1,18
BRDA:95,29,0,69
BRDA:95,29,1,7
BRDA:95,30,0,76
BRDA:95,30,1,7
BRDA:98,31,0,63
BRDA:98,31,1,6
BRDA:98,32,0,69
BRDA:98,32,1,7
BRDA:100,33,0,5
BRDA:100,33,1,1
BRDA:106,34,0,1
BRDA:106,34,1,18
BRDA:106,35,0,19
BRDA:106,35,1,19
BRDA:107,36,0,1
BRDA:107,36,1,1
BRDA:109,37,0,1
BRDA:109,37,1,0
BRDA:114,38,0,19
BRDA:114,38,1,15
BRDA:115,39,0,4
BRDA:115,39,1,15
BRDA:115,40,0,19
BRDA:115,40,1,4
BRDA:120,41,0,0
BRDA:120,41,1,19
BRDA:120,42,0,19
BRDA:120,42,1,19
BRDA:121,43,0,0
BRDA:121,43,1,0
BRDA:124,44,0,4
BRDA:124,44,1,15
BRDA:124,45,0,19
BRDA:124,45,1,19
BRDA:125,46,0,4
BRDA:125,46,1,4
BRDA:129,47,0,19
BRDA:129,47,1,15
BRDA:129,47,2,15
BRDA:130,48,0,19
BRDA:130,48,1,19
BRDA:130,48,2,18
BRDA:131,49,0,19
BRDA:131,49,1,15
BRDA:131,49,2,15
BRDA:134,50,0,6
BRDA:134,50,1,13
BRDA:134,51,0,19
BRDA:134,51,1,15
BRDA:134,51,2,15
BRDA:135,52,0,6
BRDA:135,52,1,2
BRDA:137,53,0,6
BRDA:137,53,1,0
BRDA:138,54,0,1
BRDA:138,54,1,5
BRDA:143,55,0,5
BRDA:143,55,1,4
BRDA:143,56,0,2
BRDA:143,56,1,2
BRDA:149,57,0,19
BRDA:149,57,1,19
BRDA:149,57,2,19
BRDA:149,57,3,19
BRF:126
BRH:100
end_of_record
TN:
SF:services\stockAdapters\index.js
FN:13,createAdapter
FNF:1
FNH:1
FNDA:5,createAdapter
DA:1,1
DA:2,1
DA:3,1
DA:4,1
DA:5,1
DA:7,1
DA:14,5
DA:15,5
DA:16,5
DA:17,2
DA:19,3
DA:22,1
LF:12
LH:12
BRDA:13,0,0,0
BRDA:13,1,0,2
BRDA:14,2,0,5
BRDA:14,2,1,1
BRDA:16,3,0,2
BRDA:16,3,1,3
BRF:6
BRH:5
end_of_record
TN:
SF:services\stockAdapters\manualAdapter.js
FN:4,(anonymous_0)
FN:9,(anonymous_1)
FN:11,(anonymous_2)
FN:12,(anonymous_3)
FNF:4
FNH:4
FNDA:1,(anonymous_0)
FNDA:1,(anonymous_1)
FNDA:1,(anonymous_2)
FNDA:1,(anonymous_3)
DA:1,1
DA:5,1
DA:6,1
DA:10,1
DA:11,1
DA:12,1
DA:27,1
LF:7
LH:7
BRDA:4,0,0,0
BRDA:5,1,0,1
BRDA:5,1,1,0
BRDA:5,1,2,0
BRDA:6,2,0,1
BRDA:6,2,1,0
BRDA:9,3,0,0
BRDA:11,4,0,1
BRDA:11,4,1,1
BRDA:14,5,0,1
BRDA:14,5,1,0
BRDA:15,6,0,1
BRDA:15,6,1,0
BRDA:16,7,0,0
BRDA:16,7,1,1
BRDA:17,8,0,0
BRDA:17,8,1,1
BRDA:18,9,0,1
BRDA:18,9,1,1
BRDA:20,10,0,1
BRDA:20,10,1,1
BRDA:22,11,0,1
BRDA:22,11,1,1
BRF:23
BRH:14
end_of_record
TN:
SF:services\stockAdapters\restAdapter.js
FN:4,(anonymous_0)
FN:31,(anonymous_1)
FN:34,(anonymous_2)
FN:45,(anonymous_3)
FN:48,(anonymous_4)
FNF:5
FNH:0
FNDA:0,(anonymous_0)
FNDA:0,(anonymous_1)
FNDA:0,(anonymous_2)
FNDA:0,(anonymous_3)
FNDA:0,(anonymous_4)
DA:1,1
DA:5,0
DA:6,0
DA:7,0
DA:10,0
DA:11,0
DA:16,0
DA:18,0
DA:24,0
DA:25,0
DA:28,0
DA:32,0
DA:33,0
DA:34,0
DA:45,0
DA:49,0
DA:50,0
DA:52,0
DA:56,1
LF:19
LH:2
BRDA:4,0,0,0
BRDA:5,1,0,0
BRDA:5,1,1,0
BRDA:6,2,0,0
BRDA:6,2,1,0
BRDA:10,3,0,0
BRDA:10,3,1,0
BRDA:10,3,2,0
BRDA:13,4,0,0
BRDA:13,4,1,0
BRDA:14,5,0,0
BRDA:14,5,1,0
BRDA:16,6,0,0
BRDA:16,6,1,0
BRDA:21,7,0,0
BRDA:21,7,1,0
BRDA:24,8,0,0
BRDA:24,8,1,0
BRDA:31,9,0,0
BRDA:32,10,0,0
BRDA:32,10,1,0
BRDA:35,11,0,0
BRDA:35,11,1,0
BRDA:36,12,0,0
BRDA:36,12,1,0
BRDA:36,13,0,0
BRDA:36,13,1,0
BRDA:36,14,0,0
BRDA:36,14,1,0
BRDA:37,15,0,0
BRDA:37,15,1,0
BRDA:38,16,0,0
BRDA:38,16,1,0
BRDA:39,17,0,0
BRDA:39,17,1,0
BRDA:40,18,0,0
BRDA:40,18,1,0
BRDA:43,19,0,0
BRDA:43,19,1,0
BRDA:43,19,2,0
BRDA:49,20,0,0
BRDA:49,20,1,0
BRF:42
BRH:0
end_of_record
TN:
SF:utils\excelReader.js
FN:11,readToRowArrays
FN:19,(anonymous_1)
FN:21,(anonymous_2)
FN:33,readToObjects
FN:40,(anonymous_4)
FN:45,(anonymous_5)
FN:61,excelSerialToDateString
FN:78,cellToDateString
FNF:8
FNH:8
FNDA:5,readToRowArrays
FNDA:5,(anonymous_1)
FNDA:9,(anonymous_2)
FNDA:2,readToObjects
FNDA:2,(anonymous_4)
FNDA:2,(anonymous_5)
FNDA:4,excelSerialToDateString
FNDA:5,cellToDateString
DA:3,2
DA:12,5
DA:13,5
DA:14,4
DA:17,4
DA:18,4
DA:19,4
DA:20,5
DA:21,9
DA:22,5
DA:24,4
DA:34,2
DA:38,2
DA:39,1
DA:40,2
DA:41,1
DA:42,1
DA:43,1
DA:44,1
DA:45,1
DA:46,2
DA:47,2
DA:48,2
DA:49,2
DA:51,1
DA:53,1
DA:62,4
DA:64,2
DA:65,2
DA:66,2
DA:67,2
DA:68,2
DA:69,2
DA:70,2
DA:79,5
DA:80,4
DA:81,3
DA:84,2
LF:38
LH:38
BRDA:11,0,0,3
BRDA:14,1,0,0
BRDA:14,1,1,4
BRDA:15,2,0,0
BRDA:15,2,1,0
BRDA:15,3,0,0
BRDA:15,3,1,0
BRDA:16,4,0,4
BRDA:16,4,1,2
BRDA:17,5,0,0
BRDA:17,5,1,4
BRDA:21,6,0,5
BRDA:21,6,1,0
BRDA:21,7,0,0
BRDA:21,7,1,9
BRDA:33,8,0,2
BRDA:35,9,0,2
BRDA:35,9,1,2
BRDA:38,10,0,1
BRDA:38,10,1,1
BRDA:39,11,0,0
BRDA:39,11,1,1
BRDA:40,12,0,2
BRDA:40,12,1,0
BRDA:47,13,0,0
BRDA:47,13,1,2
BRDA:48,14,0,0
BRDA:48,14,1,2
BRDA:62,15,0,2
BRDA:62,15,1,2
BRDA:62,16,0,4
BRDA:62,16,1,3
BRDA:66,17,0,0
BRDA:66,17,1,2
BRDA:79,18,0,1
BRDA:79,18,1,4
BRDA:80,19,0,1
BRDA:80,19,1,3
BRF:38
BRH:25
end_of_record
TN:
SF:utils\priceCalc.js
FN:8,calculateFinalPrice
FNF:1
FNH:1
FNDA:4,calculateFinalPrice
DA:10,4
DA:11,1
DA:15,3
DA:16,1
DA:20,2
DA:24,1
LF:6
LH:6
BRDA:10,0,0,1
BRDA:10,0,1,3
BRDA:15,1,0,1
BRDA:15,1,1,2
BRDA:15,2,0,3
BRDA:15,2,1,3
BRDA:15,2,2,3
BRDA:20,3,0,2
BRDA:20,3,1,1
BRF:9
BRH:9
end_of_record
